Array
(
    [created] => 2020-01-02T01:51:26.510959+00:00
    [id] => 632a188a-2d02-11ea-b005-6a1086d9a102
    [payload] => Array
        (
            [additional_info] => 
            [address] => Array
                (
                    [city] => Pagosa Springs
                    [country] => US
                    [country_code] => US
                    [country_name] => United States
                    [state] => CO
                    [street] => 37 Fishcove Ct
                    [street2] => 
                    [title] => Donation Address
                    [zip] => 81147
                )

            [advocacy_program_id] => 
            [advocacy_program_name] => 
            [advocacy_team_id] => 
            [advocacy_team_name] => 
            [advocate] => 
            [advocate_id] => 
            [advocate_name] => 
            [campaign_id] => 
            [campaign_title] => 
            [card_type] => 
            [check_number] => 
            [client_proceeds] => 2000
            [contact] => Array
                (
                    [address] => Array
                        (
                            [city] => Pagosa Springs
                            [country] => US
                            [country_code] => US
                            [country_name] => United States
                            [state] => CO
                            [street] => 37 Fishcove Ct
                            [street2] => 
                            [title] => 
                            [zip] => 81147
                        )

                    [created] => 2018-12-07T20:38:43.832405+00:00
                    [email] => shalom@newmexico.com
                    [firstname] => Steve
                    [lastname] => Sherr
                    [middlename] => 
                    [phone] => 9705077896
                    [timezone] => America/Denver
                    [title] => 
                    [updated] => 2020-01-02T01:51:26.127136+00:00
                )

            [corporate_matching_record] => 
            [created] => 2020-01-02T01:51:26.144182+00:00
            [custom_note_1] => I have a special request or comment = 
            [custom_note_2] => 
            [custom_note_3] => 
            [custom_note_4] => 
            [custom_note_5] => 
            [description] => Cash Donation: $2,000.00
            [designation] => Array
                (
                    [code] => DEFAULT
                    [fund_id] => DEFAULT
                    [id] => d4c15680-8d55-4d98-b538-1aa1e1e57ef2
                    [title] => Where needed most
                )

            [designation_note] => 
            [donor_id] => c933b3da-0f63-4e55-a3a8-b023b6b28c38
            [donor_paid_fee] => 
            [email_opt_in] => 
            [embed] => Array
                (
                    [id] => 9f092f15-ba22-4fdf-90c7-996c4b97f9d4
                    [name] => 1905 New Main DF v2
                )

            [expiration_month] => 
            [expiration_year] => 
            [external_tracking_id] => 62110746481
            [final_date] => 2020-01-01T00:00:00+00:00
            [frequency] => Once
            [gift] => 
            [gift_extra] => 
            [hide_name] => 
            [id] => 2b2ea862-ca14-459e-9202-14b3ab7ee161
            [last_four_digits] => 
            [net_proceeds] => 2000
            [organization_id] => bdf8150d-a701-4079-a797-69c5c4ff6535
            [payment_gateway_id] => 017412cb-396c-4cd3-b281-07dee953506d
            [payment_gateway_name] => Spreedly: AuthorizeNet
            [payment_transaction_id] => 5215a11c-ea2d-4555-aa88-a3bdeb219737
            [recurring_count] => 
            [reference_code] => 
            [sale_price] => 
            [schedule_id] => 
            [sms_keyword] => 
            [status] => complete
            [subtype] => echeck
            [transaction_set_id] => 2b2ea862-ca14-459e-9202-14b3ab7ee161
            [tribute] => 
            [type] => cash
            [utm] => Array
                (
                    [campaign] => 
                    [content] => 
                    [medium] => 
                    [source] => 
                    [term] => 
                )

            [vendor_id] => 
        )

    [type] => transaction.completed
)
