Array
(
    [created] => 2020-01-01T09:46:34.920500+00:00
    [id] => 99166caa-2c7b-11ea-baba-f2e467587223
    [payload] => Array
        (
            [additional_info] => 
            [address] => Array
                (
                    [city] => Portland
                    [country] => US
                    [country_code] => US
                    [country_name] => United States
                    [state] => OR
                    [street] => 12379 SE Division St
                    [street2] => 
                    [title] => 
                    [zip] => 97236
                )

            [advocacy_program_id] => 
            [advocacy_program_name] => 
            [advocacy_team_id] => 
            [advocacy_team_name] => 
            [advocate] => 
            [advocate_id] => 
            [advocate_name] => 
            [campaign_id] => 
            [campaign_title] => 
            [card_type] => 
            [check_number] => 
            [client_proceeds] => 75
            [contact] => Array
                (
                    [address] => Array
                        (
                            [city] => Portland
                            [country] => US
                            [country_code] => US
                            [country_name] => United States
                            [state] => OR
                            [street] => 12379 SE Division St
                            [street2] => 
                            [title] => 
                            [zip] => 97236
                        )

                    [created] => 2018-12-06T07:23:52.935192+00:00
                    [email] => abigail.hofman@gmail.com
                    [firstname] => Abigail
                    [lastname] => Hedinger
                    [middlename] => 
                    [phone] => 
                    [timezone] => 
                    [title] => 
                    [updated] => 2018-12-06T07:23:53.168896+00:00
                )

            [corporate_matching_record] => 
            [created] => 2020-01-01T09:46:34.709088+00:00
            [custom_note_1] => 
            [custom_note_2] => 
            [custom_note_3] => 
            [custom_note_4] => 
            [custom_note_5] => 
            [description] => Cash Donation: $75.00
            [designation] => Array
                (
                    [code] => restra
                    [fund_id] => restra
                    [id] => c14f9ebb-5402-4277-978c-625bcb3e7148
                    [title] => Strangarity, Rebekah
                )

            [designation_note] => 
            [donor_id] => 18f3e94e-3088-4b86-867e-2dbd26cea058
            [donor_paid_fee] => 
            [email_opt_in] => 
            [embed] => 
            [expiration_month] => 
            [expiration_year] => 
            [external_tracking_id] => 62109202533
            [final_date] => 
            [frequency] => Monthly
            [gift] => 
            [gift_extra] => 
            [hide_name] => 
            [id] => 957fb031-27d1-4b30-aa08-c116f69d2ab6
            [last_four_digits] => 
            [net_proceeds] => 75
            [organization_id] => bdf8150d-a701-4079-a797-69c5c4ff6535
            [payment_gateway_id] => 017412cb-396c-4cd3-b281-07dee953506d
            [payment_gateway_name] => Spreedly: AuthorizeNet
            [payment_transaction_id] => 998f3dd4-1fd9-4e31-9d2a-6ed9a9034ef4
            [recurring_count] => 13
            [reference_code] => websitedonatenewtab
            [sale_price] => 
            [schedule_id] => f5ee7ec2-31e0-4f30-8000-c51423ec7941
            [sms_keyword] => 
            [status] => complete
            [subtype] => echeck
            [transaction_set_id] => 957fb031-27d1-4b30-aa08-c116f69d2ab6
            [tribute] => 
            [type] => cash
            [utm] => Array
                (
                    [campaign] => websitedonatenewtab
                    [content] => 
                    [medium] => website
                    [source] => jewsforjesus
                    [term] => 
                )

            [vendor_id] => 
        )

    [type] => transaction.completed
)
