Array
(
    [created] => 2020-01-01T08:51:06.839271+00:00
    [id] => d96587d0-2c73-11ea-baba-f2e467587223
    [payload] => Array
        (
            [additional_info] => 
            [address] => Array
                (
                    [city] => Winter Haven
                    [country] => US
                    [country_code] => US
                    [country_name] => United States
                    [state] => FL
                    [street] => 3830 Bedford Ave
                    [street2] => 
                    [title] => 
                    [zip] => 33884
                )

            [advocacy_program_id] => 
            [advocacy_program_name] => 
            [advocacy_team_id] => 
            [advocacy_team_name] => 
            [advocate] => 
            [advocate_id] => 
            [advocate_name] => 
            [campaign_id] => 
            [campaign_title] => 
            [card_type] => visa
            [check_number] => 
            [client_proceeds] => 20
            [contact] => Array
                (
                    [address] => Array
                        (
                            [city] => Winter Haven
                            [country] => US
                            [country_code] => US
                            [country_name] => United States
                            [state] => FL
                            [street] => 3830 Bedford Ave
                            [street2] => 
                            [title] => 
                            [zip] => 33884
                        )

                    [created] => 2018-11-14T08:54:50.575605+00:00
                    [email] => tonidarlene@gmail.com
                    [firstname] => Toni
                    [lastname] => Kulkarni
                    [middlename] => 
                    [phone] => 502 7185336
                    [timezone] => America/New_York
                    [title] => 
                    [updated] => 2020-01-01T03:48:47.814021+00:00
                )

            [corporate_matching_record] => 
            [created] => 2020-01-01T08:51:06.565249+00:00
            [custom_note_1] => 
            [custom_note_2] => 
            [custom_note_3] => 
            [custom_note_4] => 
            [custom_note_5] => 
            [description] => Cash Donation: $20.00
            [designation] => Array
                (
                    [code] => DEFAULT
                    [fund_id] => DEFAULT
                    [id] => d4c15680-8d55-4d98-b538-1aa1e1e57ef2
                    [title] => Where needed most
                )

            [designation_note] => 
            [donor_id] => 15622682-4046-433c-8f07-bde7e3fbe6a4
            [donor_paid_fee] => 
            [email_opt_in] => 
            [embed] => 
            [expiration_month] => 1
            [expiration_year] => 2022
            [external_tracking_id] => 62109109311
            [final_date] => 
            [frequency] => Monthly
            [gift] => 
            [gift_extra] => 
            [hide_name] => 
            [id] => ef8f0bf5-bf9a-4efa-8b2c-4ca87b7f98ed
            [last_four_digits] => 5826
            [net_proceeds] => 20
            [organization_id] => bdf8150d-a701-4079-a797-69c5c4ff6535
            [payment_gateway_id] => 017412cb-396c-4cd3-b281-07dee953506d
            [payment_gateway_name] => Spreedly: AuthorizeNet
            [payment_transaction_id] => a76c03b9-a983-407d-b372-4258a344260e
            [recurring_count] => 1
            [reference_code] => 
            [sale_price] => 
            [schedule_id] => 048b4e20-e891-45e9-83d2-6e01d43227c1
            [sms_keyword] => 
            [status] => complete
            [subtype] => credit
            [transaction_set_id] => ef8f0bf5-bf9a-4efa-8b2c-4ca87b7f98ed
            [tribute] => 
            [type] => cash
            [utm] => Array
                (
                    [campaign] => 
                    [content] => 
                    [medium] => 
                    [source] => 
                    [term] => 
                )

            [vendor_id] => 
        )

    [type] => transaction.completed
)
