Array
(
    [created] => 2020-01-01T10:02:58.751755+00:00
    [id] => e37f294c-2c7d-11ea-85df-92a9d723b37b
    [payload] => Array
        (
            [additional_info] => 
            [address] => Array
                (
                    [city] => San Jose
                    [country] => US
                    [country_code] => US
                    [country_name] => United States
                    [state] => CA
                    [street] => 5924 Sterling Oaks Drive
                    [street2] => 
                    [title] => 
                    [zip] => 95120
                )

            [advocacy_program_id] => 
            [advocacy_program_name] => 
            [advocacy_team_id] => 
            [advocacy_team_name] => 
            [advocate] => 
            [advocate_id] => 
            [advocate_name] => 
            [campaign_id] => 
            [campaign_title] => 
            [card_type] => visa
            [check_number] => 
            [client_proceeds] => 50
            [contact] => Array
                (
                    [address] => Array
                        (
                            [city] => San Jose
                            [country] => US
                            [country_code] => US
                            [country_name] => United States
                            [state] => CA
                            [street] => 5924 Sterling Oaks Drive
                            [street2] => 
                            [title] => 
                            [zip] => 95120
                        )

                    [created] => 2018-10-27T22:53:13.380286+00:00
                    [email] => sabtn@yahoo.com
                    [firstname] => Sabrina
                    [lastname] => Lin
                    [middlename] => 
                    [phone] => 
                    [timezone] => 
                    [title] => 
                    [updated] => 2018-12-07T17:11:32.561079+00:00
                )

            [corporate_matching_record] => 
            [created] => 2020-01-01T10:02:58.426898+00:00
            [custom_note_1] => 
            [custom_note_2] => 
            [custom_note_3] => 
            [custom_note_4] => 
            [custom_note_5] => 
            [description] => Cash Donation: $50.00
            [designation] => Array
                (
                    [code] => DEFAULT
                    [fund_id] => DEFAULT
                    [id] => d4c15680-8d55-4d98-b538-1aa1e1e57ef2
                    [title] => Where needed most
                )

            [designation_note] => 
            [donor_id] => 2d86d397-dc21-4340-b6b1-766e5a7945c5
            [donor_paid_fee] => 
            [email_opt_in] => 
            [embed] => 
            [expiration_month] => 6
            [expiration_year] => 2023
            [external_tracking_id] => 62109242235
            [final_date] => 
            [frequency] => Quarterly
            [gift] => 
            [gift_extra] => 
            [hide_name] => 
            [id] => d901eda5-8b19-47c2-980b-40460faf36c2
            [last_four_digits] => 6189
            [net_proceeds] => 50
            [organization_id] => bdf8150d-a701-4079-a797-69c5c4ff6535
            [payment_gateway_id] => 017412cb-396c-4cd3-b281-07dee953506d
            [payment_gateway_name] => Spreedly: AuthorizeNet
            [payment_transaction_id] => 46985bee-77a2-4ae8-9253-1e247860077d
            [recurring_count] => 5
            [reference_code] => websitedonatenewtab
            [sale_price] => 
            [schedule_id] => 0f86c63b-b413-4944-8264-498cf6ea8da2
            [sms_keyword] => 
            [status] => complete
            [subtype] => credit
            [transaction_set_id] => d901eda5-8b19-47c2-980b-40460faf36c2
            [tribute] => 
            [type] => cash
            [utm] => Array
                (
                    [campaign] => websitedonatenewtab
                    [content] => 
                    [medium] => website
                    [source] => jewsforjesus
                    [term] => 
                )

            [vendor_id] => 
        )

    [type] => transaction.completed
)
