Array
(
    [created] => 2020-01-02T00:53:51.528889+00:00
    [id] => 57d5abc8-2cfa-11ea-bcef-3e8f3fe545cc
    [payload] => Array
        (
            [additional_info] => 
            [address] => Array
                (
                    [city] => Virginia Beach
                    [country] => US
                    [country_code] => US
                    [country_name] => United States
                    [state] => VA
                    [street] => 3601 Shipley Ct
                    [street2] => 
                    [title] => Donation Address
                    [zip] => 23456
                )

            [advocacy_program_id] => 
            [advocacy_program_name] => 
            [advocacy_team_id] => 
            [advocacy_team_name] => 
            [advocate] => 
            [advocate_id] => 
            [advocate_name] => 
            [campaign_id] => 
            [campaign_title] => 
            [card_type] => visa
            [check_number] => 
            [client_proceeds] => 50
            [contact] => Array
                (
                    [address] => Array
                        (
                            [city] => Virginia Beach
                            [country] => US
                            [country_code] => US
                            [country_name] => United States
                            [state] => VA
                            [street] => 3601 Shipley Court
                            [street2] => 
                            [title] => 
                            [zip] => 23456
                        )

                    [created] => 2018-09-30T00:21:34.459662+00:00
                    [email] => spencej71@yahoo.com
                    [firstname] => Jerry
                    [lastname] => Spencer
                    [middlename] => 
                    [phone] => 
                    [timezone] => 
                    [title] => 
                    [updated] => 2019-03-31T00:29:16.557647+00:00
                )

            [corporate_matching_record] => 
            [created] => 2020-01-02T00:53:51.069454+00:00
            [custom_note_1] => 
            [custom_note_2] => 
            [custom_note_3] => 
            [custom_note_4] => 
            [custom_note_5] => 
            [description] => Cash Donation: $50.00
            [designation] => Array
                (
                    [code] => DEFAULT
                    [fund_id] => DEFAULT
                    [id] => d4c15680-8d55-4d98-b538-1aa1e1e57ef2
                    [title] => Where needed most
                )

            [designation_note] => 
            [donor_id] => f6ab3277-e8f1-4318-b2f7-93a06bd91720
            [donor_paid_fee] => 
            [email_opt_in] => 
            [embed] => Array
                (
                    [id] => 9f092f15-ba22-4fdf-90c7-996c4b97f9d4
                    [name] => 1905 New Main DF v2
                )

            [expiration_month] => 7
            [expiration_year] => 2022
            [external_tracking_id] => 62110695432
            [final_date] => 2020-01-01T00:00:00+00:00
            [frequency] => Once
            [gift] => 
            [gift_extra] => 
            [hide_name] => 
            [id] => 4f8d5121-e73c-4b52-ba4c-2acd6867a9fb
            [last_four_digits] => 7978
            [net_proceeds] => 50
            [organization_id] => bdf8150d-a701-4079-a797-69c5c4ff6535
            [payment_gateway_id] => 017412cb-396c-4cd3-b281-07dee953506d
            [payment_gateway_name] => Spreedly: AuthorizeNet
            [payment_transaction_id] => 722ef38e-d112-4226-86d1-8eb41d7e6456
            [recurring_count] => 
            [reference_code] => 
            [sale_price] => 
            [schedule_id] => 
            [sms_keyword] => 
            [status] => complete
            [subtype] => credit
            [transaction_set_id] => 4f8d5121-e73c-4b52-ba4c-2acd6867a9fb
            [tribute] => 
            [type] => cash
            [utm] => Array
                (
                    [campaign] => 
                    [content] => 
                    [medium] => 
                    [source] => 
                    [term] => 
                )

            [vendor_id] => 
        )

    [type] => transaction.completed
)
