Array
(
    [created] => 2020-01-01T09:28:40.787419+00:00
    [id] => 18dab8ea-2c79-11ea-baba-f2e467587223
    [payload] => Array
        (
            [additional_info] => 
            [address] => Array
                (
                    [city] => New Rochelle
                    [country] => US
                    [country_code] => US
                    [country_name] => United States
                    [state] => NY
                    [street] => 30 5th Ave
                    [street2] => 
                    [title] => 
                    [zip] => 10801
                )

            [advocacy_program_id] => 
            [advocacy_program_name] => 
            [advocacy_team_id] => 
            [advocacy_team_name] => 
            [advocate] => 
            [advocate_id] => 
            [advocate_name] => 
            [campaign_id] => 
            [campaign_title] => 
            [card_type] => visa
            [check_number] => 
            [client_proceeds] => 10
            [contact] => Array
                (
                    [address] => Array
                        (
                            [city] => New Rochelle
                            [country] => US
                            [country_code] => US
                            [country_name] => United States
                            [state] => NY
                            [street] => 30 5th Ave
                            [street2] => 
                            [title] => 
                            [zip] => 10801
                        )

                    [created] => 2018-10-31T20:49:21.888117+00:00
                    [email] => donor-b1d90965-64ae-4598-97a6-6cdc4695d456@idonate.com
                    [firstname] => Dora .
                    [lastname] => Francisco
                    [middlename] => 
                    [phone] => 
                    [timezone] => 
                    [title] => 
                    [updated] => 2018-10-31T20:49:21.888117+00:00
                )

            [corporate_matching_record] => 
            [created] => 2020-01-01T09:28:40.515925+00:00
            [custom_note_1] => I have a special request or comment = 
            [custom_note_2] => 
            [custom_note_3] => 
            [custom_note_4] => 
            [custom_note_5] => 
            [description] => Cash Donation: $10.00
            [designation] => Array
                (
                    [code] => DEFAULT
                    [fund_id] => DEFAULT
                    [id] => d4c15680-8d55-4d98-b538-1aa1e1e57ef2
                    [title] => Where needed most
                )

            [designation_note] => 
            [donor_id] => b1d90965-64ae-4598-97a6-6cdc4695d456
            [donor_paid_fee] => 
            [email_opt_in] => 
            [embed] => 
            [expiration_month] => 12
            [expiration_year] => 2024
            [external_tracking_id] => 62109162247
            [final_date] => 
            [frequency] => Monthly
            [gift] => 
            [gift_extra] => 
            [hide_name] => 
            [id] => cdafa3a5-594e-4178-b65f-3bf06e998757
            [last_four_digits] => 0796
            [net_proceeds] => 10
            [organization_id] => bdf8150d-a701-4079-a797-69c5c4ff6535
            [payment_gateway_id] => 017412cb-396c-4cd3-b281-07dee953506d
            [payment_gateway_name] => Spreedly: AuthorizeNet
            [payment_transaction_id] => 4f587921-92aa-45e5-85f1-db0a03f5a7c4
            [recurring_count] => 15
            [reference_code] =>  STNETREC
            [sale_price] => 
            [schedule_id] => 064226a6-a867-4d01-8766-97dfde4dd4d1
            [sms_keyword] => 
            [status] => complete
            [subtype] => credit
            [transaction_set_id] => cdafa3a5-594e-4178-b65f-3bf06e998757
            [tribute] => 
            [type] => cash
            [utm] => Array
                (
                    [campaign] => 
                    [content] => 
                    [medium] => 
                    [source] => 
                    [term] => 
                )

            [vendor_id] => 
        )

    [type] => transaction.completed
)
