Array
(
    [created] => 2020-01-01T09:27:24.626048+00:00
    [id] => eb756bfc-2c78-11ea-baba-f2e467587223
    [payload] => Array
        (
            [additional_info] => 
            [address] => Array
                (
                    [city] => PORTLAND
                    [country] => US
                    [country_code] => US
                    [country_name] => United States
                    [state] => OR
                    [street] => 607 SE 157th Ave
                    [street2] => 
                    [title] => 
                    [zip] => 97233
                )

            [advocacy_program_id] => 
            [advocacy_program_name] => 
            [advocacy_team_id] => 
            [advocacy_team_name] => 
            [advocate] => 
            [advocate_id] => 
            [advocate_name] => 
            [campaign_id] => 
            [campaign_title] => 
            [card_type] => visa
            [check_number] => 
            [client_proceeds] => 100
            [contact] => Array
                (
                    [address] => Array
                        (
                            [city] => PORTLAND
                            [country] => US
                            [country_code] => US
                            [country_name] => United States
                            [state] => OR
                            [street] => 607 SE 157th Ave
                            [street2] => 
                            [title] => 
                            [zip] => 97233
                        )

                    [created] => 2019-03-04T21:46:31.253594+00:00
                    [email] => wendy607@comcast.net
                    [firstname] => Wendy
                    [lastname] => Helzer
                    [middlename] => 
                    [phone] => 5032658114
                    [timezone] => 
                    [title] => 
                    [updated] => 2019-03-04T21:46:31.509696+00:00
                )

            [corporate_matching_record] => 
            [created] => 2020-01-01T09:27:24.405335+00:00
            [custom_note_1] => 
            [custom_note_2] => 
            [custom_note_3] => 
            [custom_note_4] => 
            [custom_note_5] => 
            [description] => Cash Donation: $100.00
            [designation] => Array
                (
                    [code] => restra
                    [fund_id] => restra
                    [id] => c14f9ebb-5402-4277-978c-625bcb3e7148
                    [title] => Strangarity, Rebekah
                )

            [designation_note] => 
            [donor_id] => c2d37562-b104-4537-a985-821299282bb1
            [donor_paid_fee] => 
            [email_opt_in] => 1
            [embed] => 
            [expiration_month] => 12
            [expiration_year] => 2023
            [external_tracking_id] => 62109160367
            [final_date] => 
            [frequency] => Monthly
            [gift] => 
            [gift_extra] => 
            [hide_name] => 
            [id] => f02b3a48-a805-4632-9abe-1a76f5a02e6a
            [last_four_digits] => 3188
            [net_proceeds] => 100
            [organization_id] => bdf8150d-a701-4079-a797-69c5c4ff6535
            [payment_gateway_id] => 017412cb-396c-4cd3-b281-07dee953506d
            [payment_gateway_name] => Spreedly: AuthorizeNet
            [payment_transaction_id] => ba133228-ecca-4561-8a3a-8c6d30e422ef
            [recurring_count] => 10
            [reference_code] => websitedonatenewtab
            [sale_price] => 
            [schedule_id] => 1e4e7784-4ae2-432c-b33b-a8dcdb7226ff
            [sms_keyword] => 
            [status] => complete
            [subtype] => credit
            [transaction_set_id] => f02b3a48-a805-4632-9abe-1a76f5a02e6a
            [tribute] => 
            [type] => cash
            [utm] => Array
                (
                    [campaign] => website
                    [content] => 
                    [medium] => email
                    [source] => sendgrid.com
                    [term] => 
                )

            [vendor_id] => 
        )

    [type] => transaction.completed
)
