Array
(
    [created] => 2020-01-01T09:36:48.622775+00:00
    [id] => 3ba07e04-2c7a-11ea-baba-f2e467587223
    [payload] => Array
        (
            [additional_info] => 
            [address] => Array
                (
                    [city] => Gresham
                    [country] => US
                    [country_code] => US
                    [country_name] => United States
                    [state] => OR
                    [street] => 2092 SW 27th Dr
                    [street2] => 
                    [title] => 
                    [zip] => 97080
                )

            [advocacy_program_id] => 
            [advocacy_program_name] => 
            [advocacy_team_id] => 
            [advocacy_team_name] => 
            [advocate] => 
            [advocate_id] => 
            [advocate_name] => 
            [campaign_id] => 
            [campaign_title] => 
            [card_type] => master
            [check_number] => 
            [client_proceeds] => 50
            [contact] => Array
                (
                    [address] => Array
                        (
                            [city] => Gresham
                            [country] => US
                            [country_code] => US
                            [country_name] => United States
                            [state] => OR
                            [street] => 2092 SW 27th Dr
                            [street2] => 
                            [title] => 
                            [zip] => 97080
                        )

                    [created] => 2017-02-06T03:12:31.629723+00:00
                    [email] => servants10@gmail.com
                    [firstname] => Kathleen
                    [lastname] => Cervantes
                    [middlename] => 
                    [phone] => 15413991205
                    [timezone] => America/Los_Angeles
                    [title] => 
                    [updated] => 2019-04-02T03:43:39.096664+00:00
                )

            [corporate_matching_record] => 
            [created] => 2020-01-01T09:36:48.300045+00:00
            [custom_note_1] => 
            [custom_note_2] => 
            [custom_note_3] => 
            [custom_note_4] => 
            [custom_note_5] => 
            [description] => Cash Donation: $50.00
            [designation] => Array
                (
                    [code] => DEFAULT
                    [fund_id] => DEFAULT
                    [id] => d4c15680-8d55-4d98-b538-1aa1e1e57ef2
                    [title] => Where needed most
                )

            [designation_note] => 
            [donor_id] => 7f1165d4-a813-4783-921a-76b3d30bd4a4
            [donor_paid_fee] => 
            [email_opt_in] => 
            [embed] => 
            [expiration_month] => 4
            [expiration_year] => 2023
            [external_tracking_id] => 62109178408
            [final_date] => 
            [frequency] => Monthly
            [gift] => 
            [gift_extra] => 
            [hide_name] => 
            [id] => d7e80eb2-05ad-4dcf-b52d-62f8af01b2a3
            [last_four_digits] => 1162
            [net_proceeds] => 50
            [organization_id] => bdf8150d-a701-4079-a797-69c5c4ff6535
            [payment_gateway_id] => 017412cb-396c-4cd3-b281-07dee953506d
            [payment_gateway_name] => Spreedly: AuthorizeNet
            [payment_transaction_id] => 9ef226e3-b793-4bde-969d-a788a88b88f6
            [recurring_count] => 10
            [reference_code] => STNETDON
            [sale_price] => 
            [schedule_id] => a58c63f9-d1cb-48ce-a531-7a9308169aa4
            [sms_keyword] => 
            [status] => complete
            [subtype] => credit
            [transaction_set_id] => d7e80eb2-05ad-4dcf-b52d-62f8af01b2a3
            [tribute] => 
            [type] => cash
            [utm] => Array
                (
                    [campaign] => 
                    [content] => 
                    [medium] => 
                    [source] => 
                    [term] => 
                )

            [vendor_id] => 
        )

    [type] => transaction.completed
)
