Array
(
    [created] => 2020-01-01T09:29:02.159302+00:00
    [id] => 2597d0a4-2c79-11ea-baba-f2e467587223
    [payload] => Array
        (
            [additional_info] => 
            [address] => Array
                (
                    [city] => Dallas
                    [country] => 
                    [country_code] => 
                    [country_name] => 
                    [state] => Georgia
                    [street] => 110 Northshore Xing
                    [street2] => 
                    [title] => 
                    [zip] => 30157-1641
                )

            [advocacy_program_id] => 
            [advocacy_program_name] => 
            [advocacy_team_id] => 
            [advocacy_team_name] => 
            [advocate] => 
            [advocate_id] => 
            [advocate_name] => 
            [campaign_id] => 
            [campaign_title] => 
            [card_type] => 
            [check_number] => 
            [client_proceeds] => 25
            [contact] => Array
                (
                    [address] => Array
                        (
                            [city] => Dallas
                            [country] => 
                            [country_code] => 
                            [country_name] => 
                            [state] => Georgia
                            [street] => 110 Northshore Xing
                            [street2] => 
                            [title] => 
                            [zip] => 30157-1641
                        )

                    [created] => 2018-10-01T17:40:35.269074+00:00
                    [email] => 1525196909@noreply.jews-for-jesus.org
                    [firstname] => Wilma
                    [lastname] => Amison
                    [middlename] => 
                    [phone] => 423-432-4948
                    [timezone] => 
                    [title] => 
                    [updated] => 2018-10-01T17:40:35.269074+00:00
                )

            [corporate_matching_record] => 
            [created] => 2020-01-01T09:29:01.985622+00:00
            [custom_note_1] => 
            [custom_note_2] => 
            [custom_note_3] => 
            [custom_note_4] => 
            [custom_note_5] => 
            [description] => Cash Donation: $25.00
            [designation] => Array
                (
                    [code] => DEFAULT
                    [fund_id] => DEFAULT
                    [id] => d4c15680-8d55-4d98-b538-1aa1e1e57ef2
                    [title] => Where needed most
                )

            [designation_note] => 
            [donor_id] => ea95a066-48be-4cd1-8f17-7bcf1747af96
            [donor_paid_fee] => 
            [email_opt_in] => 
            [embed] => 
            [expiration_month] => 
            [expiration_year] => 
            [external_tracking_id] => 62109162772
            [final_date] => 
            [frequency] => Monthly
            [gift] => 
            [gift_extra] => 
            [hide_name] => 
            [id] => f731a515-9b31-4a05-bbae-731898584ad7
            [last_four_digits] => 
            [net_proceeds] => 25
            [organization_id] => bdf8150d-a701-4079-a797-69c5c4ff6535
            [payment_gateway_id] => 017412cb-396c-4cd3-b281-07dee953506d
            [payment_gateway_name] => Spreedly: AuthorizeNet
            [payment_transaction_id] => e469a3a7-4ae2-43bd-bfff-c8b72b7ac150
            [recurring_count] => 16
            [reference_code] => 
            [sale_price] => 
            [schedule_id] => af317393-bdbc-48b2-aff1-a6e302f07c97
            [sms_keyword] => 
            [status] => complete
            [subtype] => credit
            [transaction_set_id] => f731a515-9b31-4a05-bbae-731898584ad7
            [tribute] => 
            [type] => cash
            [utm] => Array
                (
                    [campaign] => 
                    [content] => 
                    [medium] => 
                    [source] => 
                    [term] => 
                )

            [vendor_id] => 
        )

    [type] => transaction.completed
)
