Array
(
    [created] => 2020-01-01T17:27:43.078058+00:00
    [id] => 04983996-2cbc-11ea-8ea2-3e8f3fe545cc
    [payload] => Array
        (
            [additional_info] => 
            [address] => Array
                (
                    [city] => Apple Valley 
                    [country] => US
                    [country_code] => US
                    [country_name] => United States
                    [state] => CA
                    [street] => 22744 little beaver rd. 
                    [street2] => 
                    [title] => Donation Address
                    [zip] => 92308
                )

            [advocacy_program_id] => 
            [advocacy_program_name] => 
            [advocacy_team_id] => 
            [advocacy_team_name] => 
            [advocate] => 
            [advocate_id] => 
            [advocate_name] => 
            [campaign_id] => 
            [campaign_title] => 
            [card_type] => visa
            [check_number] => 
            [client_proceeds] => 58
            [contact] => Array
                (
                    [address] => Array
                        (
                            [city] => Apple Valley 
                            [country] => US
                            [country_code] => US
                            [country_name] => United States
                            [state] => CA
                            [street] => 22744 little beaver rd. 
                            [street2] => 
                            [title] => 
                            [zip] => 92308
                        )

                    [created] => 2018-10-05T18:11:18.325418+00:00
                    [email] => lynx0731@gmail.com
                    [firstname] => Aariyah
                    [lastname] => Gonzalez
                    [middlename] => 
                    [phone] => 7609001126
                    [timezone] => America/Los_Angeles
                    [title] => 
                    [updated] => 2020-01-01T17:27:42.661151+00:00
                )

            [corporate_matching_record] => 
            [created] => 2020-01-01T17:27:42.680417+00:00
            [custom_note_1] => 
            [custom_note_2] => 
            [custom_note_3] => 
            [custom_note_4] => 
            [custom_note_5] => 
            [description] => Cash Donation: $58.00
            [designation] => Array
                (
                    [code] => DEFAULT
                    [fund_id] => DEFAULT
                    [id] => d4c15680-8d55-4d98-b538-1aa1e1e57ef2
                    [title] => Where needed most
                )

            [designation_note] => 
            [donor_id] => 233ed1d1-aec0-47ce-9000-f35241c57371
            [donor_paid_fee] => 
            [email_opt_in] => 
            [embed] => Array
                (
                    [id] => 9f092f15-ba22-4fdf-90c7-996c4b97f9d4
                    [name] => 1905 New Main DF v2
                )

            [expiration_month] => 7
            [expiration_year] => 2023
            [external_tracking_id] => 62110156940
            [final_date] => 2020-01-01T00:00:00+00:00
            [frequency] => Once
            [gift] => 
            [gift_extra] => 
            [hide_name] => 
            [id] => a6228ba4-43a9-4890-97cf-9228ea2f0397
            [last_four_digits] => 4446
            [net_proceeds] => 58
            [organization_id] => bdf8150d-a701-4079-a797-69c5c4ff6535
            [payment_gateway_id] => 017412cb-396c-4cd3-b281-07dee953506d
            [payment_gateway_name] => Spreedly: AuthorizeNet
            [payment_transaction_id] => d1cfee2e-6508-447b-b99a-8ba89b499028
            [recurring_count] => 
            [reference_code] => 
            [sale_price] => 
            [schedule_id] => 
            [sms_keyword] => 
            [status] => complete
            [subtype] => credit
            [transaction_set_id] => a6228ba4-43a9-4890-97cf-9228ea2f0397
            [tribute] => 
            [type] => cash
            [utm] => Array
                (
                    [campaign] => 
                    [content] => 
                    [medium] => 
                    [source] => 
                    [term] => 
                )

            [vendor_id] => 
        )

    [type] => transaction.completed
)
