Array
(
    [created] => 2020-01-01T09:16:27.968847+00:00
    [id] => 640f7bf4-2c77-11ea-baba-f2e467587223
    [payload] => Array
        (
            [additional_info] => 
            [address] => Array
                (
                    [city] => Daly City
                    [country] => US
                    [country_code] => US
                    [country_name] => United States
                    [state] => CA
                    [street] => 42 Westmoor Avenue 
                    [street2] => 
                    [title] => 
                    [zip] => 94015
                )

            [advocacy_program_id] => 
            [advocacy_program_name] => 
            [advocacy_team_id] => 
            [advocacy_team_name] => 
            [advocate] => 
            [advocate_id] => 
            [advocate_name] => 
            [campaign_id] => 
            [campaign_title] => 
            [card_type] => visa
            [check_number] => 
            [client_proceeds] => 25
            [contact] => Array
                (
                    [address] => Array
                        (
                            [city] => Daly City
                            [country] => US
                            [country_code] => US
                            [country_name] => United States
                            [state] => CA
                            [street] => 42 Westmoor Avenue 
                            [street2] => 
                            [title] => 
                            [zip] => 94015
                        )

                    [created] => 2019-02-01T00:24:07.098085+00:00
                    [email] => nubiasotolimon@hotmail.com
                    [firstname] => Nubia
                    [lastname] => Limon
                    [middlename] => 
                    [phone] => 4153369756
                    [timezone] => America/Los_Angeles
                    [title] => 
                    [updated] => 2019-12-11T21:11:17.495213+00:00
                )

            [corporate_matching_record] => 
            [created] => 2020-01-01T09:16:27.706011+00:00
            [custom_note_1] => I have a special request or comment = 
            [custom_note_2] => 
            [custom_note_3] => 
            [custom_note_4] => 
            [custom_note_5] => 
            [description] => Cash Donation: $25.00
            [designation] => Array
                (
                    [code] => DEFAULT
                    [fund_id] => DEFAULT
                    [id] => d4c15680-8d55-4d98-b538-1aa1e1e57ef2
                    [title] => Where needed most
                )

            [designation_note] => 
            [donor_id] => fae87785-8ff2-4e64-ab75-addfbafb6e8f
            [donor_paid_fee] => 
            [email_opt_in] => 
            [embed] => 
            [expiration_month] => 7
            [expiration_year] => 2021
            [external_tracking_id] => 62109144588
            [final_date] => 
            [frequency] => Monthly
            [gift] => 
            [gift_extra] => 
            [hide_name] => 
            [id] => 099a72b2-1a15-4e81-8f60-3c1bea60c840
            [last_four_digits] => 9418
            [net_proceeds] => 25
            [organization_id] => bdf8150d-a701-4079-a797-69c5c4ff6535
            [payment_gateway_id] => 017412cb-396c-4cd3-b281-07dee953506d
            [payment_gateway_name] => Spreedly: AuthorizeNet
            [payment_transaction_id] => a4b7bb9d-036d-46de-abee-4a3ac6804492
            [recurring_count] => 12
            [reference_code] =>  STNETREC
            [sale_price] => 
            [schedule_id] => 05bcd746-51e5-473b-b743-8929e4ecd8fb
            [sms_keyword] => 
            [status] => complete
            [subtype] => credit
            [transaction_set_id] => 099a72b2-1a15-4e81-8f60-3c1bea60c840
            [tribute] => 
            [type] => cash
            [utm] => Array
                (
                    [campaign] => 
                    [content] => 
                    [medium] => 
                    [source] => 
                    [term] => 
                )

            [vendor_id] => 
        )

    [type] => transaction.completed
)
