Array
(
    [created] => 2020-01-02T01:34:08.304398+00:00
    [id] => f8585974-2cff-11ea-b4f0-6a1086d9a102
    [payload] => Array
        (
            [additional_info] => 
            [address] => Array
                (
                    [city] => Orlando
                    [country] => US
                    [country_code] => US
                    [country_name] => United States
                    [state] => FL
                    [street] => 5313 Indian Creek Dr
                    [street2] => 
                    [title] => Donation Address
                    [zip] => 32811
                )

            [advocacy_program_id] => 
            [advocacy_program_name] => 
            [advocacy_team_id] => 
            [advocacy_team_name] => 
            [advocate] => 
            [advocate_id] => 
            [advocate_name] => 
            [campaign_id] => 
            [campaign_title] => 
            [card_type] => visa
            [check_number] => 
            [client_proceeds] => 25
            [contact] => Array
                (
                    [address] => Array
                        (
                            [city] => Orlando
                            [country] => US
                            [country_code] => US
                            [country_name] => United States
                            [state] => FL
                            [street] => 5313 Indian Creek Dr
                            [street2] => 
                            [title] => 
                            [zip] => 32811
                        )

                    [created] => 2018-11-13T01:27:26.285319+00:00
                    [email] => kwgloryshine@gmail.com
                    [firstname] => Kevin & Jane
                    [lastname] => Wilcox
                    [middlename] => 
                    [phone] => 4076988283
                    [timezone] => America/New_York
                    [title] => 
                    [updated] => 2020-01-02T01:34:07.942953+00:00
                )

            [corporate_matching_record] => 
            [created] => 2020-01-02T01:34:07.963987+00:00
            [custom_note_1] => 
            [custom_note_2] => 
            [custom_note_3] => 
            [custom_note_4] => 
            [custom_note_5] => 
            [description] => Cash Donation: $25.00
            [designation] => Array
                (
                    [code] => DEFAULT
                    [fund_id] => DEFAULT
                    [id] => d4c15680-8d55-4d98-b538-1aa1e1e57ef2
                    [title] => Where needed most
                )

            [designation_note] => 
            [donor_id] => 19bc47e3-a001-451a-bf7c-d3a371a3ec21
            [donor_paid_fee] => 
            [email_opt_in] => 
            [embed] => Array
                (
                    [id] => 9f092f15-ba22-4fdf-90c7-996c4b97f9d4
                    [name] => 1905 New Main DF v2
                )

            [expiration_month] => 11
            [expiration_year] => 2020
            [external_tracking_id] => 62110731166
            [final_date] => 2020-01-01T00:00:00+00:00
            [frequency] => Once
            [gift] => 
            [gift_extra] => 
            [hide_name] => 
            [id] => 63ba1df1-647a-4612-a472-0e4117d5c8a8
            [last_four_digits] => 3210
            [net_proceeds] => 25
            [organization_id] => bdf8150d-a701-4079-a797-69c5c4ff6535
            [payment_gateway_id] => 017412cb-396c-4cd3-b281-07dee953506d
            [payment_gateway_name] => Spreedly: AuthorizeNet
            [payment_transaction_id] => f9f97a1b-4578-43b6-82f3-10fb4574cdd8
            [recurring_count] => 
            [reference_code] => 
            [sale_price] => 
            [schedule_id] => 
            [sms_keyword] => 
            [status] => complete
            [subtype] => credit
            [transaction_set_id] => 63ba1df1-647a-4612-a472-0e4117d5c8a8
            [tribute] => 
            [type] => cash
            [utm] => Array
                (
                    [campaign] => 
                    [content] => 
                    [medium] => 
                    [source] => 
                    [term] => 
                )

            [vendor_id] => 
        )

    [type] => transaction.completed
)
