Array
(
    [created] => 2020-01-01T09:38:26.432347+00:00
    [id] => 75ed0bcc-2c7a-11ea-baba-f2e467587223
    [payload] => Array
        (
            [additional_info] => 
            [address] => Array
                (
                    [city] => Ocala
                    [country] => US
                    [country_code] => US
                    [country_name] => United States
                    [state] => FL
                    [street] => 425 Marion Oaks Crse
                    [street2] => 
                    [title] => 
                    [zip] => 34473
                )

            [advocacy_program_id] => 
            [advocacy_program_name] => 
            [advocacy_team_id] => 
            [advocacy_team_name] => 
            [advocate] => 
            [advocate_id] => 
            [advocate_name] => 
            [campaign_id] => 
            [campaign_title] => 
            [card_type] => visa
            [check_number] => 
            [client_proceeds] => 25
            [contact] => Array
                (
                    [address] => Array
                        (
                            [city] => Ocala
                            [country] => US
                            [country_code] => US
                            [country_name] => United States
                            [state] => FL
                            [street] => 425 Marion Oaks Crse
                            [street2] => 
                            [title] => 
                            [zip] => 34473
                        )

                    [created] => 2018-10-23T21:54:57.145907+00:00
                    [email] => donor-6b4c2ca2-aae3-40e7-b3af-dedf19c85e65@idonate.com
                    [firstname] => Catherine A.
                    [lastname] => Lynch
                    [middlename] => 
                    [phone] => 
                    [timezone] => 
                    [title] => 
                    [updated] => 2018-10-23T21:54:57.145907+00:00
                )

            [corporate_matching_record] => 
            [created] => 2020-01-01T09:38:26.125658+00:00
            [custom_note_1] => I have a special request or comment = 
            [custom_note_2] => 
            [custom_note_3] => 
            [custom_note_4] => 
            [custom_note_5] => 
            [description] => Cash Donation: $25.00
            [designation] => Array
                (
                    [code] => DEFAULT
                    [fund_id] => DEFAULT
                    [id] => d4c15680-8d55-4d98-b538-1aa1e1e57ef2
                    [title] => Where needed most
                )

            [designation_note] => 
            [donor_id] => 6b4c2ca2-aae3-40e7-b3af-dedf19c85e65
            [donor_paid_fee] => 
            [email_opt_in] => 
            [embed] => 
            [expiration_month] => 10
            [expiration_year] => 2023
            [external_tracking_id] => 62109182187
            [final_date] => 
            [frequency] => Monthly
            [gift] => 
            [gift_extra] => 
            [hide_name] => 
            [id] => bcbd0720-cd30-47e3-afc0-098488c1f01b
            [last_four_digits] => 2340
            [net_proceeds] => 25
            [organization_id] => bdf8150d-a701-4079-a797-69c5c4ff6535
            [payment_gateway_id] => 017412cb-396c-4cd3-b281-07dee953506d
            [payment_gateway_name] => Spreedly: AuthorizeNet
            [payment_transaction_id] => 54bb865c-245e-498c-a83b-3a2e0b5024ba
            [recurring_count] => 15
            [reference_code] =>  STNETREC
            [sale_price] => 
            [schedule_id] => f50643f0-df39-49a5-914f-bf239c41c09e
            [sms_keyword] => 
            [status] => complete
            [subtype] => credit
            [transaction_set_id] => bcbd0720-cd30-47e3-afc0-098488c1f01b
            [tribute] => 
            [type] => cash
            [utm] => Array
                (
                    [campaign] => 
                    [content] => 
                    [medium] => 
                    [source] => 
                    [term] => 
                )

            [vendor_id] => 
        )

    [type] => transaction.completed
)
