Array
(
    [created] => 2020-01-02T06:02:36.281325+00:00
    [id] => 79729220-2d25-11ea-b1f8-e6fe79954c1e
    [payload] => Array
        (
            [additional_info] => 
            [address] => Array
                (
                    [city] => Myra
                    [country] => US
                    [country_code] => US
                    [country_name] => United States
                    [state] => TX
                    [street] => Po box 75
                    [street2] => 
                    [title] => Donation Address
                    [zip] => 76253
                )

            [advocacy_program_id] => 
            [advocacy_program_name] => 
            [advocacy_team_id] => 
            [advocacy_team_name] => 
            [advocate] => 
            [advocate_id] => 
            [advocate_name] => 
            [campaign_id] => 
            [campaign_title] => 
            [card_type] => visa
            [check_number] => 
            [client_proceeds] => 50
            [contact] => Array
                (
                    [address] => Array
                        (
                            [city] => Myra
                            [country] => US
                            [country_code] => US
                            [country_name] => United States
                            [state] => TX
                            [street] => Po box 75
                            [street2] => 
                            [title] => 
                            [zip] => 76253
                        )

                    [created] => 2018-10-01T17:31:48.353553+00:00
                    [email] => dewaynewilliams7373@gmail.com
                    [firstname] => Dewayne
                    [lastname] => Williams 
                    [middlename] => 
                    [phone] => 
                    [timezone] => America/Chicago
                    [title] => 
                    [updated] => 2020-01-02T06:02:35.925502+00:00
                )

            [corporate_matching_record] => 
            [created] => 2020-01-02T06:02:35.947986+00:00
            [custom_note_1] => 
            [custom_note_2] => 
            [custom_note_3] => 
            [custom_note_4] => 
            [custom_note_5] => 
            [description] => Cash Donation: $50.00
            [designation] => Array
                (
                    [code] => DEFAULT
                    [fund_id] => DEFAULT
                    [id] => d4c15680-8d55-4d98-b538-1aa1e1e57ef2
                    [title] => Where needed most
                )

            [designation_note] => 
            [donor_id] => 2cd33a93-9cd4-4141-becb-c10ae295835a
            [donor_paid_fee] => 
            [email_opt_in] => 
            [embed] => Array
                (
                    [id] => 1fef50f2-2f6f-4c94-8cd1-c0d254d16f0a
                    [name] => 1912 EOY Phase 1
                )

            [expiration_month] => 10
            [expiration_year] => 2023
            [external_tracking_id] => 62110986730
            [final_date] => 2020-01-02T00:00:00+00:00
            [frequency] => Once
            [gift] => 
            [gift_extra] => 
            [hide_name] => 
            [id] => 6c2891f2-c0b7-414f-9e8f-152b7fbed052
            [last_four_digits] => 3413
            [net_proceeds] => 50
            [organization_id] => bdf8150d-a701-4079-a797-69c5c4ff6535
            [payment_gateway_id] => 017412cb-396c-4cd3-b281-07dee953506d
            [payment_gateway_name] => Spreedly: AuthorizeNet
            [payment_transaction_id] => 95d97917-061d-4bd3-99a2-fdf0f06db708
            [recurring_count] => 
            [reference_code] => 
            [sale_price] => 
            [schedule_id] => 
            [sms_keyword] => 
            [status] => complete
            [subtype] => credit
            [transaction_set_id] => 6c2891f2-c0b7-414f-9e8f-152b7fbed052
            [tribute] => 
            [type] => cash
            [utm] => Array
                (
                    [campaign] => 
                    [content] => 
                    [medium] => 
                    [source] => 
                    [term] => 
                )

            [vendor_id] => 
        )

    [type] => transaction.completed
)
