Array
(
    [created] => 2020-01-01T09:28:06.517487+00:00
    [id] => 046d8c34-2c79-11ea-baba-f2e467587223
    [payload] => Array
        (
            [additional_info] => 
            [address] => Array
                (
                    [city] => Carrollton
                    [country] => US
                    [country_code] => US
                    [country_name] => United States
                    [state] => TX
                    [street] => 1321 Miami Dr
                    [street2] => 
                    [title] => 
                    [zip] => 75010
                )

            [advocacy_program_id] => 
            [advocacy_program_name] => 
            [advocacy_team_id] => 
            [advocacy_team_name] => 
            [advocate] => 
            [advocate_id] => 
            [advocate_name] => 
            [campaign_id] => 
            [campaign_title] => 
            [card_type] => master
            [check_number] => 
            [client_proceeds] => 100
            [contact] => Array
                (
                    [address] => Array
                        (
                            [city] => Carrollton
                            [country] => US
                            [country_code] => US
                            [country_name] => United States
                            [state] => TX
                            [street] => 1321 Miami Dr
                            [street2] => 
                            [title] => 
                            [zip] => 75010
                        )

                    [created] => 2019-04-26T16:57:15.182553+00:00
                    [email] => donor-3adf6ab9-98c2-4310-b8a6-7b8fd2367fbe@idonate.com
                    [firstname] => Natasha
                    [lastname] => Santoso
                    [middlename] => 
                    [phone] => 
                    [timezone] => 
                    [title] => 
                    [updated] => 2019-04-26T16:57:15.182553+00:00
                )

            [corporate_matching_record] => 
            [created] => 2020-01-01T09:28:06.291297+00:00
            [custom_note_1] => I have a special request or comment = 
            [custom_note_2] => 
            [custom_note_3] => 
            [custom_note_4] => 
            [custom_note_5] => 
            [description] => Cash Donation: $100.00
            [designation] => Array
                (
                    [code] => DEFAULT
                    [fund_id] => DEFAULT
                    [id] => d4c15680-8d55-4d98-b538-1aa1e1e57ef2
                    [title] => Where needed most
                )

            [designation_note] => 
            [donor_id] => 3adf6ab9-98c2-4310-b8a6-7b8fd2367fbe
            [donor_paid_fee] => 
            [email_opt_in] => 
            [embed] => 
            [expiration_month] => 11
            [expiration_year] => 2022
            [external_tracking_id] => 62109161398
            [final_date] => 
            [frequency] => Monthly
            [gift] => 
            [gift_extra] => 
            [hide_name] => 
            [id] => c71cf757-94cd-4c12-b285-f60cc94288d6
            [last_four_digits] => 3870
            [net_proceeds] => 100
            [organization_id] => bdf8150d-a701-4079-a797-69c5c4ff6535
            [payment_gateway_id] => 017412cb-396c-4cd3-b281-07dee953506d
            [payment_gateway_name] => Spreedly: AuthorizeNet
            [payment_transaction_id] => 7f35be00-2f10-42ee-83b8-7aa01e2eebf8
            [recurring_count] => 9
            [reference_code] =>  STNETREC
            [sale_price] => 
            [schedule_id] => 0dac35d1-b95f-4561-8f52-005138d70aa9
            [sms_keyword] => 
            [status] => complete
            [subtype] => credit
            [transaction_set_id] => c71cf757-94cd-4c12-b285-f60cc94288d6
            [tribute] => 
            [type] => cash
            [utm] => Array
                (
                    [campaign] => 
                    [content] => 
                    [medium] => 
                    [source] => 
                    [term] => 
                )

            [vendor_id] => 
        )

    [type] => transaction.completed
)
