Array
(
    [created] => 2020-01-01T08:57:46.511078+00:00
    [id] => c79e9bda-2c74-11ea-baba-f2e467587223
    [payload] => Array
        (
            [additional_info] => 
            [address] => Array
                (
                    [city] => Quinlan
                    [country] => US
                    [country_code] => US
                    [country_name] => United States
                    [state] => TX
                    [street] => 5847 County Road 3515
                    [street2] => 
                    [title] => 
                    [zip] => 75474
                )

            [advocacy_program_id] => 
            [advocacy_program_name] => 
            [advocacy_team_id] => 
            [advocacy_team_name] => 
            [advocate] => 
            [advocate_id] => 
            [advocate_name] => 
            [campaign_id] => 
            [campaign_title] => 
            [card_type] => visa
            [check_number] => 
            [client_proceeds] => 25
            [contact] => Array
                (
                    [address] => Array
                        (
                            [city] => Quinlan
                            [country] => US
                            [country_code] => US
                            [country_name] => United States
                            [state] => TX
                            [street] => 5847 County Road 3515
                            [street2] => 
                            [title] => 
                            [zip] => 75474
                        )

                    [created] => 2018-10-01T17:40:35.269074+00:00
                    [email] => unknown-21062@jews-for-jesus.org
                    [firstname] => Florence M.
                    [lastname] => Evans
                    [middlename] => 
                    [phone] => 
                    [timezone] => 
                    [title] => 
                    [updated] => 2019-12-03T22:35:16.905823+00:00
                )

            [corporate_matching_record] => 
            [created] => 2020-01-01T08:57:46.093971+00:00
            [custom_note_1] => I have a special request or comment = 
            [custom_note_2] => 
            [custom_note_3] => 
            [custom_note_4] => 
            [custom_note_5] => 
            [description] => Cash Donation: $25.00
            [designation] => Array
                (
                    [code] => DEFAULT
                    [fund_id] => DEFAULT
                    [id] => d4c15680-8d55-4d98-b538-1aa1e1e57ef2
                    [title] => Where needed most
                )

            [designation_note] => 
            [donor_id] => c412a8b4-ef66-41a9-9580-1032f0a3cbb5
            [donor_paid_fee] => 
            [email_opt_in] => 
            [embed] => 
            [expiration_month] => 6
            [expiration_year] => 2024
            [external_tracking_id] => 62109116321
            [final_date] => 
            [frequency] => Monthly
            [gift] => 
            [gift_extra] => 
            [hide_name] => 
            [id] => 083fd474-36a9-4219-9df8-cbe0ef82c43d
            [last_four_digits] => 3598
            [net_proceeds] => 25
            [organization_id] => bdf8150d-a701-4079-a797-69c5c4ff6535
            [payment_gateway_id] => 017412cb-396c-4cd3-b281-07dee953506d
            [payment_gateway_name] => Spreedly: AuthorizeNet
            [payment_transaction_id] => 91d9a46b-798f-4e64-8d27-0c2dc4529138
            [recurring_count] => 1
            [reference_code] =>  STNETREC
            [sale_price] => 
            [schedule_id] => b3727adf-7a45-405d-946d-e6bb0b5dc1d4
            [sms_keyword] => 
            [status] => complete
            [subtype] => credit
            [transaction_set_id] => 083fd474-36a9-4219-9df8-cbe0ef82c43d
            [tribute] => 
            [type] => cash
            [utm] => Array
                (
                    [campaign] => 
                    [content] => 
                    [medium] => 
                    [source] => 
                    [term] => 
                )

            [vendor_id] => 
        )

    [type] => transaction.completed
)
