Array
(
    [created] => 2020-01-01T09:58:40.546598+00:00
    [id] => 49982e46-2c7d-11ea-85df-92a9d723b37b
    [payload] => Array
        (
            [additional_info] => 
            [address] => Array
                (
                    [city] => Chowchilla
                    [country] => 
                    [country_code] => 
                    [country_name] => 
                    [state] => California
                    [street] => 9330 Hillsborough Way
                    [street2] => 
                    [title] => 
                    [zip] => 93610-8021
                )

            [advocacy_program_id] => 
            [advocacy_program_name] => 
            [advocacy_team_id] => 
            [advocacy_team_name] => 
            [advocate] => 
            [advocate_id] => 
            [advocate_name] => 
            [campaign_id] => 
            [campaign_title] => 
            [card_type] => 
            [check_number] => 
            [client_proceeds] => 20
            [contact] => Array
                (
                    [address] => Array
                        (
                            [city] => Chowchilla
                            [country] => 
                            [country_code] => 
                            [country_name] => 
                            [state] => California
                            [street] => 9330 Hillsborough Way
                            [street2] => 
                            [title] => 
                            [zip] => 93610-8021
                        )

                    [created] => 2018-10-01T17:40:35.269074+00:00
                    [email] => elidiodiaz@yahoo.com
                    [firstname] => Elidio
                    [lastname] => DIAZ
                    [middlename] => 
                    [phone] => 559-706-6995
                    [timezone] => 
                    [title] => 
                    [updated] => 2018-11-14T08:02:43.344440+00:00
                )

            [corporate_matching_record] => 
            [created] => 2020-01-01T09:58:40.366004+00:00
            [custom_note_1] => 
            [custom_note_2] => 
            [custom_note_3] => 
            [custom_note_4] => 
            [custom_note_5] => 
            [description] => Cash Donation: $20.00
            [designation] => Array
                (
                    [code] => DEFAULT
                    [fund_id] => DEFAULT
                    [id] => d4c15680-8d55-4d98-b538-1aa1e1e57ef2
                    [title] => Where needed most
                )

            [designation_note] => 
            [donor_id] => c1843710-e2bd-4c08-927d-89cfad38c6fe
            [donor_paid_fee] => 
            [email_opt_in] => 
            [embed] => 
            [expiration_month] => 
            [expiration_year] => 
            [external_tracking_id] => 62109228871
            [final_date] => 
            [frequency] => Monthly
            [gift] => 
            [gift_extra] => 
            [hide_name] => 
            [id] => 66d83aa1-9bf5-4151-8085-261b1643e909
            [last_four_digits] => 
            [net_proceeds] => 20
            [organization_id] => bdf8150d-a701-4079-a797-69c5c4ff6535
            [payment_gateway_id] => 017412cb-396c-4cd3-b281-07dee953506d
            [payment_gateway_name] => Spreedly: AuthorizeNet
            [payment_transaction_id] => da96ac01-74f9-47b5-b150-b4c056b12947
            [recurring_count] => 15
            [reference_code] => 
            [sale_price] => 
            [schedule_id] => 1b7ac706-865a-418e-9179-90bd0735bd19
            [sms_keyword] => 
            [status] => complete
            [subtype] => credit
            [transaction_set_id] => 66d83aa1-9bf5-4151-8085-261b1643e909
            [tribute] => 
            [type] => cash
            [utm] => Array
                (
                    [campaign] => 
                    [content] => 
                    [medium] => 
                    [source] => 
                    [term] => 
                )

            [vendor_id] => 
        )

    [type] => transaction.completed
)
