Array
(
    [created] => 2020-01-01T09:45:37.849101+00:00
    [id] => 77120556-2c7b-11ea-baba-f2e467587223
    [payload] => Array
        (
            [additional_info] => 
            [address] => Array
                (
                    [city] => Sachse
                    [country] => US
                    [country_code] => US
                    [country_name] => United States
                    [state] => TX
                    [street] => 6301 Timbercrest Trl
                    [street2] => 
                    [title] => 
                    [zip] => 75048
                )

            [advocacy_program_id] => 
            [advocacy_program_name] => 
            [advocacy_team_id] => 
            [advocacy_team_name] => 
            [advocate] => 
            [advocate_id] => 
            [advocate_name] => 
            [campaign_id] => 
            [campaign_title] => 
            [card_type] => visa
            [check_number] => 
            [client_proceeds] => 40
            [contact] => Array
                (
                    [address] => Array
                        (
                            [city] => Sachse
                            [country] => US
                            [country_code] => US
                            [country_name] => United States
                            [state] => TX
                            [street] => 6301 Timbercrest Trl
                            [street2] => 
                            [title] => 
                            [zip] => 75048
                        )

                    [created] => 2018-12-07T22:40:48.423566+00:00
                    [email] => beth.garon@icloud.com
                    [firstname] => Peter and Beth
                    [lastname] => Garon
                    [middlename] => 
                    [phone] => 
                    [timezone] => America/Los_Angeles
                    [title] => 
                    [updated] => 2019-09-03T22:24:56.881573+00:00
                )

            [corporate_matching_record] => 
            [created] => 2020-01-01T09:45:37.608016+00:00
            [custom_note_1] => I have a special request or comment = 
            [custom_note_2] => 
            [custom_note_3] => 
            [custom_note_4] => 
            [custom_note_5] => 
            [description] => Cash Donation: $40.00
            [designation] => Array
                (
                    [code] => DEFAULT
                    [fund_id] => DEFAULT
                    [id] => d4c15680-8d55-4d98-b538-1aa1e1e57ef2
                    [title] => Where needed most
                )

            [designation_note] => 
            [donor_id] => 3ffab8ee-c05c-42a8-9354-08a44c5e671c
            [donor_paid_fee] => 
            [email_opt_in] => 
            [embed] => 
            [expiration_month] => 1
            [expiration_year] => 2024
            [external_tracking_id] => 62109200043
            [final_date] => 
            [frequency] => Monthly
            [gift] => 
            [gift_extra] => 
            [hide_name] => 
            [id] => 8917f8d7-35a5-4550-bb0f-2c33d60ce8e8
            [last_four_digits] => 4138
            [net_proceeds] => 40
            [organization_id] => bdf8150d-a701-4079-a797-69c5c4ff6535
            [payment_gateway_id] => 017412cb-396c-4cd3-b281-07dee953506d
            [payment_gateway_name] => Spreedly: AuthorizeNet
            [payment_transaction_id] => 6424c723-fad8-456a-96c4-8e84e7778bb4
            [recurring_count] => 5
            [reference_code] =>  STNETREC
            [sale_price] => 
            [schedule_id] => 983d44fb-1863-457f-bdb7-e60b0911db02
            [sms_keyword] => 
            [status] => complete
            [subtype] => credit
            [transaction_set_id] => 8917f8d7-35a5-4550-bb0f-2c33d60ce8e8
            [tribute] => 
            [type] => cash
            [utm] => Array
                (
                    [campaign] => 
                    [content] => 
                    [medium] => 
                    [source] => 
                    [term] => 
                )

            [vendor_id] => 
        )

    [type] => transaction.completed
)
