Array
(
    [created] => 2020-01-01T19:45:41.452236+00:00
    [id] => 4ae3e022-2ccf-11ea-ac5e-42b3da8e65bd
    [payload] => Array
        (
            [additional_info] => 
            [address] => Array
                (
                    [city] => Coeur d'Alene
                    [country] => US
                    [country_code] => US
                    [country_name] => United States
                    [state] => ID
                    [street] => 1508 E Stiner Ave
                    [street2] => 
                    [title] => Donation Address
                    [zip] => 83815
                )

            [advocacy_program_id] => 
            [advocacy_program_name] => 
            [advocacy_team_id] => 
            [advocacy_team_name] => 
            [advocate] => 
            [advocate_id] => 
            [advocate_name] => 
            [campaign_id] => 
            [campaign_title] => 
            [card_type] => 
            [check_number] => 
            [client_proceeds] => 75
            [contact] => Array
                (
                    [address] => Array
                        (
                            [city] => Coeur d'Alene
                            [country] => US
                            [country_code] => US
                            [country_name] => United States
                            [state] => ID
                            [street] => 1508 E Stiner Ave
                            [street2] => 
                            [title] => 
                            [zip] => 83815
                        )

                    [created] => 2018-10-02T19:46:08.475586+00:00
                    [email] => esronningen@yahoo.com
                    [firstname] => Edwin
                    [lastname] => Ronningen
                    [middlename] => 
                    [phone] => +12082155352
                    [timezone] => America/Los_Angeles
                    [title] => 
                    [updated] => 2019-12-03T22:11:07.217182+00:00
                )

            [corporate_matching_record] => 
            [created] => 2020-01-01T19:45:40.877500+00:00
            [custom_note_1] => 
            [custom_note_2] => 
            [custom_note_3] => 
            [custom_note_4] => 
            [custom_note_5] => 
            [description] => Cash Multi-Donation [1/2]: $75.00
            [designation] => Array
                (
                    [code] => memosk
                    [fund_id] => memosk
                    [id] => 0cbf0582-0366-428f-9949-f51103974555
                    [title] => Moskowitz, Melissa
                )

            [designation_note] => 
            [donor_id] => acd2076b-acad-4503-b9e2-db50fcb12c7d
            [donor_paid_fee] => 
            [email_opt_in] => 
            [embed] => 
            [expiration_month] => 
            [expiration_year] => 
            [external_tracking_id] => 62110366571
            [final_date] => 
            [frequency] => 
            [gift] => 
            [gift_extra] => 
            [hide_name] => 
            [id] => fcad8737-018f-418f-9725-24317afc145c
            [last_four_digits] => 
            [net_proceeds] => 0
            [organization_id] => bdf8150d-a701-4079-a797-69c5c4ff6535
            [payment_gateway_id] => 
            [payment_gateway_name] => 
            [payment_transaction_id] => 
            [recurring_count] => 
            [reference_code] => 
            [sale_price] => 
            [schedule_id] => 
            [sms_keyword] => 
            [status] => complete
            [subtype] => credit
            [transaction_set_id] => 8ffaae03-717a-49c5-bfd9-5370b9e8f022
            [tribute] => 
            [type] => cash
            [utm] => Array
                (
                    [campaign] => 
                    [content] => 
                    [medium] => 
                    [source] => 
                    [term] => 
                )

            [vendor_id] => 
        )

    [type] => transaction.completed
)
