Array
(
    [created] => 2020-01-01T09:28:17.352841+00:00
    [id] => 0ae2e410-2c79-11ea-baba-f2e467587223
    [payload] => Array
        (
            [additional_info] => 
            [address] => Array
                (
                    [city] => Pittsburgh
                    [country] => US
                    [country_code] => US
                    [country_name] => United States
                    [state] => PA
                    [street] => 11 Highland Dr
                    [street2] => 
                    [title] => 
                    [zip] => 15202
                )

            [advocacy_program_id] => 
            [advocacy_program_name] => 
            [advocacy_team_id] => 
            [advocacy_team_name] => 
            [advocate] => 
            [advocate_id] => 
            [advocate_name] => 
            [campaign_id] => 
            [campaign_title] => 
            [card_type] => visa
            [check_number] => 
            [client_proceeds] => 35
            [contact] => Array
                (
                    [address] => Array
                        (
                            [city] => Pittsburgh
                            [country] => US
                            [country_code] => US
                            [country_name] => United States
                            [state] => PA
                            [street] => 11 Highland Dr
                            [street2] => 
                            [title] => 
                            [zip] => 15202
                        )

                    [created] => 2019-04-12T20:51:20.997082+00:00
                    [email] => bemyvision@msn.com
                    [firstname] => Jim and Sandi
                    [lastname] => Young
                    [middlename] => 
                    [phone] => 
                    [timezone] => 
                    [title] => 
                    [updated] => 2019-04-12T20:51:21.276870+00:00
                )

            [corporate_matching_record] => 
            [created] => 2020-01-01T09:28:17.109724+00:00
            [custom_note_1] => I have a special request or comment = 
            [custom_note_2] => 
            [custom_note_3] => 
            [custom_note_4] => 
            [custom_note_5] => 
            [description] => Cash Donation: $35.00
            [designation] => Array
                (
                    [code] => DEFAULT
                    [fund_id] => DEFAULT
                    [id] => d4c15680-8d55-4d98-b538-1aa1e1e57ef2
                    [title] => Where needed most
                )

            [designation_note] => 
            [donor_id] => b794ef85-0485-4b52-a40c-3f5efdf97c9e
            [donor_paid_fee] => 
            [email_opt_in] => 
            [embed] => 
            [expiration_month] => 3
            [expiration_year] => 2022
            [external_tracking_id] => 62109161664
            [final_date] => 
            [frequency] => Monthly
            [gift] => 
            [gift_extra] => 
            [hide_name] => 
            [id] => c62176e0-5191-4b72-bd30-7d17c9544592
            [last_four_digits] => 3357
            [net_proceeds] => 35
            [organization_id] => bdf8150d-a701-4079-a797-69c5c4ff6535
            [payment_gateway_id] => 017412cb-396c-4cd3-b281-07dee953506d
            [payment_gateway_name] => Spreedly: AuthorizeNet
            [payment_transaction_id] => f41a0fe8-00f3-42a6-98c9-19438a7b9c07
            [recurring_count] => 9
            [reference_code] =>  STNETREC
            [sale_price] => 
            [schedule_id] => 433565e4-0ecb-432d-8f7a-1a8d0cd91162
            [sms_keyword] => 
            [status] => complete
            [subtype] => credit
            [transaction_set_id] => c62176e0-5191-4b72-bd30-7d17c9544592
            [tribute] => 
            [type] => cash
            [utm] => Array
                (
                    [campaign] => 
                    [content] => 
                    [medium] => 
                    [source] => 
                    [term] => 
                )

            [vendor_id] => 
        )

    [type] => transaction.completed
)
