Array
(
    [created] => 2020-01-01T09:59:01.282253+00:00
    [id] => 55f43022-2c7d-11ea-85df-92a9d723b37b
    [payload] => Array
        (
            [additional_info] => 
            [address] => Array
                (
                    [city] => Gardnerville
                    [country] => US
                    [country_code] => US
                    [country_name] => United States
                    [state] => Nevada
                    [street] => 2959 Devenpeck Dr
                    [street2] => 
                    [title] => 
                    [zip] => 89410
                )

            [advocacy_program_id] => 
            [advocacy_program_name] => 
            [advocacy_team_id] => 
            [advocacy_team_name] => 
            [advocate] => 
            [advocate_id] => 
            [advocate_name] => 
            [campaign_id] => 
            [campaign_title] => 
            [card_type] => visa
            [check_number] => 
            [client_proceeds] => 55
            [contact] => Array
                (
                    [address] => Array
                        (
                            [city] => Gardnerville
                            [country] => US
                            [country_code] => US
                            [country_name] => United States
                            [state] => Nevada
                            [street] => 2959 Devenpeck Dr
                            [street2] => 
                            [title] => 
                            [zip] => 89410
                        )

                    [created] => 2019-11-07T22:58:33.944659+00:00
                    [email] => fosters900@gmail.com
                    [firstname] => Michael
                    [lastname] => Foster
                    [middlename] => 
                    [phone] => 7752664264
                    [timezone] => America/Los_Angeles
                    [title] => 
                    [updated] => 2019-11-07T22:58:35.844933+00:00
                )

            [corporate_matching_record] => 
            [created] => 2020-01-01T09:59:00.951036+00:00
            [custom_note_1] => I have a special request or comment = We had started out donating $65 quarterly, but now we would like to change our donation to $55 monthly.  After today, please bill our credit card on the 1st of the month beginning in December.  God bless you and your ministry.
            [custom_note_2] => 
            [custom_note_3] => 
            [custom_note_4] => 
            [custom_note_5] => 
            [description] => Cash Donation: $55.00
            [designation] => Array
                (
                    [code] => DEFAULT
                    [fund_id] => DEFAULT
                    [id] => d4c15680-8d55-4d98-b538-1aa1e1e57ef2
                    [title] => Where needed most
                )

            [designation_note] => 
            [donor_id] => b521716d-a7cc-4430-a47d-44f459fdc046
            [donor_paid_fee] => 
            [email_opt_in] => 
            [embed] => 
            [expiration_month] => 1
            [expiration_year] => 2021
            [external_tracking_id] => 62109229674
            [final_date] => 
            [frequency] => Monthly
            [gift] => 
            [gift_extra] => 
            [hide_name] => 
            [id] => 94651ba2-e527-426c-9904-0c4fbcef1f9a
            [last_four_digits] => 6004
            [net_proceeds] => 55
            [organization_id] => bdf8150d-a701-4079-a797-69c5c4ff6535
            [payment_gateway_id] => 017412cb-396c-4cd3-b281-07dee953506d
            [payment_gateway_name] => Spreedly: AuthorizeNet
            [payment_transaction_id] => 3da05202-de2e-49c2-9b76-77a579de0cf4
            [recurring_count] => 3
            [reference_code] => 
            [sale_price] => 
            [schedule_id] => 0e8444fb-9ee3-4488-8253-6684028da131
            [sms_keyword] => 
            [status] => complete
            [subtype] => credit
            [transaction_set_id] => 94651ba2-e527-426c-9904-0c4fbcef1f9a
            [tribute] => 
            [type] => cash
            [utm] => Array
                (
                    [campaign] => 
                    [content] => 
                    [medium] => 
                    [source] => 
                    [term] => 
                )

            [vendor_id] => 
        )

    [type] => transaction.completed
)
