Array
(
    [created] => 2020-01-01T09:17:45.159608+00:00
    [id] => 9211dc2c-2c77-11ea-baba-f2e467587223
    [payload] => Array
        (
            [additional_info] => 
            [address] => Array
                (
                    [city] => Cleveland
                    [country] => US
                    [country_code] => US
                    [country_name] => United States
                    [state] => OH
                    [street] => 3754 W 140th St
                    [street2] => 
                    [title] => 
                    [zip] => 44111
                )

            [advocacy_program_id] => 
            [advocacy_program_name] => 
            [advocacy_team_id] => 
            [advocacy_team_name] => 
            [advocate] => 
            [advocate_id] => 
            [advocate_name] => 
            [campaign_id] => 
            [campaign_title] => 
            [card_type] => visa
            [check_number] => 
            [client_proceeds] => 8
            [contact] => Array
                (
                    [address] => Array
                        (
                            [city] => Cleveland
                            [country] => US
                            [country_code] => US
                            [country_name] => United States
                            [state] => OH
                            [street] => 3754 W 140th St
                            [street2] => 
                            [title] => 
                            [zip] => 44111
                        )

                    [created] => 2018-10-01T17:40:35.269074+00:00
                    [email] => miki2mich@aol.com
                    [firstname] => Miki
                    [lastname] => Michaelsen
                    [middlename] => 
                    [phone] => 
                    [timezone] => 
                    [title] => 
                    [updated] => 2019-05-06T17:12:01.849373+00:00
                )

            [corporate_matching_record] => 
            [created] => 2020-01-01T09:17:44.932032+00:00
            [custom_note_1] => I have a special request or comment = 
            [custom_note_2] => 
            [custom_note_3] => 
            [custom_note_4] => 
            [custom_note_5] => 
            [description] => Cash Donation: $8.00
            [designation] => Array
                (
                    [code] => DEFAULT
                    [fund_id] => DEFAULT
                    [id] => d4c15680-8d55-4d98-b538-1aa1e1e57ef2
                    [title] => Where needed most
                )

            [designation_note] => 
            [donor_id] => c0d76eb8-9953-4ff5-a703-52cd94093d9a
            [donor_paid_fee] => 
            [email_opt_in] => 
            [embed] => 
            [expiration_month] => 5
            [expiration_year] => 2023
            [external_tracking_id] => 62109146516
            [final_date] => 
            [frequency] => Monthly
            [gift] => 
            [gift_extra] => 
            [hide_name] => 
            [id] => b58fd758-8994-4afe-a619-c52ff2716ebd
            [last_four_digits] => 1225
            [net_proceeds] => 8
            [organization_id] => bdf8150d-a701-4079-a797-69c5c4ff6535
            [payment_gateway_id] => 017412cb-396c-4cd3-b281-07dee953506d
            [payment_gateway_name] => Spreedly: AuthorizeNet
            [payment_transaction_id] => cee66f98-b919-4f1f-8565-9494afa3b154
            [recurring_count] => 8
            [reference_code] =>  STNETREC
            [sale_price] => 
            [schedule_id] => a2ed0727-2535-4ed4-aef6-af61bbe1d764
            [sms_keyword] => 
            [status] => complete
            [subtype] => credit
            [transaction_set_id] => b58fd758-8994-4afe-a619-c52ff2716ebd
            [tribute] => 
            [type] => cash
            [utm] => Array
                (
                    [campaign] => 
                    [content] => 
                    [medium] => 
                    [source] => 
                    [term] => 
                )

            [vendor_id] => 
        )

    [type] => transaction.completed
)
