Array
(
    [created] => 2020-01-01T09:24:25.653219+00:00
    [id] => 80c855bc-2c78-11ea-baba-f2e467587223
    [payload] => Array
        (
            [additional_info] => 
            [address] => Array
                (
                    [city] => Vacaville
                    [country] => 
                    [country_code] => 
                    [country_name] => 
                    [state] => California
                    [street] => 148 Oak Brook Ct
                    [street2] => 
                    [title] => 
                    [zip] => 95687
                )

            [advocacy_program_id] => 
            [advocacy_program_name] => 
            [advocacy_team_id] => 
            [advocacy_team_name] => 
            [advocate] => 
            [advocate_id] => 
            [advocate_name] => 
            [campaign_id] => 
            [campaign_title] => 
            [card_type] => visa
            [check_number] => 
            [client_proceeds] => 50
            [contact] => Array
                (
                    [address] => Array
                        (
                            [city] => Vacaville
                            [country] => 
                            [country_code] => 
                            [country_name] => 
                            [state] => California
                            [street] => 148 Oak Brook Ct
                            [street2] => 
                            [title] => 
                            [zip] => 95687
                        )

                    [created] => 2018-10-01T17:40:35.269074+00:00
                    [email] => gpoi123@comcast.net
                    [firstname] => Greg
                    [lastname] => Poirier
                    [middlename] => 
                    [phone] => 707-452-8825
                    [timezone] => 
                    [title] => 
                    [updated] => 2018-10-01T17:40:35.269074+00:00
                )

            [corporate_matching_record] => 
            [created] => 2020-01-01T09:24:25.471264+00:00
            [custom_note_1] => 
            [custom_note_2] => 
            [custom_note_3] => 
            [custom_note_4] => 
            [custom_note_5] => 
            [description] => Cash Donation: $50.00
            [designation] => Array
                (
                    [code] => 
                    [fund_id] => 
                    [id] => 
                    [title] => 
                )

            [designation_note] => 
            [donor_id] => 8f67d72a-770b-48e9-ac72-3b1f336170de
            [donor_paid_fee] => 
            [email_opt_in] => 
            [embed] => 
            [expiration_month] => 3
            [expiration_year] => 2020
            [external_tracking_id] => 62109155903
            [final_date] => 
            [frequency] => Monthly
            [gift] => 
            [gift_extra] => 
            [hide_name] => 
            [id] => eb7144f6-ffcb-45c5-9528-d5a8e97be41d
            [last_four_digits] => 8261
            [net_proceeds] => 50
            [organization_id] => bdf8150d-a701-4079-a797-69c5c4ff6535
            [payment_gateway_id] => 017412cb-396c-4cd3-b281-07dee953506d
            [payment_gateway_name] => Spreedly: AuthorizeNet
            [payment_transaction_id] => cc373a66-ac33-49cc-86c1-7bdcc870a72c
            [recurring_count] => 15
            [reference_code] => 
            [sale_price] => 
            [schedule_id] => d3688b37-a70c-49f0-911b-1d0281fd8cb6
            [sms_keyword] => 
            [status] => complete
            [subtype] => credit
            [transaction_set_id] => eb7144f6-ffcb-45c5-9528-d5a8e97be41d
            [tribute] => 
            [type] => cash
            [utm] => Array
                (
                    [campaign] => 
                    [content] => 
                    [medium] => 
                    [source] => 
                    [term] => 
                )

            [vendor_id] => 
        )

    [type] => transaction.completed
)
