Array
(
    [created] => 2020-01-01T09:13:18.080948+00:00
    [id] => f2e0e260-2c76-11ea-baba-f2e467587223
    [payload] => Array
        (
            [additional_info] => 
            [address] => Array
                (
                    [city] => Collinsville
                    [country] => 
                    [country_code] => 
                    [country_name] => 
                    [state] => Oklahoma
                    [street] => 7108 E 147th St N
                    [street2] => 
                    [title] => 
                    [zip] => 74021-4061
                )

            [advocacy_program_id] => 
            [advocacy_program_name] => 
            [advocacy_team_id] => 
            [advocacy_team_name] => 
            [advocate] => 
            [advocate_id] => 
            [advocate_name] => 
            [campaign_id] => 
            [campaign_title] => 
            [card_type] => 
            [check_number] => 
            [client_proceeds] => 20
            [contact] => Array
                (
                    [address] => Array
                        (
                            [city] => Collinsville
                            [country] => 
                            [country_code] => 
                            [country_name] => 
                            [state] => Oklahoma
                            [street] => 7108 E 147th St N
                            [street2] => 
                            [title] => 
                            [zip] => 74021-4061
                        )

                    [created] => 2018-10-01T17:40:35.269074+00:00
                    [email] => gordon@eastwoodtulsa.org
                    [firstname] => Gordon
                    [lastname] => Small
                    [middlename] => 
                    [phone] => (918) 836-8686
                    [timezone] => 
                    [title] => 
                    [updated] => 2018-11-14T04:36:34.094278+00:00
                )

            [corporate_matching_record] => 
            [created] => 2020-01-01T09:13:17.890239+00:00
            [custom_note_1] => 
            [custom_note_2] => 
            [custom_note_3] => 
            [custom_note_4] => 
            [custom_note_5] => 
            [description] => Cash Donation: $20.00
            [designation] => Array
                (
                    [code] => DEFAULT
                    [fund_id] => DEFAULT
                    [id] => d4c15680-8d55-4d98-b538-1aa1e1e57ef2
                    [title] => Where needed most
                )

            [designation_note] => 
            [donor_id] => 27916216-b48d-4055-b3ba-ef3a9a503dfa
            [donor_paid_fee] => 
            [email_opt_in] => 
            [embed] => 
            [expiration_month] => 
            [expiration_year] => 
            [external_tracking_id] => 62109139881
            [final_date] => 
            [frequency] => Monthly
            [gift] => 
            [gift_extra] => 
            [hide_name] => 
            [id] => 24611909-cb41-446a-806a-ebd862e4ce82
            [last_four_digits] => 
            [net_proceeds] => 20
            [organization_id] => bdf8150d-a701-4079-a797-69c5c4ff6535
            [payment_gateway_id] => 017412cb-396c-4cd3-b281-07dee953506d
            [payment_gateway_name] => Spreedly: AuthorizeNet
            [payment_transaction_id] => 5a1da63e-2c18-4161-8485-fa94893a76d4
            [recurring_count] => 16
            [reference_code] => 
            [sale_price] => 
            [schedule_id] => 29223033-622a-47cd-963e-805cb94be07b
            [sms_keyword] => 
            [status] => complete
            [subtype] => credit
            [transaction_set_id] => 24611909-cb41-446a-806a-ebd862e4ce82
            [tribute] => 
            [type] => cash
            [utm] => Array
                (
                    [campaign] => 
                    [content] => 
                    [medium] => 
                    [source] => 
                    [term] => 
                )

            [vendor_id] => 
        )

    [type] => transaction.completed
)
