Array
(
    [created] => 2020-01-01T09:50:59.581800+00:00
    [id] => 36d688e4-2c7c-11ea-85df-92a9d723b37b
    [payload] => Array
        (
            [additional_info] => 
            [address] => Array
                (
                    [city] => Bend
                    [country] => US
                    [country_code] => US
                    [country_name] => United States
                    [state] => OR
                    [street] => PO Box 6784
                    [street2] => 
                    [title] => 
                    [zip] => 97708
                )

            [advocacy_program_id] => 
            [advocacy_program_name] => 
            [advocacy_team_id] => 
            [advocacy_team_name] => 
            [advocate] => 
            [advocate_id] => 
            [advocate_name] => 
            [campaign_id] => 
            [campaign_title] => 
            [card_type] => 
            [check_number] => 
            [client_proceeds] => 25
            [contact] => Array
                (
                    [address] => Array
                        (
                            [city] => Bend
                            [country] => US
                            [country_code] => US
                            [country_name] => United States
                            [state] => OR
                            [street] => PO Box 6784
                            [street2] => 
                            [title] => 
                            [zip] => 97708
                        )

                    [created] => 2019-09-12T23:39:16.010541+00:00
                    [email] => donor-aaa2abe1-c8cf-4d89-9886-2405739c0604@idonate.com
                    [firstname] => Nancy
                    [lastname] => Miller
                    [middlename] => 
                    [phone] => 
                    [timezone] => 
                    [title] => 
                    [updated] => 2019-09-12T23:39:16.010541+00:00
                )

            [corporate_matching_record] => 
            [created] => 2020-01-01T09:50:59.320018+00:00
            [custom_note_1] => I have a special request or comment = 
            [custom_note_2] => 
            [custom_note_3] => 
            [custom_note_4] => 
            [custom_note_5] => 
            [description] => Cash Donation: $25.00
            [designation] => Array
                (
                    [code] => DEFAULT
                    [fund_id] => DEFAULT
                    [id] => d4c15680-8d55-4d98-b538-1aa1e1e57ef2
                    [title] => Where needed most
                )

            [designation_note] => 
            [donor_id] => aaa2abe1-c8cf-4d89-9886-2405739c0604
            [donor_paid_fee] => 
            [email_opt_in] => 
            [embed] => 
            [expiration_month] => 
            [expiration_year] => 
            [external_tracking_id] => 62109212729
            [final_date] => 
            [frequency] => Monthly
            [gift] => 
            [gift_extra] => 
            [hide_name] => 
            [id] => f41989a1-6e4f-4488-a612-94814f7303c3
            [last_four_digits] => 
            [net_proceeds] => 25
            [organization_id] => bdf8150d-a701-4079-a797-69c5c4ff6535
            [payment_gateway_id] => 017412cb-396c-4cd3-b281-07dee953506d
            [payment_gateway_name] => Spreedly: AuthorizeNet
            [payment_transaction_id] => 9c8732b2-35be-4c03-befc-a9d37f3be44b
            [recurring_count] => 5
            [reference_code] =>  STNETREC
            [sale_price] => 
            [schedule_id] => cce82856-d7c8-4b2b-a6c0-d32ae676d331
            [sms_keyword] => 
            [status] => complete
            [subtype] => echeck
            [transaction_set_id] => f41989a1-6e4f-4488-a612-94814f7303c3
            [tribute] => 
            [type] => cash
            [utm] => Array
                (
                    [campaign] => 
                    [content] => 
                    [medium] => 
                    [source] => 
                    [term] => 
                )

            [vendor_id] => 
        )

    [type] => transaction.completed
)
