Array
(
    [created] => 2020-01-01T08:54:55.556775+00:00
    [id] => 61b90d6e-2c74-11ea-baba-f2e467587223
    [payload] => Array
        (
            [additional_info] => 
            [address] => Array
                (
                    [city] => Wellington
                    [country] => US
                    [country_code] => US
                    [country_name] => United States
                    [state] => MO
                    [street] => 5510 Blue Valley Dr
                    [street2] => 
                    [title] => 
                    [zip] => 64097
                )

            [advocacy_program_id] => 
            [advocacy_program_name] => 
            [advocacy_team_id] => 
            [advocacy_team_name] => 
            [advocate] => 
            [advocate_id] => 
            [advocate_name] => 
            [campaign_id] => 
            [campaign_title] => 
            [card_type] => visa
            [check_number] => 
            [client_proceeds] => 43
            [contact] => Array
                (
                    [address] => Array
                        (
                            [city] => Wellington
                            [country] => US
                            [country_code] => US
                            [country_name] => United States
                            [state] => MO
                            [street] => 5510 Blue Valley Dr
                            [street2] => 
                            [title] => 
                            [zip] => 64097
                        )

                    [created] => 2019-05-13T21:54:41.033930+00:00
                    [email] => smrcaw@hotmail.com
                    [firstname] => Conrad 
                    [lastname] => Ware
                    [middlename] => 
                    [phone] => 
                    [timezone] => 
                    [title] => 
                    [updated] => 2019-12-17T19:01:54.699350+00:00
                )

            [corporate_matching_record] => 
            [created] => 2020-01-01T08:54:55.310514+00:00
            [custom_note_1] => I have a special request or comment = 
            [custom_note_2] => 
            [custom_note_3] => 
            [custom_note_4] => 
            [custom_note_5] => 
            [description] => Cash Donation: $43.00
            [designation] => Array
                (
                    [code] => DEFAULT
                    [fund_id] => DEFAULT
                    [id] => d4c15680-8d55-4d98-b538-1aa1e1e57ef2
                    [title] => Where needed most
                )

            [designation_note] => 
            [donor_id] => e852d333-9a12-470a-9c12-f6f84107c772
            [donor_paid_fee] => 
            [email_opt_in] => 
            [embed] => 
            [expiration_month] => 5
            [expiration_year] => 2022
            [external_tracking_id] => 62109113444
            [final_date] => 
            [frequency] => Monthly
            [gift] => 
            [gift_extra] => 
            [hide_name] => 
            [id] => 20010113-00e2-4432-b643-8e2bfe10b1a0
            [last_four_digits] => 1213
            [net_proceeds] => 43
            [organization_id] => bdf8150d-a701-4079-a797-69c5c4ff6535
            [payment_gateway_id] => 017412cb-396c-4cd3-b281-07dee953506d
            [payment_gateway_name] => Spreedly: AuthorizeNet
            [payment_transaction_id] => 01f540ab-5bfe-4d6a-a482-ec7a56f6fc62
            [recurring_count] => 1
            [reference_code] =>  STNETREC
            [sale_price] => 
            [schedule_id] => 8682cd27-c0a4-4407-b029-a15b47df903a
            [sms_keyword] => 
            [status] => complete
            [subtype] => credit
            [transaction_set_id] => 20010113-00e2-4432-b643-8e2bfe10b1a0
            [tribute] => 
            [type] => cash
            [utm] => Array
                (
                    [campaign] => 
                    [content] => 
                    [medium] => 
                    [source] => 
                    [term] => 
                )

            [vendor_id] => 
        )

    [type] => transaction.completed
)
