Array
(
    [created] => 2020-01-01T09:20:48.066312+00:00
    [id] => ff17354c-2c77-11ea-baba-f2e467587223
    [payload] => Array
        (
            [additional_info] => 
            [address] => Array
                (
                    [city] => Summersville
                    [country] => US
                    [country_code] => US
                    [country_name] => United States
                    [state] => WV
                    [street] => 230 Ridgemont Dr
                    [street2] => 
                    [title] => 
                    [zip] => 26651
                )

            [advocacy_program_id] => 
            [advocacy_program_name] => 
            [advocacy_team_id] => 
            [advocacy_team_name] => 
            [advocate] => 
            [advocate_id] => 
            [advocate_name] => 
            [campaign_id] => 
            [campaign_title] => 
            [card_type] => visa
            [check_number] => 
            [client_proceeds] => 50
            [contact] => Array
                (
                    [address] => Array
                        (
                            [city] => Summersville
                            [country] => US
                            [country_code] => US
                            [country_name] => United States
                            [state] => WV
                            [street] => 230 Ridgemont Dr
                            [street2] => 
                            [title] => 
                            [zip] => 26651
                        )

                    [created] => 2018-10-01T17:40:35.269074+00:00
                    [email] => weezman42@yahoo.com
                    [firstname] => Russell
                    [lastname] => Lewis
                    [middlename] => 
                    [phone] => 
                    [timezone] => 
                    [title] => 
                    [updated] => 2019-02-02T02:19:50.161044+00:00
                )

            [corporate_matching_record] => 
            [created] => 2020-01-01T09:20:47.852782+00:00
            [custom_note_1] => 
            [custom_note_2] => 
            [custom_note_3] => 
            [custom_note_4] => 
            [custom_note_5] => 
            [description] => Cash Donation: $50.00
            [designation] => Array
                (
                    [code] => DEFAULT
                    [fund_id] => DEFAULT
                    [id] => d4c15680-8d55-4d98-b538-1aa1e1e57ef2
                    [title] => Where needed most
                )

            [designation_note] => 
            [donor_id] => c672cee8-0042-47b0-b3db-112519bb787b
            [donor_paid_fee] => 
            [email_opt_in] => 1
            [embed] => 
            [expiration_month] => 1
            [expiration_year] => 2020
            [external_tracking_id] => 62109150869
            [final_date] => 
            [frequency] => Monthly
            [gift] => 
            [gift_extra] => 
            [hide_name] => 
            [id] => d4a55173-d376-4ba8-b45c-e1c386a2b1fb
            [last_four_digits] => 0241
            [net_proceeds] => 50
            [organization_id] => bdf8150d-a701-4079-a797-69c5c4ff6535
            [payment_gateway_id] => 017412cb-396c-4cd3-b281-07dee953506d
            [payment_gateway_name] => Spreedly: AuthorizeNet
            [payment_transaction_id] => 1ecf1928-b93c-459c-84ca-011d144e63a3
            [recurring_count] => 12
            [reference_code] => websitedonatenewtab
            [sale_price] => 
            [schedule_id] => 6fda607f-f93d-4da3-bd33-b1dc0f54ded5
            [sms_keyword] => 
            [status] => complete
            [subtype] => credit
            [transaction_set_id] => d4a55173-d376-4ba8-b45c-e1c386a2b1fb
            [tribute] => 
            [type] => cash
            [utm] => Array
                (
                    [campaign] => websitedonatenewtab
                    [content] => 
                    [medium] => website
                    [source] => jewsforjesus
                    [term] => 
                )

            [vendor_id] => 
        )

    [type] => transaction.completed
)
