Array
(
    [created] => 2020-01-01T19:47:41.043252+00:00
    [id] => 922c04f0-2ccf-11ea-83e4-3e8f3fe545cc
    [payload] => Array
        (
            [additional_info] => 
            [address] => Array
                (
                    [city] => Rochester
                    [country] => US
                    [country_code] => US
                    [country_name] => United States
                    [state] => MN
                    [street] => 1425 Echo Ridge Road SW
                    [street2] => 
                    [title] => Donation Address
                    [zip] => 55902
                )

            [advocacy_program_id] => 
            [advocacy_program_name] => 
            [advocacy_team_id] => 
            [advocacy_team_name] => 
            [advocate] => 
            [advocate_id] => 
            [advocate_name] => 
            [campaign_id] => 
            [campaign_title] => 
            [card_type] => master
            [check_number] => 
            [client_proceeds] => 15
            [contact] => Array
                (
                    [address] => Array
                        (
                            [city] => Rochester
                            [country] => US
                            [country_code] => US
                            [country_name] => United States
                            [state] => MN
                            [street] => 1425 Echo Ridge Road SW
                            [street2] => 
                            [title] => 
                            [zip] => 55902
                        )

                    [created] => 2020-01-01T19:47:38.955861+00:00
                    [email] => nvodell@gmail.com
                    [firstname] => Naomi
                    [lastname] => Odell Lundstrom
                    [middlename] => 
                    [phone] => 5073583341
                    [timezone] => America/Chicago
                    [title] => 
                    [updated] => 2020-01-01T19:47:40.685497+00:00
                )

            [corporate_matching_record] => 
            [created] => 2020-01-01T19:47:40.701317+00:00
            [custom_note_1] => 
            [custom_note_2] => 
            [custom_note_3] => 
            [custom_note_4] => 
            [custom_note_5] => 
            [description] => Cash Donation: $15.00
            [designation] => Array
                (
                    [code] => DEFAULT
                    [fund_id] => DEFAULT
                    [id] => d4c15680-8d55-4d98-b538-1aa1e1e57ef2
                    [title] => Where needed most
                )

            [designation_note] => 
            [donor_id] => b4ca75c1-d4ea-43e1-89d7-38d2f2c74c27
            [donor_paid_fee] => 
            [email_opt_in] => 
            [embed] => Array
                (
                    [id] => 9f092f15-ba22-4fdf-90c7-996c4b97f9d4
                    [name] => 1905 New Main DF v2
                )

            [expiration_month] => 9
            [expiration_year] => 2024
            [external_tracking_id] => 62110368857
            [final_date] => 2020-01-01T00:00:00+00:00
            [frequency] => Monthly
            [gift] => 
            [gift_extra] => 
            [hide_name] => 
            [id] => 9f64194a-50c2-4f89-9935-0704a51a3df6
            [last_four_digits] => 5048
            [net_proceeds] => 15
            [organization_id] => bdf8150d-a701-4079-a797-69c5c4ff6535
            [payment_gateway_id] => 017412cb-396c-4cd3-b281-07dee953506d
            [payment_gateway_name] => Spreedly: AuthorizeNet
            [payment_transaction_id] => d7a49f61-056e-4c29-b94a-c0a3b3020ab3
            [recurring_count] => 1
            [reference_code] => 
            [sale_price] => 
            [schedule_id] => ef915442-0234-446d-aa77-aedaa859b963
            [sms_keyword] => 
            [status] => complete
            [subtype] => credit
            [transaction_set_id] => 9f64194a-50c2-4f89-9935-0704a51a3df6
            [tribute] => 
            [type] => cash
            [utm] => Array
                (
                    [campaign] => 
                    [content] => 
                    [medium] => 
                    [source] => 
                    [term] => 
                )

            [vendor_id] => 
        )

    [type] => transaction.completed
)
