Array
(
    [created] => 2020-01-01T09:45:39.051690+00:00
    [id] => 77c985aa-2c7b-11ea-baba-f2e467587223
    [payload] => Array
        (
            [additional_info] => 
            [address] => Array
                (
                    [city] => Hollywood
                    [country] => US
                    [country_code] => US
                    [country_name] => United States
                    [state] => FL
                    [street] => 2219 N 35th Ave
                    [street2] => 
                    [title] => 
                    [zip] => 33021
                )

            [advocacy_program_id] => 
            [advocacy_program_name] => 
            [advocacy_team_id] => 
            [advocacy_team_name] => 
            [advocate] => 
            [advocate_id] => 
            [advocate_name] => 
            [campaign_id] => 
            [campaign_title] => 
            [card_type] => visa
            [check_number] => 
            [client_proceeds] => 100
            [contact] => Array
                (
                    [address] => Array
                        (
                            [city] => Hollywood
                            [country] => US
                            [country_code] => US
                            [country_name] => United States
                            [state] => FL
                            [street] => 2219 N 35th Ave
                            [street2] => 
                            [title] => 
                            [zip] => 33021
                        )

                    [created] => 2019-09-03T23:28:36.177251+00:00
                    [email] => rcortes07@bellsouth.net
                    [firstname] => Robert
                    [lastname] => Cortes
                    [middlename] => 
                    [phone] => (305) 951-4843
                    [timezone] => America/Los_Angeles
                    [title] => 
                    [updated] => 2019-09-03T23:28:40.031694+00:00
                )

            [corporate_matching_record] => 
            [created] => 2020-01-01T09:45:38.823302+00:00
            [custom_note_1] => I have a special request or comment = 
            [custom_note_2] => 
            [custom_note_3] => 
            [custom_note_4] => 
            [custom_note_5] => 
            [description] => Cash Donation: $100.00
            [designation] => Array
                (
                    [code] => DEFAULT
                    [fund_id] => DEFAULT
                    [id] => d4c15680-8d55-4d98-b538-1aa1e1e57ef2
                    [title] => Where needed most
                )

            [designation_note] => 
            [donor_id] => 3f2672cf-a5a8-4a19-ae29-7cb34ecb18fd
            [donor_paid_fee] => 
            [email_opt_in] => 
            [embed] => 
            [expiration_month] => 7
            [expiration_year] => 2022
            [external_tracking_id] => 62109200129
            [final_date] => 
            [frequency] => Monthly
            [gift] => 
            [gift_extra] => 
            [hide_name] => 
            [id] => 3cdf9fd0-26ee-4883-87ac-86e351f63f8d
            [last_four_digits] => 7831
            [net_proceeds] => 100
            [organization_id] => bdf8150d-a701-4079-a797-69c5c4ff6535
            [payment_gateway_id] => 017412cb-396c-4cd3-b281-07dee953506d
            [payment_gateway_name] => Spreedly: AuthorizeNet
            [payment_transaction_id] => f0fe42e0-b0a0-4037-b99f-c96e03d815df
            [recurring_count] => 5
            [reference_code] =>  STNETREC
            [sale_price] => 
            [schedule_id] => 3f51733e-aa81-4bbe-9fe8-d2d6437a4e07
            [sms_keyword] => 
            [status] => complete
            [subtype] => credit
            [transaction_set_id] => 3cdf9fd0-26ee-4883-87ac-86e351f63f8d
            [tribute] => 
            [type] => cash
            [utm] => Array
                (
                    [campaign] => 
                    [content] => 
                    [medium] => 
                    [source] => 
                    [term] => 
                )

            [vendor_id] => 
        )

    [type] => transaction.completed
)
