Array
(
    [created] => 2020-01-01T08:52:05.085336+00:00
    [id] => fc1d2cce-2c73-11ea-baba-f2e467587223
    [payload] => Array
        (
            [additional_info] => 
            [address] => Array
                (
                    [city] => Coburg
                    [country] => US
                    [country_code] => US
                    [country_name] => United States
                    [state] => OR
                    [street] => PO Box 8397
                    [street2] => 
                    [title] => 
                    [zip] => 97408
                )

            [advocacy_program_id] => 
            [advocacy_program_name] => 
            [advocacy_team_id] => 
            [advocacy_team_name] => 
            [advocate] => 
            [advocate_id] => 
            [advocate_name] => 
            [campaign_id] => 
            [campaign_title] => 
            [card_type] => visa
            [check_number] => 
            [client_proceeds] => 35
            [contact] => Array
                (
                    [address] => Array
                        (
                            [city] => Coburg
                            [country] => US
                            [country_code] => US
                            [country_name] => United States
                            [state] => OR
                            [street] => PO Box 8397
                            [street2] => 
                            [title] => 
                            [zip] => 97408
                        )

                    [created] => 2019-12-29T21:13:50.995912+00:00
                    [email] => donor-827cf0a6-479f-4c85-bb60-f967a8419de5@idonate.com
                    [firstname] => George and Janie
                    [lastname] => Kalpakoff
                    [middlename] => 
                    [phone] => 
                    [timezone] => 
                    [title] => 
                    [updated] => 2019-12-29T21:13:50.995912+00:00
                )

            [corporate_matching_record] => 
            [created] => 2020-01-01T08:52:04.793236+00:00
            [custom_note_1] => 
            [custom_note_2] => 
            [custom_note_3] => 
            [custom_note_4] => 
            [custom_note_5] => 
            [description] => Cash Donation: $35.00
            [designation] => Array
                (
                    [code] => DEFAULT
                    [fund_id] => DEFAULT
                    [id] => d4c15680-8d55-4d98-b538-1aa1e1e57ef2
                    [title] => Where needed most
                )

            [designation_note] => 
            [donor_id] => 827cf0a6-479f-4c85-bb60-f967a8419de5
            [donor_paid_fee] => 
            [email_opt_in] => 
            [embed] => 
            [expiration_month] => 7
            [expiration_year] => 2022
            [external_tracking_id] => 62109110465
            [final_date] => 
            [frequency] => Monthly
            [gift] => 
            [gift_extra] => 
            [hide_name] => 
            [id] => 4055dfd6-8531-48ff-9a2c-e2f55f9e1d96
            [last_four_digits] => 8347
            [net_proceeds] => 35
            [organization_id] => bdf8150d-a701-4079-a797-69c5c4ff6535
            [payment_gateway_id] => 017412cb-396c-4cd3-b281-07dee953506d
            [payment_gateway_name] => Spreedly: AuthorizeNet
            [payment_transaction_id] => 5593cf94-8533-42c2-a6f0-a46767898f8e
            [recurring_count] => 1
            [reference_code] =>  STNETREC
            [sale_price] => 
            [schedule_id] => 741438d7-3c3a-43d5-b3bd-15a0b2d2cd01
            [sms_keyword] => 
            [status] => complete
            [subtype] => credit
            [transaction_set_id] => 4055dfd6-8531-48ff-9a2c-e2f55f9e1d96
            [tribute] => 
            [type] => cash
            [utm] => Array
                (
                    [campaign] => 
                    [content] => 
                    [medium] => 
                    [source] => 
                    [term] => 
                )

            [vendor_id] => 
        )

    [type] => transaction.completed
)
