Array
(
    [created] => 2020-01-01T09:00:53.820171+00:00
    [id] => 3743b4c0-2c75-11ea-baba-f2e467587223
    [payload] => Array
        (
            [additional_info] => 
            [address] => Array
                (
                    [city] => Hot Springs National Park
                    [country] => US
                    [country_code] => US
                    [country_name] => United States
                    [state] => AR
                    [street] => 209 Century Cir
                    [street2] => 
                    [title] => 
                    [zip] => 71913
                )

            [advocacy_program_id] => 
            [advocacy_program_name] => 
            [advocacy_team_id] => 
            [advocacy_team_name] => 
            [advocate] => 
            [advocate_id] => 
            [advocate_name] => 
            [campaign_id] => 
            [campaign_title] => 
            [card_type] => 
            [check_number] => 
            [client_proceeds] => 100
            [contact] => Array
                (
                    [address] => Array
                        (
                            [city] => Hot Springs National Park
                            [country] => US
                            [country_code] => US
                            [country_name] => United States
                            [state] => AR
                            [street] => 209 Century Cir
                            [street2] => 
                            [title] => 
                            [zip] => 71913
                        )

                    [created] => 2019-10-10T23:30:34.398441+00:00
                    [email] => donor-9e4a6dc8-2cf4-49c2-9f26-4bf8745f468f@idonate.com
                    [firstname] => Ruth
                    [lastname] => Hoog
                    [middlename] => 
                    [phone] => 
                    [timezone] => 
                    [title] => 
                    [updated] => 2019-10-10T23:30:34.398441+00:00
                )

            [corporate_matching_record] => 
            [created] => 2020-01-01T09:00:53.283762+00:00
            [custom_note_1] => I have a special request or comment = 
            [custom_note_2] => 
            [custom_note_3] => 
            [custom_note_4] => 
            [custom_note_5] => 
            [description] => Cash Donation: $100.00
            [designation] => Array
                (
                    [code] => DEFAULT
                    [fund_id] => DEFAULT
                    [id] => d4c15680-8d55-4d98-b538-1aa1e1e57ef2
                    [title] => Where needed most
                )

            [designation_note] => 
            [donor_id] => 9e4a6dc8-2cf4-49c2-9f26-4bf8745f468f
            [donor_paid_fee] => 
            [email_opt_in] => 
            [embed] => 
            [expiration_month] => 
            [expiration_year] => 
            [external_tracking_id] => 62109120143
            [final_date] => 
            [frequency] => Monthly
            [gift] => 
            [gift_extra] => 
            [hide_name] => 
            [id] => 31f86a2a-d8f6-4981-a7c6-cb69ac26d2ce
            [last_four_digits] => 
            [net_proceeds] => 100
            [organization_id] => bdf8150d-a701-4079-a797-69c5c4ff6535
            [payment_gateway_id] => 017412cb-396c-4cd3-b281-07dee953506d
            [payment_gateway_name] => Spreedly: AuthorizeNet
            [payment_transaction_id] => b1100480-537a-4668-b81c-acdaf8ac46a4
            [recurring_count] => 3
            [reference_code] =>  STNETREC
            [sale_price] => 
            [schedule_id] => 498f4885-2690-4067-8fcb-ebc4c57a2a34
            [sms_keyword] => 
            [status] => complete
            [subtype] => echeck
            [transaction_set_id] => 31f86a2a-d8f6-4981-a7c6-cb69ac26d2ce
            [tribute] => 
            [type] => cash
            [utm] => Array
                (
                    [campaign] => 
                    [content] => 
                    [medium] => 
                    [source] => 
                    [term] => 
                )

            [vendor_id] => 
        )

    [type] => transaction.completed
)
