Array
(
    [created] => 2020-01-01T09:37:42.422115+00:00
    [id] => 5bb19ec6-2c7a-11ea-baba-f2e467587223
    [payload] => Array
        (
            [additional_info] => 
            [address] => Array
                (
                    [city] => Escondido
                    [country] => US
                    [country_code] => US
                    [country_name] => United States
                    [state] => CA
                    [street] => 3012 Bear Valley Pkwy S
                    [street2] => #245
                    [title] => 
                    [zip] => 92025
                )

            [advocacy_program_id] => 
            [advocacy_program_name] => 
            [advocacy_team_id] => 
            [advocacy_team_name] => 
            [advocate] => 
            [advocate_id] => 
            [advocate_name] => 
            [campaign_id] => 
            [campaign_title] => 
            [card_type] => visa
            [check_number] => 
            [client_proceeds] => 100
            [contact] => Array
                (
                    [address] => Array
                        (
                            [city] => Escondido
                            [country] => US
                            [country_code] => US
                            [country_name] => United States
                            [state] => CA
                            [street] => 3012 Bear Valley Pkwy S
                            [street2] => #245
                            [title] => 
                            [zip] => 92025
                        )

                    [created] => 2018-10-01T17:40:35.269074+00:00
                    [email] => mmgust20@yahoo.com
                    [firstname] => Mary
                    [lastname] => Gustafson
                    [middlename] => 
                    [phone] => 
                    [timezone] => America/Los_Angeles
                    [title] => 
                    [updated] => 2019-01-25T23:03:31.900435+00:00
                )

            [corporate_matching_record] => 
            [created] => 2020-01-01T09:37:42.135213+00:00
            [custom_note_1] => I have a special request or comment = 
            [custom_note_2] => 
            [custom_note_3] => 
            [custom_note_4] => 
            [custom_note_5] => 
            [description] => Cash Donation: $100.00
            [designation] => Array
                (
                    [code] => DEFAULT
                    [fund_id] => DEFAULT
                    [id] => d4c15680-8d55-4d98-b538-1aa1e1e57ef2
                    [title] => Where needed most
                )

            [designation_note] => 
            [donor_id] => 13d53715-c27d-4c6f-8d9e-017fddb4493e
            [donor_paid_fee] => 
            [email_opt_in] => 
            [embed] => 
            [expiration_month] => 11
            [expiration_year] => 2021
            [external_tracking_id] => 62109180358
            [final_date] => 
            [frequency] => Monthly
            [gift] => 
            [gift_extra] => 
            [hide_name] => 
            [id] => 11e53fbf-3dc5-4100-b9f6-8534fdfe942b
            [last_four_digits] => 2584
            [net_proceeds] => 100
            [organization_id] => bdf8150d-a701-4079-a797-69c5c4ff6535
            [payment_gateway_id] => 017412cb-396c-4cd3-b281-07dee953506d
            [payment_gateway_name] => Spreedly: AuthorizeNet
            [payment_transaction_id] => e9b9e2b3-0011-4fb1-b893-c84754745c9c
            [recurring_count] => 13
            [reference_code] =>  STNETREC
            [sale_price] => 
            [schedule_id] => f8803db5-8d4f-4824-8026-7fda7c75cbe5
            [sms_keyword] => 
            [status] => complete
            [subtype] => credit
            [transaction_set_id] => 11e53fbf-3dc5-4100-b9f6-8534fdfe942b
            [tribute] => 
            [type] => cash
            [utm] => Array
                (
                    [campaign] => 
                    [content] => 
                    [medium] => 
                    [source] => 
                    [term] => 
                )

            [vendor_id] => 
        )

    [type] => transaction.completed
)
