Array
(
    [created] => 2020-01-01T09:47:18.891516+00:00
    [id] => b34bdec0-2c7b-11ea-baba-f2e467587223
    [payload] => Array
        (
            [additional_info] => 
            [address] => Array
                (
                    [city] => Mount Carroll
                    [country] => US
                    [country_code] => US
                    [country_name] => United States
                    [state] => IL
                    [street] => 222 E Lincoln St
                    [street2] => 
                    [title] => 
                    [zip] => 61053
                )

            [advocacy_program_id] => 
            [advocacy_program_name] => 
            [advocacy_team_id] => 
            [advocacy_team_name] => 
            [advocate] => 
            [advocate_id] => 
            [advocate_name] => 
            [campaign_id] => 
            [campaign_title] => 
            [card_type] => 
            [check_number] => 
            [client_proceeds] => 25
            [contact] => Array
                (
                    [address] => Array
                        (
                            [city] => Mount Carroll
                            [country] => US
                            [country_code] => US
                            [country_name] => United States
                            [state] => IL
                            [street] => 222 E Lincoln St
                            [street2] => 
                            [title] => 
                            [zip] => 61053
                        )

                    [created] => 2018-10-04T23:18:12.986061+00:00
                    [email] => donor-743619e1-f529-456a-a207-ea01e0436ed4@idonate.com
                    [firstname] => Ev
                    [lastname] => True
                    [middlename] => 
                    [phone] => 
                    [timezone] => 
                    [title] => 
                    [updated] => 2018-10-04T23:18:12.986061+00:00
                )

            [corporate_matching_record] => 
            [created] => 2020-01-01T09:47:18.703984+00:00
            [custom_note_1] => I have a special request or comment = 
            [custom_note_2] => 
            [custom_note_3] => 
            [custom_note_4] => 
            [custom_note_5] => 
            [description] => Cash Donation: $25.00
            [designation] => Array
                (
                    [code] => DEFAULT
                    [fund_id] => DEFAULT
                    [id] => d4c15680-8d55-4d98-b538-1aa1e1e57ef2
                    [title] => Where needed most
                )

            [designation_note] => 
            [donor_id] => 743619e1-f529-456a-a207-ea01e0436ed4
            [donor_paid_fee] => 
            [email_opt_in] => 
            [embed] => 
            [expiration_month] => 
            [expiration_year] => 
            [external_tracking_id] => 62109204178
            [final_date] => 
            [frequency] => Monthly
            [gift] => 
            [gift_extra] => 
            [hide_name] => 
            [id] => 979eeb1b-8fca-49a4-8617-3645dc5b52fd
            [last_four_digits] => 
            [net_proceeds] => 25
            [organization_id] => bdf8150d-a701-4079-a797-69c5c4ff6535
            [payment_gateway_id] => 017412cb-396c-4cd3-b281-07dee953506d
            [payment_gateway_name] => Spreedly: AuthorizeNet
            [payment_transaction_id] => e33ad174-42e1-4c96-b5f2-f20cbd57e411
            [recurring_count] => 15
            [reference_code] =>  STNETREC
            [sale_price] => 
            [schedule_id] => bdac911e-1b5d-4ef7-9bb3-fe9140864216
            [sms_keyword] => 
            [status] => complete
            [subtype] => echeck
            [transaction_set_id] => 979eeb1b-8fca-49a4-8617-3645dc5b52fd
            [tribute] => 
            [type] => cash
            [utm] => Array
                (
                    [campaign] => 
                    [content] => 
                    [medium] => 
                    [source] => 
                    [term] => 
                )

            [vendor_id] => 
        )

    [type] => transaction.completed
)
