Array
(
    [created] => 2020-01-01T09:15:40.708079+00:00
    [id] => 47e40f8a-2c77-11ea-baba-f2e467587223
    [payload] => Array
        (
            [additional_info] => 
            [address] => Array
                (
                    [city] => San Pablo
                    [country] => 
                    [country_code] => 
                    [country_name] => 
                    [state] => California
                    [street] => 2335 Cypress Ave
                    [street2] => 
                    [title] => 
                    [zip] => 94806
                )

            [advocacy_program_id] => 
            [advocacy_program_name] => 
            [advocacy_team_id] => 
            [advocacy_team_name] => 
            [advocate] => 
            [advocate_id] => 
            [advocate_name] => 
            [campaign_id] => 
            [campaign_title] => 
            [card_type] => 
            [check_number] => 
            [client_proceeds] => 100
            [contact] => Array
                (
                    [address] => Array
                        (
                            [city] => San Pablo
                            [country] => 
                            [country_code] => 
                            [country_name] => 
                            [state] => California
                            [street] => 2335 Cypress Ave
                            [street2] => 
                            [title] => 
                            [zip] => 94806
                        )

                    [created] => 2018-10-01T17:40:35.269074+00:00
                    [email] => janetesmithptl@gmail.com
                    [firstname] => Joel
                    [lastname] => Smith
                    [middlename] => 
                    [phone] => 
                    [timezone] => 
                    [title] => 
                    [updated] => 2018-10-01T17:40:35.269074+00:00
                )

            [corporate_matching_record] => 
            [created] => 2020-01-01T09:15:40.495322+00:00
            [custom_note_1] => 
            [custom_note_2] => 
            [custom_note_3] => 
            [custom_note_4] => 
            [custom_note_5] => 
            [description] => Cash Donation: $100.00
            [designation] => Array
                (
                    [code] => DEFAULT
                    [fund_id] => DEFAULT
                    [id] => d4c15680-8d55-4d98-b538-1aa1e1e57ef2
                    [title] => Where needed most
                )

            [designation_note] => 
            [donor_id] => 3f208df9-92a0-46b3-abe8-31846404ecc4
            [donor_paid_fee] => 
            [email_opt_in] => 
            [embed] => 
            [expiration_month] => 
            [expiration_year] => 
            [external_tracking_id] => 62109143439
            [final_date] => 
            [frequency] => Monthly
            [gift] => 
            [gift_extra] => 
            [hide_name] => 
            [id] => 8ab527b6-d58a-4200-9354-b34735656a58
            [last_four_digits] => 
            [net_proceeds] => 100
            [organization_id] => bdf8150d-a701-4079-a797-69c5c4ff6535
            [payment_gateway_id] => 017412cb-396c-4cd3-b281-07dee953506d
            [payment_gateway_name] => Spreedly: AuthorizeNet
            [payment_transaction_id] => f33711ce-d328-4d9b-abf2-f942efb40e3a
            [recurring_count] => 16
            [reference_code] => 
            [sale_price] => 
            [schedule_id] => bb4976da-ff78-4f8a-844f-25b6fc68bd2e
            [sms_keyword] => 
            [status] => complete
            [subtype] => credit
            [transaction_set_id] => 8ab527b6-d58a-4200-9354-b34735656a58
            [tribute] => 
            [type] => cash
            [utm] => Array
                (
                    [campaign] => 
                    [content] => 
                    [medium] => 
                    [source] => 
                    [term] => 
                )

            [vendor_id] => 
        )

    [type] => transaction.completed
)
