Array
(
    [created] => 2020-01-01T09:16:31.292324+00:00
    [id] => 660a9ab0-2c77-11ea-baba-f2e467587223
    [payload] => Array
        (
            [additional_info] => 
            [address] => Array
                (
                    [city] => Scottsdale
                    [country] => US
                    [country_code] => US
                    [country_name] => United States
                    [state] => AZ
                    [street] => 11515 N 91st St
                    [street2] => Unit 103
                    [title] => 
                    [zip] => 85260
                )

            [advocacy_program_id] => 
            [advocacy_program_name] => 
            [advocacy_team_id] => 
            [advocacy_team_name] => 
            [advocate] => 
            [advocate_id] => 
            [advocate_name] => 
            [campaign_id] => 
            [campaign_title] => 
            [card_type] => visa
            [check_number] => 
            [client_proceeds] => 25
            [contact] => Array
                (
                    [address] => Array
                        (
                            [city] => Scottsdale
                            [country] => US
                            [country_code] => US
                            [country_name] => United States
                            [state] => AZ
                            [street] => 11515 N 91st St
                            [street2] => Unit 103
                            [title] => 
                            [zip] => 85260
                        )

                    [created] => 2019-02-01T00:21:32.739374+00:00
                    [email] => donor-c5ca7317-f865-4346-9b13-29a444d330e8@idonate.com
                    [firstname] => Janet
                    [lastname] => Nielsen
                    [middlename] => 
                    [phone] => 
                    [timezone] => 
                    [title] => 
                    [updated] => 2019-02-01T00:21:32.739374+00:00
                )

            [corporate_matching_record] => 
            [created] => 2020-01-01T09:16:31.043520+00:00
            [custom_note_1] => I have a special request or comment = 
            [custom_note_2] => 
            [custom_note_3] => 
            [custom_note_4] => 
            [custom_note_5] => 
            [description] => Cash Donation: $25.00
            [designation] => Array
                (
                    [code] => DEFAULT
                    [fund_id] => DEFAULT
                    [id] => d4c15680-8d55-4d98-b538-1aa1e1e57ef2
                    [title] => Where needed most
                )

            [designation_note] => 
            [donor_id] => c5ca7317-f865-4346-9b13-29a444d330e8
            [donor_paid_fee] => 
            [email_opt_in] => 
            [embed] => 
            [expiration_month] => 2
            [expiration_year] => 2021
            [external_tracking_id] => 62109144684
            [final_date] => 
            [frequency] => Monthly
            [gift] => 
            [gift_extra] => 
            [hide_name] => 
            [id] => 7ee6f1ee-0dca-42ac-b428-e9ea112c1266
            [last_four_digits] => 1935
            [net_proceeds] => 25
            [organization_id] => bdf8150d-a701-4079-a797-69c5c4ff6535
            [payment_gateway_id] => 017412cb-396c-4cd3-b281-07dee953506d
            [payment_gateway_name] => Spreedly: AuthorizeNet
            [payment_transaction_id] => e6581ce1-d0bd-4825-829a-e8bb314e5c36
            [recurring_count] => 12
            [reference_code] =>  STNETREC
            [sale_price] => 
            [schedule_id] => b1675eb1-a965-43cc-ab03-51726fd0d4d4
            [sms_keyword] => 
            [status] => complete
            [subtype] => credit
            [transaction_set_id] => 7ee6f1ee-0dca-42ac-b428-e9ea112c1266
            [tribute] => 
            [type] => cash
            [utm] => Array
                (
                    [campaign] => 
                    [content] => 
                    [medium] => 
                    [source] => 
                    [term] => 
                )

            [vendor_id] => 
        )

    [type] => transaction.completed
)
