Array
(
    [created] => 2020-01-01T09:16:19.097992+00:00
    [id] => 5ec5e64c-2c77-11ea-baba-f2e467587223
    [payload] => Array
        (
            [additional_info] => 
            [address] => Array
                (
                    [city] => Irvine
                    [country] => US
                    [country_code] => US
                    [country_name] => United States
                    [state] => CA 
                    [street] => 414 Silk Tree
                    [street2] => 
                    [title] => 
                    [zip] => 92606
                )

            [advocacy_program_id] => 
            [advocacy_program_name] => 
            [advocacy_team_id] => 
            [advocacy_team_name] => 
            [advocate] => 
            [advocate_id] => 
            [advocate_name] => 
            [campaign_id] => 
            [campaign_title] => 
            [card_type] => visa
            [check_number] => 
            [client_proceeds] => 50
            [contact] => Array
                (
                    [address] => Array
                        (
                            [city] => Irvine
                            [country] => US
                            [country_code] => US
                            [country_name] => United States
                            [state] => CA 
                            [street] => 414 Silk Tree
                            [street2] => 
                            [title] => 
                            [zip] => 92606
                        )

                    [created] => 2019-01-29T16:12:10.160772+00:00
                    [email] => laiyichenscorpio@gmail.com
                    [firstname] => Lai
                    [lastname] => Yi Chen
                    [middlename] => 
                    [phone] => +19492015217
                    [timezone] => 
                    [title] => 
                    [updated] => 2019-01-29T16:21:06.846392+00:00
                )

            [corporate_matching_record] => 
            [created] => 2020-01-01T09:16:18.831554+00:00
            [custom_note_1] => 
            [custom_note_2] => 
            [custom_note_3] => 
            [custom_note_4] => 
            [custom_note_5] => 
            [description] => Cash Donation: $50.00
            [designation] => Array
                (
                    [code] => DEFAULT
                    [fund_id] => DEFAULT
                    [id] => d4c15680-8d55-4d98-b538-1aa1e1e57ef2
                    [title] => Where needed most
                )

            [designation_note] => 
            [donor_id] => c0e7e289-6b32-431d-bcbc-908f95dc5a66
            [donor_paid_fee] => 
            [email_opt_in] => 1
            [embed] => 
            [expiration_month] => 4
            [expiration_year] => 2022
            [external_tracking_id] => 62109144336
            [final_date] => 
            [frequency] => Monthly
            [gift] => 
            [gift_extra] => 
            [hide_name] => 
            [id] => 013da9b2-94aa-492c-883c-b0d1fca23ced
            [last_four_digits] => 3626
            [net_proceeds] => 50
            [organization_id] => bdf8150d-a701-4079-a797-69c5c4ff6535
            [payment_gateway_id] => 017412cb-396c-4cd3-b281-07dee953506d
            [payment_gateway_name] => Spreedly: AuthorizeNet
            [payment_transaction_id] => 92accbe3-f814-46ee-b5cc-4b1e003160a6
            [recurring_count] => 12
            [reference_code] => websitedonatenewtab
            [sale_price] => 
            [schedule_id] => 59b4565c-0189-4d8d-91fd-86e82068fe07
            [sms_keyword] => 
            [status] => complete
            [subtype] => credit
            [transaction_set_id] => 013da9b2-94aa-492c-883c-b0d1fca23ced
            [tribute] => 
            [type] => cash
            [utm] => Array
                (
                    [campaign] => websitedonatenewtab
                    [content] => 
                    [medium] => website
                    [source] => jewsforjesus
                    [term] => 
                )

            [vendor_id] => 
        )

    [type] => transaction.completed
)
