Array
(
    [created] => 2020-01-01T09:16:12.876025+00:00
    [id] => 5b108098-2c77-11ea-baba-f2e467587223
    [payload] => Array
        (
            [additional_info] => 
            [address] => Array
                (
                    [city] => Shafter
                    [country] => US
                    [country_code] => US
                    [country_name] => United States
                    [state] => CA
                    [street] => 17849 Leonard Ave
                    [street2] => 
                    [title] => 
                    [zip] => 93263
                )

            [advocacy_program_id] => 
            [advocacy_program_name] => 
            [advocacy_team_id] => 
            [advocacy_team_name] => 
            [advocate] => 
            [advocate_id] => 
            [advocate_name] => 
            [campaign_id] => 
            [campaign_title] => 
            [card_type] => visa
            [check_number] => 
            [client_proceeds] => 50
            [contact] => Array
                (
                    [address] => Array
                        (
                            [city] => Shafter
                            [country] => US
                            [country_code] => US
                            [country_name] => United States
                            [state] => CA
                            [street] => 17849 Leonard Ave
                            [street2] => 
                            [title] => 
                            [zip] => 93263
                        )

                    [created] => 2018-10-01T17:40:35.269074+00:00
                    [email] => khbushnell@gmail.com
                    [firstname] => Heather
                    [lastname] => Bushnell
                    [middlename] => 
                    [phone] => +16618895128
                    [timezone] => 
                    [title] => 
                    [updated] => 2019-01-31T19:00:55.566425+00:00
                )

            [corporate_matching_record] => 
            [created] => 2020-01-01T09:16:12.629984+00:00
            [custom_note_1] => 
            [custom_note_2] => 
            [custom_note_3] => 
            [custom_note_4] => 
            [custom_note_5] => 
            [description] => Cash Donation: $50.00
            [designation] => Array
                (
                    [code] => zastaf
                    [fund_id] => zastaf
                    [id] => 88d8b8fb-c873-4dc5-8bd7-c7e76d8bfbc1
                    [title] => Zach Stafford
                )

            [designation_note] => 
            [donor_id] => eda58411-e02b-4bb1-9dc6-690d150ad0fb
            [donor_paid_fee] => 
            [email_opt_in] => 1
            [embed] => 
            [expiration_month] => 10
            [expiration_year] => 2023
            [external_tracking_id] => 62109144168
            [final_date] => 
            [frequency] => Monthly
            [gift] => 
            [gift_extra] => 
            [hide_name] => 
            [id] => d30ec0c0-83a7-4111-ab45-9bc21617fc8e
            [last_four_digits] => 2904
            [net_proceeds] => 50
            [organization_id] => bdf8150d-a701-4079-a797-69c5c4ff6535
            [payment_gateway_id] => 017412cb-396c-4cd3-b281-07dee953506d
            [payment_gateway_name] => Spreedly: AuthorizeNet
            [payment_transaction_id] => f5f6b5ca-abaa-4fdc-8d03-f71ef158441d
            [recurring_count] => 12
            [reference_code] => STNETDON
            [sale_price] => 
            [schedule_id] => f648c9be-21be-44b9-aea1-376918ecf5fc
            [sms_keyword] => 
            [status] => complete
            [subtype] => credit
            [transaction_set_id] => d30ec0c0-83a7-4111-ab45-9bc21617fc8e
            [tribute] => 
            [type] => cash
            [utm] => Array
                (
                    [campaign] => 
                    [content] => 
                    [medium] => 
                    [source] => 
                    [term] => 
                )

            [vendor_id] => 
        )

    [type] => transaction.completed
)
