Array
(
    [created] => 2020-01-01T17:46:15.229908+00:00
    [id] => 9b7d2126-2cbe-11ea-8f80-3e8f3fe545cc
    [payload] => Array
        (
            [additional_info] => 
            [address] => Array
                (
                    [city] => St. Louis
                    [country] => US
                    [country_code] => US
                    [country_name] => United States
                    [state] => MO
                    [street] => 11401 Lilac Avenue
                    [street2] => 
                    [title] => Donation Address
                    [zip] => 63138-2807
                )

            [advocacy_program_id] => 
            [advocacy_program_name] => 
            [advocacy_team_id] => 
            [advocacy_team_name] => 
            [advocate] => 
            [advocate_id] => 
            [advocate_name] => 
            [campaign_id] => 
            [campaign_title] => 
            [card_type] => master
            [check_number] => 
            [client_proceeds] => 100
            [contact] => Array
                (
                    [address] => Array
                        (
                            [city] => St Louis
                            [country] => US
                            [country_code] => US
                            [country_name] => United States
                            [state] => MO
                            [street] => 11401 Lilac Avenue
                            [street2] => 
                            [title] => 
                            [zip] => 63138
                        )

                    [created] => 2018-10-01T13:43:42.661040+00:00
                    [email] => unsm2@icloud.com
                    [firstname] => Stephen
                    [lastname] => Maynard
                    [middlename] => 
                    [phone] => +13145783622
                    [timezone] => America/Chicago
                    [title] => 
                    [updated] => 2019-06-01T13:06:55.983782+00:00
                )

            [corporate_matching_record] => 
            [created] => 2020-01-01T17:46:14.962211+00:00
            [custom_note_1] => 
            [custom_note_2] => 
            [custom_note_3] => 
            [custom_note_4] => 
            [custom_note_5] => 
            [description] => Cash Donation: $100.00
            [designation] => Array
                (
                    [code] => DEFAULT
                    [fund_id] => DEFAULT
                    [id] => d4c15680-8d55-4d98-b538-1aa1e1e57ef2
                    [title] => Where needed most
                )

            [designation_note] => 
            [donor_id] => 4a1df8fb-5ac4-40d7-b643-e6162856bbd3
            [donor_paid_fee] => 
            [email_opt_in] => 
            [embed] => Array
                (
                    [id] => 9f092f15-ba22-4fdf-90c7-996c4b97f9d4
                    [name] => 1905 New Main DF v2
                )

            [expiration_month] => 10
            [expiration_year] => 2023
            [external_tracking_id] => 62110184474
            [final_date] => 2020-01-01T00:00:00+00:00
            [frequency] => Once
            [gift] => 
            [gift_extra] => 
            [hide_name] => 
            [id] => 5c57c9a4-d5d1-46e0-91d5-b5b0f2abf144
            [last_four_digits] => 5905
            [net_proceeds] => 100
            [organization_id] => bdf8150d-a701-4079-a797-69c5c4ff6535
            [payment_gateway_id] => 017412cb-396c-4cd3-b281-07dee953506d
            [payment_gateway_name] => Spreedly: AuthorizeNet
            [payment_transaction_id] => 32a3b362-d8e4-4a22-9feb-51328666a41b
            [recurring_count] => 
            [reference_code] => 
            [sale_price] => 
            [schedule_id] => 
            [sms_keyword] => 
            [status] => complete
            [subtype] => credit
            [transaction_set_id] => 5c57c9a4-d5d1-46e0-91d5-b5b0f2abf144
            [tribute] => 
            [type] => cash
            [utm] => Array
                (
                    [campaign] => 
                    [content] => 
                    [medium] => 
                    [source] => 
                    [term] => 
                )

            [vendor_id] => 
        )

    [type] => transaction.completed
)
