Array
(
    [created] => 2020-01-01T09:52:27.437105+00:00
    [id] => 6b3430be-2c7c-11ea-85df-92a9d723b37b
    [payload] => Array
        (
            [additional_info] => 
            [address] => Array
                (
                    [city] => Yucca Valley
                    [country] => US
                    [country_code] => US
                    [country_name] => United States
                    [state] => CA
                    [street] => 58271 Anaconda Dr
                    [street2] => 
                    [title] => 
                    [zip] => 92284
                )

            [advocacy_program_id] => 
            [advocacy_program_name] => 
            [advocacy_team_id] => 
            [advocacy_team_name] => 
            [advocate] => 
            [advocate_id] => 
            [advocate_name] => 
            [campaign_id] => 
            [campaign_title] => 
            [card_type] => master
            [check_number] => 
            [client_proceeds] => 50
            [contact] => Array
                (
                    [address] => Array
                        (
                            [city] => Yucca Valley
                            [country] => US
                            [country_code] => US
                            [country_name] => United States
                            [state] => CA
                            [street] => 58271 Anaconda Dr
                            [street2] => 
                            [title] => 
                            [zip] => 92284
                        )

                    [created] => 2019-02-25T23:53:36.838872+00:00
                    [email] => donor-545591f4-d840-493f-b991-7fc54350e9c4@idonate.com
                    [firstname] => Ann
                    [lastname] => Sloan
                    [middlename] => 
                    [phone] => 
                    [timezone] => 
                    [title] => 
                    [updated] => 2019-02-25T23:53:36.838872+00:00
                )

            [corporate_matching_record] => 
            [created] => 2020-01-01T09:52:27.089068+00:00
            [custom_note_1] => I have a special request or comment = 
            [custom_note_2] => 
            [custom_note_3] => 
            [custom_note_4] => 
            [custom_note_5] => 
            [description] => Cash Donation: $50.00
            [designation] => Array
                (
                    [code] => DEFAULT
                    [fund_id] => DEFAULT
                    [id] => d4c15680-8d55-4d98-b538-1aa1e1e57ef2
                    [title] => Where needed most
                )

            [designation_note] => 
            [donor_id] => 545591f4-d840-493f-b991-7fc54350e9c4
            [donor_paid_fee] => 
            [email_opt_in] => 
            [embed] => 
            [expiration_month] => 7
            [expiration_year] => 2020
            [external_tracking_id] => 62109215798
            [final_date] => 
            [frequency] => Monthly
            [gift] => 
            [gift_extra] => 
            [hide_name] => 
            [id] => 3993665b-368a-4805-9b1a-d327b014608e
            [last_four_digits] => 7859
            [net_proceeds] => 50
            [organization_id] => bdf8150d-a701-4079-a797-69c5c4ff6535
            [payment_gateway_id] => 017412cb-396c-4cd3-b281-07dee953506d
            [payment_gateway_name] => Spreedly: AuthorizeNet
            [payment_transaction_id] => 7ec722f7-a974-4d75-aa30-afed3b5e246b
            [recurring_count] => 12
            [reference_code] =>  STNETREC
            [sale_price] => 
            [schedule_id] => d92b21f2-8bb4-4089-8934-ff8c8ed9df5e
            [sms_keyword] => 
            [status] => complete
            [subtype] => credit
            [transaction_set_id] => 3993665b-368a-4805-9b1a-d327b014608e
            [tribute] => 
            [type] => cash
            [utm] => Array
                (
                    [campaign] => 
                    [content] => 
                    [medium] => 
                    [source] => 
                    [term] => 
                )

            [vendor_id] => 
        )

    [type] => transaction.completed
)
