Array
(
    [created] => 2020-01-01T08:58:54.921873+00:00
    [id] => f0654456-2c74-11ea-baba-f2e467587223
    [payload] => Array
        (
            [additional_info] => 
            [address] => Array
                (
                    [city] => Middletown
                    [country] => US
                    [country_code] => US
                    [country_name] => United States
                    [state] => NY
                    [street] => 15 Senior Way
                    [street2] => Apt 207
                    [title] => 
                    [zip] => 10940
                )

            [advocacy_program_id] => 
            [advocacy_program_name] => 
            [advocacy_team_id] => 
            [advocacy_team_name] => 
            [advocate] => 
            [advocate_id] => 
            [advocate_name] => 
            [campaign_id] => 
            [campaign_title] => 
            [card_type] => visa
            [check_number] => 
            [client_proceeds] => 10
            [contact] => Array
                (
                    [address] => Array
                        (
                            [city] => Middletown
                            [country] => US
                            [country_code] => US
                            [country_name] => United States
                            [state] => NY
                            [street] => 15 Senior Way
                            [street2] => Apt 207
                            [title] => 
                            [zip] => 10940
                        )

                    [created] => 2019-10-17T19:46:00.398184+00:00
                    [email] => valerie110254@yahoo.com
                    [firstname] => Fred and Valerie
                    [lastname] => Cosh
                    [middlename] => 
                    [phone] => 
                    [timezone] => 
                    [title] => 
                    [updated] => 2019-10-17T19:46:00.586272+00:00
                )

            [corporate_matching_record] => 
            [created] => 2020-01-01T08:58:54.685120+00:00
            [custom_note_1] => I have a special request or comment = 
            [custom_note_2] => 
            [custom_note_3] => 
            [custom_note_4] => 
            [custom_note_5] => 
            [description] => Cash Donation: $10.00
            [designation] => Array
                (
                    [code] => DEFAULT
                    [fund_id] => DEFAULT
                    [id] => d4c15680-8d55-4d98-b538-1aa1e1e57ef2
                    [title] => Where needed most
                )

            [designation_note] => 
            [donor_id] => af0b3dd8-6eec-41b5-8660-80e14c8d06b6
            [donor_paid_fee] => 
            [email_opt_in] => 
            [embed] => 
            [expiration_month] => 4
            [expiration_year] => 2021
            [external_tracking_id] => 62109117247
            [final_date] => 
            [frequency] => Monthly
            [gift] => 
            [gift_extra] => 
            [hide_name] => 
            [id] => 98d28d57-b98a-4a0c-a03e-8238bdbdc86d
            [last_four_digits] => 1006
            [net_proceeds] => 10
            [organization_id] => bdf8150d-a701-4079-a797-69c5c4ff6535
            [payment_gateway_id] => 017412cb-396c-4cd3-b281-07dee953506d
            [payment_gateway_name] => Spreedly: AuthorizeNet
            [payment_transaction_id] => 2dc13f2b-bd5e-47e8-8e9f-c6685e47395a
            [recurring_count] => 3
            [reference_code] =>  STNETREC
            [sale_price] => 
            [schedule_id] => 5da76b60-40b5-4822-a07a-0a1856a71b8c
            [sms_keyword] => 
            [status] => complete
            [subtype] => credit
            [transaction_set_id] => 98d28d57-b98a-4a0c-a03e-8238bdbdc86d
            [tribute] => 
            [type] => cash
            [utm] => Array
                (
                    [campaign] => 
                    [content] => 
                    [medium] => 
                    [source] => 
                    [term] => 
                )

            [vendor_id] => 
        )

    [type] => transaction.completed
)
