Array
(
    [created] => 2020-01-01T09:16:34.657071+00:00
    [id] => 680c06aa-2c77-11ea-baba-f2e467587223
    [payload] => Array
        (
            [additional_info] => 
            [address] => Array
                (
                    [city] => Fisherville
                    [country] => US
                    [country_code] => US
                    [country_name] => United States
                    [state] => KY
                    [street] => 771 Nevin Ln
                    [street2] => 
                    [title] => 
                    [zip] => 40023
                )

            [advocacy_program_id] => 
            [advocacy_program_name] => 
            [advocacy_team_id] => 
            [advocacy_team_name] => 
            [advocate] => 
            [advocate_id] => 
            [advocate_name] => 
            [campaign_id] => 
            [campaign_title] => 
            [card_type] => visa
            [check_number] => 
            [client_proceeds] => 10
            [contact] => Array
                (
                    [address] => Array
                        (
                            [city] => Fisherville
                            [country] => US
                            [country_code] => US
                            [country_name] => United States
                            [state] => KY
                            [street] => 771 Nevin Ln
                            [street2] => 
                            [title] => 
                            [zip] => 40023
                        )

                    [created] => 2018-10-01T17:40:35.269074+00:00
                    [email] => charlieandkari@gmail.com
                    [firstname] => Charlie and Kari
                    [lastname] => Strickland
                    [middlename] => 
                    [phone] => 
                    [timezone] => 
                    [title] => 
                    [updated] => 2019-01-04T20:51:57.073069+00:00
                )

            [corporate_matching_record] => 
            [created] => 2020-01-01T09:16:34.394310+00:00
            [custom_note_1] => I have a special request or comment = 
            [custom_note_2] => 
            [custom_note_3] => 
            [custom_note_4] => 
            [custom_note_5] => 
            [description] => Cash Donation: $10.00
            [designation] => Array
                (
                    [code] => DEFAULT
                    [fund_id] => DEFAULT
                    [id] => d4c15680-8d55-4d98-b538-1aa1e1e57ef2
                    [title] => Where needed most
                )

            [designation_note] => 
            [donor_id] => 57b82644-0f8a-41a7-8f71-5a3796a583a3
            [donor_paid_fee] => 
            [email_opt_in] => 
            [embed] => 
            [expiration_month] => 11
            [expiration_year] => 2023
            [external_tracking_id] => 62109144762
            [final_date] => 
            [frequency] => Monthly
            [gift] => 
            [gift_extra] => 
            [hide_name] => 
            [id] => 5acf426a-11ee-41e5-98e9-8912c511680b
            [last_four_digits] => 1724
            [net_proceeds] => 10
            [organization_id] => bdf8150d-a701-4079-a797-69c5c4ff6535
            [payment_gateway_id] => 017412cb-396c-4cd3-b281-07dee953506d
            [payment_gateway_name] => Spreedly: AuthorizeNet
            [payment_transaction_id] => 9adb0da2-1f01-43a7-8c24-7202ebb8e6a5
            [recurring_count] => 12
            [reference_code] =>  STNETREC
            [sale_price] => 
            [schedule_id] => 7b4eb60b-6c35-43b5-b5e9-fd1c6ad9c500
            [sms_keyword] => 
            [status] => complete
            [subtype] => credit
            [transaction_set_id] => 5acf426a-11ee-41e5-98e9-8912c511680b
            [tribute] => 
            [type] => cash
            [utm] => Array
                (
                    [campaign] => 
                    [content] => 
                    [medium] => 
                    [source] => 
                    [term] => 
                )

            [vendor_id] => 
        )

    [type] => transaction.completed
)
