Array
(
    [created] => 2020-01-01T09:16:24.180778+00:00
    [id] => 61cd7878-2c77-11ea-baba-f2e467587223
    [payload] => Array
        (
            [additional_info] => 
            [address] => Array
                (
                    [city] => Napa
                    [country] => US
                    [country_code] => US
                    [country_name] => United States
                    [state] => CA
                    [street] => 3432 Crestview Way
                    [street2] => 
                    [title] => 
                    [zip] => 94558
                )

            [advocacy_program_id] => 
            [advocacy_program_name] => 
            [advocacy_team_id] => 
            [advocacy_team_name] => 
            [advocate] => 
            [advocate_id] => 
            [advocate_name] => 
            [campaign_id] => 
            [campaign_title] => 
            [card_type] => discover
            [check_number] => 
            [client_proceeds] => 25
            [contact] => Array
                (
                    [address] => Array
                        (
                            [city] => Napa
                            [country] => US
                            [country_code] => US
                            [country_name] => United States
                            [state] => CA
                            [street] => 3432 Crestview Way
                            [street2] => 
                            [title] => 
                            [zip] => 94558
                        )

                    [created] => 2019-02-01T00:14:44.417690+00:00
                    [email] => miltonbosch@comcast.net
                    [firstname] => Milton and Elizabeth
                    [lastname] => Bosch
                    [middlename] => 
                    [phone] => 
                    [timezone] => 
                    [title] => 
                    [updated] => 2019-02-01T00:14:44.778746+00:00
                )

            [corporate_matching_record] => 
            [created] => 2020-01-01T09:16:23.870035+00:00
            [custom_note_1] => 
            [custom_note_2] => 
            [custom_note_3] => 
            [custom_note_4] => 
            [custom_note_5] => 
            [description] => Cash Donation: $25.00
            [designation] => Array
                (
                    [code] => DEFAULT
                    [fund_id] => DEFAULT
                    [id] => d4c15680-8d55-4d98-b538-1aa1e1e57ef2
                    [title] => Where needed most
                )

            [designation_note] => 
            [donor_id] => 0bafcca9-30fe-41a2-b359-ff7271180067
            [donor_paid_fee] => 
            [email_opt_in] => 
            [embed] => 
            [expiration_month] => 8
            [expiration_year] => 2022
            [external_tracking_id] => 62109144490
            [final_date] => 
            [frequency] => Monthly
            [gift] => 
            [gift_extra] => 
            [hide_name] => 
            [id] => 1695a5d6-03ee-4204-87d6-6597691de5f4
            [last_four_digits] => 0075
            [net_proceeds] => 25
            [organization_id] => bdf8150d-a701-4079-a797-69c5c4ff6535
            [payment_gateway_id] => 017412cb-396c-4cd3-b281-07dee953506d
            [payment_gateway_name] => Spreedly: AuthorizeNet
            [payment_transaction_id] => 503863c9-86fe-4536-adab-3b365fb53816
            [recurring_count] => 12
            [reference_code] =>  STNETREC
            [sale_price] => 
            [schedule_id] => b9665dd2-5aba-456e-8cf3-0f69783313b0
            [sms_keyword] => 
            [status] => complete
            [subtype] => credit
            [transaction_set_id] => 1695a5d6-03ee-4204-87d6-6597691de5f4
            [tribute] => 
            [type] => cash
            [utm] => Array
                (
                    [campaign] => 
                    [content] => 
                    [medium] => 
                    [source] => 
                    [term] => 
                )

            [vendor_id] => 
        )

    [type] => transaction.completed
)
