Array
(
    [created] => 2020-01-01T09:52:14.783587+00:00
    [id] => 63a96aa8-2c7c-11ea-85df-92a9d723b37b
    [payload] => Array
        (
            [additional_info] => 
            [address] => Array
                (
                    [city] => San Diego
                    [country] => US
                    [country_code] => US
                    [country_name] => United States
                    [state] => CA
                    [street] => 12930 Avenida Marbella
                    [street2] => 
                    [title] => 
                    [zip] => 92128
                )

            [advocacy_program_id] => 
            [advocacy_program_name] => 
            [advocacy_team_id] => 
            [advocacy_team_name] => 
            [advocate] => 
            [advocate_id] => 
            [advocate_name] => 
            [campaign_id] => 
            [campaign_title] => 
            [card_type] => master
            [check_number] => 
            [client_proceeds] => 15
            [contact] => Array
                (
                    [address] => Array
                        (
                            [city] => San Diego
                            [country] => US
                            [country_code] => US
                            [country_name] => United States
                            [state] => CA
                            [street] => 12930 Avenida Marbella
                            [street2] => 
                            [title] => 
                            [zip] => 92128
                        )

                    [created] => 2018-11-14T07:35:16.573766+00:00
                    [email] => dynonsf@sbcglobal.net
                    [firstname] => Keith
                    [lastname] => Myrwold
                    [middlename] => 
                    [phone] => 8582045040
                    [timezone] => America/Los_Angeles
                    [title] => 
                    [updated] => 2019-12-17T22:48:22.928917+00:00
                )

            [corporate_matching_record] => 
            [created] => 2020-01-01T09:52:14.415770+00:00
            [custom_note_1] => I have a special request or comment = I would like to donate on the 1st of each month.
            [custom_note_2] => 
            [custom_note_3] => 
            [custom_note_4] => 
            [custom_note_5] => 
            [description] => Cash Donation: $15.00
            [designation] => Array
                (
                    [code] => DEFAULT
                    [fund_id] => DEFAULT
                    [id] => d4c15680-8d55-4d98-b538-1aa1e1e57ef2
                    [title] => Where needed most
                )

            [designation_note] => 
            [donor_id] => 9aff8f91-c263-47c7-9870-16290488aff3
            [donor_paid_fee] => 
            [email_opt_in] => 1
            [embed] => 
            [expiration_month] => 6
            [expiration_year] => 2020
            [external_tracking_id] => 62109215444
            [final_date] => 
            [frequency] => Monthly
            [gift] => 
            [gift_extra] => 
            [hide_name] => 
            [id] => e7fa6efe-50e9-4a12-a1d0-053848814b51
            [last_four_digits] => 5992
            [net_proceeds] => 15
            [organization_id] => bdf8150d-a701-4079-a797-69c5c4ff6535
            [payment_gateway_id] => 017412cb-396c-4cd3-b281-07dee953506d
            [payment_gateway_name] => Spreedly: AuthorizeNet
            [payment_transaction_id] => 8317036a-9760-413d-b9d3-f7c4be2ec41e
            [recurring_count] => 13
            [reference_code] => STNETDON
            [sale_price] => 
            [schedule_id] => ed940272-3981-47a5-9ee7-5b3da084f0e1
            [sms_keyword] => 
            [status] => complete
            [subtype] => credit
            [transaction_set_id] => e7fa6efe-50e9-4a12-a1d0-053848814b51
            [tribute] => 
            [type] => cash
            [utm] => Array
                (
                    [campaign] => 
                    [content] => 
                    [medium] => 
                    [source] => 
                    [term] => 
                )

            [vendor_id] => 
        )

    [type] => transaction.completed
)
