Array
(
    [created] => 2020-01-01T09:59:38.712234+00:00
    [id] => 6c438d82-2c7d-11ea-85df-92a9d723b37b
    [payload] => Array
        (
            [additional_info] => 
            [address] => Array
                (
                    [city] => Port Ludlow
                    [country] => US
                    [country_code] => US
                    [country_name] => United States
                    [state] => WA
                    [street] => 42 Finch Ln
                    [street2] => 
                    [title] => 
                    [zip] => 98365
                )

            [advocacy_program_id] => 
            [advocacy_program_name] => 
            [advocacy_team_id] => 
            [advocacy_team_name] => 
            [advocate] => 
            [advocate_id] => 
            [advocate_name] => 
            [campaign_id] => 
            [campaign_title] => 
            [card_type] => visa
            [check_number] => 
            [client_proceeds] => 200
            [contact] => Array
                (
                    [address] => Array
                        (
                            [city] => Port Ludlow
                            [country] => US
                            [country_code] => US
                            [country_name] => United States
                            [state] => WA
                            [street] => 42 Finch Ln
                            [street2] => 
                            [title] => 
                            [zip] => 98365
                        )

                    [created] => 2019-11-18T22:17:53.020789+00:00
                    [email] => deke4stripe@aol.com
                    [firstname] => Daryl and Vonna
                    [lastname] => Kerr
                    [middlename] => 
                    [phone] => 
                    [timezone] => 
                    [title] => 
                    [updated] => 2019-11-18T22:17:53.355394+00:00
                )

            [corporate_matching_record] => 
            [created] => 2020-01-01T09:59:38.429474+00:00
            [custom_note_1] => I have a special request or comment = 
            [custom_note_2] => 
            [custom_note_3] => 
            [custom_note_4] => 
            [custom_note_5] => 
            [description] => Cash Donation: $200.00
            [designation] => Array
                (
                    [code] => DEFAULT
                    [fund_id] => DEFAULT
                    [id] => d4c15680-8d55-4d98-b538-1aa1e1e57ef2
                    [title] => Where needed most
                )

            [designation_note] => 
            [donor_id] => 1a1c3916-5a43-4362-920b-16b868892da8
            [donor_paid_fee] => 
            [email_opt_in] => 
            [embed] => 
            [expiration_month] => 2
            [expiration_year] => 2021
            [external_tracking_id] => 62109231059
            [final_date] => 
            [frequency] => Monthly
            [gift] => 
            [gift_extra] => 
            [hide_name] => 
            [id] => e5f0f178-e291-49bd-9ddf-166face1a605
            [last_four_digits] => 2104
            [net_proceeds] => 200
            [organization_id] => bdf8150d-a701-4079-a797-69c5c4ff6535
            [payment_gateway_id] => 017412cb-396c-4cd3-b281-07dee953506d
            [payment_gateway_name] => Spreedly: AuthorizeNet
            [payment_transaction_id] => 8fd17593-f028-4631-9831-67aaeef76465
            [recurring_count] => 2
            [reference_code] =>  STNETREC
            [sale_price] => 
            [schedule_id] => 9e8a96f2-dec4-4a6b-8cb6-e06252391d00
            [sms_keyword] => 
            [status] => complete
            [subtype] => credit
            [transaction_set_id] => e5f0f178-e291-49bd-9ddf-166face1a605
            [tribute] => 
            [type] => cash
            [utm] => Array
                (
                    [campaign] => 
                    [content] => 
                    [medium] => 
                    [source] => 
                    [term] => 
                )

            [vendor_id] => 
        )

    [type] => transaction.completed
)
