Array
(
    [created] => 2020-01-01T09:46:53.061439+00:00
    [id] => a3e6834a-2c7b-11ea-baba-f2e467587223
    [payload] => Array
        (
            [additional_info] => 
            [address] => Array
                (
                    [city] => Sebastopol
                    [country] => US
                    [country_code] => US
                    [country_name] => United States
                    [state] => CA
                    [street] => 5236 McFarland Rd
                    [street2] => 
                    [title] => 
                    [zip] => 95472
                )

            [advocacy_program_id] => 
            [advocacy_program_name] => 
            [advocacy_team_id] => 
            [advocacy_team_name] => 
            [advocate] => 
            [advocate_id] => 
            [advocate_name] => 
            [campaign_id] => 
            [campaign_title] => 
            [card_type] => 
            [check_number] => 
            [client_proceeds] => 20
            [contact] => Array
                (
                    [address] => Array
                        (
                            [city] => Sebastopol
                            [country] => US
                            [country_code] => US
                            [country_name] => United States
                            [state] => CA
                            [street] => 5236 McFarland Rd
                            [street2] => 
                            [title] => 
                            [zip] => 95472
                        )

                    [created] => 2019-01-15T23:25:54.532777+00:00
                    [email] => donor-e11cb5a1-6972-45f2-b699-5813194b7a2c@idonate.com
                    [firstname] => Robert and Shannon
                    [lastname] => Reynolds
                    [middlename] => 
                    [phone] => 
                    [timezone] => 
                    [title] => 
                    [updated] => 2019-01-15T23:25:54.532777+00:00
                )

            [corporate_matching_record] => 
            [created] => 2020-01-01T09:46:52.848252+00:00
            [custom_note_1] => I have a special request or comment = 
            [custom_note_2] => 
            [custom_note_3] => 
            [custom_note_4] => 
            [custom_note_5] => 
            [description] => Cash Donation: $20.00
            [designation] => Array
                (
                    [code] => superl
                    [fund_id] => superl
                    [id] => 36b99726-a2d6-47b4-918c-fb0f97ecc701
                    [title] => Perlman, Susan
                )

            [designation_note] => 
            [donor_id] => e11cb5a1-6972-45f2-b699-5813194b7a2c
            [donor_paid_fee] => 
            [email_opt_in] => 
            [embed] => 
            [expiration_month] => 
            [expiration_year] => 
            [external_tracking_id] => 62109203248
            [final_date] => 
            [frequency] => Monthly
            [gift] => 
            [gift_extra] => 
            [hide_name] => 
            [id] => 7a7ca08c-bdc4-4385-94ad-3ed8866dc0ac
            [last_four_digits] => 
            [net_proceeds] => 20
            [organization_id] => bdf8150d-a701-4079-a797-69c5c4ff6535
            [payment_gateway_id] => 017412cb-396c-4cd3-b281-07dee953506d
            [payment_gateway_name] => Spreedly: AuthorizeNet
            [payment_transaction_id] => 8595d267-1719-4949-9bcf-18d45b5f0b77
            [recurring_count] => 13
            [reference_code] =>  STNETREC
            [sale_price] => 
            [schedule_id] => c2d346d7-36ec-40b5-b1ba-0befcbab85f8
            [sms_keyword] => 
            [status] => complete
            [subtype] => echeck
            [transaction_set_id] => 7a7ca08c-bdc4-4385-94ad-3ed8866dc0ac
            [tribute] => 
            [type] => cash
            [utm] => Array
                (
                    [campaign] => 
                    [content] => 
                    [medium] => 
                    [source] => 
                    [term] => 
                )

            [vendor_id] => 
        )

    [type] => transaction.completed
)
