Array
(
    [created] => 2020-01-01T14:25:23.922330+00:00
    [id] => 8c5986e2-2ca2-11ea-a047-aa6a237aaa17
    [payload] => Array
        (
            [additional_info] => 
            [address] => Array
                (
                    [city] => Lawrenceville
                    [country] => US
                    [country_code] => US
                    [country_name] => United States
                    [state] => GA
                    [street] => 1116 Hedgewood Court
                    [street2] => 
                    [title] => Donation Address
                    [zip] => 30043
                )

            [advocacy_program_id] => 
            [advocacy_program_name] => 
            [advocacy_team_id] => 
            [advocacy_team_name] => 
            [advocate] => 
            [advocate_id] => 
            [advocate_name] => 
            [campaign_id] => 
            [campaign_title] => 
            [card_type] => visa
            [check_number] => 
            [client_proceeds] => 35
            [contact] => Array
                (
                    [address] => Array
                        (
                            [city] => Lawrenceville
                            [country] => US
                            [country_code] => US
                            [country_name] => United States
                            [state] => GA
                            [street] => 1116 Hedgewood Court
                            [street2] => 
                            [title] => 
                            [zip] => 30043
                        )

                    [created] => 2018-11-14T05:43:31.136057+00:00
                    [email] => stacey.richardson49@gmail.com
                    [firstname] => Stacey
                    [lastname] => Richardson
                    [middlename] => 
                    [phone] => 6784559247
                    [timezone] => America/New_York
                    [title] => 
                    [updated] => 2020-01-01T14:25:23.616349+00:00
                )

            [corporate_matching_record] => 
            [created] => 2020-01-01T14:25:23.633119+00:00
            [custom_note_1] => 
            [custom_note_2] => 
            [custom_note_3] => 
            [custom_note_4] => 
            [custom_note_5] => 
            [description] => Cash Donation: $35.00
            [designation] => Array
                (
                    [code] => DEFAULT
                    [fund_id] => DEFAULT
                    [id] => d4c15680-8d55-4d98-b538-1aa1e1e57ef2
                    [title] => Where needed most
                )

            [designation_note] => 
            [donor_id] => 1df1706c-5512-4bef-acf1-5b8806d2d240
            [donor_paid_fee] => 
            [email_opt_in] => 
            [embed] => Array
                (
                    [id] => 1fef50f2-2f6f-4c94-8cd1-c0d254d16f0a
                    [name] => 1912 EOY Phase 1
                )

            [expiration_month] => 10
            [expiration_year] => 2023
            [external_tracking_id] => 62109904303
            [final_date] => 2020-01-01T00:00:00+00:00
            [frequency] => Once
            [gift] => 
            [gift_extra] => 
            [hide_name] => 
            [id] => 6aeb69bd-c350-4bba-8a9f-375ceeedc9b6
            [last_four_digits] => 7242
            [net_proceeds] => 35
            [organization_id] => bdf8150d-a701-4079-a797-69c5c4ff6535
            [payment_gateway_id] => 017412cb-396c-4cd3-b281-07dee953506d
            [payment_gateway_name] => Spreedly: AuthorizeNet
            [payment_transaction_id] => 20abb753-eefd-408a-a55a-8b938277830c
            [recurring_count] => 
            [reference_code] => 
            [sale_price] => 
            [schedule_id] => 
            [sms_keyword] => 
            [status] => complete
            [subtype] => credit
            [transaction_set_id] => 6aeb69bd-c350-4bba-8a9f-375ceeedc9b6
            [tribute] => 
            [type] => cash
            [utm] => Array
                (
                    [campaign] => 
                    [content] => 
                    [medium] => 
                    [source] => 
                    [term] => 
                )

            [vendor_id] => 
        )

    [type] => transaction.completed
)
