Array
(
    [created] => 2020-01-01T09:37:47.910664+00:00
    [id] => 5ef71b4c-2c7a-11ea-baba-f2e467587223
    [payload] => Array
        (
            [additional_info] => 
            [address] => Array
                (
                    [city] => San Jose
                    [country] => US
                    [country_code] => US
                    [country_name] => United States
                    [state] => CA
                    [street] => 13169 Haga Dr
                    [street2] => 
                    [title] => 
                    [zip] => 95111
                )

            [advocacy_program_id] => 
            [advocacy_program_name] => 
            [advocacy_team_id] => 
            [advocacy_team_name] => 
            [advocate] => 
            [advocate_id] => 
            [advocate_name] => 
            [campaign_id] => 
            [campaign_title] => 
            [card_type] => visa
            [check_number] => 
            [client_proceeds] => 25
            [contact] => Array
                (
                    [address] => Array
                        (
                            [city] => San Jose
                            [country] => US
                            [country_code] => US
                            [country_name] => United States
                            [state] => CA
                            [street] => 13169 Haga Dr
                            [street2] => 
                            [title] => 
                            [zip] => 95111
                        )

                    [created] => 2019-01-23T19:45:16.798333+00:00
                    [email] => zeriram0@yahoo.com
                    [firstname] => Marco
                    [lastname] => Ramirez
                    [middlename] => 
                    [phone] => 
                    [timezone] => 
                    [title] => 
                    [updated] => 2019-01-23T19:45:17.104940+00:00
                )

            [corporate_matching_record] => 
            [created] => 2020-01-01T09:37:47.559160+00:00
            [custom_note_1] => 
            [custom_note_2] => 
            [custom_note_3] => 
            [custom_note_4] => 
            [custom_note_5] => 
            [description] => Cash Donation: $25.00
            [designation] => Array
                (
                    [code] => DEFAULT
                    [fund_id] => DEFAULT
                    [id] => d4c15680-8d55-4d98-b538-1aa1e1e57ef2
                    [title] => Where needed most
                )

            [designation_note] => 
            [donor_id] => 5c7d305f-68bc-4056-9157-5d4ef26095f2
            [donor_paid_fee] => 
            [email_opt_in] => 
            [embed] => 
            [expiration_month] => 6
            [expiration_year] => 2024
            [external_tracking_id] => 62109180586
            [final_date] => 
            [frequency] => Monthly
            [gift] => 
            [gift_extra] => 
            [hide_name] => 
            [id] => d58a6705-e54e-47cb-97b8-771a6b367ceb
            [last_four_digits] => 9238
            [net_proceeds] => 25
            [organization_id] => bdf8150d-a701-4079-a797-69c5c4ff6535
            [payment_gateway_id] => 017412cb-396c-4cd3-b281-07dee953506d
            [payment_gateway_name] => Spreedly: AuthorizeNet
            [payment_transaction_id] => 0a2fa999-bb1f-46e1-9938-4254f7d961f5
            [recurring_count] => 12
            [reference_code] => STNETDON
            [sale_price] => 
            [schedule_id] => 7a2d1224-c791-4f79-a4bc-efe09cc231a8
            [sms_keyword] => 
            [status] => complete
            [subtype] => credit
            [transaction_set_id] => d58a6705-e54e-47cb-97b8-771a6b367ceb
            [tribute] => 
            [type] => cash
            [utm] => Array
                (
                    [campaign] => 
                    [content] => 
                    [medium] => 
                    [source] => 
                    [term] => 
                )

            [vendor_id] => 
        )

    [type] => transaction.completed
)
