Array
(
    [created] => 2020-01-01T09:52:45.160233+00:00
    [id] => 75c4866e-2c7c-11ea-85df-92a9d723b37b
    [payload] => Array
        (
            [additional_info] => 
            [address] => Array
                (
                    [city] => Johns Island
                    [country] => US
                    [country_code] => US
                    [country_name] => United States
                    [state] => SC
                    [street] => 1956 Shadetree Blvd
                    [street2] => 
                    [title] => 
                    [zip] => 29455
                )

            [advocacy_program_id] => 
            [advocacy_program_name] => 
            [advocacy_team_id] => 
            [advocacy_team_name] => 
            [advocate] => 
            [advocate_id] => 
            [advocate_name] => 
            [campaign_id] => 
            [campaign_title] => 
            [card_type] => visa
            [check_number] => 
            [client_proceeds] => 10
            [contact] => Array
                (
                    [address] => Array
                        (
                            [city] => Johns Island
                            [country] => US
                            [country_code] => US
                            [country_name] => United States
                            [state] => SC
                            [street] => 1956 Shadetree Blvd
                            [street2] => 
                            [title] => 
                            [zip] => 29455
                        )

                    [created] => 2019-09-04T23:33:05.368996+00:00
                    [email] => bsibley32@hotmail.com
                    [firstname] => Betty M.
                    [lastname] => Sibley
                    [middlename] => 
                    [phone] => 
                    [timezone] => America/Los_Angeles
                    [title] => 
                    [updated] => 2019-11-01T23:40:54.608277+00:00
                )

            [corporate_matching_record] => 
            [created] => 2020-01-01T09:52:44.860166+00:00
            [custom_note_1] => I have a special request or comment = 
            [custom_note_2] => 
            [custom_note_3] => 
            [custom_note_4] => 
            [custom_note_5] => 
            [description] => Cash Donation: $10.00
            [designation] => Array
                (
                    [code] => DEFAULT
                    [fund_id] => DEFAULT
                    [id] => d4c15680-8d55-4d98-b538-1aa1e1e57ef2
                    [title] => Where needed most
                )

            [designation_note] => 
            [donor_id] => 0358d457-31d2-46cb-b543-0fa1a7f394a6
            [donor_paid_fee] => 
            [email_opt_in] => 
            [embed] => 
            [expiration_month] => 9
            [expiration_year] => 2023
            [external_tracking_id] => 62109216405
            [final_date] => 
            [frequency] => Monthly
            [gift] => 
            [gift_extra] => 
            [hide_name] => 
            [id] => 295a310f-2195-4356-ad38-e234c6a34e64
            [last_four_digits] => 2811
            [net_proceeds] => 10
            [organization_id] => bdf8150d-a701-4079-a797-69c5c4ff6535
            [payment_gateway_id] => 017412cb-396c-4cd3-b281-07dee953506d
            [payment_gateway_name] => Spreedly: AuthorizeNet
            [payment_transaction_id] => 7e612b1d-e67d-4551-9d05-ded27d142722
            [recurring_count] => 3
            [reference_code] =>  STNETREC
            [sale_price] => 
            [schedule_id] => 8272bd94-3e73-4467-991a-d266e16ae2ec
            [sms_keyword] => 
            [status] => complete
            [subtype] => credit
            [transaction_set_id] => 295a310f-2195-4356-ad38-e234c6a34e64
            [tribute] => 
            [type] => cash
            [utm] => Array
                (
                    [campaign] => 
                    [content] => 
                    [medium] => 
                    [source] => 
                    [term] => 
                )

            [vendor_id] => 
        )

    [type] => transaction.completed
)
