Array
(
    [created] => 2020-01-01T09:20:31.982051+00:00
    [id] => f580f11c-2c77-11ea-baba-f2e467587223
    [payload] => Array
        (
            [additional_info] => 
            [address] => Array
                (
                    [city] => Princeton
                    [country] => US
                    [country_code] => US
                    [country_name] => United States
                    [state] => IL
                    [street] => 1016 Jacqueline Ln
                    [street2] => 
                    [title] => 
                    [zip] => 61356
                )

            [advocacy_program_id] => 
            [advocacy_program_name] => 
            [advocacy_team_id] => 
            [advocacy_team_name] => 
            [advocate] => 
            [advocate_id] => 
            [advocate_name] => 
            [campaign_id] => 
            [campaign_title] => 
            [card_type] => visa
            [check_number] => 
            [client_proceeds] => 50
            [contact] => Array
                (
                    [address] => Array
                        (
                            [city] => Princeton
                            [country] => US
                            [country_code] => US
                            [country_name] => United States
                            [state] => IL
                            [street] => 1016 Jacqueline Ln
                            [street2] => 
                            [title] => 
                            [zip] => 61356
                        )

                    [created] => 2019-06-12T19:37:09.520995+00:00
                    [email] => donor-865ae582-9ec9-46f7-a2cb-a65ce11d6230@idonate.com
                    [firstname] => Carolyn K.
                    [lastname] => Huber
                    [middlename] => 
                    [phone] => (815) 915-8391
                    [timezone] => 
                    [title] => 
                    [updated] => 2019-06-12T19:37:09.520995+00:00
                )

            [corporate_matching_record] => 
            [created] => 2020-01-01T09:20:31.638477+00:00
            [custom_note_1] => I have a special request or comment = 
            [custom_note_2] => 
            [custom_note_3] => 
            [custom_note_4] => 
            [custom_note_5] => 
            [description] => Cash Donation: $50.00
            [designation] => Array
                (
                    [code] => DEFAULT
                    [fund_id] => DEFAULT
                    [id] => d4c15680-8d55-4d98-b538-1aa1e1e57ef2
                    [title] => Where needed most
                )

            [designation_note] => 
            [donor_id] => 865ae582-9ec9-46f7-a2cb-a65ce11d6230
            [donor_paid_fee] => 
            [email_opt_in] => 
            [embed] => 
            [expiration_month] => 12
            [expiration_year] => 2023
            [external_tracking_id] => 62109150478
            [final_date] => 
            [frequency] => Monthly
            [gift] => 
            [gift_extra] => 
            [hide_name] => 
            [id] => fbd27334-d17b-4efe-9b65-2258d10c8b73
            [last_four_digits] => 8315
            [net_proceeds] => 50
            [organization_id] => bdf8150d-a701-4079-a797-69c5c4ff6535
            [payment_gateway_id] => 017412cb-396c-4cd3-b281-07dee953506d
            [payment_gateway_name] => Spreedly: AuthorizeNet
            [payment_transaction_id] => ce56b576-bbca-4e10-9b71-b3e0641b9029
            [recurring_count] => 7
            [reference_code] =>  STNETREC
            [sale_price] => 
            [schedule_id] => 198b25a1-a6e2-4885-8437-94c70df5234e
            [sms_keyword] => 
            [status] => complete
            [subtype] => credit
            [transaction_set_id] => fbd27334-d17b-4efe-9b65-2258d10c8b73
            [tribute] => 
            [type] => cash
            [utm] => Array
                (
                    [campaign] => 
                    [content] => 
                    [medium] => 
                    [source] => 
                    [term] => 
                )

            [vendor_id] => 
        )

    [type] => transaction.completed
)
