Array
(
    [created] => 2020-01-01T09:10:53.271508+00:00
    [id] => 9c90b926-2c76-11ea-baba-f2e467587223
    [payload] => Array
        (
            [additional_info] => 
            [address] => Array
                (
                    [city] => Katy
                    [country] => US
                    [country_code] => US
                    [country_name] => United States
                    [state] => TX
                    [street] => 3306 Rachel Ln
                    [street2] => 
                    [title] => 
                    [zip] => 77493
                )

            [advocacy_program_id] => 
            [advocacy_program_name] => 
            [advocacy_team_id] => 
            [advocacy_team_name] => 
            [advocate] => 
            [advocate_id] => 
            [advocate_name] => 
            [campaign_id] => 
            [campaign_title] => 
            [card_type] => visa
            [check_number] => 
            [client_proceeds] => 100
            [contact] => Array
                (
                    [address] => Array
                        (
                            [city] => Katy
                            [country] => US
                            [country_code] => US
                            [country_name] => United States
                            [state] => TX
                            [street] => 3306 Rachel Ln
                            [street2] => 
                            [title] => 
                            [zip] => 77493
                        )

                    [created] => 2018-11-01T13:09:36.073327+00:00
                    [email] => cfreud@hotmail.com
                    [firstname] => Claudia
                    [lastname] => Freud
                    [middlename] => 
                    [phone] => 
                    [timezone] => 
                    [title] => 
                    [updated] => 2019-08-07T18:28:10.485544+00:00
                )

            [corporate_matching_record] => 
            [created] => 2020-01-01T09:10:52.906022+00:00
            [custom_note_1] => I have a special request or comment = 
            [custom_note_2] => 
            [custom_note_3] => 
            [custom_note_4] => 
            [custom_note_5] => 
            [description] => Cash Donation: $100.00
            [designation] => Array
                (
                    [code] => DEFAULT
                    [fund_id] => DEFAULT
                    [id] => d4c15680-8d55-4d98-b538-1aa1e1e57ef2
                    [title] => Where needed most
                )

            [designation_note] => 
            [donor_id] => f10a8e29-9a3f-4676-aac4-e707f0e8e654
            [donor_paid_fee] => 
            [email_opt_in] => 
            [embed] => 
            [expiration_month] => 3
            [expiration_year] => 2022
            [external_tracking_id] => 62109136092
            [final_date] => 
            [frequency] => Monthly
            [gift] => 
            [gift_extra] => 
            [hide_name] => 
            [id] => 182e4504-d76f-4951-abf3-688fc6184217
            [last_four_digits] => 8830
            [net_proceeds] => 100
            [organization_id] => bdf8150d-a701-4079-a797-69c5c4ff6535
            [payment_gateway_id] => 017412cb-396c-4cd3-b281-07dee953506d
            [payment_gateway_name] => Spreedly: AuthorizeNet
            [payment_transaction_id] => b0ecec0a-b57e-4714-9c47-b3c03cc22c9a
            [recurring_count] => 5
            [reference_code] =>  STNETREC
            [sale_price] => 
            [schedule_id] => 25baf509-4e5f-481c-bcf2-a23e54b6f9fd
            [sms_keyword] => 
            [status] => complete
            [subtype] => credit
            [transaction_set_id] => 182e4504-d76f-4951-abf3-688fc6184217
            [tribute] => 
            [type] => cash
            [utm] => Array
                (
                    [campaign] => 
                    [content] => 
                    [medium] => 
                    [source] => 
                    [term] => 
                )

            [vendor_id] => 
        )

    [type] => transaction.completed
)
