Array
(
    [created] => 2020-01-01T09:29:14.681321+00:00
    [id] => 2d0e859e-2c79-11ea-baba-f2e467587223
    [payload] => Array
        (
            [additional_info] => 
            [address] => Array
                (
                    [city] => Lewisville
                    [country] => US
                    [country_code] => US
                    [country_name] => United States
                    [state] => TX
                    [street] => 2005 Big Sky Dr
                    [street2] => 
                    [title] => 
                    [zip] => 75077
                )

            [advocacy_program_id] => 
            [advocacy_program_name] => 
            [advocacy_team_id] => 
            [advocacy_team_name] => 
            [advocate] => 
            [advocate_id] => 
            [advocate_name] => 
            [campaign_id] => 
            [campaign_title] => 
            [card_type] => 
            [check_number] => 
            [client_proceeds] => 3
            [contact] => Array
                (
                    [address] => Array
                        (
                            [city] => Lewisville
                            [country] => US
                            [country_code] => US
                            [country_name] => United States
                            [state] => TX
                            [street] => 2005 Big Sky Dr
                            [street2] => 
                            [title] => 
                            [zip] => 75077
                        )

                    [created] => 2018-03-22T18:43:59.908968+00:00
                    [email] => mwilliamdavid@gmail.com
                    [firstname] => Michael
                    [lastname] => David
                    [middlename] => William
                    [phone] => +18322440270
                    [timezone] => 
                    [title] => 
                    [updated] => 2019-12-17T15:18:12.596230+00:00
                )

            [corporate_matching_record] => 
            [created] => 2020-01-01T09:29:14.481011+00:00
            [custom_note_1] => 
            [custom_note_2] => 
            [custom_note_3] => 
            [custom_note_4] => 
            [custom_note_5] => 
            [description] => Cash Donation: $3.00
            [designation] => Array
                (
                    [code] => gebran
                    [fund_id] => gebran
                    [id] => 7560170c-3939-4506-8d26-8f95ba6ede12
                    [title] => Germany Branch
                )

            [designation_note] => 
            [donor_id] => f2ec35a2-4e75-4e8e-aa1f-26a996ef4b5f
            [donor_paid_fee] => 
            [email_opt_in] => 
            [embed] => 
            [expiration_month] => 
            [expiration_year] => 
            [external_tracking_id] => 62109163094
            [final_date] => 
            [frequency] => Monthly
            [gift] => 
            [gift_extra] => 
            [hide_name] => 
            [id] => b3bae5f0-8a63-4815-aca2-a327d3c7cd56
            [last_four_digits] => 
            [net_proceeds] => 3
            [organization_id] => bdf8150d-a701-4079-a797-69c5c4ff6535
            [payment_gateway_id] => 017412cb-396c-4cd3-b281-07dee953506d
            [payment_gateway_name] => Spreedly: AuthorizeNet
            [payment_transaction_id] => 2f1f5513-8b0c-4f9c-a128-802b30fed6ad
            [recurring_count] => 16
            [reference_code] => 
            [sale_price] => 
            [schedule_id] => 83b1b073-974e-4272-9179-76d25c6784c5
            [sms_keyword] => 
            [status] => complete
            [subtype] => credit
            [transaction_set_id] => b3bae5f0-8a63-4815-aca2-a327d3c7cd56
            [tribute] => 
            [type] => cash
            [utm] => Array
                (
                    [campaign] => 
                    [content] => 
                    [medium] => 
                    [source] => 
                    [term] => 
                )

            [vendor_id] => 
        )

    [type] => transaction.completed
)
