Array
(
    [created] => 2020-01-01T09:23:09.584444+00:00
    [id] => 53712940-2c78-11ea-baba-f2e467587223
    [payload] => Array
        (
            [additional_info] => 
            [address] => Array
                (
                    [city] => Palm Bay
                    [country] => 
                    [country_code] => 
                    [country_name] => 
                    [state] => 
                    [street] => 170 Mystic Blvd NE
                    [street2] => 
                    [title] => 
                    [zip] => 32907
                )

            [advocacy_program_id] => 
            [advocacy_program_name] => 
            [advocacy_team_id] => 
            [advocacy_team_name] => 
            [advocate] => 
            [advocate_id] => 
            [advocate_name] => 
            [campaign_id] => 
            [campaign_title] => 
            [card_type] => 
            [check_number] => 
            [client_proceeds] => 15
            [contact] => Array
                (
                    [address] => Array
                        (
                            [city] => Palm Bay
                            [country] => 
                            [country_code] => 
                            [country_name] => 
                            [state] => 
                            [street] => 170 Mystic Blvd NE
                            [street2] => 
                            [title] => 
                            [zip] => 32907
                        )

                    [created] => 2018-10-01T17:40:35.269074+00:00
                    [email] => deemlsd@cfl.rr.com
                    [firstname] => Linda
                    [lastname] => Deem
                    [middlename] => 
                    [phone] => 321-984-4053
                    [timezone] => 
                    [title] => 
                    [updated] => 2018-10-01T17:40:35.269074+00:00
                )

            [corporate_matching_record] => 
            [created] => 2020-01-01T09:23:09.401756+00:00
            [custom_note_1] => 
            [custom_note_2] => 
            [custom_note_3] => 
            [custom_note_4] => 
            [custom_note_5] => 
            [description] => Cash Donation: $15.00
            [designation] => Array
                (
                    [code] => DEFAULT
                    [fund_id] => DEFAULT
                    [id] => d4c15680-8d55-4d98-b538-1aa1e1e57ef2
                    [title] => Where needed most
                )

            [designation_note] => 
            [donor_id] => 9c90345d-f806-4aca-902b-7ca22f88f831
            [donor_paid_fee] => 
            [email_opt_in] => 
            [embed] => 
            [expiration_month] => 
            [expiration_year] => 
            [external_tracking_id] => 62109154137
            [final_date] => 
            [frequency] => Monthly
            [gift] => 
            [gift_extra] => 
            [hide_name] => 
            [id] => 44171246-ae51-44ec-aed0-6327200f15cd
            [last_four_digits] => 
            [net_proceeds] => 15
            [organization_id] => bdf8150d-a701-4079-a797-69c5c4ff6535
            [payment_gateway_id] => 017412cb-396c-4cd3-b281-07dee953506d
            [payment_gateway_name] => Spreedly: AuthorizeNet
            [payment_transaction_id] => 7b5b0fbf-75b0-4a39-8e03-844d441e6b92
            [recurring_count] => 16
            [reference_code] => 
            [sale_price] => 
            [schedule_id] => 26bf25b3-2eaf-4c0a-ac26-c95c70f5188f
            [sms_keyword] => 
            [status] => complete
            [subtype] => credit
            [transaction_set_id] => 44171246-ae51-44ec-aed0-6327200f15cd
            [tribute] => 
            [type] => cash
            [utm] => Array
                (
                    [campaign] => 
                    [content] => 
                    [medium] => 
                    [source] => 
                    [term] => 
                )

            [vendor_id] => 
        )

    [type] => transaction.completed
)
