Array
(
    [created] => 2020-01-01T08:59:31.294547+00:00
    [id] => 06134c12-2c75-11ea-baba-f2e467587223
    [payload] => Array
        (
            [additional_info] => 
            [address] => Array
                (
                    [city] => Grand Prairie
                    [country] => US
                    [country_code] => US
                    [country_name] => United States
                    [state] => 4
                    [street] => 1335 Bold Forbes Drive
                    [street2] => 
                    [title] => 
                    [zip] => 75052
                )

            [advocacy_program_id] => 
            [advocacy_program_name] => 
            [advocacy_team_id] => 
            [advocacy_team_name] => 
            [advocate] => 
            [advocate_id] => 
            [advocate_name] => 
            [campaign_id] => 
            [campaign_title] => 
            [card_type] => visa
            [check_number] => 
            [client_proceeds] => 230
            [contact] => Array
                (
                    [address] => Array
                        (
                            [city] => Grand Prairie
                            [country] => US
                            [country_code] => US
                            [country_name] => United States
                            [state] => 4
                            [street] => 1335 Bold Forbes Drive
                            [street2] => 
                            [title] => 
                            [zip] => 75052
                        )

                    [created] => 2019-03-24T23:15:13.436575+00:00
                    [email] => ReligBookFreak@hotmail.com
                    [firstname] => Alan
                    [lastname] => Tannenbaum
                    [middlename] => 
                    [phone] => 9722624584
                    [timezone] => America/Chicago
                    [title] => 
                    [updated] => 2019-10-29T16:49:08.371138+00:00
                )

            [corporate_matching_record] => 
            [created] => 2020-01-01T08:59:31.002780+00:00
            [custom_note_1] => I have a special request or comment = Please start on November 1 and on the first of every month
            [custom_note_2] => 
            [custom_note_3] => 
            [custom_note_4] => 
            [custom_note_5] => 
            [description] => Cash Donation: $230.00
            [designation] => Array
                (
                    [code] => DEFAULT
                    [fund_id] => DEFAULT
                    [id] => d4c15680-8d55-4d98-b538-1aa1e1e57ef2
                    [title] => Where needed most
                )

            [designation_note] => 
            [donor_id] => 6732066f-49a4-4f45-aaa7-5fcbc1c58185
            [donor_paid_fee] => 
            [email_opt_in] => 
            [embed] => 
            [expiration_month] => 1
            [expiration_year] => 2022
            [external_tracking_id] => 62109117765
            [final_date] => 
            [frequency] => Monthly
            [gift] => 
            [gift_extra] => 
            [hide_name] => 
            [id] => 0a9c9890-6a89-4709-96ea-3c755b2b1bda
            [last_four_digits] => 0235
            [net_proceeds] => 230
            [organization_id] => bdf8150d-a701-4079-a797-69c5c4ff6535
            [payment_gateway_id] => 017412cb-396c-4cd3-b281-07dee953506d
            [payment_gateway_name] => Spreedly: AuthorizeNet
            [payment_transaction_id] => 400ce39b-7f0c-447b-bb04-1bbf76e3b356
            [recurring_count] => 4
            [reference_code] => 
            [sale_price] => 
            [schedule_id] => db33c9c6-54fa-40ef-a1cb-f6bddf9338e8
            [sms_keyword] => 
            [status] => complete
            [subtype] => credit
            [transaction_set_id] => 0a9c9890-6a89-4709-96ea-3c755b2b1bda
            [tribute] => 
            [type] => cash
            [utm] => Array
                (
                    [campaign] => 
                    [content] => 
                    [medium] => 
                    [source] => 
                    [term] => 
                )

            [vendor_id] => 
        )

    [type] => transaction.completed
)
