Array
(
    [created] => 2020-01-01T10:00:37.434425+00:00
    [id] => 8f43d652-2c7d-11ea-85df-92a9d723b37b
    [payload] => Array
        (
            [additional_info] => 
            [address] => Array
                (
                    [city] => Paola
                    [country] => US
                    [country_code] => US
                    [country_name] => United States
                    [state] => KS
                    [street] => 34541 Renner Rd
                    [street2] => 
                    [title] => 
                    [zip] => 66071
                )

            [advocacy_program_id] => 
            [advocacy_program_name] => 
            [advocacy_team_id] => 
            [advocacy_team_name] => 
            [advocate] => 
            [advocate_id] => 
            [advocate_name] => 
            [campaign_id] => 
            [campaign_title] => 
            [card_type] => 
            [check_number] => 
            [client_proceeds] => 25
            [contact] => Array
                (
                    [address] => Array
                        (
                            [city] => Paola
                            [country] => US
                            [country_code] => US
                            [country_name] => United States
                            [state] => KS
                            [street] => 34541 Renner Rd
                            [street2] => 
                            [title] => 
                            [zip] => 66071
                        )

                    [created] => 2019-11-22T22:29:47.057553+00:00
                    [email] => charlesrhall53@gmail.com
                    [firstname] => Charles R.
                    [lastname] => Hall
                    [middlename] => 
                    [phone] => 
                    [timezone] => 
                    [title] => 
                    [updated] => 2019-11-22T22:29:47.213181+00:00
                )

            [corporate_matching_record] => 
            [created] => 2020-01-01T10:00:37.141111+00:00
            [custom_note_1] => I have a special request or comment = 
            [custom_note_2] => 
            [custom_note_3] => 
            [custom_note_4] => 
            [custom_note_5] => 
            [description] => Cash Donation: $25.00
            [designation] => Array
                (
                    [code] => sasadl
                    [fund_id] => sasadl
                    [id] => 03a383a7-a997-4186-b56b-8a2b50208fcf
                    [title] => Sadlovsky, Sahar & Maria 
                )

            [designation_note] => 
            [donor_id] => d545ee39-4351-412b-910a-36e77951b448
            [donor_paid_fee] => 
            [email_opt_in] => 
            [embed] => 
            [expiration_month] => 
            [expiration_year] => 
            [external_tracking_id] => 62109234245
            [final_date] => 
            [frequency] => Monthly
            [gift] => 
            [gift_extra] => 
            [hide_name] => 
            [id] => 40f62d13-2601-4066-8455-7bf9d37f3827
            [last_four_digits] => 
            [net_proceeds] => 25
            [organization_id] => bdf8150d-a701-4079-a797-69c5c4ff6535
            [payment_gateway_id] => 017412cb-396c-4cd3-b281-07dee953506d
            [payment_gateway_name] => Spreedly: AuthorizeNet
            [payment_transaction_id] => 0615573e-13d0-4b6f-82d0-3e1b1c7c36be
            [recurring_count] => 2
            [reference_code] =>  STNETREC
            [sale_price] => 
            [schedule_id] => 4331f43a-d446-4983-b1d4-d75352ceea35
            [sms_keyword] => 
            [status] => complete
            [subtype] => echeck
            [transaction_set_id] => 40f62d13-2601-4066-8455-7bf9d37f3827
            [tribute] => 
            [type] => cash
            [utm] => Array
                (
                    [campaign] => 
                    [content] => 
                    [medium] => 
                    [source] => 
                    [term] => 
                )

            [vendor_id] => 
        )

    [type] => transaction.completed
)
