Array
(
    [created] => 2020-01-01T09:23:57.390225+00:00
    [id] => 6fefbe10-2c78-11ea-baba-f2e467587223
    [payload] => Array
        (
            [additional_info] => 
            [address] => Array
                (
                    [city] => Summersville
                    [country] => US
                    [country_code] => US
                    [country_name] => United States
                    [state] => WV
                    [street] => 230 Ridgemont Dr
                    [street2] => 
                    [title] => 
                    [zip] => 26651
                )

            [advocacy_program_id] => 
            [advocacy_program_name] => 
            [advocacy_team_id] => 
            [advocacy_team_name] => 
            [advocate] => 
            [advocate_id] => 
            [advocate_name] => 
            [campaign_id] => 
            [campaign_title] => 
            [card_type] => 
            [check_number] => 
            [client_proceeds] => 25
            [contact] => Array
                (
                    [address] => Array
                        (
                            [city] => Summersville
                            [country] => US
                            [country_code] => US
                            [country_name] => United States
                            [state] => WV
                            [street] => 230 Ridgemont Dr
                            [street2] => 
                            [title] => 
                            [zip] => 26651
                        )

                    [created] => 2018-10-01T17:40:35.269074+00:00
                    [email] => weezman42@yahoo.com
                    [firstname] => Russell
                    [lastname] => Lewis
                    [middlename] => 
                    [phone] => 
                    [timezone] => 
                    [title] => 
                    [updated] => 2019-02-02T02:19:50.161044+00:00
                )

            [corporate_matching_record] => 
            [created] => 2020-01-01T09:23:57.138739+00:00
            [custom_note_1] => 
            [custom_note_2] => 
            [custom_note_3] => 
            [custom_note_4] => 
            [custom_note_5] => 
            [description] => Cash Donation: $25.00
            [designation] => Array
                (
                    [code] => DEFAULT
                    [fund_id] => DEFAULT
                    [id] => d4c15680-8d55-4d98-b538-1aa1e1e57ef2
                    [title] => Where needed most
                )

            [designation_note] => 
            [donor_id] => c672cee8-0042-47b0-b3db-112519bb787b
            [donor_paid_fee] => 
            [email_opt_in] => 
            [embed] => 
            [expiration_month] => 
            [expiration_year] => 
            [external_tracking_id] => 62109155210
            [final_date] => 
            [frequency] => Monthly
            [gift] => 
            [gift_extra] => 
            [hide_name] => 
            [id] => 5ace3236-d2e4-41db-88bd-ac724a7588f7
            [last_four_digits] => 
            [net_proceeds] => 25
            [organization_id] => bdf8150d-a701-4079-a797-69c5c4ff6535
            [payment_gateway_id] => 017412cb-396c-4cd3-b281-07dee953506d
            [payment_gateway_name] => Spreedly: AuthorizeNet
            [payment_transaction_id] => 63153128-1747-4a3b-b103-f889a7a30228
            [recurring_count] => 16
            [reference_code] => 
            [sale_price] => 
            [schedule_id] => 1c0a4dd8-413f-46ab-ba9d-759e8cf98c88
            [sms_keyword] => 
            [status] => complete
            [subtype] => credit
            [transaction_set_id] => 5ace3236-d2e4-41db-88bd-ac724a7588f7
            [tribute] => 
            [type] => cash
            [utm] => Array
                (
                    [campaign] => 
                    [content] => 
                    [medium] => 
                    [source] => 
                    [term] => 
                )

            [vendor_id] => 
        )

    [type] => transaction.completed
)
