Array
(
    [created] => 2020-01-01T09:05:00.535000+00:00
    [id] => ca51673a-2c75-11ea-baba-f2e467587223
    [payload] => Array
        (
            [additional_info] => 
            [address] => Array
                (
                    [city] => Kenner
                    [country] => US
                    [country_code] => US
                    [country_name] => United States
                    [state] => LA
                    [street] => 3509 Martinique Ave
                    [street2] => Apt D
                    [title] => 
                    [zip] => 70065
                )

            [advocacy_program_id] => 
            [advocacy_program_name] => 
            [advocacy_team_id] => 
            [advocacy_team_name] => 
            [advocate] => 
            [advocate_id] => 
            [advocate_name] => 
            [campaign_id] => 
            [campaign_title] => 
            [card_type] => 
            [check_number] => 
            [client_proceeds] => 25
            [contact] => Array
                (
                    [address] => Array
                        (
                            [city] => Kenner
                            [country] => US
                            [country_code] => US
                            [country_name] => United States
                            [state] => LA
                            [street] => 3509 Martinique Ave
                            [street2] => Apt D
                            [title] => 
                            [zip] => 70065
                        )

                    [created] => 2018-11-26T20:31:30.972146+00:00
                    [email] => jphillips1948@cox.net
                    [firstname] => Jeanette
                    [lastname] => Ph8illips
                    [middlename] => 
                    [phone] => 
                    [timezone] => 
                    [title] => 
                    [updated] => 2019-08-22T16:49:31.554793+00:00
                )

            [corporate_matching_record] => 
            [created] => 2020-01-01T09:05:00.281029+00:00
            [custom_note_1] => I have a special request or comment = 
            [custom_note_2] => 
            [custom_note_3] => 
            [custom_note_4] => 
            [custom_note_5] => 
            [description] => Cash Donation: $25.00
            [designation] => Array
                (
                    [code] => DEFAULT
                    [fund_id] => DEFAULT
                    [id] => d4c15680-8d55-4d98-b538-1aa1e1e57ef2
                    [title] => Where needed most
                )

            [designation_note] => 
            [donor_id] => a850d6ee-55bf-432f-9a1d-8ad8b098b6ba
            [donor_paid_fee] => 
            [email_opt_in] => 
            [embed] => 
            [expiration_month] => 
            [expiration_year] => 
            [external_tracking_id] => 62109127666
            [final_date] => 
            [frequency] => Monthly
            [gift] => 
            [gift_extra] => 
            [hide_name] => 
            [id] => 043c66a5-2d33-41d3-bd83-3d9770afd6dc
            [last_four_digits] => 
            [net_proceeds] => 25
            [organization_id] => bdf8150d-a701-4079-a797-69c5c4ff6535
            [payment_gateway_id] => 017412cb-396c-4cd3-b281-07dee953506d
            [payment_gateway_name] => Spreedly: AuthorizeNet
            [payment_transaction_id] => 9dc6ecbc-85e5-43ca-8697-aad9cc8d7cda
            [recurring_count] => 5
            [reference_code] =>  STNETREC
            [sale_price] => 
            [schedule_id] => 3313451b-d222-499b-9945-3350ada02aaa
            [sms_keyword] => 
            [status] => complete
            [subtype] => echeck
            [transaction_set_id] => 043c66a5-2d33-41d3-bd83-3d9770afd6dc
            [tribute] => 
            [type] => cash
            [utm] => Array
                (
                    [campaign] => 
                    [content] => 
                    [medium] => 
                    [source] => 
                    [term] => 
                )

            [vendor_id] => 
        )

    [type] => transaction.completed
)
