Array
(
    [created] => 2020-01-01T09:52:08.298497+00:00
    [id] => 5fcbde48-2c7c-11ea-85df-92a9d723b37b
    [payload] => Array
        (
            [additional_info] => 
            [address] => Array
                (
                    [city] => Portland
                    [country] => US
                    [country_code] => US
                    [country_name] => United States
                    [state] => OR
                    [street] => 1734 NE 1st Ave
                    [street2] => 
                    [title] => 
                    [zip] => 97212
                )

            [advocacy_program_id] => 
            [advocacy_program_name] => 
            [advocacy_team_id] => 
            [advocacy_team_name] => 
            [advocate] => 
            [advocate_id] => 
            [advocate_name] => 
            [campaign_id] => 
            [campaign_title] => 
            [card_type] => 
            [check_number] => 
            [client_proceeds] => 125
            [contact] => Array
                (
                    [address] => Array
                        (
                            [city] => Portland
                            [country] => US
                            [country_code] => US
                            [country_name] => United States
                            [state] => OR
                            [street] => 1734 NE 1st Ave
                            [street2] => 
                            [title] => 
                            [zip] => 97212
                        )

                    [created] => 2018-12-17T23:22:38.610698+00:00
                    [email] => accounting@thewellchurch.com
                    [firstname] => The Well
                    [lastname] => Community Church
                    [middlename] => 
                    [phone] => 
                    [timezone] => 
                    [title] => 
                    [updated] => 2019-02-20T22:13:07.542391+00:00
                )

            [corporate_matching_record] => 
            [created] => 2020-01-01T09:52:08.007938+00:00
            [custom_note_1] => I have a special request or comment = Rebekah Strangarity in Israel
            [custom_note_2] => 
            [custom_note_3] => 
            [custom_note_4] => 
            [custom_note_5] => 
            [description] => Cash Donation: $125.00
            [designation] => Array
                (
                    [code] => restra
                    [fund_id] => restra
                    [id] => c14f9ebb-5402-4277-978c-625bcb3e7148
                    [title] => Strangarity, Rebekah
                )

            [designation_note] => 
            [donor_id] => d0a3c8c9-e1ba-46c7-a59f-0cb3242b0f5d
            [donor_paid_fee] => 
            [email_opt_in] => 1
            [embed] => 
            [expiration_month] => 
            [expiration_year] => 
            [external_tracking_id] => 62109215267
            [final_date] => 
            [frequency] => Monthly
            [gift] => 
            [gift_extra] => 
            [hide_name] => 
            [id] => 01b48c89-f510-4fe8-ab12-be8a176d4346
            [last_four_digits] => 
            [net_proceeds] => 125
            [organization_id] => bdf8150d-a701-4079-a797-69c5c4ff6535
            [payment_gateway_id] => 017412cb-396c-4cd3-b281-07dee953506d
            [payment_gateway_name] => Spreedly: AuthorizeNet
            [payment_transaction_id] => 6def9787-e2b2-4896-a565-8acba25d26b7
            [recurring_count] => 13
            [reference_code] => websitedonatenewtab
            [sale_price] => 
            [schedule_id] => 7e6a3673-98f2-41b4-8a69-2d6ad9673c39
            [sms_keyword] => 
            [status] => complete
            [subtype] => echeck
            [transaction_set_id] => 01b48c89-f510-4fe8-ab12-be8a176d4346
            [tribute] => 
            [type] => cash
            [utm] => Array
                (
                    [campaign] => websitedonatenewtab
                    [content] => 
                    [medium] => website
                    [source] => jewsforjesus
                    [term] => 
                )

            [vendor_id] => 
        )

    [type] => transaction.completed
)
