Array
(
    [created] => 2020-01-01T21:27:11.910383+00:00
    [id] => 79160a52-2cdd-11ea-a535-e6fe79954c1e
    [payload] => Array
        (
            [additional_info] => 
            [address] => Array
                (
                    [city] => New Market
                    [country] => US
                    [country_code] => US
                    [country_name] => United States
                    [state] => MD
                    [street] => 6585 Nyasa Bend
                    [street2] => 
                    [title] => Donation Address
                    [zip] => 21774
                )

            [advocacy_program_id] => 
            [advocacy_program_name] => 
            [advocacy_team_id] => 
            [advocacy_team_name] => 
            [advocate] => 
            [advocate_id] => 
            [advocate_name] => 
            [campaign_id] => 
            [campaign_title] => 
            [card_type] => visa
            [check_number] => 
            [client_proceeds] => 150
            [contact] => Array
                (
                    [address] => Array
                        (
                            [city] => 
                            [country] => 
                            [country_code] => 
                            [country_name] => 
                            [state] => 
                            [street] => 
                            [street2] => 
                            [title] => 
                            [zip] => 
                        )

                    [created] => 2019-01-14T16:02:31.161266+00:00
                    [email] => maryln25@comcast.net
                    [firstname] => 
                    [lastname] => 
                    [middlename] => 
                    [phone] => 
                    [timezone] => 
                    [title] => 
                    [updated] => 2019-07-05T16:11:18.908374+00:00
                )

            [corporate_matching_record] => 
            [created] => 2020-01-01T21:27:11.576766+00:00
            [custom_note_1] => 
            [custom_note_2] => 
            [custom_note_3] => 
            [custom_note_4] => 
            [custom_note_5] => 
            [description] => Cash Donation: $150.00
            [designation] => Array
                (
                    [code] => dabric
                    [fund_id] => dabric
                    [id] => b8286d26-8b0d-4b93-9273-0064bc96c0bd
                    [title] => Brickner, David
                )

            [designation_note] => 
            [donor_id] => 57f8a4e0-a5a7-46c5-854b-d43f5400538e
            [donor_paid_fee] => 
            [email_opt_in] => 
            [embed] => Array
                (
                    [id] => 1fef50f2-2f6f-4c94-8cd1-c0d254d16f0a
                    [name] => 1912 EOY Phase 1
                )

            [expiration_month] => 10
            [expiration_year] => 2024
            [external_tracking_id] => 62110481373
            [final_date] => 2020-01-01T00:00:00+00:00
            [frequency] => Once
            [gift] => 
            [gift_extra] => 
            [hide_name] => 
            [id] => 4a62a4a5-4bf3-4367-90a5-2e3e0ef73d8f
            [last_four_digits] => 5662
            [net_proceeds] => 150
            [organization_id] => bdf8150d-a701-4079-a797-69c5c4ff6535
            [payment_gateway_id] => 017412cb-396c-4cd3-b281-07dee953506d
            [payment_gateway_name] => Spreedly: AuthorizeNet
            [payment_transaction_id] => 90379426-fc7e-486a-b141-4b1b92f9a460
            [recurring_count] => 
            [reference_code] => 
            [sale_price] => 
            [schedule_id] => 
            [sms_keyword] => 
            [status] => complete
            [subtype] => credit
            [transaction_set_id] => 4a62a4a5-4bf3-4367-90a5-2e3e0ef73d8f
            [tribute] => 
            [type] => cash
            [utm] => Array
                (
                    [campaign] => 
                    [content] => 
                    [medium] => 
                    [source] => 
                    [term] => 
                )

            [vendor_id] => 
        )

    [type] => transaction.completed
)
