Array
(
    [created] => 2020-01-01T09:57:45.378623+00:00
    [id] => 28b63754-2c7d-11ea-85df-92a9d723b37b
    [payload] => Array
        (
            [additional_info] => 
            [address] => Array
                (
                    [city] => Benbrook
                    [country] => US
                    [country_code] => US
                    [country_name] => United States
                    [state] => TX
                    [street] => 10533 Del Mar Ct
                    [street2] => 
                    [title] => 
                    [zip] => 76126
                )

            [advocacy_program_id] => 
            [advocacy_program_name] => 
            [advocacy_team_id] => 
            [advocacy_team_name] => 
            [advocate] => 
            [advocate_id] => 
            [advocate_name] => 
            [campaign_id] => 
            [campaign_title] => 
            [card_type] => visa
            [check_number] => 
            [client_proceeds] => 12
            [contact] => Array
                (
                    [address] => Array
                        (
                            [city] => Benbrook
                            [country] => US
                            [country_code] => US
                            [country_name] => United States
                            [state] => TX
                            [street] => 10533 Del Mar Ct
                            [street2] => 
                            [title] => 
                            [zip] => 76126
                        )

                    [created] => 2019-03-02T02:08:58.607794+00:00
                    [email] => pabloquesada@gmail.com
                    [firstname] => Jose Pablo
                    [lastname] => Quesada Rosales
                    [middlename] => 
                    [phone] => 8173726883
                    [timezone] => America/Chicago
                    [title] => 
                    [updated] => 2019-08-01T21:44:09.939044+00:00
                )

            [corporate_matching_record] => 
            [created] => 2020-01-01T09:57:45.094379+00:00
            [custom_note_1] => 
            [custom_note_2] => 
            [custom_note_3] => 
            [custom_note_4] => 
            [custom_note_5] => 
            [description] => Cash Donation: $12.00
            [designation] => Array
                (
                    [code] => isbran
                    [fund_id] => isbran
                    [id] => 482bbdf9-8493-4119-b47c-75965d285dd0
                    [title] => Israel (Tel Aviv) Branch
                )

            [designation_note] => 
            [donor_id] => 0d6ffc7d-9dfe-4ee9-8d05-a49174204ee1
            [donor_paid_fee] => 
            [email_opt_in] => 
            [embed] => 
            [expiration_month] => 4
            [expiration_year] => 2021
            [external_tracking_id] => 62109226998
            [final_date] => 
            [frequency] => Monthly
            [gift] => 
            [gift_extra] => 
            [hide_name] => 
            [id] => a3e65e46-69d7-4b13-a36e-167ec924a2a6
            [last_four_digits] => 3653
            [net_proceeds] => 12
            [organization_id] => bdf8150d-a701-4079-a797-69c5c4ff6535
            [payment_gateway_id] => 017412cb-396c-4cd3-b281-07dee953506d
            [payment_gateway_name] => Spreedly: AuthorizeNet
            [payment_transaction_id] => 2d2b15e7-96af-483a-9e73-4a9bed51d718
            [recurring_count] => 3
            [reference_code] => 
            [sale_price] => 
            [schedule_id] => fc42f8ae-a861-4bda-86be-643bdd9edc4c
            [sms_keyword] => 
            [status] => complete
            [subtype] => credit
            [transaction_set_id] => a3e65e46-69d7-4b13-a36e-167ec924a2a6
            [tribute] => 
            [type] => cash
            [utm] => Array
                (
                    [campaign] => 
                    [content] => 
                    [medium] => 
                    [source] => 
                    [term] => 
                )

            [vendor_id] => 
        )

    [type] => transaction.completed
)
