Array
(
    [created] => 2020-01-01T09:28:55.397993+00:00
    [id] => 21901f0c-2c79-11ea-baba-f2e467587223
    [payload] => Array
        (
            [additional_info] => 
            [address] => Array
                (
                    [city] => Barstow
                    [country] => 
                    [country_code] => 
                    [country_name] => 
                    [state] => California
                    [street] => 34261 N St
                    [street2] => 
                    [title] => 
                    [zip] => 92311-6167
                )

            [advocacy_program_id] => 
            [advocacy_program_name] => 
            [advocacy_team_id] => 
            [advocacy_team_name] => 
            [advocate] => 
            [advocate_id] => 
            [advocate_name] => 
            [campaign_id] => 
            [campaign_title] => 
            [card_type] => 
            [check_number] => 
            [client_proceeds] => 25
            [contact] => Array
                (
                    [address] => Array
                        (
                            [city] => Barstow
                            [country] => 
                            [country_code] => 
                            [country_name] => 
                            [state] => California
                            [street] => 34261 N St
                            [street2] => 
                            [title] => 
                            [zip] => 92311-6167
                        )

                    [created] => 2018-10-01T17:40:35.269074+00:00
                    [email] => betsue2@msn.com
                    [firstname] => Betty Sue
                    [lastname] => Wilmot
                    [middlename] => 
                    [phone] => (760) 252-1199
                    [timezone] => 
                    [title] => 
                    [updated] => 2018-11-14T10:20:00.047810+00:00
                )

            [corporate_matching_record] => 
            [created] => 2020-01-01T09:28:55.230506+00:00
            [custom_note_1] => 
            [custom_note_2] => 
            [custom_note_3] => 
            [custom_note_4] => 
            [custom_note_5] => 
            [description] => Cash Donation: $25.00
            [designation] => Array
                (
                    [code] => DEFAULT
                    [fund_id] => DEFAULT
                    [id] => d4c15680-8d55-4d98-b538-1aa1e1e57ef2
                    [title] => Where needed most
                )

            [designation_note] => 
            [donor_id] => cedab009-1377-40b6-b8e4-21b8d2fba9bc
            [donor_paid_fee] => 
            [email_opt_in] => 
            [embed] => 
            [expiration_month] => 
            [expiration_year] => 
            [external_tracking_id] => 62109162607
            [final_date] => 
            [frequency] => Monthly
            [gift] => 
            [gift_extra] => 
            [hide_name] => 
            [id] => 23e6fc33-01d9-420e-8063-ce1db1deb73c
            [last_four_digits] => 
            [net_proceeds] => 25
            [organization_id] => bdf8150d-a701-4079-a797-69c5c4ff6535
            [payment_gateway_id] => 017412cb-396c-4cd3-b281-07dee953506d
            [payment_gateway_name] => Spreedly: AuthorizeNet
            [payment_transaction_id] => 13d8f0cb-309e-41d6-8153-a5e0f55e8baf
            [recurring_count] => 16
            [reference_code] => 
            [sale_price] => 
            [schedule_id] => e1b5fd6b-f832-4005-8719-988c5ee74302
            [sms_keyword] => 
            [status] => complete
            [subtype] => credit
            [transaction_set_id] => 23e6fc33-01d9-420e-8063-ce1db1deb73c
            [tribute] => 
            [type] => cash
            [utm] => Array
                (
                    [campaign] => 
                    [content] => 
                    [medium] => 
                    [source] => 
                    [term] => 
                )

            [vendor_id] => 
        )

    [type] => transaction.completed
)
