Array
(
    [created] => 2020-01-01T17:05:20.477714+00:00
    [id] => e457ab60-2cb8-11ea-bec2-aa6a237aaa17
    [payload] => Array
        (
            [additional_info] => 
            [address] => Array
                (
                    [city] => Tulsa
                    [country] => US
                    [country_code] => US
                    [country_name] => United States
                    [state] => OK
                    [street] => 6568 South Newport Avenue
                    [street2] => 
                    [title] => Donation Address
                    [zip] => 74136
                )

            [advocacy_program_id] => 
            [advocacy_program_name] => 
            [advocacy_team_id] => 
            [advocacy_team_name] => 
            [advocate] => 
            [advocate_id] => 
            [advocate_name] => 
            [campaign_id] => 
            [campaign_title] => 
            [card_type] => master
            [check_number] => 
            [client_proceeds] => 20
            [contact] => Array
                (
                    [address] => Array
                        (
                            [city] => Tulsa
                            [country] => US
                            [country_code] => US
                            [country_name] => United States
                            [state] => OK
                            [street] => 6568 South Newport Avenue
                            [street2] => 
                            [title] => 
                            [zip] => 74136
                        )

                    [created] => 2018-02-23T14:19:08.327254+00:00
                    [email] => favbiz11@gmail.com
                    [firstname] => Tizita
                    [lastname] => Alemayehu
                    [middlename] => 
                    [phone] => 9724003436
                    [timezone] => America/Chicago
                    [title] => 
                    [updated] => 2020-01-01T17:05:20.073599+00:00
                )

            [corporate_matching_record] => 
            [created] => 2020-01-01T17:05:20.101021+00:00
            [custom_note_1] => 
            [custom_note_2] => 
            [custom_note_3] => 
            [custom_note_4] => 
            [custom_note_5] => 
            [description] => Cash Donation: $20.00
            [designation] => Array
                (
                    [code] => isbran
                    [fund_id] => isbran
                    [id] => 482bbdf9-8493-4119-b47c-75965d285dd0
                    [title] => Israel (Tel Aviv) Branch
                )

            [designation_note] => 
            [donor_id] => f2dbc7a4-dcf6-4db3-b510-03a90b5585a0
            [donor_paid_fee] => 
            [email_opt_in] => 
            [embed] => Array
                (
                    [id] => 9f092f15-ba22-4fdf-90c7-996c4b97f9d4
                    [name] => 1905 New Main DF v2
                )

            [expiration_month] => 7
            [expiration_year] => 2022
            [external_tracking_id] => 62110123289
            [final_date] => 2020-01-01T00:00:00+00:00
            [frequency] => Once
            [gift] => 
            [gift_extra] => 
            [hide_name] => 
            [id] => 616f484d-d05e-4840-a727-2a208581f9fa
            [last_four_digits] => 6937
            [net_proceeds] => 20
            [organization_id] => bdf8150d-a701-4079-a797-69c5c4ff6535
            [payment_gateway_id] => 017412cb-396c-4cd3-b281-07dee953506d
            [payment_gateway_name] => Spreedly: AuthorizeNet
            [payment_transaction_id] => ab2fbff2-25b3-4b57-b439-2117be3f9411
            [recurring_count] => 
            [reference_code] => 
            [sale_price] => 
            [schedule_id] => 
            [sms_keyword] => 
            [status] => complete
            [subtype] => credit
            [transaction_set_id] => 616f484d-d05e-4840-a727-2a208581f9fa
            [tribute] => 
            [type] => cash
            [utm] => Array
                (
                    [campaign] => 
                    [content] => 
                    [medium] => 
                    [source] => 
                    [term] => 
                )

            [vendor_id] => 
        )

    [type] => transaction.completed
)
