Array
(
    [created] => 2020-01-01T09:23:25.765928+00:00
    [id] => 5d16426e-2c78-11ea-baba-f2e467587223
    [payload] => Array
        (
            [additional_info] => 
            [address] => Array
                (
                    [city] => Houston
                    [country] => US
                    [country_code] => US
                    [country_name] => United States
                    [state] => TX
                    [street] => 11543 Sagecanyon Drive
                    [street2] => 
                    [title] => 
                    [zip] => 77089
                )

            [advocacy_program_id] => 
            [advocacy_program_name] => 
            [advocacy_team_id] => 
            [advocacy_team_name] => 
            [advocate] => 
            [advocate_id] => 
            [advocate_name] => 
            [campaign_id] => 
            [campaign_title] => 
            [card_type] => visa
            [check_number] => 
            [client_proceeds] => 250
            [contact] => Array
                (
                    [address] => Array
                        (
                            [city] => Houston
                            [country] => US
                            [country_code] => US
                            [country_name] => United States
                            [state] => TX
                            [street] => 11543 Sagecanyon Drive
                            [street2] => 
                            [title] => 
                            [zip] => 77089
                        )

                    [created] => 2019-03-03T02:10:58.367313+00:00
                    [email] => houstonlimey@aol.com
                    [firstname] => Paul
                    [lastname] => Borg
                    [middlename] => 
                    [phone] => 
                    [timezone] => 
                    [title] => 
                    [updated] => 2019-04-01T20:24:00.393266+00:00
                )

            [corporate_matching_record] => 
            [created] => 2020-01-01T09:23:25.422161+00:00
            [custom_note_1] => 
            [custom_note_2] => 
            [custom_note_3] => 
            [custom_note_4] => 
            [custom_note_5] => 
            [description] => Cash Donation: $250.00
            [designation] => Array
                (
                    [code] => DEFAULT
                    [fund_id] => DEFAULT
                    [id] => d4c15680-8d55-4d98-b538-1aa1e1e57ef2
                    [title] => Where needed most
                )

            [designation_note] => 
            [donor_id] => 4d95131b-0a68-4d88-a7b7-4a9435d5374e
            [donor_paid_fee] => 
            [email_opt_in] => 1
            [embed] => 
            [expiration_month] => 5
            [expiration_year] => 2023
            [external_tracking_id] => 62109154497
            [final_date] => 
            [frequency] => Monthly
            [gift] => 
            [gift_extra] => 
            [hide_name] => 
            [id] => fa846445-c212-43c4-b3e6-fe976e1dd65b
            [last_four_digits] => 6890
            [net_proceeds] => 250
            [organization_id] => bdf8150d-a701-4079-a797-69c5c4ff6535
            [payment_gateway_id] => 017412cb-396c-4cd3-b281-07dee953506d
            [payment_gateway_name] => Spreedly: AuthorizeNet
            [payment_transaction_id] => c14a2c83-80e2-4c81-85b4-ca75f1639b4c
            [recurring_count] => 10
            [reference_code] => STNETDON
            [sale_price] => 
            [schedule_id] => 53c7422a-3937-4675-8cec-c43ae19b4d23
            [sms_keyword] => 
            [status] => complete
            [subtype] => credit
            [transaction_set_id] => fa846445-c212-43c4-b3e6-fe976e1dd65b
            [tribute] => 
            [type] => cash
            [utm] => Array
                (
                    [campaign] => 
                    [content] => 
                    [medium] => 
                    [source] => 
                    [term] => 
                )

            [vendor_id] => 
        )

    [type] => transaction.completed
)
