Array
(
    [created] => 2020-01-01T09:39:31.380215+00:00
    [id] => 9ca34eb6-2c7a-11ea-baba-f2e467587223
    [payload] => Array
        (
            [additional_info] => 
            [address] => Array
                (
                    [city] => Bourbon
                    [country] => US
                    [country_code] => US
                    [country_name] => United States
                    [state] => MO
                    [street] => PO Box 228
                    [street2] => 
                    [title] => 
                    [zip] => 65441
                )

            [advocacy_program_id] => 
            [advocacy_program_name] => 
            [advocacy_team_id] => 
            [advocacy_team_name] => 
            [advocate] => 
            [advocate_id] => 
            [advocate_name] => 
            [campaign_id] => 
            [campaign_title] => 
            [card_type] => discover
            [check_number] => 
            [client_proceeds] => 20
            [contact] => Array
                (
                    [address] => Array
                        (
                            [city] => Bourbon
                            [country] => US
                            [country_code] => US
                            [country_name] => United States
                            [state] => MO
                            [street] => PO Box 228
                            [street2] => 
                            [title] => 
                            [zip] => 65441
                        )

                    [created] => 2018-10-01T21:50:48.176625+00:00
                    [email] => donor-c440f89f-5d6b-4405-be91-b3dd7ce39f2f@idonate.com
                    [firstname] => Carol M.
                    [lastname] => Dierker
                    [middlename] => 
                    [phone] => 
                    [timezone] => 
                    [title] => 
                    [updated] => 2018-10-01T21:50:48.176625+00:00
                )

            [corporate_matching_record] => 
            [created] => 2020-01-01T09:39:31.130904+00:00
            [custom_note_1] => I have a special request or comment = undefined
            [custom_note_2] => 
            [custom_note_3] => 
            [custom_note_4] => 
            [custom_note_5] => 
            [description] => Cash Donation: $20.00
            [designation] => Array
                (
                    [code] => hamini
                    [fund_id] => hamini
                    [id] => 43bc46a9-5e9d-47ee-87f3-d420be45aaaa
                    [title] => Haredi Ministry 
                )

            [designation_note] => 
            [donor_id] => c440f89f-5d6b-4405-be91-b3dd7ce39f2f
            [donor_paid_fee] => 
            [email_opt_in] => 
            [embed] => 
            [expiration_month] => 5
            [expiration_year] => 2020
            [external_tracking_id] => 62109184677
            [final_date] => 
            [frequency] => Monthly
            [gift] => 
            [gift_extra] => 
            [hide_name] => 
            [id] => 4b0f6a9e-f43a-41ed-b53c-80dcb5d657bd
            [last_four_digits] => 3329
            [net_proceeds] => 20
            [organization_id] => bdf8150d-a701-4079-a797-69c5c4ff6535
            [payment_gateway_id] => 017412cb-396c-4cd3-b281-07dee953506d
            [payment_gateway_name] => Spreedly: AuthorizeNet
            [payment_transaction_id] => e0b970be-6334-40fe-86d3-1a89502b2c6a
            [recurring_count] => 16
            [reference_code] =>  STNETREC
            [sale_price] => 
            [schedule_id] => 05a90710-2b50-4769-95e0-2ab2c12dff0f
            [sms_keyword] => 
            [status] => complete
            [subtype] => credit
            [transaction_set_id] => 4b0f6a9e-f43a-41ed-b53c-80dcb5d657bd
            [tribute] => 
            [type] => cash
            [utm] => Array
                (
                    [campaign] => 
                    [content] => 
                    [medium] => 
                    [source] => 
                    [term] => 
                )

            [vendor_id] => 
        )

    [type] => transaction.completed
)
