Array
(
    [created] => 2020-01-01T09:27:36.121157+00:00
    [id] => f24f6f18-2c78-11ea-baba-f2e467587223
    [payload] => Array
        (
            [additional_info] => 
            [address] => Array
                (
                    [city] => Edwards AFB
                    [country] => US
                    [country_code] => US
                    [country_name] => United States
                    [state] => CA
                    [street] => Roth Street
                    [street2] => 
                    [title] => 
                    [zip] => 93523
                )

            [advocacy_program_id] => 
            [advocacy_program_name] => 
            [advocacy_team_id] => 
            [advocacy_team_name] => 
            [advocate] => 
            [advocate_id] => 
            [advocate_name] => 
            [campaign_id] => 
            [campaign_title] => 
            [card_type] => 
            [check_number] => 
            [client_proceeds] => 40
            [contact] => Array
                (
                    [address] => Array
                        (
                            [city] => Edwards AFB
                            [country] => US
                            [country_code] => US
                            [country_name] => United States
                            [state] => CA
                            [street] => Roth Street
                            [street2] => 
                            [title] => 
                            [zip] => 93523
                        )

                    [created] => 2019-02-11T00:00:17.532973+00:00
                    [email] => air4ce@gmail.com
                    [firstname] => Riley
                    [lastname] => Livermore
                    [middlename] => 
                    [phone] => 6237605555
                    [timezone] => 
                    [title] => 
                    [updated] => 2019-04-01T00:20:32.988455+00:00
                )

            [corporate_matching_record] => 
            [created] => 2020-01-01T09:27:35.844562+00:00
            [custom_note_1] => 
            [custom_note_2] => 
            [custom_note_3] => 
            [custom_note_4] => 
            [custom_note_5] => 
            [description] => Cash Donation: $40.00
            [designation] => Array
                (
                    [code] => yobend
                    [fund_id] => yobend
                    [id] => b4250a07-2f23-4ab0-89f7-9861d928c06a
                    [title] => Ben-David, Yoel & Adel
                )

            [designation_note] => 
            [donor_id] => 92675909-435b-410d-a31a-83fe867c08cf
            [donor_paid_fee] => 
            [email_opt_in] => 
            [embed] => 
            [expiration_month] => 
            [expiration_year] => 
            [external_tracking_id] => 62109160683
            [final_date] => 
            [frequency] => Monthly
            [gift] => 
            [gift_extra] => 
            [hide_name] => 
            [id] => 80fa9a8b-0969-4e95-be61-cd8bd29066d0
            [last_four_digits] => 
            [net_proceeds] => 40
            [organization_id] => bdf8150d-a701-4079-a797-69c5c4ff6535
            [payment_gateway_id] => 017412cb-396c-4cd3-b281-07dee953506d
            [payment_gateway_name] => Spreedly: AuthorizeNet
            [payment_transaction_id] => 6ba2d70e-28b2-42e2-a597-ffb84d94b9f5
            [recurring_count] => 11
            [reference_code] => websitedonatenewtab
            [sale_price] => 
            [schedule_id] => d2b02b2a-2620-409a-8d4f-8bb89949ff83
            [sms_keyword] => 
            [status] => complete
            [subtype] => echeck
            [transaction_set_id] => 80fa9a8b-0969-4e95-be61-cd8bd29066d0
            [tribute] => 
            [type] => cash
            [utm] => Array
                (
                    [campaign] => websitedonatenewtab
                    [content] => 
                    [medium] => website
                    [source] => jewsforjesus
                    [term] => 
                )

            [vendor_id] => 
        )

    [type] => transaction.completed
)
