Array
(
    [created] => 2020-01-01T09:20:39.182821+00:00
    [id] => f9cbb1da-2c77-11ea-baba-f2e467587223
    [payload] => Array
        (
            [additional_info] => 
            [address] => Array
                (
                    [city] => Hailey
                    [country] => US
                    [country_code] => US
                    [country_name] => United States
                    [state] => ID
                    [street] => 1760 Heroic Rd
                    [street2] => 
                    [title] => 
                    [zip] => 83333
                )

            [advocacy_program_id] => 
            [advocacy_program_name] => 
            [advocacy_team_id] => 
            [advocacy_team_name] => 
            [advocate] => 
            [advocate_id] => 
            [advocate_name] => 
            [campaign_id] => 
            [campaign_title] => 
            [card_type] => visa
            [check_number] => 
            [client_proceeds] => 25
            [contact] => Array
                (
                    [address] => Array
                        (
                            [city] => Hailey
                            [country] => US
                            [country_code] => US
                            [country_name] => United States
                            [state] => ID
                            [street] => 1760 Heroic Rd
                            [street2] => 
                            [title] => 
                            [zip] => 83333
                        )

                    [created] => 2019-06-07T23:08:02.924549+00:00
                    [email] => cassiejones168@gmail.com
                    [firstname] => Cassie
                    [lastname] => Jones
                    [middlename] => 
                    [phone] => 
                    [timezone] => America/Los_Angeles
                    [title] => 
                    [updated] => 2019-06-07T23:09:37.504313+00:00
                )

            [corporate_matching_record] => 
            [created] => 2020-01-01T09:20:38.879232+00:00
            [custom_note_1] => I have a special request or comment = 
            [custom_note_2] => 
            [custom_note_3] => 
            [custom_note_4] => 
            [custom_note_5] => 
            [description] => Cash Donation: $25.00
            [designation] => Array
                (
                    [code] => DEFAULT
                    [fund_id] => DEFAULT
                    [id] => d4c15680-8d55-4d98-b538-1aa1e1e57ef2
                    [title] => Where needed most
                )

            [designation_note] => 
            [donor_id] => 31934250-5bc4-4f4f-82bd-5e3b88997ea0
            [donor_paid_fee] => 
            [email_opt_in] => 
            [embed] => 
            [expiration_month] => 10
            [expiration_year] => 2020
            [external_tracking_id] => 62109150655
            [final_date] => 
            [frequency] => Monthly
            [gift] => 
            [gift_extra] => 
            [hide_name] => 
            [id] => f92dc2e2-b2d5-4794-99ed-f93e237562a7
            [last_four_digits] => 9014
            [net_proceeds] => 25
            [organization_id] => bdf8150d-a701-4079-a797-69c5c4ff6535
            [payment_gateway_id] => 017412cb-396c-4cd3-b281-07dee953506d
            [payment_gateway_name] => Spreedly: AuthorizeNet
            [payment_transaction_id] => dec10757-a107-4de8-baa6-2297d739dcf2
            [recurring_count] => 7
            [reference_code] =>  STNETREC
            [sale_price] => 
            [schedule_id] => 93beefb9-38e7-454a-91cb-3985803c6415
            [sms_keyword] => 
            [status] => complete
            [subtype] => credit
            [transaction_set_id] => f92dc2e2-b2d5-4794-99ed-f93e237562a7
            [tribute] => 
            [type] => cash
            [utm] => Array
                (
                    [campaign] => 
                    [content] => 
                    [medium] => 
                    [source] => 
                    [term] => 
                )

            [vendor_id] => 
        )

    [type] => transaction.completed
)
