Array
(
    [created] => 2020-01-01T09:02:53.587360+00:00
    [id] => 7ea6ba7e-2c75-11ea-baba-f2e467587223
    [payload] => Array
        (
            [additional_info] => 
            [address] => Array
                (
                    [city] => Lancaster
                    [country] => US
                    [country_code] => US
                    [country_name] => United States
                    [state] => OH
                    [street] => 236 King St.
                    [street2] => 
                    [title] => 
                    [zip] => 43130
                )

            [advocacy_program_id] => 
            [advocacy_program_name] => 
            [advocacy_team_id] => 
            [advocacy_team_name] => 
            [advocate] => 
            [advocate_id] => 
            [advocate_name] => 
            [campaign_id] => 
            [campaign_title] => 
            [card_type] => master
            [check_number] => 
            [client_proceeds] => 76
            [contact] => Array
                (
                    [address] => Array
                        (
                            [city] => Lancaster
                            [country] => US
                            [country_code] => US
                            [country_name] => United States
                            [state] => OH
                            [street] => 236 King St.
                            [street2] => 
                            [title] => 
                            [zip] => 43130
                        )

                    [created] => 2018-11-14T07:39:22.416194+00:00
                    [email] => ryan6m@yahoo.com
                    [firstname] => Ryan
                    [lastname] => Montgomery
                    [middlename] => 
                    [phone] => 7402777584
                    [timezone] => America/New_York
                    [title] => 
                    [updated] => 2019-10-01T18:17:38.294546+00:00
                )

            [corporate_matching_record] => 
            [created] => 2020-01-01T09:02:53.229911+00:00
            [custom_note_1] => 
            [custom_note_2] => 
            [custom_note_3] => 
            [custom_note_4] => 
            [custom_note_5] => 
            [description] => Cash Donation: $76.00
            [designation] => Array
                (
                    [code] => DEFAULT
                    [fund_id] => DEFAULT
                    [id] => d4c15680-8d55-4d98-b538-1aa1e1e57ef2
                    [title] => Where needed most
                )

            [designation_note] => 
            [donor_id] => 4fc8b3ef-341b-47cc-93d2-a6214681c418
            [donor_paid_fee] => 
            [email_opt_in] => 
            [embed] => 
            [expiration_month] => 10
            [expiration_year] => 2021
            [external_tracking_id] => 62109124241
            [final_date] => 
            [frequency] => Monthly
            [gift] => 
            [gift_extra] => 
            [hide_name] => 
            [id] => 13150c55-5567-4313-af1a-2a997e8e308d
            [last_four_digits] => 6824
            [net_proceeds] => 76
            [organization_id] => bdf8150d-a701-4079-a797-69c5c4ff6535
            [payment_gateway_id] => 017412cb-396c-4cd3-b281-07dee953506d
            [payment_gateway_name] => Spreedly: AuthorizeNet
            [payment_transaction_id] => d311aaae-6ba8-4736-9d18-7d3c16c226ae
            [recurring_count] => 4
            [reference_code] => 
            [sale_price] => 
            [schedule_id] => b4e5761a-5ab8-4786-a22d-862b711118c0
            [sms_keyword] => 
            [status] => complete
            [subtype] => credit
            [transaction_set_id] => 13150c55-5567-4313-af1a-2a997e8e308d
            [tribute] => 
            [type] => cash
            [utm] => Array
                (
                    [campaign] => 
                    [content] => 
                    [medium] => 
                    [source] => 
                    [term] => 
                )

            [vendor_id] => 
        )

    [type] => transaction.completed
)
