Array
(
    [created] => 2020-01-01T19:45:41.167673+00:00
    [id] => 4ab8748c-2ccf-11ea-ac5e-42b3da8e65bd
    [payload] => Array
        (
            [additional_info] => 
            [address] => Array
                (
                    [city] => Coeur d'Alene
                    [country] => US
                    [country_code] => US
                    [country_name] => United States
                    [state] => ID
                    [street] => 1508 E Stiner Ave
                    [street2] => 
                    [title] => Donation Address
                    [zip] => 83815
                )

            [advocacy_program_id] => 
            [advocacy_program_name] => 
            [advocacy_team_id] => 
            [advocacy_team_name] => 
            [advocate] => 
            [advocate_id] => 
            [advocate_name] => 
            [campaign_id] => 
            [campaign_title] => 
            [card_type] => visa
            [check_number] => 
            [client_proceeds] => 0
            [contact] => Array
                (
                    [address] => Array
                        (
                            [city] => Coeur d'Alene
                            [country] => US
                            [country_code] => US
                            [country_name] => United States
                            [state] => ID
                            [street] => 1508 E Stiner Ave
                            [street2] => 
                            [title] => 
                            [zip] => 83815
                        )

                    [created] => 2018-10-02T19:46:08.475586+00:00
                    [email] => esronningen@yahoo.com
                    [firstname] => Edwin
                    [lastname] => Ronningen
                    [middlename] => 
                    [phone] => +12082155352
                    [timezone] => America/Los_Angeles
                    [title] => 
                    [updated] => 2019-12-03T22:11:07.217182+00:00
                )

            [corporate_matching_record] => 
            [created] => 2020-01-01T19:45:40.867500+00:00
            [custom_note_1] => 
            [custom_note_2] => 
            [custom_note_3] => 
            [custom_note_4] => 
            [custom_note_5] => 
            [description] => Cash Multi-Donation [0/2]: $0.00/$125.00
            [designation] => Array
                (
                    [code] => 
                    [fund_id] => 
                    [id] => 
                    [title] => 
                )

            [designation_note] => 
            [donor_id] => acd2076b-acad-4503-b9e2-db50fcb12c7d
            [donor_paid_fee] => 
            [email_opt_in] => 
            [embed] => Array
                (
                    [id] => 9f092f15-ba22-4fdf-90c7-996c4b97f9d4
                    [name] => 1905 New Main DF v2
                )

            [expiration_month] => 11
            [expiration_year] => 2021
            [external_tracking_id] => 62110366571
            [final_date] => 2020-01-01T00:00:00+00:00
            [frequency] => Once
            [gift] => 
            [gift_extra] => 
            [hide_name] => 
            [id] => 8ffaae03-717a-49c5-bfd9-5370b9e8f022
            [last_four_digits] => 9851
            [net_proceeds] => 125
            [organization_id] => bdf8150d-a701-4079-a797-69c5c4ff6535
            [payment_gateway_id] => 017412cb-396c-4cd3-b281-07dee953506d
            [payment_gateway_name] => Spreedly: AuthorizeNet
            [payment_transaction_id] => a1ec4b90-15e3-4532-8665-57e754ef95df
            [recurring_count] => 
            [reference_code] => 
            [sale_price] => 
            [schedule_id] => 
            [sms_keyword] => 
            [status] => complete
            [subtype] => credit
            [transaction_set_id] => 8ffaae03-717a-49c5-bfd9-5370b9e8f022
            [tribute] => 
            [type] => cash
            [utm] => Array
                (
                    [campaign] => 
                    [content] => 
                    [medium] => 
                    [source] => 
                    [term] => 
                )

            [vendor_id] => 
        )

    [type] => transaction.completed
)
