Array
(
    [created] => 2019-12-19T17:04:48.080859+00:00
    [id] => a9a98ccc-2281-11ea-b7b6-52f02d9e6ae2
    [payload] => Array
        (
            [additional_info] => 
            [address] => Array
                (
                    [city] => elizabethton
                    [country] => US
                    [country_code] => US
                    [country_name] => United States
                    [state] => TN
                    [street] => 210 mountain view cir
                    [street2] => 
                    [title] => Donation Address
                    [zip] => 37643
                )

            [advocacy_program_id] => 
            [advocacy_program_name] => 
            [advocacy_team_id] => 
            [advocacy_team_name] => 
            [advocate] => 
            [advocate_id] => 
            [advocate_name] => 
            [campaign_id] => 
            [campaign_title] => 
            [card_type] => master
            [check_number] => 
            [client_proceeds] => 50
            [contact] => Array
                (
                    [address] => Array
                        (
                            [city] => elizabethton
                            [country] => US
                            [country_code] => US
                            [country_name] => United States
                            [state] => TN
                            [street] => 210 mountain view cir
                            [street2] => 
                            [title] => 
                            [zip] => 37643
                        )

                    [created] => 2019-12-19T17:04:45.083708+00:00
                    [email] => smcauley@fca.org
                    [firstname] => steve
                    [lastname] => mcauley
                    [middlename] => 
                    [phone] => 423-306-4889
                    [timezone] => America/New_York
                    [title] => 
                    [updated] => 2019-12-19T17:04:47.187530+00:00
                )

            [corporate_matching_record] => 
            [created] => 2019-12-19T17:04:47.277378+00:00
            [custom_note_1] => 
            [custom_note_2] => 
            [custom_note_3] => 
            [custom_note_4] => 
            [custom_note_5] => 
            [description] => Cash Donation: $50.00
            [designation] => Array
                (
                    [code] => DEFAULT
                    [fund_id] => DEFAULT
                    [id] => d4c15680-8d55-4d98-b538-1aa1e1e57ef2
                    [title] => Where needed most
                )

            [designation_note] => 
            [donor_id] => 92f73d08-b5ab-4288-a096-6eb38f49c9a2
            [donor_paid_fee] => 
            [email_opt_in] => 
            [embed] => Array
                (
                    [id] => 9f092f15-ba22-4fdf-90c7-996c4b97f9d4
                    [name] => 1905 New Main DF v2
                )

            [expiration_month] => 11
            [expiration_year] => 2020
            [external_tracking_id] => 62090660641
            [final_date] => 2019-12-19T00:00:00+00:00
            [frequency] => Once
            [gift] => 
            [gift_extra] => 
            [hide_name] => 
            [id] => 26b0c377-56b0-46d0-9b65-3cc259cbe535
            [last_four_digits] => 3765
            [net_proceeds] => 50
            [organization_id] => bdf8150d-a701-4079-a797-69c5c4ff6535
            [payment_gateway_id] => 017412cb-396c-4cd3-b281-07dee953506d
            [payment_gateway_name] => Spreedly: AuthorizeNet
            [payment_transaction_id] => 0010d9a8-1a82-40f8-8915-4b193bcc7ea4
            [recurring_count] => 
            [reference_code] => 
            [sale_price] => 
            [schedule_id] => 
            [sms_keyword] => 
            [status] => complete
            [subtype] => credit
            [transaction_set_id] => 26b0c377-56b0-46d0-9b65-3cc259cbe535
            [tribute] => 
            [type] => cash
            [utm] => Array
                (
                    [campaign] => 
                    [content] => 
                    [medium] => 
                    [source] => 
                    [term] => 
                )

            [vendor_id] => 
        )

    [type] => transaction.completed
)
