Array
(
    [created] => 2020-01-01T09:17:58.942701+00:00
    [id] => 9a48fe48-2c77-11ea-baba-f2e467587223
    [payload] => Array
        (
            [additional_info] => 
            [address] => Array
                (
                    [city] => Wetumpka
                    [country] => 
                    [country_code] => 
                    [country_name] => 
                    [state] => Alabama
                    [street] => 258 Southern Hills Dr
                    [street2] => 
                    [title] => 
                    [zip] => 36093-2962
                )

            [advocacy_program_id] => 
            [advocacy_program_name] => 
            [advocacy_team_id] => 
            [advocacy_team_name] => 
            [advocate] => 
            [advocate_id] => 
            [advocate_name] => 
            [campaign_id] => 
            [campaign_title] => 
            [card_type] => 
            [check_number] => 
            [client_proceeds] => 40
            [contact] => Array
                (
                    [address] => Array
                        (
                            [city] => Wetumpka
                            [country] => 
                            [country_code] => 
                            [country_name] => 
                            [state] => Alabama
                            [street] => 258 Southern Hills Dr
                            [street2] => 
                            [title] => 
                            [zip] => 36093-2962
                        )

                    [created] => 2018-10-01T17:40:35.269074+00:00
                    [email] => ordfam7700@gmail.com
                    [firstname] => Natalie
                    [lastname] => Ord
                    [middlename] => 
                    [phone] => (334) 301-9089
                    [timezone] => 
                    [title] => 
                    [updated] => 2018-11-14T07:38:46.001709+00:00
                )

            [corporate_matching_record] => 
            [created] => 2020-01-01T09:17:58.801320+00:00
            [custom_note_1] => 
            [custom_note_2] => 
            [custom_note_3] => 
            [custom_note_4] => 
            [custom_note_5] => 
            [description] => Cash Donation: $40.00
            [designation] => Array
                (
                    [code] => DEFAULT
                    [fund_id] => DEFAULT
                    [id] => d4c15680-8d55-4d98-b538-1aa1e1e57ef2
                    [title] => Where needed most
                )

            [designation_note] => 
            [donor_id] => 2d0addbf-7b28-4365-8e0f-0daf7c4771c2
            [donor_paid_fee] => 
            [email_opt_in] => 
            [embed] => 
            [expiration_month] => 
            [expiration_year] => 
            [external_tracking_id] => 62109146831
            [final_date] => 
            [frequency] => Monthly
            [gift] => 
            [gift_extra] => 
            [hide_name] => 
            [id] => 7e293f77-55df-447e-b505-7cf5a721979f
            [last_four_digits] => 
            [net_proceeds] => 40
            [organization_id] => bdf8150d-a701-4079-a797-69c5c4ff6535
            [payment_gateway_id] => 017412cb-396c-4cd3-b281-07dee953506d
            [payment_gateway_name] => Spreedly: AuthorizeNet
            [payment_transaction_id] => 01d56e1b-5bef-429c-a514-89052daf3293
            [recurring_count] => 16
            [reference_code] => 
            [sale_price] => 
            [schedule_id] => 9f9eb6c6-6ed4-4183-bbc3-8257a30b65ec
            [sms_keyword] => 
            [status] => complete
            [subtype] => credit
            [transaction_set_id] => 7e293f77-55df-447e-b505-7cf5a721979f
            [tribute] => 
            [type] => cash
            [utm] => Array
                (
                    [campaign] => 
                    [content] => 
                    [medium] => 
                    [source] => 
                    [term] => 
                )

            [vendor_id] => 
        )

    [type] => transaction.completed
)
