Array
(
    [created] => 2020-01-01T08:58:58.486522+00:00
    [id] => f28530a2-2c74-11ea-baba-f2e467587223
    [payload] => Array
        (
            [additional_info] => 
            [address] => Array
                (
                    [city] => Bozeman
                    [country] => US
                    [country_code] => US
                    [country_name] => United States
                    [state] => MT
                    [street] => 1 Indian Paintbrush Dr
                    [street2] => 
                    [title] => 
                    [zip] => 59718
                )

            [advocacy_program_id] => 
            [advocacy_program_name] => 
            [advocacy_team_id] => 
            [advocacy_team_name] => 
            [advocate] => 
            [advocate_id] => 
            [advocate_name] => 
            [campaign_id] => 
            [campaign_title] => 
            [card_type] => visa
            [check_number] => 
            [client_proceeds] => 100
            [contact] => Array
                (
                    [address] => Array
                        (
                            [city] => Bozeman
                            [country] => US
                            [country_code] => US
                            [country_name] => United States
                            [state] => MT
                            [street] => 1 Indian Paintbrush Dr
                            [street2] => 
                            [title] => 
                            [zip] => 59718
                        )

                    [created] => 2019-10-17T19:38:21.944683+00:00
                    [email] => caroljsanford@hotmail.com
                    [firstname] => Carol J.
                    [lastname] => Sanford
                    [middlename] => 
                    [phone] => 
                    [timezone] => 
                    [title] => 
                    [updated] => 2019-10-17T19:38:22.193857+00:00
                )

            [corporate_matching_record] => 
            [created] => 2020-01-01T08:58:58.201267+00:00
            [custom_note_1] => I have a special request or comment = 
            [custom_note_2] => 
            [custom_note_3] => 
            [custom_note_4] => 
            [custom_note_5] => 
            [description] => Cash Donation: $100.00
            [designation] => Array
                (
                    [code] => DEFAULT
                    [fund_id] => DEFAULT
                    [id] => d4c15680-8d55-4d98-b538-1aa1e1e57ef2
                    [title] => Where needed most
                )

            [designation_note] => 
            [donor_id] => f9c736ce-f364-4b10-baed-3bbbc43b2203
            [donor_paid_fee] => 
            [email_opt_in] => 
            [embed] => 
            [expiration_month] => 8
            [expiration_year] => 2022
            [external_tracking_id] => 62109117326
            [final_date] => 
            [frequency] => Monthly
            [gift] => 
            [gift_extra] => 
            [hide_name] => 
            [id] => cb68da6a-074a-4c14-a388-d416dbe1eab0
            [last_four_digits] => 4407
            [net_proceeds] => 100
            [organization_id] => bdf8150d-a701-4079-a797-69c5c4ff6535
            [payment_gateway_id] => 017412cb-396c-4cd3-b281-07dee953506d
            [payment_gateway_name] => Spreedly: AuthorizeNet
            [payment_transaction_id] => a02f102a-a29d-4d88-8dbc-2520b45d9cbd
            [recurring_count] => 3
            [reference_code] =>  STNETREC
            [sale_price] => 
            [schedule_id] => 2323e124-3938-46a5-9397-0f51f698dbf4
            [sms_keyword] => 
            [status] => complete
            [subtype] => credit
            [transaction_set_id] => cb68da6a-074a-4c14-a388-d416dbe1eab0
            [tribute] => 
            [type] => cash
            [utm] => Array
                (
                    [campaign] => 
                    [content] => 
                    [medium] => 
                    [source] => 
                    [term] => 
                )

            [vendor_id] => 
        )

    [type] => transaction.completed
)
