Array
(
    [created] => 2020-01-01T21:30:15.231130+00:00
    [id] => e65a90e2-2cdd-11ea-8348-6a1086d9a102
    [payload] => Array
        (
            [additional_info] => 
            [address] => Array
                (
                    [city] => Harker Heights
                    [country] => US
                    [country_code] => US
                    [country_name] => United States
                    [state] => TX
                    [street] => 809 Vintage Way
                    [street2] => 
                    [title] => Donation Address
                    [zip] => 76548
                )

            [advocacy_program_id] => 
            [advocacy_program_name] => 
            [advocacy_team_id] => 
            [advocacy_team_name] => 
            [advocate] => 
            [advocate_id] => 
            [advocate_name] => 
            [campaign_id] => 
            [campaign_title] => 
            [card_type] => visa
            [check_number] => 
            [client_proceeds] => 100
            [contact] => Array
                (
                    [address] => Array
                        (
                            [city] => Harker Heights
                            [country] => US
                            [country_code] => US
                            [country_name] => United States
                            [state] => TX
                            [street] => 809 Vintage Way
                            [street2] => 
                            [title] => 
                            [zip] => 76548
                        )

                    [created] => 2018-10-04T02:26:19.486474+00:00
                    [email] => maximo.lopezj7@gmail.com
                    [firstname] => Maximo
                    [lastname] => Lopez
                    [middlename] => 
                    [phone] => 2103658280
                    [timezone] => America/Chicago
                    [title] => 
                    [updated] => 2020-01-01T21:30:14.847398+00:00
                )

            [corporate_matching_record] => 
            [created] => 2020-01-01T21:30:14.864841+00:00
            [custom_note_1] => 
            [custom_note_2] => 
            [custom_note_3] => 
            [custom_note_4] => 
            [custom_note_5] => 
            [description] => Cash Donation: $100.00
            [designation] => Array
                (
                    [code] => DEFAULT
                    [fund_id] => DEFAULT
                    [id] => d4c15680-8d55-4d98-b538-1aa1e1e57ef2
                    [title] => Where needed most
                )

            [designation_note] => 
            [donor_id] => 3a802c34-7f73-4209-ba2c-d6f2966e46d6
            [donor_paid_fee] => 
            [email_opt_in] => 
            [embed] => Array
                (
                    [id] => 9f092f15-ba22-4fdf-90c7-996c4b97f9d4
                    [name] => 1905 New Main DF v2
                )

            [expiration_month] => 1
            [expiration_year] => 2024
            [external_tracking_id] => 62110484316
            [final_date] => 2020-01-01T00:00:00+00:00
            [frequency] => Once
            [gift] => 
            [gift_extra] => 
            [hide_name] => 
            [id] => c2095200-7184-42ad-974a-efaa751d1fdd
            [last_four_digits] => 6410
            [net_proceeds] => 100
            [organization_id] => bdf8150d-a701-4079-a797-69c5c4ff6535
            [payment_gateway_id] => 017412cb-396c-4cd3-b281-07dee953506d
            [payment_gateway_name] => Spreedly: AuthorizeNet
            [payment_transaction_id] => c8e124ed-07d3-4ade-af01-a88d8f121c1f
            [recurring_count] => 
            [reference_code] => 
            [sale_price] => 
            [schedule_id] => 
            [sms_keyword] => 
            [status] => complete
            [subtype] => credit
            [transaction_set_id] => c2095200-7184-42ad-974a-efaa751d1fdd
            [tribute] => 
            [type] => cash
            [utm] => Array
                (
                    [campaign] => 
                    [content] => 
                    [medium] => 
                    [source] => 
                    [term] => 
                )

            [vendor_id] => 
        )

    [type] => transaction.completed
)
