Array
(
    [created] => 2020-01-01T09:17:43.340508+00:00
    [id] => 90fc48ae-2c77-11ea-baba-f2e467587223
    [payload] => Array
        (
            [additional_info] => 
            [address] => Array
                (
                    [city] => Daly City
                    [country] => US
                    [country_code] => US
                    [country_name] => United States
                    [state] => CA
                    [street] => 417 San Diego Ave
                    [street2] => 
                    [title] => 
                    [zip] => 94014
                )

            [advocacy_program_id] => 
            [advocacy_program_name] => 
            [advocacy_team_id] => 
            [advocacy_team_name] => 
            [advocate] => 
            [advocate_id] => 
            [advocate_name] => 
            [campaign_id] => 
            [campaign_title] => 
            [card_type] => visa
            [check_number] => 
            [client_proceeds] => 20
            [contact] => Array
                (
                    [address] => Array
                        (
                            [city] => Daly City
                            [country] => US
                            [country_code] => US
                            [country_name] => United States
                            [state] => CA
                            [street] => 417 San Diego Ave
                            [street2] => 
                            [title] => 
                            [zip] => 94014
                        )

                    [created] => 2019-05-02T20:28:48.928306+00:00
                    [email] => sam-me-sam@hotmail.com
                    [firstname] => Samuel
                    [lastname] => Sanciango
                    [middlename] => 
                    [phone] => 
                    [timezone] => 
                    [title] => 
                    [updated] => 2019-05-02T20:28:49.202243+00:00
                )

            [corporate_matching_record] => 
            [created] => 2020-01-01T09:17:43.003709+00:00
            [custom_note_1] => I have a special request or comment = 
            [custom_note_2] => 
            [custom_note_3] => 
            [custom_note_4] => 
            [custom_note_5] => 
            [description] => Cash Donation: $20.00
            [designation] => Array
                (
                    [code] => DEFAULT
                    [fund_id] => DEFAULT
                    [id] => d4c15680-8d55-4d98-b538-1aa1e1e57ef2
                    [title] => Where needed most
                )

            [designation_note] => 
            [donor_id] => e8aeb292-c1f7-40bf-8933-23933dc4f8ab
            [donor_paid_fee] => 
            [email_opt_in] => 
            [embed] => 
            [expiration_month] => 7
            [expiration_year] => 2024
            [external_tracking_id] => 62109146472
            [final_date] => 
            [frequency] => Monthly
            [gift] => 
            [gift_extra] => 
            [hide_name] => 
            [id] => 57bc5dcc-1c82-4e51-ad57-d6e135d10022
            [last_four_digits] => 8326
            [net_proceeds] => 20
            [organization_id] => bdf8150d-a701-4079-a797-69c5c4ff6535
            [payment_gateway_id] => 017412cb-396c-4cd3-b281-07dee953506d
            [payment_gateway_name] => Spreedly: AuthorizeNet
            [payment_transaction_id] => d088270a-cfa9-4ecb-a94c-23117c6d9c33
            [recurring_count] => 8
            [reference_code] =>  STNETREC
            [sale_price] => 
            [schedule_id] => b51762c4-861b-41a5-a31f-4816d74ac901
            [sms_keyword] => 
            [status] => complete
            [subtype] => credit
            [transaction_set_id] => 57bc5dcc-1c82-4e51-ad57-d6e135d10022
            [tribute] => 
            [type] => cash
            [utm] => Array
                (
                    [campaign] => 
                    [content] => 
                    [medium] => 
                    [source] => 
                    [term] => 
                )

            [vendor_id] => 
        )

    [type] => transaction.completed
)
