Array
(
    [created] => 2020-01-01T09:46:01.328414+00:00
    [id] => 8510ad60-2c7b-11ea-baba-f2e467587223
    [payload] => Array
        (
            [additional_info] => 
            [address] => Array
                (
                    [city] => Huntingtown
                    [country] => US
                    [country_code] => US
                    [country_name] => United States
                    [state] => MD
                    [street] => 3420 Black Oak Ct
                    [street2] => 
                    [title] => 
                    [zip] => 20639
                )

            [advocacy_program_id] => 
            [advocacy_program_name] => 
            [advocacy_team_id] => 
            [advocacy_team_name] => 
            [advocate] => 
            [advocate_id] => 
            [advocate_name] => 
            [campaign_id] => 
            [campaign_title] => 
            [card_type] => visa
            [check_number] => 
            [client_proceeds] => 30
            [contact] => Array
                (
                    [address] => Array
                        (
                            [city] => Huntingtown
                            [country] => US
                            [country_code] => US
                            [country_name] => United States
                            [state] => MD
                            [street] => 3420 Black Oak Ct
                            [street2] => 
                            [title] => 
                            [zip] => 20639
                        )

                    [created] => 2017-08-29T12:19:35.824268+00:00
                    [email] => robertjodoin63@gmail.com
                    [firstname] => Robert
                    [lastname] => Jodoin
                    [middlename] => 
                    [phone] => 
                    [timezone] => America/New_York
                    [title] => 
                    [updated] => 2019-05-02T20:33:27.004666+00:00
                )

            [corporate_matching_record] => 
            [created] => 2020-01-01T09:46:01.003991+00:00
            [custom_note_1] => I have a special request or comment = 
            [custom_note_2] => 
            [custom_note_3] => 
            [custom_note_4] => 
            [custom_note_5] => 
            [description] => Cash Donation: $30.00
            [designation] => Array
                (
                    [code] => DEFAULT
                    [fund_id] => DEFAULT
                    [id] => d4c15680-8d55-4d98-b538-1aa1e1e57ef2
                    [title] => Where needed most
                )

            [designation_note] => 
            [donor_id] => be9007d6-93cc-4a31-8ffe-f7a19b9c41f3
            [donor_paid_fee] => 
            [email_opt_in] => 
            [embed] => 
            [expiration_month] => 7
            [expiration_year] => 2022
            [external_tracking_id] => 62109201212
            [final_date] => 
            [frequency] => Monthly
            [gift] => 
            [gift_extra] => 
            [hide_name] => 
            [id] => 9107d4fd-a684-47d0-b084-572cdcbd1be7
            [last_four_digits] => 2703
            [net_proceeds] => 30
            [organization_id] => bdf8150d-a701-4079-a797-69c5c4ff6535
            [payment_gateway_id] => 017412cb-396c-4cd3-b281-07dee953506d
            [payment_gateway_name] => Spreedly: AuthorizeNet
            [payment_transaction_id] => eeaf876a-82b8-47e6-ad2f-4179ae36a500
            [recurring_count] => 8
            [reference_code] =>  STNETREC
            [sale_price] => 
            [schedule_id] => 5a96bdf2-4a4e-427e-bc23-8a8accd369e0
            [sms_keyword] => 
            [status] => complete
            [subtype] => credit
            [transaction_set_id] => 9107d4fd-a684-47d0-b084-572cdcbd1be7
            [tribute] => 
            [type] => cash
            [utm] => Array
                (
                    [campaign] => 
                    [content] => 
                    [medium] => 
                    [source] => 
                    [term] => 
                )

            [vendor_id] => 
        )

    [type] => transaction.completed
)
