Array
(
    [created] => 2020-01-01T17:21:03.212753+00:00
    [id] => 16419ef4-2cbb-11ea-bf0b-a2ba889277d9
    [payload] => Array
        (
            [additional_info] => 
            [address] => Array
                (
                    [city] => CONCORD
                    [country] => US
                    [country_code] => US
                    [country_name] => United States
                    [state] => CA
                    [street] => 1919 JACQUELINE WAY
                    [street2] => 
                    [title] => Donation Address
                    [zip] => 94519
                )

            [advocacy_program_id] => 
            [advocacy_program_name] => 
            [advocacy_team_id] => 
            [advocacy_team_name] => 
            [advocate] => 
            [advocate_id] => 
            [advocate_name] => 
            [campaign_id] => 
            [campaign_title] => 
            [card_type] => visa
            [check_number] => 
            [client_proceeds] => 20
            [contact] => Array
                (
                    [address] => Array
                        (
                            [city] => CONCORD
                            [country] => US
                            [country_code] => US
                            [country_name] => United States
                            [state] => CA
                            [street] => 1919 JACQUELINE WAY
                            [street2] => 
                            [title] => 
                            [zip] => 94519
                        )

                    [created] => 2018-10-06T02:18:03.688546+00:00
                    [email] => 3mcnamaras@att.net
                    [firstname] => Ruth
                    [lastname] => McNamara
                    [middlename] => 
                    [phone] => 9256854189
                    [timezone] => America/Los_Angeles
                    [title] => 
                    [updated] => 2020-01-01T17:21:02.686478+00:00
                )

            [corporate_matching_record] => 
            [created] => 2020-01-01T17:21:02.711871+00:00
            [custom_note_1] => 
            [custom_note_2] => 
            [custom_note_3] => 
            [custom_note_4] => 
            [custom_note_5] => 
            [description] => Cash Donation: $20.00
            [designation] => Array
                (
                    [code] => DEFAULT
                    [fund_id] => DEFAULT
                    [id] => d4c15680-8d55-4d98-b538-1aa1e1e57ef2
                    [title] => Where needed most
                )

            [designation_note] => 
            [donor_id] => d90c8977-04ef-464e-bf6f-cd62732b6ead
            [donor_paid_fee] => 
            [email_opt_in] => 
            [embed] => Array
                (
                    [id] => 9f092f15-ba22-4fdf-90c7-996c4b97f9d4
                    [name] => 1905 New Main DF v2
                )

            [expiration_month] => 5
            [expiration_year] => 2023
            [external_tracking_id] => 62110147163
            [final_date] => 2020-01-01T00:00:00+00:00
            [frequency] => Once
            [gift] => 
            [gift_extra] => 
            [hide_name] => 
            [id] => cf147b16-8adb-417f-8352-8092772f111e
            [last_four_digits] => 3271
            [net_proceeds] => 20
            [organization_id] => bdf8150d-a701-4079-a797-69c5c4ff6535
            [payment_gateway_id] => 017412cb-396c-4cd3-b281-07dee953506d
            [payment_gateway_name] => Spreedly: AuthorizeNet
            [payment_transaction_id] => be5d533d-3bdd-41c6-b671-1bcf296daec3
            [recurring_count] => 
            [reference_code] => 
            [sale_price] => 
            [schedule_id] => 
            [sms_keyword] => 
            [status] => complete
            [subtype] => credit
            [transaction_set_id] => cf147b16-8adb-417f-8352-8092772f111e
            [tribute] => 
            [type] => cash
            [utm] => Array
                (
                    [campaign] => 
                    [content] => 
                    [medium] => 
                    [source] => 
                    [term] => 
                )

            [vendor_id] => 
        )

    [type] => transaction.completed
)
