Array
(
    [created] => 2020-01-01T09:18:55.620265+00:00
    [id] => bc114d96-2c77-11ea-baba-f2e467587223
    [payload] => Array
        (
            [additional_info] => 
            [address] => Array
                (
                    [city] => Missouri City
                    [country] => US
                    [country_code] => US
                    [country_name] => United States
                    [state] => TX
                    [street] => 803 Bull Lane
                    [street2] => 
                    [title] => 
                    [zip] => 77489
                )

            [advocacy_program_id] => 
            [advocacy_program_name] => 
            [advocacy_team_id] => 
            [advocacy_team_name] => 
            [advocate] => 
            [advocate_id] => 
            [advocate_name] => 
            [campaign_id] => 
            [campaign_title] => 
            [card_type] => visa
            [check_number] => 
            [client_proceeds] => 20
            [contact] => Array
                (
                    [address] => Array
                        (
                            [city] => Missouri City
                            [country] => US
                            [country_code] => US
                            [country_name] => United States
                            [state] => TX
                            [street] => 803 Bull Lane
                            [street2] => 
                            [title] => 
                            [zip] => 77489
                        )

                    [created] => 2018-10-01T17:40:35.269074+00:00
                    [email] => sandi_e_777@yahoo.com
                    [firstname] => Sandi
                    [lastname] => Evans
                    [middlename] => 
                    [phone] => 2812455984
                    [timezone] => America/Chicago
                    [title] => 
                    [updated] => 2019-08-01T19:05:08.158294+00:00
                )

            [corporate_matching_record] => 
            [created] => 2020-01-01T09:18:55.366168+00:00
            [custom_note_1] => 
            [custom_note_2] => 
            [custom_note_3] => 
            [custom_note_4] => 
            [custom_note_5] => 
            [description] => Cash Donation: $20.00
            [designation] => Array
                (
                    [code] => DEFAULT
                    [fund_id] => DEFAULT
                    [id] => d4c15680-8d55-4d98-b538-1aa1e1e57ef2
                    [title] => Where needed most
                )

            [designation_note] => 
            [donor_id] => 5ce0dc9a-7f50-4387-811a-57493517c7da
            [donor_paid_fee] => 
            [email_opt_in] => 
            [embed] => 
            [expiration_month] => 10
            [expiration_year] => 2023
            [external_tracking_id] => 62109148191
            [final_date] => 
            [frequency] => Monthly
            [gift] => 
            [gift_extra] => 
            [hide_name] => 
            [id] => 3cd3c79a-c96d-4bea-9783-919a539dcaa4
            [last_four_digits] => 3522
            [net_proceeds] => 20
            [organization_id] => bdf8150d-a701-4079-a797-69c5c4ff6535
            [payment_gateway_id] => 017412cb-396c-4cd3-b281-07dee953506d
            [payment_gateway_name] => Spreedly: AuthorizeNet
            [payment_transaction_id] => f4529d72-25db-478f-b8dd-facddc26040f
            [recurring_count] => 6
            [reference_code] => 
            [sale_price] => 
            [schedule_id] => 26a5ed8a-2665-4e17-b81e-6cac381f59b0
            [sms_keyword] => 
            [status] => complete
            [subtype] => credit
            [transaction_set_id] => 3cd3c79a-c96d-4bea-9783-919a539dcaa4
            [tribute] => 
            [type] => cash
            [utm] => Array
                (
                    [campaign] => 
                    [content] => 
                    [medium] => 
                    [source] => 
                    [term] => 
                )

            [vendor_id] => 
        )

    [type] => transaction.completed
)
