Array
(
    [created] => 2020-01-01T09:27:38.106296+00:00
    [id] => f37e580e-2c78-11ea-baba-f2e467587223
    [payload] => Array
        (
            [additional_info] => 
            [address] => Array
                (
                    [city] => Artesia
                    [country] => US
                    [country_code] => US
                    [country_name] => United States
                    [state] => CA
                    [street] => 11402 176th St
                    [street2] => 
                    [title] => 
                    [zip] => 90701-3847
                )

            [advocacy_program_id] => 
            [advocacy_program_name] => 
            [advocacy_team_id] => 
            [advocacy_team_name] => 
            [advocate] => 
            [advocate_id] => 
            [advocate_name] => 
            [campaign_id] => 
            [campaign_title] => 
            [card_type] => american_express
            [check_number] => 
            [client_proceeds] => 100
            [contact] => Array
                (
                    [address] => Array
                        (
                            [city] => Artesia
                            [country] => US
                            [country_code] => US
                            [country_name] => United States
                            [state] => CA
                            [street] => 11402 176th St
                            [street2] => 
                            [title] => 
                            [zip] => 90701-3847
                        )

                    [created] => 2019-02-15T22:19:35.655615+00:00
                    [email] => gastongueye@yahoo.com
                    [firstname] => gaston
                    [lastname] => gueye
                    [middlename] => 
                    [phone] => 3105280680
                    [timezone] => 
                    [title] => 
                    [updated] => 2019-02-15T22:19:35.871428+00:00
                )

            [corporate_matching_record] => 
            [created] => 2020-01-01T09:27:37.843402+00:00
            [custom_note_1] => 
            [custom_note_2] => 
            [custom_note_3] => 
            [custom_note_4] => 
            [custom_note_5] => 
            [description] => Cash Donation: $100.00
            [designation] => Array
                (
                    [code] => DEFAULT
                    [fund_id] => DEFAULT
                    [id] => d4c15680-8d55-4d98-b538-1aa1e1e57ef2
                    [title] => Where needed most
                )

            [designation_note] => 
            [donor_id] => dcf7be3f-3a27-4a3d-96f0-a77542639293
            [donor_paid_fee] => 
            [email_opt_in] => 
            [embed] => 
            [expiration_month] => 1
            [expiration_year] => 2024
            [external_tracking_id] => 62109160707
            [final_date] => 
            [frequency] => Monthly
            [gift] => 
            [gift_extra] => 
            [hide_name] => 
            [id] => bbc8af4f-4a95-41f2-8ebc-9a96aeee2005
            [last_four_digits] => 1004
            [net_proceeds] => 100
            [organization_id] => bdf8150d-a701-4079-a797-69c5c4ff6535
            [payment_gateway_id] => 017412cb-396c-4cd3-b281-07dee953506d
            [payment_gateway_name] => Spreedly: AuthorizeNet
            [payment_transaction_id] => aa1f73ca-b74e-4f14-9f50-eb7e99fe4b68
            [recurring_count] => 11
            [reference_code] => STNETDON
            [sale_price] => 
            [schedule_id] => 27c91fed-3614-4ee4-829d-e51276f3bd95
            [sms_keyword] => 
            [status] => complete
            [subtype] => credit
            [transaction_set_id] => bbc8af4f-4a95-41f2-8ebc-9a96aeee2005
            [tribute] => 
            [type] => cash
            [utm] => Array
                (
                    [campaign] => 
                    [content] => 
                    [medium] => 
                    [source] => 
                    [term] => 
                )

            [vendor_id] => 
        )

    [type] => transaction.completed
)
