Array
(
    [created] => 2020-01-01T09:23:19.582625+00:00
    [id] => 5966c33c-2c78-11ea-baba-f2e467587223
    [payload] => Array
        (
            [additional_info] => 
            [address] => Array
                (
                    [city] => Catonsville
                    [country] => 
                    [country_code] => 
                    [country_name] => 
                    [state] => Maryland
                    [street] => 12 Park Dr
                    [street2] => 
                    [title] => 
                    [zip] => 21228
                )

            [advocacy_program_id] => 
            [advocacy_program_name] => 
            [advocacy_team_id] => 
            [advocacy_team_name] => 
            [advocate] => 
            [advocate_id] => 
            [advocate_name] => 
            [campaign_id] => 
            [campaign_title] => 
            [card_type] => 
            [check_number] => 
            [client_proceeds] => 50
            [contact] => Array
                (
                    [address] => Array
                        (
                            [city] => Catonsville
                            [country] => 
                            [country_code] => 
                            [country_name] => 
                            [state] => Maryland
                            [street] => 12 Park Dr
                            [street2] => 
                            [title] => 
                            [zip] => 21228
                        )

                    [created] => 2016-12-25T16:30:19.839251+00:00
                    [email] => kathyshive@gmail.com
                    [firstname] => Kathryn
                    [lastname] => Shive
                    [middlename] => 
                    [phone] => 
                    [timezone] => America/New_York
                    [title] => 
                    [updated] => 2018-10-01T17:40:50.245841+00:00
                )

            [corporate_matching_record] => 
            [created] => 2020-01-01T09:23:19.388428+00:00
            [custom_note_1] => 
            [custom_note_2] => 
            [custom_note_3] => 
            [custom_note_4] => 
            [custom_note_5] => 
            [description] => Cash Donation: $50.00
            [designation] => Array
                (
                    [code] => erblac
                    [fund_id] => erblac
                    [id] => 4412a622-e2b3-47d1-a882-3280a0a3aaf9
                    [title] => Black, Eryn & Elizabeth
                )

            [designation_note] => 
            [donor_id] => 1c9d1c33-1cfc-4a4c-972b-f5a3a1708cbf
            [donor_paid_fee] => 
            [email_opt_in] => 
            [embed] => 
            [expiration_month] => 
            [expiration_year] => 
            [external_tracking_id] => 62109154370
            [final_date] => 
            [frequency] => Monthly
            [gift] => 
            [gift_extra] => 
            [hide_name] => 
            [id] => b1bf808d-7246-4f92-b517-9c58a4b13f1e
            [last_four_digits] => 
            [net_proceeds] => 50
            [organization_id] => bdf8150d-a701-4079-a797-69c5c4ff6535
            [payment_gateway_id] => 017412cb-396c-4cd3-b281-07dee953506d
            [payment_gateway_name] => Spreedly: AuthorizeNet
            [payment_transaction_id] => 2d9dacc6-7117-426f-aa12-1408012b7461
            [recurring_count] => 16
            [reference_code] => 
            [sale_price] => 
            [schedule_id] => 36b95ab1-15f0-4868-a284-53d403f1941b
            [sms_keyword] => 
            [status] => complete
            [subtype] => credit
            [transaction_set_id] => b1bf808d-7246-4f92-b517-9c58a4b13f1e
            [tribute] => 
            [type] => cash
            [utm] => Array
                (
                    [campaign] => 
                    [content] => 
                    [medium] => 
                    [source] => 
                    [term] => 
                )

            [vendor_id] => 
        )

    [type] => transaction.completed
)
