Array
(
    [created] => 2020-01-01T09:13:48.767426+00:00
    [id] => 052b4672-2c77-11ea-baba-f2e467587223
    [payload] => Array
        (
            [additional_info] => 
            [address] => Array
                (
                    [city] => Naples
                    [country] => 
                    [country_code] => 
                    [country_name] => 
                    [state] => Florida
                    [street] => 3036 44th St SW
                    [street2] => 
                    [title] => 
                    [zip] => 34116-8204
                )

            [advocacy_program_id] => 
            [advocacy_program_name] => 
            [advocacy_team_id] => 
            [advocacy_team_name] => 
            [advocate] => 
            [advocate_id] => 
            [advocate_name] => 
            [campaign_id] => 
            [campaign_title] => 
            [card_type] => 
            [check_number] => 
            [client_proceeds] => 50
            [contact] => Array
                (
                    [address] => Array
                        (
                            [city] => Naples
                            [country] => 
                            [country_code] => 
                            [country_name] => 
                            [state] => Florida
                            [street] => 3036 44th St SW
                            [street2] => 
                            [title] => 
                            [zip] => 34116-8204
                        )

                    [created] => 2018-10-01T17:40:35.269074+00:00
                    [email] => laroisl@aol.com
                    [firstname] => Saundra
                    [lastname] => Lockwood
                    [middlename] => 
                    [phone] => (239) 687-9702
                    [timezone] => 
                    [title] => 
                    [updated] => 2018-11-14T10:04:24.722289+00:00
                )

            [corporate_matching_record] => 
            [created] => 2020-01-01T09:13:48.607791+00:00
            [custom_note_1] => 
            [custom_note_2] => 
            [custom_note_3] => 
            [custom_note_4] => 
            [custom_note_5] => 
            [description] => Cash Donation: $50.00
            [designation] => Array
                (
                    [code] => DEFAULT
                    [fund_id] => DEFAULT
                    [id] => d4c15680-8d55-4d98-b538-1aa1e1e57ef2
                    [title] => Where needed most
                )

            [designation_note] => 
            [donor_id] => 8ce92ff3-43d1-4e45-83ab-93830e652819
            [donor_paid_fee] => 
            [email_opt_in] => 
            [embed] => 
            [expiration_month] => 
            [expiration_year] => 
            [external_tracking_id] => 62109140802
            [final_date] => 
            [frequency] => Monthly
            [gift] => 
            [gift_extra] => 
            [hide_name] => 
            [id] => c1ae0277-f41c-4706-9590-7e9e36bed658
            [last_four_digits] => 
            [net_proceeds] => 50
            [organization_id] => bdf8150d-a701-4079-a797-69c5c4ff6535
            [payment_gateway_id] => 017412cb-396c-4cd3-b281-07dee953506d
            [payment_gateway_name] => Spreedly: AuthorizeNet
            [payment_transaction_id] => 06ee938b-42fe-4c89-a661-6098d4b3f16e
            [recurring_count] => 16
            [reference_code] => 
            [sale_price] => 
            [schedule_id] => a6dd82b3-46cc-4a09-9d7a-fab7c96b89be
            [sms_keyword] => 
            [status] => complete
            [subtype] => credit
            [transaction_set_id] => c1ae0277-f41c-4706-9590-7e9e36bed658
            [tribute] => 
            [type] => cash
            [utm] => Array
                (
                    [campaign] => 
                    [content] => 
                    [medium] => 
                    [source] => 
                    [term] => 
                )

            [vendor_id] => 
        )

    [type] => transaction.completed
)
