Array
(
    [created] => 2020-01-01T16:45:38.619353+00:00
    [id] => 23e6622e-2cb6-11ea-87bc-a2ba889277d9
    [payload] => Array
        (
            [additional_info] => 
            [address] => Array
                (
                    [city] => hamburg
                    [country] => US
                    [country_code] => US
                    [country_name] => United States
                    [state] => NY
                    [street] => 193 maple ave.
                    [street2] => 
                    [title] => Donation Address
                    [zip] => 14075
                )

            [advocacy_program_id] => 
            [advocacy_program_name] => 
            [advocacy_team_id] => 
            [advocacy_team_name] => 
            [advocate] => 
            [advocate_id] => 
            [advocate_name] => 
            [campaign_id] => 
            [campaign_title] => 
            [card_type] => 
            [check_number] => 
            [client_proceeds] => 56
            [contact] => Array
                (
                    [address] => Array
                        (
                            [city] => hamburg
                            [country] => US
                            [country_code] => US
                            [country_name] => United States
                            [state] => NY
                            [street] => 193 maple ave.
                            [street2] => 
                            [title] => 
                            [zip] => 14075
                        )

                    [created] => 2019-05-17T22:18:22.766185+00:00
                    [email] => gwo47@msn.com
                    [firstname] => GARY
                    [lastname] => OVERTON
                    [middlename] => 
                    [phone] => 7166465664
                    [timezone] => America/New_York
                    [title] => 
                    [updated] => 2019-08-06T22:48:21.467564+00:00
                )

            [corporate_matching_record] => 
            [created] => 2020-01-01T16:45:38.146083+00:00
            [custom_note_1] => 
            [custom_note_2] => 
            [custom_note_3] => 
            [custom_note_4] => 
            [custom_note_5] => 
            [description] => Cash Donation: $56.00
            [designation] => Array
                (
                    [code] => nybran
                    [fund_id] => nybran
                    [id] => 502e536d-fd0c-4e7b-815e-3be6d77b5d8a
                    [title] => New York Branch
                )

            [designation_note] => 
            [donor_id] => 9efa9054-baa5-44f9-accb-35ba1a449907
            [donor_paid_fee] => 
            [email_opt_in] => 
            [embed] => Array
                (
                    [id] => 9f092f15-ba22-4fdf-90c7-996c4b97f9d4
                    [name] => 1905 New Main DF v2
                )

            [expiration_month] => 
            [expiration_year] => 
            [external_tracking_id] => 62110099431
            [final_date] => 2020-01-01T00:00:00+00:00
            [frequency] => Once
            [gift] => 
            [gift_extra] => 
            [hide_name] => 
            [id] => e73e66c2-507f-43f7-8398-6186984c3e4d
            [last_four_digits] => 
            [net_proceeds] => 56
            [organization_id] => bdf8150d-a701-4079-a797-69c5c4ff6535
            [payment_gateway_id] => 017412cb-396c-4cd3-b281-07dee953506d
            [payment_gateway_name] => Spreedly: AuthorizeNet
            [payment_transaction_id] => aaf4b0ae-faa0-4b5c-b5fa-e02f6ac310f8
            [recurring_count] => 
            [reference_code] => 
            [sale_price] => 
            [schedule_id] => 
            [sms_keyword] => 
            [status] => complete
            [subtype] => echeck
            [transaction_set_id] => e73e66c2-507f-43f7-8398-6186984c3e4d
            [tribute] => 
            [type] => cash
            [utm] => Array
                (
                    [campaign] => 
                    [content] => 
                    [medium] => 
                    [source] => 
                    [term] => 
                )

            [vendor_id] => 
        )

    [type] => transaction.completed
)
