Array
(
    [created] => 2020-01-01T22:42:14.421287+00:00
    [id] => f4caae6e-2ce7-11ea-888a-e6fe79954c1e
    [payload] => Array
        (
            [additional_info] => 
            [address] => Array
                (
                    [city] => Orlando
                    [country] => US
                    [country_code] => US
                    [country_name] => United States
                    [state] => FL
                    [street] => 8480 Northlake Pkwy
                    [street2] => 
                    [title] => Donation Address
                    [zip] => 32827-6924
                )

            [advocacy_program_id] => 
            [advocacy_program_name] => 
            [advocacy_team_id] => 
            [advocacy_team_name] => 
            [advocate] => 
            [advocate_id] => 
            [advocate_name] => 
            [campaign_id] => 
            [campaign_title] => 
            [card_type] => master
            [check_number] => 
            [client_proceeds] => 30
            [contact] => Array
                (
                    [address] => Array
                        (
                            [city] => Orlando
                            [country] => US
                            [country_code] => US
                            [country_name] => United States
                            [state] => Florida
                            [street] => 8480 Northlake Pkwy
                            [street2] => 
                            [title] => 
                            [zip] => 32827-6924
                        )

                    [created] => 2018-11-14T05:25:10.341507+00:00
                    [email] => lawrence.chan@chep.com
                    [firstname] => Lawrence
                    [lastname] => Chan
                    [middlename] => 
                    [phone] => (407) 928-8409
                    [timezone] => 
                    [title] => 
                    [updated] => 2019-04-17T02:41:40.172192+00:00
                )

            [corporate_matching_record] => 
            [created] => 2020-01-01T22:42:14.109962+00:00
            [custom_note_1] => 
            [custom_note_2] => 
            [custom_note_3] => 
            [custom_note_4] => 
            [custom_note_5] => 
            [description] => Cash Donation: $30.00
            [designation] => Array
                (
                    [code] => DEFAULT
                    [fund_id] => DEFAULT
                    [id] => d4c15680-8d55-4d98-b538-1aa1e1e57ef2
                    [title] => Where needed most
                )

            [designation_note] => 
            [donor_id] => 00a4bed5-262c-4e8e-8a41-0666a638735a
            [donor_paid_fee] => 
            [email_opt_in] => 
            [embed] => Array
                (
                    [id] => 9f092f15-ba22-4fdf-90c7-996c4b97f9d4
                    [name] => 1905 New Main DF v2
                )

            [expiration_month] => 7
            [expiration_year] => 2022
            [external_tracking_id] => 62110562375
            [final_date] => 2020-01-01T00:00:00+00:00
            [frequency] => Once
            [gift] => 
            [gift_extra] => 
            [hide_name] => 
            [id] => 49814093-1c4f-496a-bf05-7c6b2db3d2d3
            [last_four_digits] => 3440
            [net_proceeds] => 30
            [organization_id] => bdf8150d-a701-4079-a797-69c5c4ff6535
            [payment_gateway_id] => 017412cb-396c-4cd3-b281-07dee953506d
            [payment_gateway_name] => Spreedly: AuthorizeNet
            [payment_transaction_id] => 73dc16af-d7cd-4b97-b111-715dac16a387
            [recurring_count] => 
            [reference_code] => 
            [sale_price] => 
            [schedule_id] => 
            [sms_keyword] => 
            [status] => complete
            [subtype] => credit
            [transaction_set_id] => 49814093-1c4f-496a-bf05-7c6b2db3d2d3
            [tribute] => 
            [type] => cash
            [utm] => Array
                (
                    [campaign] => 
                    [content] => 
                    [medium] => 
                    [source] => 
                    [term] => 
                )

            [vendor_id] => 
        )

    [type] => transaction.completed
)
