Array
(
    [created] => 2020-01-01T08:57:24.375357+00:00
    [id] => ba6cf6a0-2c74-11ea-baba-f2e467587223
    [payload] => Array
        (
            [additional_info] => 
            [address] => Array
                (
                    [city] => Seymour
                    [country] => 
                    [country_code] => 
                    [country_name] => 
                    [state] => Missouri
                    [street] => 79 Pleasant Hill Rd
                    [street2] => 
                    [title] => 
                    [zip] => 65746-7294
                )

            [advocacy_program_id] => 
            [advocacy_program_name] => 
            [advocacy_team_id] => 
            [advocacy_team_name] => 
            [advocate] => 
            [advocate_id] => 
            [advocate_name] => 
            [campaign_id] => 
            [campaign_title] => 
            [card_type] => visa
            [check_number] => 
            [client_proceeds] => 25
            [contact] => Array
                (
                    [address] => Array
                        (
                            [city] => Seymour
                            [country] => 
                            [country_code] => 
                            [country_name] => 
                            [state] => Missouri
                            [street] => 79 Pleasant Hill Rd
                            [street2] => 
                            [title] => 
                            [zip] => 65746-7294
                        )

                    [created] => 2018-10-01T17:40:35.269074+00:00
                    [email] => JudyLCopeland@gmail.com
                    [firstname] => Clint
                    [lastname] => Copeland
                    [middlename] => 
                    [phone] => (417) 886-9426
                    [timezone] => 
                    [title] => 
                    [updated] => 2019-08-01T14:12:26.158306+00:00
                )

            [corporate_matching_record] => 
            [created] => 2020-01-01T08:57:23.793684+00:00
            [custom_note_1] => I have a special request or comment = We have been giving to Jews for Jesus for awhile on a monthly basis but our credit card number changed.  I am starting all over again with a new monthly giving.  Sorry for the delay.
            [custom_note_2] => 
            [custom_note_3] => 
            [custom_note_4] => 
            [custom_note_5] => 
            [description] => Cash Donation: $25.00
            [designation] => Array
                (
                    [code] => isbran
                    [fund_id] => isbran
                    [id] => 482bbdf9-8493-4119-b47c-75965d285dd0
                    [title] => Israel (Tel Aviv) Branch
                )

            [designation_note] => 
            [donor_id] => ccaf61a1-74bb-46c3-8f1f-013098f50a07
            [donor_paid_fee] => 
            [email_opt_in] => 
            [embed] => 
            [expiration_month] => 12
            [expiration_year] => 2024
            [external_tracking_id] => 62109115990
            [final_date] => 
            [frequency] => Monthly
            [gift] => 
            [gift_extra] => 
            [hide_name] => 
            [id] => 68be529a-14f1-4aea-96f5-97442b14bc59
            [last_four_digits] => 7370
            [net_proceeds] => 25
            [organization_id] => bdf8150d-a701-4079-a797-69c5c4ff6535
            [payment_gateway_id] => 017412cb-396c-4cd3-b281-07dee953506d
            [payment_gateway_name] => Spreedly: AuthorizeNet
            [payment_transaction_id] => 6cc8dfd7-5134-41d1-b246-8fdfde932991
            [recurring_count] => 6
            [reference_code] => 
            [sale_price] => 
            [schedule_id] => 732fc9d9-3379-44aa-9b82-b865e300e8fd
            [sms_keyword] => 
            [status] => complete
            [subtype] => credit
            [transaction_set_id] => 68be529a-14f1-4aea-96f5-97442b14bc59
            [tribute] => 
            [type] => cash
            [utm] => Array
                (
                    [campaign] => 
                    [content] => 
                    [medium] => 
                    [source] => 
                    [term] => 
                )

            [vendor_id] => 
        )

    [type] => transaction.completed
)
