Array
(
    [created] => 2020-01-01T19:30:18.197279+00:00
    [id] => 2496597e-2ccd-11ea-a76e-42b3da8e65bd
    [payload] => Array
        (
            [additional_info] => 
            [address] => Array
                (
                    [city] => Wildomar
                    [country] => US
                    [country_code] => US
                    [country_name] => United States
                    [state] => CA
                    [street] => P. O. Box 662
                    [street2] => 
                    [title] => Donation Address
                    [zip] => 92595-0662
                )

            [advocacy_program_id] => 
            [advocacy_program_name] => 
            [advocacy_team_id] => 
            [advocacy_team_name] => 
            [advocate] => 
            [advocate_id] => 
            [advocate_name] => 
            [campaign_id] => 
            [campaign_title] => 
            [card_type] => visa
            [check_number] => 
            [client_proceeds] => 250
            [contact] => Array
                (
                    [address] => Array
                        (
                            [city] => Wildomar
                            [country] => US
                            [country_code] => US
                            [country_name] => United States
                            [state] => CA
                            [street] => P. O. Box 662
                            [street2] => 
                            [title] => 
                            [zip] => 92595-0662
                        )

                    [created] => 2018-10-04T13:58:35.701078+00:00
                    [email] => nandslambe@gmail.com
                    [firstname] => Sandra
                    [lastname] => Lambe
                    [middlename] => 
                    [phone] => 9512858104
                    [timezone] => America/Los_Angeles
                    [title] => 
                    [updated] => 2020-01-01T19:30:16.542587+00:00
                )

            [corporate_matching_record] => 
            [created] => 2020-01-01T19:30:16.585647+00:00
            [custom_note_1] => 
            [custom_note_2] => 
            [custom_note_3] => 
            [custom_note_4] => 
            [custom_note_5] => 
            [description] => Cash Donation: $250.00
            [designation] => Array
                (
                    [code] => DEFAULT
                    [fund_id] => DEFAULT
                    [id] => d4c15680-8d55-4d98-b538-1aa1e1e57ef2
                    [title] => Where needed most
                )

            [designation_note] => 
            [donor_id] => f26a8afa-8341-424b-a113-0dc9e1912ec0
            [donor_paid_fee] => 
            [email_opt_in] => 
            [embed] => Array
                (
                    [id] => 1fef50f2-2f6f-4c94-8cd1-c0d254d16f0a
                    [name] => 1912 EOY Phase 1
                )

            [expiration_month] => 11
            [expiration_year] => 2022
            [external_tracking_id] => 62110349341
            [final_date] => 2020-01-01T00:00:00+00:00
            [frequency] => Once
            [gift] => 
            [gift_extra] => 
            [hide_name] => 
            [id] => e4ea21cd-0d7e-4cfc-be9e-a1f2db7ee0cd
            [last_four_digits] => 4903
            [net_proceeds] => 250
            [organization_id] => bdf8150d-a701-4079-a797-69c5c4ff6535
            [payment_gateway_id] => 017412cb-396c-4cd3-b281-07dee953506d
            [payment_gateway_name] => Spreedly: AuthorizeNet
            [payment_transaction_id] => e55d44b0-4f92-4681-82d7-f544bf8ec8ec
            [recurring_count] => 
            [reference_code] => 
            [sale_price] => 
            [schedule_id] => 
            [sms_keyword] => 
            [status] => complete
            [subtype] => credit
            [transaction_set_id] => e4ea21cd-0d7e-4cfc-be9e-a1f2db7ee0cd
            [tribute] => 
            [type] => cash
            [utm] => Array
                (
                    [campaign] => 
                    [content] => 
                    [medium] => 
                    [source] => 
                    [term] => 
                )

            [vendor_id] => 
        )

    [type] => transaction.completed
)
