Array
(
    [created] => 2020-01-01T09:19:09.994022+00:00
    [id] => c4a29064-2c77-11ea-baba-f2e467587223
    [payload] => Array
        (
            [additional_info] => 
            [address] => Array
                (
                    [city] => ANTIOCH
                    [country] => 
                    [country_code] => 
                    [country_name] => 
                    [state] => California
                    [street] => 4430 BUCKEYE WAY
                    [street2] => 
                    [title] => 
                    [zip] => 94531
                )

            [advocacy_program_id] => 
            [advocacy_program_name] => 
            [advocacy_team_id] => 
            [advocacy_team_name] => 
            [advocate] => 
            [advocate_id] => 
            [advocate_name] => 
            [campaign_id] => 
            [campaign_title] => 
            [card_type] => 
            [check_number] => 
            [client_proceeds] => 50
            [contact] => Array
                (
                    [address] => Array
                        (
                            [city] => ANTIOCH
                            [country] => 
                            [country_code] => 
                            [country_name] => 
                            [state] => California
                            [street] => 4430 BUCKEYE WAY
                            [street2] => 
                            [title] => 
                            [zip] => 94531
                        )

                    [created] => 2018-10-01T17:40:35.269074+00:00
                    [email] => jslucas429@gmail.com
                    [firstname] => SUSANNA
                    [lastname] => LUCAS
                    [middlename] => 
                    [phone] => 
                    [timezone] => 
                    [title] => 
                    [updated] => 2018-10-01T17:40:35.269074+00:00
                )

            [corporate_matching_record] => 
            [created] => 2020-01-01T09:19:09.787426+00:00
            [custom_note_1] => 
            [custom_note_2] => 
            [custom_note_3] => 
            [custom_note_4] => 
            [custom_note_5] => 
            [description] => Cash Donation: $50.00
            [designation] => Array
                (
                    [code] => DEFAULT
                    [fund_id] => DEFAULT
                    [id] => d4c15680-8d55-4d98-b538-1aa1e1e57ef2
                    [title] => Where needed most
                )

            [designation_note] => 
            [donor_id] => 18b26855-0764-45be-af3b-910517361561
            [donor_paid_fee] => 
            [email_opt_in] => 
            [embed] => 
            [expiration_month] => 
            [expiration_year] => 
            [external_tracking_id] => 62109148529
            [final_date] => 
            [frequency] => Monthly
            [gift] => 
            [gift_extra] => 
            [hide_name] => 
            [id] => ea948224-71e1-465f-8719-e8b3d20cd195
            [last_four_digits] => 
            [net_proceeds] => 50
            [organization_id] => bdf8150d-a701-4079-a797-69c5c4ff6535
            [payment_gateway_id] => 017412cb-396c-4cd3-b281-07dee953506d
            [payment_gateway_name] => Spreedly: AuthorizeNet
            [payment_transaction_id] => 01deb177-57b5-4c1e-a98c-9092bad154b6
            [recurring_count] => 6
            [reference_code] => 
            [sale_price] => 
            [schedule_id] => 7e42a488-06e8-46f0-aa27-2fccf2928420
            [sms_keyword] => 
            [status] => complete
            [subtype] => credit
            [transaction_set_id] => ea948224-71e1-465f-8719-e8b3d20cd195
            [tribute] => 
            [type] => cash
            [utm] => Array
                (
                    [campaign] => 
                    [content] => 
                    [medium] => 
                    [source] => 
                    [term] => 
                )

            [vendor_id] => 
        )

    [type] => transaction.completed
)
