Array
(
    [created] => 2020-01-01T09:59:40.245159+00:00
    [id] => 6d2d7550-2c7d-11ea-85df-92a9d723b37b
    [payload] => Array
        (
            [additional_info] => 
            [address] => Array
                (
                    [city] => Yucaipa
                    [country] => US
                    [country_code] => US
                    [country_name] => United States
                    [state] => CA
                    [street] => 35550 Panorama Dr
                    [street2] => 
                    [title] => 
                    [zip] => 92399
                )

            [advocacy_program_id] => 
            [advocacy_program_name] => 
            [advocacy_team_id] => 
            [advocacy_team_name] => 
            [advocate] => 
            [advocate_id] => 
            [advocate_name] => 
            [campaign_id] => 
            [campaign_title] => 
            [card_type] => visa
            [check_number] => 
            [client_proceeds] => 100
            [contact] => Array
                (
                    [address] => Array
                        (
                            [city] => Yucaipa
                            [country] => US
                            [country_code] => US
                            [country_name] => United States
                            [state] => CA
                            [street] => 35550 Panorama Dr
                            [street2] => 
                            [title] => 
                            [zip] => 92399
                        )

                    [created] => 2019-02-11T17:13:19.934922+00:00
                    [email] => donor-2b9c6349-9c49-4de5-8554-3c61db249794@idonate.com
                    [firstname] => Gerald and Darlene
                    [lastname] => Hutton
                    [middlename] => 
                    [phone] => 
                    [timezone] => America/Los_Angeles
                    [title] => 
                    [updated] => 2019-11-19T00:18:19.328004+00:00
                )

            [corporate_matching_record] => 
            [created] => 2020-01-01T09:59:39.939345+00:00
            [custom_note_1] => I have a special request or comment = 
            [custom_note_2] => 
            [custom_note_3] => 
            [custom_note_4] => 
            [custom_note_5] => 
            [description] => Cash Donation: $100.00
            [designation] => Array
                (
                    [code] => ladubi
                    [fund_id] => ladubi
                    [id] => 8ada9da1-edaf-4173-b5e9-0cd160f69bc8
                    [title] => Dubin, Larry & Deb
                )

            [designation_note] => 
            [donor_id] => 2b9c6349-9c49-4de5-8554-3c61db249794
            [donor_paid_fee] => 
            [email_opt_in] => 
            [embed] => 
            [expiration_month] => 5
            [expiration_year] => 2022
            [external_tracking_id] => 62109231110
            [final_date] => 
            [frequency] => Monthly
            [gift] => 
            [gift_extra] => 
            [hide_name] => 
            [id] => c12101be-9ed1-4a2a-8c3f-c07287dc0b9d
            [last_four_digits] => 6668
            [net_proceeds] => 100
            [organization_id] => bdf8150d-a701-4079-a797-69c5c4ff6535
            [payment_gateway_id] => 017412cb-396c-4cd3-b281-07dee953506d
            [payment_gateway_name] => Spreedly: AuthorizeNet
            [payment_transaction_id] => d8d2079a-20b9-4753-b346-97a356b1f33f
            [recurring_count] => 2
            [reference_code] =>  STNETREC
            [sale_price] => 
            [schedule_id] => 2aba8c51-ed7a-4b25-b275-207c279a7065
            [sms_keyword] => 
            [status] => complete
            [subtype] => credit
            [transaction_set_id] => c12101be-9ed1-4a2a-8c3f-c07287dc0b9d
            [tribute] => 
            [type] => cash
            [utm] => Array
                (
                    [campaign] => 
                    [content] => 
                    [medium] => 
                    [source] => 
                    [term] => 
                )

            [vendor_id] => 
        )

    [type] => transaction.completed
)
