Array
(
    [created] => 2020-01-01T22:21:15.642535+00:00
    [id] => 068048a6-2ce5-11ea-8fe3-42b3da8e65bd
    [payload] => Array
        (
            [additional_info] => 
            [address] => Array
                (
                    [city] => Dresden
                    [country] => US
                    [country_code] => US
                    [country_name] => United States
                    [state] => TN
                    [street] => 216 Woodside Drive
                    [street2] => 
                    [title] => Donation Address
                    [zip] => 38225
                )

            [advocacy_program_id] => 
            [advocacy_program_name] => 
            [advocacy_team_id] => 
            [advocacy_team_name] => 
            [advocate] => 
            [advocate_id] => 
            [advocate_name] => 
            [campaign_id] => 
            [campaign_title] => 
            [card_type] => visa
            [check_number] => 
            [client_proceeds] => 10
            [contact] => Array
                (
                    [address] => Array
                        (
                            [city] => Dresden
                            [country] => US
                            [country_code] => US
                            [country_name] => United States
                            [state] => TN
                            [street] => 216 Woodside Drive
                            [street2] => 
                            [title] => 
                            [zip] => 38225
                        )

                    [created] => 2018-10-12T16:15:31.481289+00:00
                    [email] => j.brandon.whaley@gmail.com
                    [firstname] => James
                    [lastname] => Whaley
                    [middlename] => Brandon
                    [phone] => +17315883070
                    [timezone] => 
                    [title] => 
                    [updated] => 2020-01-01T22:08:43.689230+00:00
                )

            [corporate_matching_record] => 
            [created] => 2020-01-01T22:21:14.934774+00:00
            [custom_note_1] => 
            [custom_note_2] => 
            [custom_note_3] => 
            [custom_note_4] => 
            [custom_note_5] => 
            [description] => Cash Donation: $10.00
            [designation] => Array
                (
                    [code] => DEFAULT
                    [fund_id] => DEFAULT
                    [id] => d4c15680-8d55-4d98-b538-1aa1e1e57ef2
                    [title] => Where needed most
                )

            [designation_note] => 
            [donor_id] => b2a5724a-1e0c-44b1-8286-2010cb3efeb1
            [donor_paid_fee] => 
            [email_opt_in] => 
            [embed] => Array
                (
                    [id] => 9f092f15-ba22-4fdf-90c7-996c4b97f9d4
                    [name] => 1905 New Main DF v2
                )

            [expiration_month] => 8
            [expiration_year] => 2021
            [external_tracking_id] => 62110542135
            [final_date] => 2020-01-01T00:00:00+00:00
            [frequency] => Once
            [gift] => 
            [gift_extra] => 
            [hide_name] => 
            [id] => d797c846-4769-443e-b14a-4b63bfbaa916
            [last_four_digits] => 6062
            [net_proceeds] => 10
            [organization_id] => bdf8150d-a701-4079-a797-69c5c4ff6535
            [payment_gateway_id] => 017412cb-396c-4cd3-b281-07dee953506d
            [payment_gateway_name] => Spreedly: AuthorizeNet
            [payment_transaction_id] => 6bafd8d3-f0a9-490d-99ab-4810cbe52c89
            [recurring_count] => 
            [reference_code] => 
            [sale_price] => 
            [schedule_id] => 
            [sms_keyword] => 
            [status] => complete
            [subtype] => credit
            [transaction_set_id] => d797c846-4769-443e-b14a-4b63bfbaa916
            [tribute] => 
            [type] => cash
            [utm] => Array
                (
                    [campaign] => 
                    [content] => 
                    [medium] => 
                    [source] => 
                    [term] => 
                )

            [vendor_id] => 
        )

    [type] => transaction.completed
)
