Array
(
    [created] => 2020-01-01T09:18:54.191182+00:00
    [id] => bb373dd6-2c77-11ea-baba-f2e467587223
    [payload] => Array
        (
            [additional_info] => 
            [address] => Array
                (
                    [city] => Nashville
                    [country] => US
                    [country_code] => US
                    [country_name] => United States
                    [state] => TN
                    [street] => 2622 Ashwood Ave
                    [street2] => 
                    [title] => 
                    [zip] => 37212
                )

            [advocacy_program_id] => 
            [advocacy_program_name] => 
            [advocacy_team_id] => 
            [advocacy_team_name] => 
            [advocate] => 
            [advocate_id] => 
            [advocate_name] => 
            [campaign_id] => 
            [campaign_title] => 
            [card_type] => visa
            [check_number] => 
            [client_proceeds] => 100
            [contact] => Array
                (
                    [address] => Array
                        (
                            [city] => Nashville
                            [country] => US
                            [country_code] => US
                            [country_name] => United States
                            [state] => TN
                            [street] => 2622 Ashwood Ave
                            [street2] => 
                            [title] => 
                            [zip] => 37212
                        )

                    [created] => 2019-08-01T19:14:22.906905+00:00
                    [email] => bookstorekate@gmail.com
                    [firstname] => Mary
                    [lastname] => Dey
                    [middlename] => 
                    [phone] => 3018920888
                    [timezone] => America/Chicago
                    [title] => 
                    [updated] => 2019-08-01T19:14:34.173004+00:00
                )

            [corporate_matching_record] => 
            [created] => 2020-01-01T09:18:53.962126+00:00
            [custom_note_1] => 
            [custom_note_2] => 
            [custom_note_3] => 
            [custom_note_4] => 
            [custom_note_5] => 
            [description] => Cash Donation: $100.00
            [designation] => Array
                (
                    [code] => erblac
                    [fund_id] => erblac
                    [id] => 4412a622-e2b3-47d1-a882-3280a0a3aaf9
                    [title] => Black, Eryn & Elizabeth
                )

            [designation_note] => 
            [donor_id] => 4b31c87d-584b-4679-b771-c91c5440d576
            [donor_paid_fee] => 
            [email_opt_in] => 
            [embed] => 
            [expiration_month] => 1
            [expiration_year] => 2023
            [external_tracking_id] => 62109148150
            [final_date] => 
            [frequency] => Monthly
            [gift] => 
            [gift_extra] => 
            [hide_name] => 
            [id] => 03e0ac87-c32c-440a-acda-af2f62e74d2c
            [last_four_digits] => 9970
            [net_proceeds] => 100
            [organization_id] => bdf8150d-a701-4079-a797-69c5c4ff6535
            [payment_gateway_id] => 017412cb-396c-4cd3-b281-07dee953506d
            [payment_gateway_name] => Spreedly: AuthorizeNet
            [payment_transaction_id] => 6d8e831b-54e8-4110-a63d-e4a5443b344d
            [recurring_count] => 6
            [reference_code] => 
            [sale_price] => 
            [schedule_id] => 6f807850-20dc-445d-ac3d-ba53b214c98a
            [sms_keyword] => 
            [status] => complete
            [subtype] => credit
            [transaction_set_id] => 03e0ac87-c32c-440a-acda-af2f62e74d2c
            [tribute] => 
            [type] => cash
            [utm] => Array
                (
                    [campaign] => 
                    [content] => 
                    [medium] => 
                    [source] => 
                    [term] => 
                )

            [vendor_id] => 
        )

    [type] => transaction.completed
)
