Array
(
    [created] => 2020-01-01T18:42:07.669906+00:00
    [id] => 69b2e006-2cc6-11ea-844d-e6fe79954c1e
    [payload] => Array
        (
            [additional_info] => 
            [address] => Array
                (
                    [city] => Grafton
                    [country] => US
                    [country_code] => US
                    [country_name] => United States
                    [state] => WI
                    [street] => 221  W Juniper Drive
                    [street2] => 
                    [title] => Donation Address
                    [zip] => 53024
                )

            [advocacy_program_id] => 
            [advocacy_program_name] => 
            [advocacy_team_id] => 
            [advocacy_team_name] => 
            [advocate] => 
            [advocate_id] => 
            [advocate_name] => 
            [campaign_id] => 
            [campaign_title] => 
            [card_type] => master
            [check_number] => 
            [client_proceeds] => 25
            [contact] => Array
                (
                    [address] => Array
                        (
                            [city] => Grafton
                            [country] => US
                            [country_code] => US
                            [country_name] => United States
                            [state] => WI
                            [street] => 221  W Juniper Drive
                            [street2] => 
                            [title] => 
                            [zip] => 53024
                        )

                    [created] => 2018-10-01T12:26:55.147740+00:00
                    [email] => Larry0215@aol.com
                    [firstname] => Lawrence
                    [lastname] => Gonzales
                    [middlename] => 
                    [phone] => 4148077906
                    [timezone] => America/Chicago
                    [title] => 
                    [updated] => 2020-01-01T18:42:07.162045+00:00
                )

            [corporate_matching_record] => 
            [created] => 2020-01-01T18:42:07.192330+00:00
            [custom_note_1] => 
            [custom_note_2] => 
            [custom_note_3] => 
            [custom_note_4] => 
            [custom_note_5] => 
            [description] => Cash Donation: $25.00
            [designation] => Array
                (
                    [code] => DEFAULT
                    [fund_id] => DEFAULT
                    [id] => d4c15680-8d55-4d98-b538-1aa1e1e57ef2
                    [title] => Where needed most
                )

            [designation_note] => 
            [donor_id] => 4ffb6d18-e7da-45f5-9e81-763c665c98d1
            [donor_paid_fee] => 
            [email_opt_in] => 
            [embed] => Array
                (
                    [id] => 9f092f15-ba22-4fdf-90c7-996c4b97f9d4
                    [name] => 1905 New Main DF v2
                )

            [expiration_month] => 9
            [expiration_year] => 2021
            [external_tracking_id] => 62110273409
            [final_date] => 2020-01-01T00:00:00+00:00
            [frequency] => Once
            [gift] => 
            [gift_extra] => 
            [hide_name] => 
            [id] => 54cb44c5-3339-4fa4-baf6-5e82318c9d64
            [last_four_digits] => 2609
            [net_proceeds] => 25
            [organization_id] => bdf8150d-a701-4079-a797-69c5c4ff6535
            [payment_gateway_id] => 017412cb-396c-4cd3-b281-07dee953506d
            [payment_gateway_name] => Spreedly: AuthorizeNet
            [payment_transaction_id] => 28534292-699b-449b-bba8-52fe537cca09
            [recurring_count] => 
            [reference_code] => 
            [sale_price] => 
            [schedule_id] => 
            [sms_keyword] => 
            [status] => complete
            [subtype] => credit
            [transaction_set_id] => 54cb44c5-3339-4fa4-baf6-5e82318c9d64
            [tribute] => 
            [type] => cash
            [utm] => Array
                (
                    [campaign] => 
                    [content] => 
                    [medium] => 
                    [source] => 
                    [term] => 
                )

            [vendor_id] => 
        )

    [type] => transaction.completed
)
