Array
(
    [created] => 2020-01-01T13:26:57.760151+00:00
    [id] => 6283a292-2c9a-11ea-8bfb-aa6a237aaa17
    [payload] => Array
        (
            [additional_info] => 
            [address] => Array
                (
                    [city] => Dallas
                    [country] => US
                    [country_code] => US
                    [country_name] => United States
                    [state] => TX
                    [street] => 8752 Aldwick Drive
                    [street2] => 
                    [title] => Donation Address
                    [zip] => 75238
                )

            [advocacy_program_id] => 
            [advocacy_program_name] => 
            [advocacy_team_id] => 
            [advocacy_team_name] => 
            [advocate] => 
            [advocate_id] => 
            [advocate_name] => 
            [campaign_id] => 
            [campaign_title] => 
            [card_type] => master
            [check_number] => 
            [client_proceeds] => 5000
            [contact] => Array
                (
                    [address] => Array
                        (
                            [city] => Dallas
                            [country] => US
                            [country_code] => US
                            [country_name] => United States
                            [state] => TX
                            [street] => 8752 Aldwick Drive
                            [street2] => 
                            [title] => 
                            [zip] => 75238
                        )

                    [created] => 2019-03-10T15:46:48.733790+00:00
                    [email] => t.weickgenant@gmail.com
                    [firstname] => Thomas
                    [lastname] => Weickgenant
                    [middlename] => 
                    [phone] => +14699515079
                    [timezone] => 
                    [title] => 
                    [updated] => 2019-08-15T02:09:23.598343+00:00
                )

            [corporate_matching_record] => 
            [created] => 2020-01-01T13:26:57.321399+00:00
            [custom_note_1] => 
            [custom_note_2] => 
            [custom_note_3] => 
            [custom_note_4] => 
            [custom_note_5] => 
            [description] => Cash Donation: $5,000.00
            [designation] => Array
                (
                    [code] => DEFAULT
                    [fund_id] => DEFAULT
                    [id] => d4c15680-8d55-4d98-b538-1aa1e1e57ef2
                    [title] => Where needed most
                )

            [designation_note] => 
            [donor_id] => 977c6467-b2d9-4917-9405-447f31f17ebc
            [donor_paid_fee] => 
            [email_opt_in] => 
            [embed] => Array
                (
                    [id] => 1fef50f2-2f6f-4c94-8cd1-c0d254d16f0a
                    [name] => 1912 EOY Phase 1
                )

            [expiration_month] => 6
            [expiration_year] => 2024
            [external_tracking_id] => 62109751619
            [final_date] => 2020-01-01T00:00:00+00:00
            [frequency] => Once
            [gift] => 
            [gift_extra] => 
            [hide_name] => 
            [id] => a0b31e16-f36e-4245-ba31-b6c217a52be6
            [last_four_digits] => 1850
            [net_proceeds] => 5000
            [organization_id] => bdf8150d-a701-4079-a797-69c5c4ff6535
            [payment_gateway_id] => 017412cb-396c-4cd3-b281-07dee953506d
            [payment_gateway_name] => Spreedly: AuthorizeNet
            [payment_transaction_id] => 58ae64d1-2e73-4c96-88ce-9bc094de7af6
            [recurring_count] => 
            [reference_code] => 
            [sale_price] => 
            [schedule_id] => 
            [sms_keyword] => 
            [status] => complete
            [subtype] => credit
            [transaction_set_id] => a0b31e16-f36e-4245-ba31-b6c217a52be6
            [tribute] => 
            [type] => cash
            [utm] => Array
                (
                    [campaign] => 
                    [content] => 
                    [medium] => 
                    [source] => 
                    [term] => 
                )

            [vendor_id] => 
        )

    [type] => transaction.completed
)
