Array
(
    [created] => 2020-01-01T09:25:45.590909+00:00
    [id] => b06ddbca-2c78-11ea-baba-f2e467587223
    [payload] => Array
        (
            [additional_info] => 
            [address] => Array
                (
                    [city] => Upper Marlboro
                    [country] => 
                    [country_code] => 
                    [country_name] => 
                    [state] => 
                    [street] => 2120 Robert Bowie Dr.
                    [street2] => 
                    [title] => 
                    [zip] => 20774-5670
                )

            [advocacy_program_id] => 
            [advocacy_program_name] => 
            [advocacy_team_id] => 
            [advocacy_team_name] => 
            [advocate] => 
            [advocate_id] => 
            [advocate_name] => 
            [campaign_id] => 
            [campaign_title] => 
            [card_type] => 
            [check_number] => 
            [client_proceeds] => 20
            [contact] => Array
                (
                    [address] => Array
                        (
                            [city] => Upper Marlboro
                            [country] => 
                            [country_code] => 
                            [country_name] => 
                            [state] => 
                            [street] => 2120 Robert Bowie Dr.
                            [street2] => 
                            [title] => 
                            [zip] => 20774-5670
                        )

                    [created] => 2018-10-01T17:40:35.269074+00:00
                    [email] => 1520885787@noreply.jews-for-jesus.org
                    [firstname] => Doris
                    [lastname] => Tucker
                    [middlename] => 
                    [phone] => 
                    [timezone] => 
                    [title] => 
                    [updated] => 2018-10-01T17:40:35.269074+00:00
                )

            [corporate_matching_record] => 
            [created] => 2020-01-01T09:25:45.387707+00:00
            [custom_note_1] => 
            [custom_note_2] => 
            [custom_note_3] => 
            [custom_note_4] => 
            [custom_note_5] => 
            [description] => Cash Donation: $20.00
            [designation] => Array
                (
                    [code] => DEFAULT
                    [fund_id] => DEFAULT
                    [id] => d4c15680-8d55-4d98-b538-1aa1e1e57ef2
                    [title] => Where needed most
                )

            [designation_note] => 
            [donor_id] => 7af78a27-b557-4f61-badb-4f12b7dc0332
            [donor_paid_fee] => 
            [email_opt_in] => 
            [embed] => 
            [expiration_month] => 
            [expiration_year] => 
            [external_tracking_id] => 62109157842
            [final_date] => 
            [frequency] => Monthly
            [gift] => 
            [gift_extra] => 
            [hide_name] => 
            [id] => d6c8d07e-aee6-4671-8949-974588127335
            [last_four_digits] => 
            [net_proceeds] => 20
            [organization_id] => bdf8150d-a701-4079-a797-69c5c4ff6535
            [payment_gateway_id] => 017412cb-396c-4cd3-b281-07dee953506d
            [payment_gateway_name] => Spreedly: AuthorizeNet
            [payment_transaction_id] => 0e2b9f1f-c1c6-4a9b-b016-f9976a2d2b3d
            [recurring_count] => 16
            [reference_code] => 
            [sale_price] => 
            [schedule_id] => cc13e773-0a52-4956-b83c-c5fd9604c5a7
            [sms_keyword] => 
            [status] => complete
            [subtype] => credit
            [transaction_set_id] => d6c8d07e-aee6-4671-8949-974588127335
            [tribute] => 
            [type] => cash
            [utm] => Array
                (
                    [campaign] => 
                    [content] => 
                    [medium] => 
                    [source] => 
                    [term] => 
                )

            [vendor_id] => 
        )

    [type] => transaction.completed
)
