Array
(
    [created] => 2020-01-01T09:08:59.468165+00:00
    [id] => 58bbb520-2c76-11ea-baba-f2e467587223
    [payload] => Array
        (
            [additional_info] => 
            [address] => Array
                (
                    [city] => Martinez
                    [country] => US
                    [country_code] => US
                    [country_name] => United States
                    [state] => CA
                    [street] => 108 Arana Drive
                    [street2] => 
                    [title] => 
                    [zip] => 94553
                )

            [advocacy_program_id] => 
            [advocacy_program_name] => 
            [advocacy_team_id] => 
            [advocacy_team_name] => 
            [advocate] => 
            [advocate_id] => 
            [advocate_name] => 
            [campaign_id] => 
            [campaign_title] => 
            [card_type] => visa
            [check_number] => 
            [client_proceeds] => 20
            [contact] => Array
                (
                    [address] => Array
                        (
                            [city] => Martinez
                            [country] => US
                            [country_code] => US
                            [country_name] => United States
                            [state] => CA
                            [street] => 108 Arana Drive
                            [street2] => 
                            [title] => 
                            [zip] => 94553
                        )

                    [created] => 2019-03-01T16:21:10.181288+00:00
                    [email] => Joyinthespirit426@gmail.com
                    [firstname] => Renee
                    [lastname] => de Leon 
                    [middlename] => Marie
                    [phone] => +19252857371
                    [timezone] => 
                    [title] => 
                    [updated] => 2019-03-01T16:38:56.262501+00:00
                )

            [corporate_matching_record] => 
            [created] => 2020-01-01T09:08:59.092140+00:00
            [custom_note_1] => 
            [custom_note_2] => 
            [custom_note_3] => 
            [custom_note_4] => 
            [custom_note_5] => 
            [description] => Cash Donation: $20.00
            [designation] => Array
                (
                    [code] => DEFAULT
                    [fund_id] => DEFAULT
                    [id] => d4c15680-8d55-4d98-b538-1aa1e1e57ef2
                    [title] => Where needed most
                )

            [designation_note] => 
            [donor_id] => e17f2ad7-c064-4434-a613-ef8bed2324c1
            [donor_paid_fee] => 
            [email_opt_in] => 1
            [embed] => 
            [expiration_month] => 2
            [expiration_year] => 2023
            [external_tracking_id] => 62109133419
            [final_date] => 
            [frequency] => Monthly
            [gift] => 
            [gift_extra] => 
            [hide_name] => 
            [id] => 99d9cb53-d48b-4889-a2cd-3893cd21ea06
            [last_four_digits] => 8659
            [net_proceeds] => 20
            [organization_id] => bdf8150d-a701-4079-a797-69c5c4ff6535
            [payment_gateway_id] => 017412cb-396c-4cd3-b281-07dee953506d
            [payment_gateway_name] => Spreedly: AuthorizeNet
            [payment_transaction_id] => bebebd10-216f-4314-9874-5d84eec29e98
            [recurring_count] => 11
            [reference_code] => STNETDON
            [sale_price] => 
            [schedule_id] => 1ee1913f-0e13-4f8d-aee4-9437389d92d6
            [sms_keyword] => 
            [status] => complete
            [subtype] => credit
            [transaction_set_id] => 99d9cb53-d48b-4889-a2cd-3893cd21ea06
            [tribute] => 
            [type] => cash
            [utm] => Array
                (
                    [campaign] => 
                    [content] => 
                    [medium] => 
                    [source] => 
                    [term] => 
                )

            [vendor_id] => 
        )

    [type] => transaction.completed
)
