Array
(
    [created] => 2020-01-01T09:18:28.544680+00:00
    [id] => abede55a-2c77-11ea-baba-f2e467587223
    [payload] => Array
        (
            [additional_info] => 
            [address] => Array
                (
                    [city] => Brentwood
                    [country] => US
                    [country_code] => US
                    [country_name] => United States
                    [state] => CA
                    [street] => 161 Sycamore Ave
                    [street2] => Unit 136
                    [title] => 
                    [zip] => 94513
                )

            [advocacy_program_id] => 
            [advocacy_program_name] => 
            [advocacy_team_id] => 
            [advocacy_team_name] => 
            [advocate] => 
            [advocate_id] => 
            [advocate_name] => 
            [campaign_id] => 
            [campaign_title] => 
            [card_type] => 
            [check_number] => 
            [client_proceeds] => 50
            [contact] => Array
                (
                    [address] => Array
                        (
                            [city] => Brentwood
                            [country] => US
                            [country_code] => US
                            [country_name] => United States
                            [state] => CA
                            [street] => 161 Sycamore Ave
                            [street2] => Unit 136
                            [title] => 
                            [zip] => 94513
                        )

                    [created] => 2018-10-10T02:55:31.678297+00:00
                    [email] => rosita36@att.net
                    [firstname] => Rosa A.
                    [lastname] => Manzari
                    [middlename] => 
                    [phone] => 
                    [timezone] => America/Los_Angeles
                    [title] => 
                    [updated] => 2019-06-06T21:13:05.815157+00:00
                )

            [corporate_matching_record] => 
            [created] => 2020-01-01T09:18:28.301250+00:00
            [custom_note_1] => I have a special request or comment = 
            [custom_note_2] => 
            [custom_note_3] => 
            [custom_note_4] => 
            [custom_note_5] => 
            [description] => Cash Donation: $50.00
            [designation] => Array
                (
                    [code] => DEFAULT
                    [fund_id] => DEFAULT
                    [id] => d4c15680-8d55-4d98-b538-1aa1e1e57ef2
                    [title] => Where needed most
                )

            [designation_note] => 
            [donor_id] => 2bc64687-50ae-4531-8300-585081483370
            [donor_paid_fee] => 
            [email_opt_in] => 
            [embed] => 
            [expiration_month] => 
            [expiration_year] => 
            [external_tracking_id] => 62109147544
            [final_date] => 
            [frequency] => Monthly
            [gift] => 
            [gift_extra] => 
            [hide_name] => 
            [id] => 2a123ea4-4db2-46ef-968d-c4da1972c14d
            [last_four_digits] => 
            [net_proceeds] => 50
            [organization_id] => bdf8150d-a701-4079-a797-69c5c4ff6535
            [payment_gateway_id] => 017412cb-396c-4cd3-b281-07dee953506d
            [payment_gateway_name] => Spreedly: AuthorizeNet
            [payment_transaction_id] => ce003b6c-861f-4c41-977d-2453a2729faf
            [recurring_count] => 7
            [reference_code] =>  STNETREC
            [sale_price] => 
            [schedule_id] => b1a4b243-3aa3-4655-8048-dd10619136a0
            [sms_keyword] => 
            [status] => complete
            [subtype] => echeck
            [transaction_set_id] => 2a123ea4-4db2-46ef-968d-c4da1972c14d
            [tribute] => 
            [type] => cash
            [utm] => Array
                (
                    [campaign] => 
                    [content] => 
                    [medium] => 
                    [source] => 
                    [term] => 
                )

            [vendor_id] => 
        )

    [type] => transaction.completed
)
