Array
(
    [created] => 2020-01-01T09:22:04.574048+00:00
    [id] => 2cb15c08-2c78-11ea-baba-f2e467587223
    [payload] => Array
        (
            [additional_info] => 
            [address] => Array
                (
                    [city] => Chandler
                    [country] => US
                    [country_code] => US
                    [country_name] => United States
                    [state] => AZ
                    [street] => 1836 W Orchid Ln
                    [street2] => 
                    [title] => 
                    [zip] => 85224
                )

            [advocacy_program_id] => 
            [advocacy_program_name] => 
            [advocacy_team_id] => 
            [advocacy_team_name] => 
            [advocate] => 
            [advocate_id] => 
            [advocate_name] => 
            [campaign_id] => 
            [campaign_title] => 
            [card_type] => visa
            [check_number] => 
            [client_proceeds] => 100
            [contact] => Array
                (
                    [address] => Array
                        (
                            [city] => Chandler
                            [country] => US
                            [country_code] => US
                            [country_name] => United States
                            [state] => AZ
                            [street] => 1836 W Orchid Ln
                            [street2] => 
                            [title] => 
                            [zip] => 85224
                        )

                    [created] => 2018-11-01T16:56:19.131743+00:00
                    [email] => gbfinemeier@gmail.com
                    [firstname] => Robert W.
                    [lastname] => Finkemeier
                    [middlename] => 
                    [phone] => 
                    [timezone] => America/Los_Angeles
                    [title] => 
                    [updated] => 2018-11-01T16:56:22.342416+00:00
                )

            [corporate_matching_record] => 
            [created] => 2020-01-01T09:22:04.202857+00:00
            [custom_note_1] => I have a special request or comment = 
            [custom_note_2] => 
            [custom_note_3] => 
            [custom_note_4] => 
            [custom_note_5] => 
            [description] => Cash Donation: $100.00
            [designation] => Array
                (
                    [code] => DEFAULT
                    [fund_id] => DEFAULT
                    [id] => d4c15680-8d55-4d98-b538-1aa1e1e57ef2
                    [title] => Where needed most
                )

            [designation_note] => 
            [donor_id] => a3f9b3bd-87f9-42c2-8aca-f6b09ea2c581
            [donor_paid_fee] => 
            [email_opt_in] => 
            [embed] => 
            [expiration_month] => 12
            [expiration_year] => 2021
            [external_tracking_id] => 62109152622
            [final_date] => 
            [frequency] => Monthly
            [gift] => 
            [gift_extra] => 
            [hide_name] => 
            [id] => 6d083cbc-a579-4728-9749-882dff88cd72
            [last_four_digits] => 9111
            [net_proceeds] => 100
            [organization_id] => bdf8150d-a701-4079-a797-69c5c4ff6535
            [payment_gateway_id] => 017412cb-396c-4cd3-b281-07dee953506d
            [payment_gateway_name] => Spreedly: AuthorizeNet
            [payment_transaction_id] => b4b5aa76-6c9b-47dc-a0e1-3be414b3d357
            [recurring_count] => 15
            [reference_code] =>  STNETREC
            [sale_price] => 
            [schedule_id] => 2042ed21-b633-4220-a685-1c663027a8f8
            [sms_keyword] => 
            [status] => complete
            [subtype] => credit
            [transaction_set_id] => 6d083cbc-a579-4728-9749-882dff88cd72
            [tribute] => 
            [type] => cash
            [utm] => Array
                (
                    [campaign] => 
                    [content] => 
                    [medium] => 
                    [source] => 
                    [term] => 
                )

            [vendor_id] => 
        )

    [type] => transaction.completed
)
