Array
(
    [created] => 2020-01-01T09:07:03.048553+00:00
    [id] => 13577cee-2c76-11ea-baba-f2e467587223
    [payload] => Array
        (
            [additional_info] => 
            [address] => Array
                (
                    [city] => Bronx
                    [country] => US
                    [country_code] => US
                    [country_name] => United States
                    [state] => NY
                    [street] => 1861 Holland Ave
                    [street2] => 
                    [title] => 
                    [zip] => 10462
                )

            [advocacy_program_id] => 
            [advocacy_program_name] => 
            [advocacy_team_id] => 
            [advocacy_team_name] => 
            [advocate] => 
            [advocate_id] => 
            [advocate_name] => 
            [campaign_id] => 
            [campaign_title] => 
            [card_type] => visa
            [check_number] => 
            [client_proceeds] => 60
            [contact] => Array
                (
                    [address] => Array
                        (
                            [city] => Bronx
                            [country] => US
                            [country_code] => US
                            [country_name] => United States
                            [state] => NY
                            [street] => 1861 Holland Ave
                            [street2] => 
                            [title] => 
                            [zip] => 10462
                        )

                    [created] => 2018-10-01T17:40:35.269074+00:00
                    [email] => unknown-54252@jews-for-jesus.org
                    [firstname] => Aleli
                    [lastname] => Borja
                    [middlename] => 
                    [phone] => 
                    [timezone] => America/Los_Angeles
                    [title] => 
                    [updated] => 2019-12-10T23:34:36.147255+00:00
                )

            [corporate_matching_record] => 
            [created] => 2020-01-01T09:07:02.786646+00:00
            [custom_note_1] => I have a special request or comment = 
            [custom_note_2] => 
            [custom_note_3] => 
            [custom_note_4] => 
            [custom_note_5] => 
            [description] => Cash Donation: $60.00
            [designation] => Array
                (
                    [code] => DEFAULT
                    [fund_id] => DEFAULT
                    [id] => d4c15680-8d55-4d98-b538-1aa1e1e57ef2
                    [title] => Where needed most
                )

            [designation_note] => 
            [donor_id] => a8da1b24-68a2-4550-9326-e7285635a0bf
            [donor_paid_fee] => 
            [email_opt_in] => 
            [embed] => 
            [expiration_month] => 3
            [expiration_year] => 2021
            [external_tracking_id] => 62109130687
            [final_date] => 
            [frequency] => Monthly
            [gift] => 
            [gift_extra] => 
            [hide_name] => 
            [id] => a4f4aa51-8aa1-4499-aea3-2059d35d64be
            [last_four_digits] => 8722
            [net_proceeds] => 60
            [organization_id] => bdf8150d-a701-4079-a797-69c5c4ff6535
            [payment_gateway_id] => 017412cb-396c-4cd3-b281-07dee953506d
            [payment_gateway_name] => Spreedly: AuthorizeNet
            [payment_transaction_id] => 81912e34-8ab1-4309-85e2-f25ce0a41ced
            [recurring_count] => 3
            [reference_code] =>  STNETREC
            [sale_price] => 
            [schedule_id] => 1f41a571-e5d3-46cd-9856-767bd2cc0d51
            [sms_keyword] => 
            [status] => complete
            [subtype] => credit
            [transaction_set_id] => a4f4aa51-8aa1-4499-aea3-2059d35d64be
            [tribute] => 
            [type] => cash
            [utm] => Array
                (
                    [campaign] => 
                    [content] => 
                    [medium] => 
                    [source] => 
                    [term] => 
                )

            [vendor_id] => 
        )

    [type] => transaction.completed
)
