Array
(
    [created] => 2020-01-01T09:51:01.930250+00:00
    [id] => 383ce138-2c7c-11ea-baba-f2e467587223
    [payload] => Array
        (
            [additional_info] => 
            [address] => Array
                (
                    [city] => Knoxville
                    [country] => US
                    [country_code] => US
                    [country_name] => United States
                    [state] => IL
                    [street] => 108 S Morris St
                    [street2] => 
                    [title] => 
                    [zip] => 61448
                )

            [advocacy_program_id] => 
            [advocacy_program_name] => 
            [advocacy_team_id] => 
            [advocacy_team_name] => 
            [advocate] => 
            [advocate_id] => 
            [advocate_name] => 
            [campaign_id] => 
            [campaign_title] => 
            [card_type] => 
            [check_number] => 
            [client_proceeds] => 25
            [contact] => Array
                (
                    [address] => Array
                        (
                            [city] => Knoxville
                            [country] => US
                            [country_code] => US
                            [country_name] => United States
                            [state] => IL
                            [street] => 108 S Morris St
                            [street2] => 
                            [title] => 
                            [zip] => 61448
                        )

                    [created] => 2019-09-13T18:44:08.437159+00:00
                    [email] => donor-eb50ac1d-fe1e-4b1a-b1a8-5e9d79c56146@idonate.com
                    [firstname] => Donald
                    [lastname] => Hillman, Sr.
                    [middlename] => 
                    [phone] => 
                    [timezone] => 
                    [title] => 
                    [updated] => 2019-09-13T18:44:08.437159+00:00
                )

            [corporate_matching_record] => 
            [created] => 2020-01-01T09:51:01.689616+00:00
            [custom_note_1] => I have a special request or comment = 
            [custom_note_2] => 
            [custom_note_3] => 
            [custom_note_4] => 
            [custom_note_5] => 
            [description] => Cash Donation: $25.00
            [designation] => Array
                (
                    [code] => DEFAULT
                    [fund_id] => DEFAULT
                    [id] => d4c15680-8d55-4d98-b538-1aa1e1e57ef2
                    [title] => Where needed most
                )

            [designation_note] => 
            [donor_id] => eb50ac1d-fe1e-4b1a-b1a8-5e9d79c56146
            [donor_paid_fee] => 
            [email_opt_in] => 
            [embed] => 
            [expiration_month] => 
            [expiration_year] => 
            [external_tracking_id] => 62109212797
            [final_date] => 
            [frequency] => Monthly
            [gift] => 
            [gift_extra] => 
            [hide_name] => 
            [id] => 8238a1f0-4e3b-4a3c-8238-77355df582f1
            [last_four_digits] => 
            [net_proceeds] => 25
            [organization_id] => bdf8150d-a701-4079-a797-69c5c4ff6535
            [payment_gateway_id] => 017412cb-396c-4cd3-b281-07dee953506d
            [payment_gateway_name] => Spreedly: AuthorizeNet
            [payment_transaction_id] => 75916dd8-e641-4c24-b583-9a4f904707a5
            [recurring_count] => 4
            [reference_code] =>  TI190700
            [sale_price] => 
            [schedule_id] => 2aa1f72e-5179-4e6a-9687-224db18c709a
            [sms_keyword] => 
            [status] => complete
            [subtype] => echeck
            [transaction_set_id] => 8238a1f0-4e3b-4a3c-8238-77355df582f1
            [tribute] => 
            [type] => cash
            [utm] => Array
                (
                    [campaign] => 
                    [content] => 
                    [medium] => 
                    [source] => 
                    [term] => 
                )

            [vendor_id] => 
        )

    [type] => transaction.completed
)
