Array
(
    [created] => 2020-01-01T09:29:00.886643+00:00
    [id] => 24d59f52-2c79-11ea-baba-f2e467587223
    [payload] => Array
        (
            [additional_info] => 
            [address] => Array
                (
                    [city] => Odessa
                    [country] => 
                    [country_code] => 
                    [country_name] => 
                    [state] => Texas
                    [street] => 5 Pinon Ct
                    [street2] => 
                    [title] => 
                    [zip] => 79765-8570
                )

            [advocacy_program_id] => 
            [advocacy_program_name] => 
            [advocacy_team_id] => 
            [advocacy_team_name] => 
            [advocate] => 
            [advocate_id] => 
            [advocate_name] => 
            [campaign_id] => 
            [campaign_title] => 
            [card_type] => 
            [check_number] => 
            [client_proceeds] => 35
            [contact] => Array
                (
                    [address] => Array
                        (
                            [city] => Odessa
                            [country] => 
                            [country_code] => 
                            [country_name] => 
                            [state] => Texas
                            [street] => 5 Pinon Ct
                            [street2] => 
                            [title] => 
                            [zip] => 79765-8570
                        )

                    [created] => 2018-10-01T17:40:35.269074+00:00
                    [email] => Sunflower2.cynthia@aol.com
                    [firstname] => Cynthia
                    [lastname] => Seay
                    [middlename] => 
                    [phone] => (832) 928-8875
                    [timezone] => 
                    [title] => 
                    [updated] => 2018-11-14T08:58:41.381980+00:00
                )

            [corporate_matching_record] => 
            [created] => 2020-01-01T09:29:00.719260+00:00
            [custom_note_1] => 
            [custom_note_2] => 
            [custom_note_3] => 
            [custom_note_4] => 
            [custom_note_5] => 
            [description] => Cash Donation: $35.00
            [designation] => Array
                (
                    [code] => DEFAULT
                    [fund_id] => DEFAULT
                    [id] => d4c15680-8d55-4d98-b538-1aa1e1e57ef2
                    [title] => Where needed most
                )

            [designation_note] => 
            [donor_id] => 8302e4d5-0698-4d0c-bce2-6566631cfdd0
            [donor_paid_fee] => 
            [email_opt_in] => 
            [embed] => 
            [expiration_month] => 
            [expiration_year] => 
            [external_tracking_id] => 62109162737
            [final_date] => 
            [frequency] => Monthly
            [gift] => 
            [gift_extra] => 
            [hide_name] => 
            [id] => fdccf473-814e-4867-8bfe-609afb34d9b0
            [last_four_digits] => 
            [net_proceeds] => 35
            [organization_id] => bdf8150d-a701-4079-a797-69c5c4ff6535
            [payment_gateway_id] => 017412cb-396c-4cd3-b281-07dee953506d
            [payment_gateway_name] => Spreedly: AuthorizeNet
            [payment_transaction_id] => 3d0c5939-2c3a-4590-aff9-4fc59d6ee2e0
            [recurring_count] => 16
            [reference_code] => 
            [sale_price] => 
            [schedule_id] => 4bd02fd6-ab13-4842-a74a-ba0f0f500c1b
            [sms_keyword] => 
            [status] => complete
            [subtype] => credit
            [transaction_set_id] => fdccf473-814e-4867-8bfe-609afb34d9b0
            [tribute] => 
            [type] => cash
            [utm] => Array
                (
                    [campaign] => 
                    [content] => 
                    [medium] => 
                    [source] => 
                    [term] => 
                )

            [vendor_id] => 
        )

    [type] => transaction.completed
)
