Array
(
    [created] => 2020-01-01T09:17:54.031192+00:00
    [id] => 975b8e4e-2c77-11ea-baba-f2e467587223
    [payload] => Array
        (
            [additional_info] => 
            [address] => Array
                (
                    [city] => Hamilton
                    [country] => 
                    [country_code] => 
                    [country_name] => 
                    [state] => Ohio
                    [street] => 23 Historic Crescent Dr.
                    [street2] => 
                    [title] => 
                    [zip] => 45013
                )

            [advocacy_program_id] => 
            [advocacy_program_name] => 
            [advocacy_team_id] => 
            [advocacy_team_name] => 
            [advocate] => 
            [advocate_id] => 
            [advocate_name] => 
            [campaign_id] => 
            [campaign_title] => 
            [card_type] => 
            [check_number] => 
            [client_proceeds] => 5
            [contact] => Array
                (
                    [address] => Array
                        (
                            [city] => Hamilton
                            [country] => 
                            [country_code] => 
                            [country_name] => 
                            [state] => Ohio
                            [street] => 23 Historic Crescent Dr.
                            [street2] => 
                            [title] => 
                            [zip] => 45013
                        )

                    [created] => 2018-10-01T17:40:35.269074+00:00
                    [email] => unknown-47318@jews-for-jesus.org
                    [firstname] => MaryAnn
                    [lastname] => Keller
                    [middlename] => 
                    [phone] => 
                    [timezone] => 
                    [title] => 
                    [updated] => 2018-10-01T17:40:35.269074+00:00
                )

            [corporate_matching_record] => 
            [created] => 2020-01-01T09:17:53.833435+00:00
            [custom_note_1] => 
            [custom_note_2] => 
            [custom_note_3] => 
            [custom_note_4] => 
            [custom_note_5] => 
            [description] => Cash Donation: $5.00
            [designation] => Array
                (
                    [code] => DEFAULT
                    [fund_id] => DEFAULT
                    [id] => d4c15680-8d55-4d98-b538-1aa1e1e57ef2
                    [title] => Where needed most
                )

            [designation_note] => 
            [donor_id] => c4f35c10-ab51-4dfa-85b8-4125ecad91bd
            [donor_paid_fee] => 
            [email_opt_in] => 
            [embed] => 
            [expiration_month] => 
            [expiration_year] => 
            [external_tracking_id] => 62109146718
            [final_date] => 
            [frequency] => Monthly
            [gift] => 
            [gift_extra] => 
            [hide_name] => 
            [id] => 97be70cf-d2c0-45ca-8ffa-a0168a77ea38
            [last_four_digits] => 
            [net_proceeds] => 5
            [organization_id] => bdf8150d-a701-4079-a797-69c5c4ff6535
            [payment_gateway_id] => 017412cb-396c-4cd3-b281-07dee953506d
            [payment_gateway_name] => Spreedly: AuthorizeNet
            [payment_transaction_id] => 31e7c941-9190-4564-945a-bcaa7c57654e
            [recurring_count] => 16
            [reference_code] => 
            [sale_price] => 
            [schedule_id] => c865bb11-57b8-48e2-91dd-9f05f02f16ad
            [sms_keyword] => 
            [status] => complete
            [subtype] => credit
            [transaction_set_id] => 97be70cf-d2c0-45ca-8ffa-a0168a77ea38
            [tribute] => 
            [type] => cash
            [utm] => Array
                (
                    [campaign] => 
                    [content] => 
                    [medium] => 
                    [source] => 
                    [term] => 
                )

            [vendor_id] => 
        )

    [type] => transaction.completed
)
