Array
(
    [created] => 2020-01-01T09:27:06.408465+00:00
    [id] => e099a39c-2c78-11ea-baba-f2e467587223
    [payload] => Array
        (
            [additional_info] => 
            [address] => Array
                (
                    [city] => Allen
                    [country] => US
                    [country_code] => US
                    [country_name] => United States
                    [state] => TX
                    [street] => 505 E Exchange Pkway
                    [street2] => Apt 11104
                    [title] => 
                    [zip] => 75002
                )

            [advocacy_program_id] => 
            [advocacy_program_name] => 
            [advocacy_team_id] => 
            [advocacy_team_name] => 
            [advocate] => 
            [advocate_id] => 
            [advocate_name] => 
            [campaign_id] => 
            [campaign_title] => 
            [card_type] => 
            [check_number] => 
            [client_proceeds] => 25
            [contact] => Array
                (
                    [address] => Array
                        (
                            [city] => Allen
                            [country] => US
                            [country_code] => US
                            [country_name] => United States
                            [state] => TX
                            [street] => 505 E Exchange Pkway
                            [street2] => Apt 11104
                            [title] => 
                            [zip] => 75002
                        )

                    [created] => 2019-03-20T23:40:53.493634+00:00
                    [email] => donor-319c4b87-cbdc-4f2e-9bc8-90c66603416c@idonate.com
                    [firstname] => Ronald I.
                    [lastname] => Taylor
                    [middlename] => 
                    [phone] => 
                    [timezone] => 
                    [title] => 
                    [updated] => 2019-03-20T23:40:53.493634+00:00
                )

            [corporate_matching_record] => 
            [created] => 2020-01-01T09:27:06.210559+00:00
            [custom_note_1] => I have a special request or comment = 
            [custom_note_2] => 
            [custom_note_3] => 
            [custom_note_4] => 
            [custom_note_5] => 
            [description] => Cash Donation: $25.00
            [designation] => Array
                (
                    [code] => DEFAULT
                    [fund_id] => DEFAULT
                    [id] => d4c15680-8d55-4d98-b538-1aa1e1e57ef2
                    [title] => Where needed most
                )

            [designation_note] => 
            [donor_id] => 319c4b87-cbdc-4f2e-9bc8-90c66603416c
            [donor_paid_fee] => 
            [email_opt_in] => 
            [embed] => 
            [expiration_month] => 
            [expiration_year] => 
            [external_tracking_id] => 62109159929
            [final_date] => 
            [frequency] => Monthly
            [gift] => 
            [gift_extra] => 
            [hide_name] => 
            [id] => a7a1041f-e272-41d1-8cb5-1dd6a40c50b8
            [last_four_digits] => 
            [net_proceeds] => 25
            [organization_id] => bdf8150d-a701-4079-a797-69c5c4ff6535
            [payment_gateway_id] => 017412cb-396c-4cd3-b281-07dee953506d
            [payment_gateway_name] => Spreedly: AuthorizeNet
            [payment_transaction_id] => b9d82bc7-11f8-4ab5-b74d-d3147572281f
            [recurring_count] => 10
            [reference_code] =>  TI1901IB5A
            [sale_price] => 
            [schedule_id] => 3c097d17-c518-49cb-8278-46181c34b36f
            [sms_keyword] => 
            [status] => complete
            [subtype] => echeck
            [transaction_set_id] => a7a1041f-e272-41d1-8cb5-1dd6a40c50b8
            [tribute] => 
            [type] => cash
            [utm] => Array
                (
                    [campaign] => 
                    [content] => 
                    [medium] => 
                    [source] => 
                    [term] => 
                )

            [vendor_id] => 
        )

    [type] => transaction.completed
)
