Array
(
    [created] => 2020-01-01T09:34:06.127196+00:00
    [id] => dac5a280-2c79-11ea-baba-f2e467587223
    [payload] => Array
        (
            [additional_info] => 
            [address] => Array
                (
                    [city] => Abilene
                    [country] => US
                    [country_code] => US
                    [country_name] => United States
                    [state] => TX
                    [street] => 34 Glen Abbey St
                    [street2] => 
                    [title] => 
                    [zip] => 79606
                )

            [advocacy_program_id] => 
            [advocacy_program_name] => 
            [advocacy_team_id] => 
            [advocacy_team_name] => 
            [advocate] => 
            [advocate_id] => 
            [advocate_name] => 
            [campaign_id] => 
            [campaign_title] => 
            [card_type] => 
            [check_number] => 
            [client_proceeds] => 75
            [contact] => Array
                (
                    [address] => Array
                        (
                            [city] => Abilene
                            [country] => US
                            [country_code] => US
                            [country_name] => United States
                            [state] => TX
                            [street] => 34 Glen Abbey St
                            [street2] => 
                            [title] => 
                            [zip] => 79606
                        )

                    [created] => 2019-09-16T19:44:30.833901+00:00
                    [email] => donor-95baa0be-dd75-43e1-a29d-f2d3bd8c0056@idonate.com
                    [firstname] => Sue
                    [lastname] => Owens Scott
                    [middlename] => 
                    [phone] => 
                    [timezone] => 
                    [title] => 
                    [updated] => 2019-09-16T19:44:30.833901+00:00
                )

            [corporate_matching_record] => 
            [created] => 2020-01-01T09:34:05.900994+00:00
            [custom_note_1] => I have a special request or comment = 
            [custom_note_2] => 
            [custom_note_3] => 
            [custom_note_4] => 
            [custom_note_5] => 
            [description] => Cash Donation: $75.00
            [designation] => Array
                (
                    [code] => DEFAULT
                    [fund_id] => DEFAULT
                    [id] => d4c15680-8d55-4d98-b538-1aa1e1e57ef2
                    [title] => Where needed most
                )

            [designation_note] => 
            [donor_id] => 95baa0be-dd75-43e1-a29d-f2d3bd8c0056
            [donor_paid_fee] => 
            [email_opt_in] => 
            [embed] => 
            [expiration_month] => 
            [expiration_year] => 
            [external_tracking_id] => 62109172147
            [final_date] => 
            [frequency] => Monthly
            [gift] => 
            [gift_extra] => 
            [hide_name] => 
            [id] => b0888f78-863c-444b-9fc3-f25d10c88b5c
            [last_four_digits] => 
            [net_proceeds] => 75
            [organization_id] => bdf8150d-a701-4079-a797-69c5c4ff6535
            [payment_gateway_id] => 017412cb-396c-4cd3-b281-07dee953506d
            [payment_gateway_name] => Spreedly: AuthorizeNet
            [payment_transaction_id] => dd90687a-c100-421d-a377-2588dc2c41bd
            [recurring_count] => 5
            [reference_code] =>  STNETREC
            [sale_price] => 
            [schedule_id] => 5e62790c-b005-4e85-a858-6b9663d6622c
            [sms_keyword] => 
            [status] => complete
            [subtype] => echeck
            [transaction_set_id] => b0888f78-863c-444b-9fc3-f25d10c88b5c
            [tribute] => 
            [type] => cash
            [utm] => Array
                (
                    [campaign] => 
                    [content] => 
                    [medium] => 
                    [source] => 
                    [term] => 
                )

            [vendor_id] => 
        )

    [type] => transaction.completed
)
