Array
(
    [created] => 2020-01-01T14:17:05.245051+00:00
    [id] => 631d68bc-2ca1-11ea-b007-e65f7a6d7b88
    [payload] => Array
        (
            [additional_info] => 
            [address] => Array
                (
                    [city] => Winston-Salem
                    [country] => US
                    [country_code] => US
                    [country_name] => United States
                    [state] => NC
                    [street] => 1708 Grace Street
                    [street2] => 
                    [title] => Donation Address
                    [zip] => 27103
                )

            [advocacy_program_id] => 
            [advocacy_program_name] => 
            [advocacy_team_id] => 
            [advocacy_team_name] => 
            [advocate] => 
            [advocate_id] => 
            [advocate_name] => 
            [campaign_id] => 
            [campaign_title] => 
            [card_type] => master
            [check_number] => 
            [client_proceeds] => 20
            [contact] => Array
                (
                    [address] => Array
                        (
                            [city] => Winston-Salem
                            [country] => US
                            [country_code] => US
                            [country_name] => United States
                            [state] => NC
                            [street] => 1708 Grace Street
                            [street2] => 
                            [title] => 
                            [zip] => 27103
                        )

                    [created] => 2018-11-03T21:52:41.742599+00:00
                    [email] => lj3clar@earthlink.net
                    [firstname] => Linda
                    [lastname] => Julian
                    [middlename] => 
                    [phone] => 
                    [timezone] => America/New_York
                    [title] => 
                    [updated] => 2019-06-30T13:34:52.565269+00:00
                )

            [corporate_matching_record] => 
            [created] => 2020-01-01T14:17:04.840839+00:00
            [custom_note_1] => 
            [custom_note_2] => 
            [custom_note_3] => 
            [custom_note_4] => 
            [custom_note_5] => 
            [description] => Cash Donation: $20.00
            [designation] => Array
                (
                    [code] => DEFAULT
                    [fund_id] => DEFAULT
                    [id] => d4c15680-8d55-4d98-b538-1aa1e1e57ef2
                    [title] => Where needed most
                )

            [designation_note] => 
            [donor_id] => d7383d41-b6d9-4494-89fe-a8011fc7adbd
            [donor_paid_fee] => 
            [email_opt_in] => 
            [embed] => Array
                (
                    [id] => 9f092f15-ba22-4fdf-90c7-996c4b97f9d4
                    [name] => 1905 New Main DF v2
                )

            [expiration_month] => 4
            [expiration_year] => 2022
            [external_tracking_id] => 62109881041
            [final_date] => 2020-01-01T00:00:00+00:00
            [frequency] => Once
            [gift] => 
            [gift_extra] => 
            [hide_name] => 
            [id] => a16d5866-e427-40c4-aea9-4f83c9636285
            [last_four_digits] => 8034
            [net_proceeds] => 20
            [organization_id] => bdf8150d-a701-4079-a797-69c5c4ff6535
            [payment_gateway_id] => 017412cb-396c-4cd3-b281-07dee953506d
            [payment_gateway_name] => Spreedly: AuthorizeNet
            [payment_transaction_id] => 720fc3d7-e434-4a1a-bef8-1eaab0a268c4
            [recurring_count] => 
            [reference_code] => 
            [sale_price] => 
            [schedule_id] => 
            [sms_keyword] => 
            [status] => complete
            [subtype] => credit
            [transaction_set_id] => a16d5866-e427-40c4-aea9-4f83c9636285
            [tribute] => 
            [type] => cash
            [utm] => Array
                (
                    [campaign] => 
                    [content] => 
                    [medium] => 
                    [source] => 
                    [term] => 
                )

            [vendor_id] => 
        )

    [type] => transaction.completed
)
