Array
(
    [created] => 2020-01-01T14:02:47.276715+00:00
    [id] => 63b9d58c-2c9f-11ea-b891-a2ba889277d9
    [payload] => Array
        (
            [additional_info] => 
            [address] => Array
                (
                    [city] => San Antonio 
                    [country] => US
                    [country_code] => US
                    [country_name] => United States
                    [state] => TX
                    [street] => 4919 Baloc Farm 
                    [street2] => 
                    [title] => Donation Address
                    [zip] => 78244
                )

            [advocacy_program_id] => 
            [advocacy_program_name] => 
            [advocacy_team_id] => 
            [advocacy_team_name] => 
            [advocate] => 
            [advocate_id] => 
            [advocate_name] => 
            [campaign_id] => 
            [campaign_title] => 
            [card_type] => visa
            [check_number] => 
            [client_proceeds] => 25
            [contact] => Array
                (
                    [address] => Array
                        (
                            [city] => San Antonio 
                            [country] => US
                            [country_code] => US
                            [country_name] => United States
                            [state] => TX
                            [street] => 4919 Baloc Farm 
                            [street2] => 
                            [title] => 
                            [zip] => 78244
                        )

                    [created] => 2020-01-01T14:02:45.443258+00:00
                    [email] => dnsmith1012@gmail.com
                    [firstname] => D
                    [lastname] => Smith
                    [middlename] => 
                    [phone] => 
                    [timezone] => America/Chicago
                    [title] => 
                    [updated] => 2020-01-01T14:02:46.910717+00:00
                )

            [corporate_matching_record] => 
            [created] => 2020-01-01T14:02:46.937129+00:00
            [custom_note_1] => 
            [custom_note_2] => 
            [custom_note_3] => 
            [custom_note_4] => 
            [custom_note_5] => 
            [description] => Cash Donation: $25.00
            [designation] => Array
                (
                    [code] => DEFAULT
                    [fund_id] => DEFAULT
                    [id] => d4c15680-8d55-4d98-b538-1aa1e1e57ef2
                    [title] => Where needed most
                )

            [designation_note] => 
            [donor_id] => d083f8a7-7ab5-4db8-8883-f8ac81608d51
            [donor_paid_fee] => 
            [email_opt_in] => 
            [embed] => Array
                (
                    [id] => 9f092f15-ba22-4fdf-90c7-996c4b97f9d4
                    [name] => 1905 New Main DF v2
                )

            [expiration_month] => 12
            [expiration_year] => 2024
            [external_tracking_id] => 62109839751
            [final_date] => 2020-01-01T00:00:00+00:00
            [frequency] => Once
            [gift] => 
            [gift_extra] => 
            [hide_name] => 
            [id] => 65faf2de-2ed3-4ba5-8ae7-3866b4f7b8d0
            [last_four_digits] => 8819
            [net_proceeds] => 25
            [organization_id] => bdf8150d-a701-4079-a797-69c5c4ff6535
            [payment_gateway_id] => 017412cb-396c-4cd3-b281-07dee953506d
            [payment_gateway_name] => Spreedly: AuthorizeNet
            [payment_transaction_id] => 4b6f45be-1f79-443b-8be5-6b55273254ed
            [recurring_count] => 
            [reference_code] => 
            [sale_price] => 
            [schedule_id] => 
            [sms_keyword] => 
            [status] => complete
            [subtype] => credit
            [transaction_set_id] => 65faf2de-2ed3-4ba5-8ae7-3866b4f7b8d0
            [tribute] => 
            [type] => cash
            [utm] => Array
                (
                    [campaign] => 
                    [content] => 
                    [medium] => 
                    [source] => 
                    [term] => 
                )

            [vendor_id] => 
        )

    [type] => transaction.completed
)
