Array
(
    [created] => 2019-12-19T17:07:19.181398+00:00
    [id] => 03b9a9b8-2282-11ea-9d83-de89dbfd598f
    [payload] => Array
        (
            [additional_info] => 
            [address] => Array
                (
                    [city] => johnson city
                    [country] => US
                    [country_code] => US
                    [country_name] => United States
                    [state] => TN
                    [street] => 491 trillium trl
                    [street2] => 
                    [title] => Donation Address
                    [zip] => 37604
                )

            [advocacy_program_id] => 
            [advocacy_program_name] => 
            [advocacy_team_id] => 
            [advocacy_team_name] => 
            [advocate] => 
            [advocate_id] => 
            [advocate_name] => 
            [campaign_id] => 
            [campaign_title] => 
            [card_type] => master
            [check_number] => 
            [client_proceeds] => 50
            [contact] => Array
                (
                    [address] => Array
                        (
                            [city] => johnson city
                            [country] => US
                            [country_code] => US
                            [country_name] => United States
                            [state] => TN
                            [street] => 491 trillium trl
                            [street2] => 
                            [title] => 
                            [zip] => 37604
                        )

                    [created] => 2018-10-01T17:40:35.269074+00:00
                    [email] => fcamcauley@gmail.com
                    [firstname] => betty
                    [lastname] => mcauley
                    [middlename] => 
                    [phone] => 423-434-9686
                    [timezone] => America/New_York
                    [title] => 
                    [updated] => 2019-12-19T17:07:18.471854+00:00
                )

            [corporate_matching_record] => 
            [created] => 2019-12-19T17:07:18.499559+00:00
            [custom_note_1] => 
            [custom_note_2] => 
            [custom_note_3] => 
            [custom_note_4] => 
            [custom_note_5] => 
            [description] => Cash Donation: $50.00
            [designation] => Array
                (
                    [code] => DEFAULT
                    [fund_id] => DEFAULT
                    [id] => d4c15680-8d55-4d98-b538-1aa1e1e57ef2
                    [title] => Where needed most
                )

            [designation_note] => 
            [donor_id] => b4bbb9da-466e-4308-90c6-7237f2f363ce
            [donor_paid_fee] => 
            [email_opt_in] => 
            [embed] => Array
                (
                    [id] => 9f092f15-ba22-4fdf-90c7-996c4b97f9d4
                    [name] => 1905 New Main DF v2
                )

            [expiration_month] => 11
            [expiration_year] => 2023
            [external_tracking_id] => 62090666651
            [final_date] => 2019-12-19T00:00:00+00:00
            [frequency] => Monthly
            [gift] => 
            [gift_extra] => 
            [hide_name] => 
            [id] => 47280ca7-0f5c-4d70-9038-e4f27ee089ea
            [last_four_digits] => 7034
            [net_proceeds] => 50
            [organization_id] => bdf8150d-a701-4079-a797-69c5c4ff6535
            [payment_gateway_id] => 017412cb-396c-4cd3-b281-07dee953506d
            [payment_gateway_name] => Spreedly: AuthorizeNet
            [payment_transaction_id] => ae38bacf-3da9-4a1e-be12-dce2baae8999
            [recurring_count] => 1
            [reference_code] => 
            [sale_price] => 
            [schedule_id] => 9e9c88ef-1896-4948-abe3-0781e1d143d3
            [sms_keyword] => 
            [status] => complete
            [subtype] => credit
            [transaction_set_id] => 47280ca7-0f5c-4d70-9038-e4f27ee089ea
            [tribute] => 
            [type] => cash
            [utm] => Array
                (
                    [campaign] => 
                    [content] => 
                    [medium] => 
                    [source] => 
                    [term] => 
                )

            [vendor_id] => 
        )

    [type] => transaction.completed
)
