Array
(
    [created] => 2020-01-01T09:29:09.681407+00:00
    [id] => 2a1398ca-2c79-11ea-baba-f2e467587223
    [payload] => Array
        (
            [additional_info] => 
            [address] => Array
                (
                    [city] => Fullerton
                    [country] => 
                    [country_code] => 
                    [country_name] => 
                    [state] => California
                    [street] => 400 N Acacia Ave Unit D29
                    [street2] => 
                    [title] => 
                    [zip] => 92831-4058
                )

            [advocacy_program_id] => 
            [advocacy_program_name] => 
            [advocacy_team_id] => 
            [advocacy_team_name] => 
            [advocate] => 
            [advocate_id] => 
            [advocate_name] => 
            [campaign_id] => 
            [campaign_title] => 
            [card_type] => master
            [check_number] => 
            [client_proceeds] => 54
            [contact] => Array
                (
                    [address] => Array
                        (
                            [city] => Fullerton
                            [country] => 
                            [country_code] => 
                            [country_name] => 
                            [state] => California
                            [street] => 400 N Acacia Ave Unit D29
                            [street2] => 
                            [title] => 
                            [zip] => 92831-4058
                        )

                    [created] => 2015-11-19T20:54:52.096777+00:00
                    [email] => andyjclark721@gmail.com
                    [firstname] => Andy
                    [lastname] => Clark
                    [middlename] => 
                    [phone] => (714) 496-6333
                    [timezone] => 
                    [title] => 
                    [updated] => 2019-05-15T17:28:40.346008+00:00
                )

            [corporate_matching_record] => 
            [created] => 2020-01-01T09:29:09.411131+00:00
            [custom_note_1] => 
            [custom_note_2] => 
            [custom_note_3] => 
            [custom_note_4] => 
            [custom_note_5] => 
            [description] => Cash Donation: $54.00
            [designation] => Array
                (
                    [code] => sarood
                    [fund_id] => sarood
                    [id] => bc1e038b-f399-4dc8-a68e-9e1aeb4ce259
                    [title] => Rood, Samuel & Rebekah
                )

            [designation_note] => 
            [donor_id] => fb38a658-0ed7-4fbb-b01a-af63ddaf5ba4
            [donor_paid_fee] => 
            [email_opt_in] => 
            [embed] => 
            [expiration_month] => 1
            [expiration_year] => 2024
            [external_tracking_id] => 62109162970
            [final_date] => 
            [frequency] => Monthly
            [gift] => 
            [gift_extra] => 
            [hide_name] => 
            [id] => b942dbc6-e083-43c3-acbb-356fd45b4b68
            [last_four_digits] => 5427
            [net_proceeds] => 54
            [organization_id] => bdf8150d-a701-4079-a797-69c5c4ff6535
            [payment_gateway_id] => 017412cb-396c-4cd3-b281-07dee953506d
            [payment_gateway_name] => Spreedly: AuthorizeNet
            [payment_transaction_id] => c9c02709-e14a-4c98-ad10-9c689c58d782
            [recurring_count] => 16
            [reference_code] => 
            [sale_price] => 
            [schedule_id] => d30dd036-c621-45bb-9551-21afab055a43
            [sms_keyword] => 
            [status] => complete
            [subtype] => credit
            [transaction_set_id] => b942dbc6-e083-43c3-acbb-356fd45b4b68
            [tribute] => 
            [type] => cash
            [utm] => Array
                (
                    [campaign] => 
                    [content] => 
                    [medium] => 
                    [source] => 
                    [term] => 
                )

            [vendor_id] => 
        )

    [type] => transaction.completed
)
