Array
(
    [created] => 2020-01-01T09:28:54.063133+00:00
    [id] => 20c47000-2c79-11ea-baba-f2e467587223
    [payload] => Array
        (
            [additional_info] => 
            [address] => Array
                (
                    [city] => Bryan
                    [country] => 
                    [country_code] => 
                    [country_name] => 
                    [state] => 
                    [street] => PO BOX 5027
                    [street2] => 
                    [title] => 
                    [zip] => 77805
                )

            [advocacy_program_id] => 
            [advocacy_program_name] => 
            [advocacy_team_id] => 
            [advocacy_team_name] => 
            [advocate] => 
            [advocate_id] => 
            [advocate_name] => 
            [campaign_id] => 
            [campaign_title] => 
            [card_type] => 
            [check_number] => 
            [client_proceeds] => 20
            [contact] => Array
                (
                    [address] => Array
                        (
                            [city] => Bryan
                            [country] => 
                            [country_code] => 
                            [country_name] => 
                            [state] => 
                            [street] => PO BOX 5027
                            [street2] => 
                            [title] => 
                            [zip] => 77805
                        )

                    [created] => 2018-10-01T17:40:35.269074+00:00
                    [email] => leenymarie@hotmail.com
                    [firstname] => Jacqueline
                    [lastname] => Grey
                    [middlename] => 
                    [phone] => 
                    [timezone] => 
                    [title] => 
                    [updated] => 2018-10-01T17:40:35.269074+00:00
                )

            [corporate_matching_record] => 
            [created] => 2020-01-01T09:28:53.887402+00:00
            [custom_note_1] => 
            [custom_note_2] => 
            [custom_note_3] => 
            [custom_note_4] => 
            [custom_note_5] => 
            [description] => Cash Donation: $20.00
            [designation] => Array
                (
                    [code] => DEFAULT
                    [fund_id] => DEFAULT
                    [id] => d4c15680-8d55-4d98-b538-1aa1e1e57ef2
                    [title] => Where needed most
                )

            [designation_note] => 
            [donor_id] => f82a20a3-bf57-45b6-af60-b10fac84e1e7
            [donor_paid_fee] => 
            [email_opt_in] => 
            [embed] => 
            [expiration_month] => 
            [expiration_year] => 
            [external_tracking_id] => 62109162577
            [final_date] => 
            [frequency] => Monthly
            [gift] => 
            [gift_extra] => 
            [hide_name] => 
            [id] => f7046c8d-2da0-458b-bc2e-b973ab9f4d71
            [last_four_digits] => 
            [net_proceeds] => 20
            [organization_id] => bdf8150d-a701-4079-a797-69c5c4ff6535
            [payment_gateway_id] => 017412cb-396c-4cd3-b281-07dee953506d
            [payment_gateway_name] => Spreedly: AuthorizeNet
            [payment_transaction_id] => 229b1f11-77f4-4793-9cfb-9bf5b074f13e
            [recurring_count] => 16
            [reference_code] => 
            [sale_price] => 
            [schedule_id] => bc662dbf-6979-4fa4-90b0-4f42e386fd2e
            [sms_keyword] => 
            [status] => complete
            [subtype] => credit
            [transaction_set_id] => f7046c8d-2da0-458b-bc2e-b973ab9f4d71
            [tribute] => 
            [type] => cash
            [utm] => Array
                (
                    [campaign] => 
                    [content] => 
                    [medium] => 
                    [source] => 
                    [term] => 
                )

            [vendor_id] => 
        )

    [type] => transaction.completed
)
