Array
(
    [created] => 2020-01-01T09:13:51.771653+00:00
    [id] => 06f5af10-2c77-11ea-baba-f2e467587223
    [payload] => Array
        (
            [additional_info] => 
            [address] => Array
                (
                    [city] => Dyersburg
                    [country] => 
                    [country_code] => 
                    [country_name] => 
                    [state] => Tennessee
                    [street] => 512 N. Sampson Ave.
                    [street2] => 
                    [title] => 
                    [zip] => 38024-3927
                )

            [advocacy_program_id] => 
            [advocacy_program_name] => 
            [advocacy_team_id] => 
            [advocacy_team_name] => 
            [advocate] => 
            [advocate_id] => 
            [advocate_name] => 
            [campaign_id] => 
            [campaign_title] => 
            [card_type] => 
            [check_number] => 
            [client_proceeds] => 100
            [contact] => Array
                (
                    [address] => Array
                        (
                            [city] => Dyersburg
                            [country] => 
                            [country_code] => 
                            [country_name] => 
                            [state] => Tennessee
                            [street] => 512 N. Sampson Ave.
                            [street2] => 
                            [title] => 
                            [zip] => 38024-3927
                        )

                    [created] => 2018-10-01T17:40:35.269074+00:00
                    [email] => 1533077116@noreply.jews-for-jesus.org
                    [firstname] => Marie
                    [lastname] => Duval
                    [middlename] => 
                    [phone] => 
                    [timezone] => 
                    [title] => 
                    [updated] => 2018-10-01T17:40:35.269074+00:00
                )

            [corporate_matching_record] => 
            [created] => 2020-01-01T09:13:51.597613+00:00
            [custom_note_1] => 
            [custom_note_2] => 
            [custom_note_3] => 
            [custom_note_4] => 
            [custom_note_5] => 
            [description] => Cash Donation: $100.00
            [designation] => Array
                (
                    [code] => DEFAULT
                    [fund_id] => DEFAULT
                    [id] => d4c15680-8d55-4d98-b538-1aa1e1e57ef2
                    [title] => Where needed most
                )

            [designation_note] => 
            [donor_id] => 6f8b5ae1-355e-4ed9-a784-8ed666d5296f
            [donor_paid_fee] => 
            [email_opt_in] => 
            [embed] => 
            [expiration_month] => 
            [expiration_year] => 
            [external_tracking_id] => 62109140876
            [final_date] => 
            [frequency] => Monthly
            [gift] => 
            [gift_extra] => 
            [hide_name] => 
            [id] => d7947b9e-0337-4025-bcb9-52a228572f5f
            [last_four_digits] => 
            [net_proceeds] => 100
            [organization_id] => bdf8150d-a701-4079-a797-69c5c4ff6535
            [payment_gateway_id] => 017412cb-396c-4cd3-b281-07dee953506d
            [payment_gateway_name] => Spreedly: AuthorizeNet
            [payment_transaction_id] => 1326e08a-02ec-484b-bd71-9f121f67a40c
            [recurring_count] => 16
            [reference_code] => 
            [sale_price] => 
            [schedule_id] => 7e4eadf9-1e4f-4057-b9aa-09583b10cf97
            [sms_keyword] => 
            [status] => complete
            [subtype] => credit
            [transaction_set_id] => d7947b9e-0337-4025-bcb9-52a228572f5f
            [tribute] => 
            [type] => cash
            [utm] => Array
                (
                    [campaign] => 
                    [content] => 
                    [medium] => 
                    [source] => 
                    [term] => 
                )

            [vendor_id] => 
        )

    [type] => transaction.completed
)
