Array
(
    [created] => 2020-01-01T09:04:47.323067+00:00
    [id] => c2716c0e-2c75-11ea-baba-f2e467587223
    [payload] => Array
        (
            [additional_info] => 
            [address] => Array
                (
                    [city] => Georgetown
                    [country] => US
                    [country_code] => US
                    [country_name] => United States
                    [state] => OH
                    [street] => 7014 Old US Hwy 68
                    [street2] => 
                    [title] => 
                    [zip] => 45121
                )

            [advocacy_program_id] => 
            [advocacy_program_name] => 
            [advocacy_team_id] => 
            [advocacy_team_name] => 
            [advocate] => 
            [advocate_id] => 
            [advocate_name] => 
            [campaign_id] => 
            [campaign_title] => 
            [card_type] => american_express
            [check_number] => 
            [client_proceeds] => 50
            [contact] => Array
                (
                    [address] => Array
                        (
                            [city] => Georgetown
                            [country] => US
                            [country_code] => US
                            [country_name] => United States
                            [state] => OH
                            [street] => 7014 Old US Hwy 68
                            [street2] => 
                            [title] => 
                            [zip] => 45121
                        )

                    [created] => 2019-08-01T19:14:21.135239+00:00
                    [email] => dan.n.kirschner@gmail.com
                    [firstname] => Dan
                    [lastname] => Kirschner
                    [middlename] => 
                    [phone] => 5135096205
                    [timezone] => America/New_York
                    [title] => 
                    [updated] => 2019-08-01T19:14:24.323896+00:00
                )

            [corporate_matching_record] => 
            [created] => 2020-01-01T09:04:47.099939+00:00
            [custom_note_1] => 
            [custom_note_2] => 
            [custom_note_3] => 
            [custom_note_4] => 
            [custom_note_5] => 
            [description] => Cash Donation: $50.00
            [designation] => Array
                (
                    [code] => miboro
                    [fund_id] => miboro
                    [id] => 6d4cf6a9-cf94-4a90-a4f6-c6e9071eadda
                    [title] => Borok, Miriam & Daniel
                )

            [designation_note] => 
            [donor_id] => 226daea5-5b7b-4796-8c75-acae5e9ff264
            [donor_paid_fee] => 
            [email_opt_in] => 
            [embed] => 
            [expiration_month] => 10
            [expiration_year] => 2023
            [external_tracking_id] => 62109127310
            [final_date] => 
            [frequency] => Monthly
            [gift] => 
            [gift_extra] => 
            [hide_name] => 
            [id] => 8481a9c7-4b7c-4991-9538-e45e1b993a32
            [last_four_digits] => 4011
            [net_proceeds] => 50
            [organization_id] => bdf8150d-a701-4079-a797-69c5c4ff6535
            [payment_gateway_id] => 017412cb-396c-4cd3-b281-07dee953506d
            [payment_gateway_name] => Spreedly: AuthorizeNet
            [payment_transaction_id] => 72cc27bf-dba5-4f89-af2b-5ae7beda19ec
            [recurring_count] => 6
            [reference_code] => 
            [sale_price] => 
            [schedule_id] => 9325f33c-48a8-464b-ae5d-56fd6e6d6f7c
            [sms_keyword] => 
            [status] => complete
            [subtype] => credit
            [transaction_set_id] => 8481a9c7-4b7c-4991-9538-e45e1b993a32
            [tribute] => 
            [type] => cash
            [utm] => Array
                (
                    [campaign] => 
                    [content] => 
                    [medium] => 
                    [source] => 
                    [term] => 
                )

            [vendor_id] => 
        )

    [type] => transaction.completed
)
