Array
(
    [created] => 2020-01-01T09:43:31.590529+00:00
    [id] => 2bd07dfc-2c7b-11ea-baba-f2e467587223
    [payload] => Array
        (
            [additional_info] => 
            [address] => Array
                (
                    [city] => Northfield
                    [country] => US
                    [country_code] => US
                    [country_name] => United States
                    [state] => MN
                    [street] => 12600 Eaton Ave
                    [street2] => 
                    [title] => 
                    [zip] => 55057
                )

            [advocacy_program_id] => 
            [advocacy_program_name] => 
            [advocacy_team_id] => 
            [advocacy_team_name] => 
            [advocate] => 
            [advocate_id] => 
            [advocate_name] => 
            [campaign_id] => 
            [campaign_title] => 
            [card_type] => visa
            [check_number] => 
            [client_proceeds] => 50
            [contact] => Array
                (
                    [address] => Array
                        (
                            [city] => Northfield
                            [country] => US
                            [country_code] => US
                            [country_name] => United States
                            [state] => MN
                            [street] => 12600 Eaton Ave
                            [street2] => 
                            [title] => 
                            [zip] => 55057
                        )

                    [created] => 2019-07-28T19:03:06.828196+00:00
                    [email] => wes.markofski@gmail.com
                    [firstname] => Wes
                    [lastname] => Markofski
                    [middlename] => 
                    [phone] => 6087704490
                    [timezone] => 
                    [title] => 
                    [updated] => 2019-07-28T19:03:07.034544+00:00
                )

            [corporate_matching_record] => 
            [created] => 2020-01-01T09:43:31.332262+00:00
            [custom_note_1] => 
            [custom_note_2] => 
            [custom_note_3] => 
            [custom_note_4] => 
            [custom_note_5] => 
            [description] => Cash Donation: $50.00
            [designation] => Array
                (
                    [code] => restra
                    [fund_id] => restra
                    [id] => c14f9ebb-5402-4277-978c-625bcb3e7148
                    [title] => Strangarity, Rebekah
                )

            [designation_note] => 
            [donor_id] => 3b7a814b-9e74-4e53-bc9d-2b1709b3fb86
            [donor_paid_fee] => 
            [email_opt_in] => 
            [embed] => 
            [expiration_month] => 8
            [expiration_year] => 2023
            [external_tracking_id] => 62109194410
            [final_date] => 
            [frequency] => Monthly
            [gift] => 
            [gift_extra] => 
            [hide_name] => 
            [id] => e849d378-2609-4f5d-85bc-0a0bfddcdd70
            [last_four_digits] => 2056
            [net_proceeds] => 50
            [organization_id] => bdf8150d-a701-4079-a797-69c5c4ff6535
            [payment_gateway_id] => 017412cb-396c-4cd3-b281-07dee953506d
            [payment_gateway_name] => Spreedly: AuthorizeNet
            [payment_transaction_id] => a1035993-d23b-4cd0-be09-c51d1ea52540
            [recurring_count] => 6
            [reference_code] => 
            [sale_price] => 
            [schedule_id] => 43fca726-f396-492f-9bd6-cf245c33847e
            [sms_keyword] => 
            [status] => complete
            [subtype] => credit
            [transaction_set_id] => e849d378-2609-4f5d-85bc-0a0bfddcdd70
            [tribute] => 
            [type] => cash
            [utm] => Array
                (
                    [campaign] => 0d6a8c4242-EMAIL_CAMPAIGN_2018_03_02_COPY_01
                    [content] => 
                    [medium] => email
                    [source] => Update+Support
                    [term] => 0_aa0525975f-0d6a8c4242-46138645
                )

            [vendor_id] => 
        )

    [type] => transaction.completed
)
