Array
(
    [created] => 2020-01-01T09:34:07.953038+00:00
    [id] => dbdc3c56-2c79-11ea-baba-f2e467587223
    [payload] => Array
        (
            [additional_info] => 
            [address] => Array
                (
                    [city] => Fort Collins
                    [country] => US
                    [country_code] => US
                    [country_name] => United States
                    [state] => CO
                    [street] => 4412 E Mulberry St lot 54
                    [street2] => 
                    [title] => 
                    [zip] => 80524
                )

            [advocacy_program_id] => 
            [advocacy_program_name] => 
            [advocacy_team_id] => 
            [advocacy_team_name] => 
            [advocate] => 
            [advocate_id] => 
            [advocate_name] => 
            [campaign_id] => 
            [campaign_title] => 
            [card_type] => master
            [check_number] => 
            [client_proceeds] => 200
            [contact] => Array
                (
                    [address] => Array
                        (
                            [city] => Fort Collins
                            [country] => US
                            [country_code] => US
                            [country_name] => United States
                            [state] => CO
                            [street] => 4412 E Mulberry St lot 54
                            [street2] => 
                            [title] => 
                            [zip] => 80524
                        )

                    [created] => 2019-04-11T14:55:41.186330+00:00
                    [email] => herbalann@yahoo.com
                    [firstname] => Margaret
                    [lastname] => Fretwell
                    [middlename] => 
                    [phone] => 3039218569
                    [timezone] => America/Denver
                    [title] => 
                    [updated] => 2019-09-16T20:41:57.286828+00:00
                )

            [corporate_matching_record] => 
            [created] => 2020-01-01T09:34:07.658474+00:00
            [custom_note_1] => 
            [custom_note_2] => 
            [custom_note_3] => 
            [custom_note_4] => 
            [custom_note_5] => 
            [description] => Cash Donation: $200.00
            [designation] => Array
                (
                    [code] => DEFAULT
                    [fund_id] => DEFAULT
                    [id] => d4c15680-8d55-4d98-b538-1aa1e1e57ef2
                    [title] => Where needed most
                )

            [designation_note] => 
            [donor_id] => 7a3aa2bd-a63d-4560-befd-4c6f116174cc
            [donor_paid_fee] => 
            [email_opt_in] => 
            [embed] => 
            [expiration_month] => 8
            [expiration_year] => 2024
            [external_tracking_id] => 62109172178
            [final_date] => 
            [frequency] => Monthly
            [gift] => 
            [gift_extra] => 
            [hide_name] => 
            [id] => 95e9dfef-11c6-486b-9cd4-db2b3c87ff63
            [last_four_digits] => 6883
            [net_proceeds] => 200
            [organization_id] => bdf8150d-a701-4079-a797-69c5c4ff6535
            [payment_gateway_id] => 017412cb-396c-4cd3-b281-07dee953506d
            [payment_gateway_name] => Spreedly: AuthorizeNet
            [payment_transaction_id] => 3e3609ef-6089-4d8d-8e85-7fd8a505a356
            [recurring_count] => 5
            [reference_code] =>  STNETREC
            [sale_price] => 
            [schedule_id] => 79045fc4-7540-4f46-9888-ac6d973da4a5
            [sms_keyword] => 
            [status] => complete
            [subtype] => credit
            [transaction_set_id] => 95e9dfef-11c6-486b-9cd4-db2b3c87ff63
            [tribute] => 
            [type] => cash
            [utm] => Array
                (
                    [campaign] => 
                    [content] => 
                    [medium] => 
                    [source] => 
                    [term] => 
                )

            [vendor_id] => 
        )

    [type] => transaction.completed
)
