Array
(
    [created] => 2020-01-01T09:37:37.365080+00:00
    [id] => 58adfa6c-2c7a-11ea-baba-f2e467587223
    [payload] => Array
        (
            [additional_info] => 
            [address] => Array
                (
                    [city] => Winterville
                    [country] => 
                    [country_code] => 
                    [country_name] => 
                    [state] => North Carolina
                    [street] => 1709 Edinburgh Ct.
                    [street2] => 
                    [title] => 
                    [zip] => 28590-9121
                )

            [advocacy_program_id] => 
            [advocacy_program_name] => 
            [advocacy_team_id] => 
            [advocacy_team_name] => 
            [advocate] => 
            [advocate_id] => 
            [advocate_name] => 
            [campaign_id] => 
            [campaign_title] => 
            [card_type] => visa
            [check_number] => 
            [client_proceeds] => 10
            [contact] => Array
                (
                    [address] => Array
                        (
                            [city] => Winterville
                            [country] => 
                            [country_code] => 
                            [country_name] => 
                            [state] => North Carolina
                            [street] => 1709 Edinburgh Ct.
                            [street2] => 
                            [title] => 
                            [zip] => 28590-9121
                        )

                    [created] => 2018-10-01T17:40:35.269074+00:00
                    [email] => jeanf316@aol.com
                    [firstname] => Jean 
                    [lastname] => Fenton
                    [middlename] => 
                    [phone] => 
                    [timezone] => 
                    [title] => 
                    [updated] => 2019-01-25T18:26:48.016306+00:00
                )

            [corporate_matching_record] => 
            [created] => 2020-01-01T09:37:37.127096+00:00
            [custom_note_1] => I have a special request or comment = 
            [custom_note_2] => 
            [custom_note_3] => 
            [custom_note_4] => 
            [custom_note_5] => 
            [description] => Cash Donation: $10.00
            [designation] => Array
                (
                    [code] => DEFAULT
                    [fund_id] => DEFAULT
                    [id] => d4c15680-8d55-4d98-b538-1aa1e1e57ef2
                    [title] => Where needed most
                )

            [designation_note] => 
            [donor_id] => 87caf0ef-cc2c-4854-a2e1-1503c63a6e9c
            [donor_paid_fee] => 
            [email_opt_in] => 
            [embed] => 
            [expiration_month] => 12
            [expiration_year] => 2023
            [external_tracking_id] => 62109180167
            [final_date] => 
            [frequency] => Monthly
            [gift] => 
            [gift_extra] => 
            [hide_name] => 
            [id] => 97a69fbd-2578-4740-8641-4e7c90ced46b
            [last_four_digits] => 4108
            [net_proceeds] => 10
            [organization_id] => bdf8150d-a701-4079-a797-69c5c4ff6535
            [payment_gateway_id] => 017412cb-396c-4cd3-b281-07dee953506d
            [payment_gateway_name] => Spreedly: AuthorizeNet
            [payment_transaction_id] => 468b775f-2d7e-4748-8e82-d19f1fc3dc0f
            [recurring_count] => 13
            [reference_code] =>  STNETREC
            [sale_price] => 
            [schedule_id] => 30e0af7e-595b-4be5-9dd9-c6e0696ae975
            [sms_keyword] => 
            [status] => complete
            [subtype] => credit
            [transaction_set_id] => 97a69fbd-2578-4740-8641-4e7c90ced46b
            [tribute] => 
            [type] => cash
            [utm] => Array
                (
                    [campaign] => 
                    [content] => 
                    [medium] => 
                    [source] => 
                    [term] => 
                )

            [vendor_id] => 
        )

    [type] => transaction.completed
)
