Array
(
    [created] => 2020-01-01T09:18:41.390506+00:00
    [id] => b39602e2-2c77-11ea-baba-f2e467587223
    [payload] => Array
        (
            [additional_info] => 
            [address] => Array
                (
                    [city] => Idyllwild
                    [country] => US
                    [country_code] => US
                    [country_name] => United States
                    [state] => CA
                    [street] => PO Box 888
                    [street2] => 
                    [title] => 
                    [zip] => 92549
                )

            [advocacy_program_id] => 
            [advocacy_program_name] => 
            [advocacy_team_id] => 
            [advocacy_team_name] => 
            [advocate] => 
            [advocate_id] => 
            [advocate_name] => 
            [campaign_id] => 
            [campaign_title] => 
            [card_type] => 
            [check_number] => 
            [client_proceeds] => 30
            [contact] => Array
                (
                    [address] => Array
                        (
                            [city] => Idyllwild
                            [country] => US
                            [country_code] => US
                            [country_name] => United States
                            [state] => CA
                            [street] => PO Box 888
                            [street2] => 
                            [title] => 
                            [zip] => 92549
                        )

                    [created] => 2019-08-02T00:03:15.497222+00:00
                    [email] => sshampson@msn.com
                    [firstname] => Richard
                    [lastname] => Hampson
                    [middlename] => 
                    [phone] => 951-659-0541
                    [timezone] => 
                    [title] => 
                    [updated] => 2019-08-02T00:03:15.696003+00:00
                )

            [corporate_matching_record] => 
            [created] => 2020-01-01T09:18:41.153777+00:00
            [custom_note_1] => 
            [custom_note_2] => 
            [custom_note_3] => 
            [custom_note_4] => 
            [custom_note_5] => 
            [description] => Cash Donation: $30.00
            [designation] => Array
                (
                    [code] => stmeye
                    [fund_id] => stmeye
                    [id] => c46feb06-74c5-41b7-9572-f4e894f51f10
                    [title] => Meyer, Stan & Jacqui
                )

            [designation_note] => 
            [donor_id] => 3f0ef999-6fb6-4467-881c-aeed6ab3b479
            [donor_paid_fee] => 
            [email_opt_in] => 
            [embed] => 
            [expiration_month] => 
            [expiration_year] => 
            [external_tracking_id] => 62109147864
            [final_date] => 
            [frequency] => Monthly
            [gift] => 
            [gift_extra] => 
            [hide_name] => 
            [id] => 96174fcf-68c0-4415-ae87-48cfbd776ef7
            [last_four_digits] => 
            [net_proceeds] => 30
            [organization_id] => bdf8150d-a701-4079-a797-69c5c4ff6535
            [payment_gateway_id] => 017412cb-396c-4cd3-b281-07dee953506d
            [payment_gateway_name] => Spreedly: AuthorizeNet
            [payment_transaction_id] => 2e62bb3e-2a00-41d7-a4c3-00352ed5ce91
            [recurring_count] => 6
            [reference_code] => 
            [sale_price] => 
            [schedule_id] => 063f4dc8-3e3a-427e-8722-153407286422
            [sms_keyword] => 
            [status] => complete
            [subtype] => echeck
            [transaction_set_id] => 96174fcf-68c0-4415-ae87-48cfbd776ef7
            [tribute] => 
            [type] => cash
            [utm] => Array
                (
                    [campaign] => 
                    [content] => 
                    [medium] => 
                    [source] => 
                    [term] => 
                )

            [vendor_id] => 
        )

    [type] => transaction.completed
)
