Array
(
    [created] => 2020-01-01T09:13:50.318579+00:00
    [id] => 0617f670-2c77-11ea-baba-f2e467587223
    [payload] => Array
        (
            [additional_info] => 
            [address] => Array
                (
                    [city] => Yukon
                    [country] => US
                    [country_code] => US
                    [country_name] => United States
                    [state] => OK
                    [street] => 404 Westridge Dr
                    [street2] => 
                    [title] => 
                    [zip] => 73099
                )

            [advocacy_program_id] => 
            [advocacy_program_name] => 
            [advocacy_team_id] => 
            [advocacy_team_name] => 
            [advocate] => 
            [advocate_id] => 
            [advocate_name] => 
            [campaign_id] => 
            [campaign_title] => 
            [card_type] => 
            [check_number] => 
            [client_proceeds] => 50
            [contact] => Array
                (
                    [address] => Array
                        (
                            [city] => Yukon
                            [country] => US
                            [country_code] => US
                            [country_name] => United States
                            [state] => OK
                            [street] => 404 Westridge Dr
                            [street2] => 
                            [title] => 
                            [zip] => 73099
                        )

                    [created] => 2018-10-01T17:40:35.269074+00:00
                    [email] => 1492018559@noreply.jews-for-jesus.org
                    [firstname] => Ron
                    [lastname] => Dame
                    [middlename] => 
                    [phone] => 
                    [timezone] => America/Los_Angeles
                    [title] => 
                    [updated] => 2019-10-24T19:55:16.262176+00:00
                )

            [corporate_matching_record] => 
            [created] => 2020-01-01T09:13:50.149466+00:00
            [custom_note_1] => 
            [custom_note_2] => 
            [custom_note_3] => 
            [custom_note_4] => 
            [custom_note_5] => 
            [description] => Cash Donation: $50.00
            [designation] => Array
                (
                    [code] => DEFAULT
                    [fund_id] => DEFAULT
                    [id] => d4c15680-8d55-4d98-b538-1aa1e1e57ef2
                    [title] => Where needed most
                )

            [designation_note] => 
            [donor_id] => 6037b59c-66c8-4edc-8cfd-b0d778c09855
            [donor_paid_fee] => 
            [email_opt_in] => 
            [embed] => 
            [expiration_month] => 
            [expiration_year] => 
            [external_tracking_id] => 62109140831
            [final_date] => 
            [frequency] => Monthly
            [gift] => 
            [gift_extra] => 
            [hide_name] => 
            [id] => 3880b96a-81fc-4647-b63a-ac2b43bf0bce
            [last_four_digits] => 
            [net_proceeds] => 50
            [organization_id] => bdf8150d-a701-4079-a797-69c5c4ff6535
            [payment_gateway_id] => 017412cb-396c-4cd3-b281-07dee953506d
            [payment_gateway_name] => Spreedly: AuthorizeNet
            [payment_transaction_id] => 388b9611-aedc-4830-aa3d-1adedd92e6a5
            [recurring_count] => 16
            [reference_code] => 
            [sale_price] => 
            [schedule_id] => e8c0338c-0803-4b58-b146-99c7d15fd2db
            [sms_keyword] => 
            [status] => complete
            [subtype] => credit
            [transaction_set_id] => 3880b96a-81fc-4647-b63a-ac2b43bf0bce
            [tribute] => 
            [type] => cash
            [utm] => Array
                (
                    [campaign] => 
                    [content] => 
                    [medium] => 
                    [source] => 
                    [term] => 
                )

            [vendor_id] => 
        )

    [type] => transaction.completed
)
