Array
(
    [created] => 2020-01-01T08:58:56.829625+00:00
    [id] => f1885774-2c74-11ea-baba-f2e467587223
    [payload] => Array
        (
            [additional_info] => 
            [address] => Array
                (
                    [city] => Bozeman
                    [country] => US
                    [country_code] => US
                    [country_name] => United States
                    [state] => MT
                    [street] => 2137 S 11th Ave
                    [street2] => Apt 327
                    [title] => 
                    [zip] => 59715
                )

            [advocacy_program_id] => 
            [advocacy_program_name] => 
            [advocacy_team_id] => 
            [advocacy_team_name] => 
            [advocate] => 
            [advocate_id] => 
            [advocate_name] => 
            [campaign_id] => 
            [campaign_title] => 
            [card_type] => visa
            [check_number] => 
            [client_proceeds] => 10
            [contact] => Array
                (
                    [address] => Array
                        (
                            [city] => Bozeman
                            [country] => US
                            [country_code] => US
                            [country_name] => United States
                            [state] => MT
                            [street] => 2137 S 11th Ave
                            [street2] => Apt 327
                            [title] => 
                            [zip] => 59715
                        )

                    [created] => 2019-10-17T19:40:54.963322+00:00
                    [email] => robert.russ84@gmail.com
                    [firstname] => Robert
                    [lastname] => Russ
                    [middlename] => 
                    [phone] => 
                    [timezone] => 
                    [title] => 
                    [updated] => 2019-10-17T19:40:55.138567+00:00
                )

            [corporate_matching_record] => 
            [created] => 2020-01-01T08:58:56.459695+00:00
            [custom_note_1] => I have a special request or comment = 
            [custom_note_2] => 
            [custom_note_3] => 
            [custom_note_4] => 
            [custom_note_5] => 
            [description] => Cash Donation: $10.00
            [designation] => Array
                (
                    [code] => DEFAULT
                    [fund_id] => DEFAULT
                    [id] => d4c15680-8d55-4d98-b538-1aa1e1e57ef2
                    [title] => Where needed most
                )

            [designation_note] => 
            [donor_id] => 5c2099ad-814f-4a52-b229-b3abf9705f16
            [donor_paid_fee] => 
            [email_opt_in] => 
            [embed] => 
            [expiration_month] => 7
            [expiration_year] => 2021
            [external_tracking_id] => 62109117298
            [final_date] => 
            [frequency] => Monthly
            [gift] => 
            [gift_extra] => 
            [hide_name] => 
            [id] => ce5ef1e1-800f-4014-962c-ba08c6bed505
            [last_four_digits] => 6597
            [net_proceeds] => 10
            [organization_id] => bdf8150d-a701-4079-a797-69c5c4ff6535
            [payment_gateway_id] => 017412cb-396c-4cd3-b281-07dee953506d
            [payment_gateway_name] => Spreedly: AuthorizeNet
            [payment_transaction_id] => e56b0d2b-365e-422b-a0df-022cd46bb665
            [recurring_count] => 3
            [reference_code] =>  STNETREC
            [sale_price] => 
            [schedule_id] => beaa432a-da32-4db0-9e38-8ce991c10f24
            [sms_keyword] => 
            [status] => complete
            [subtype] => credit
            [transaction_set_id] => ce5ef1e1-800f-4014-962c-ba08c6bed505
            [tribute] => 
            [type] => cash
            [utm] => Array
                (
                    [campaign] => 
                    [content] => 
                    [medium] => 
                    [source] => 
                    [term] => 
                )

            [vendor_id] => 
        )

    [type] => transaction.completed
)
