Array
(
    [created] => 2020-01-01T09:01:21.832195+00:00
    [id] => 47f5fd50-2c75-11ea-baba-f2e467587223
    [payload] => Array
        (
            [additional_info] => 
            [address] => Array
                (
                    [city] => Roanoke Rapids
                    [country] => US
                    [country_code] => US
                    [country_name] => United States
                    [state] => NC
                    [street] => 201 Chockoyotte St
                    [street2] => 
                    [title] => 
                    [zip] => 27870
                )

            [advocacy_program_id] => 
            [advocacy_program_name] => 
            [advocacy_team_id] => 
            [advocacy_team_name] => 
            [advocate] => 
            [advocate_id] => 
            [advocate_name] => 
            [campaign_id] => 
            [campaign_title] => 
            [card_type] => master
            [check_number] => 
            [client_proceeds] => 25
            [contact] => Array
                (
                    [address] => Array
                        (
                            [city] => Roanoke Rapids
                            [country] => US
                            [country_code] => US
                            [country_name] => United States
                            [state] => NC
                            [street] => 201 Chockoyotte St
                            [street2] => 
                            [title] => 
                            [zip] => 27870
                        )

                    [created] => 2018-10-01T17:40:35.269074+00:00
                    [email] => james1943@charter.net
                    [firstname] => Jim
                    [lastname] => Martin
                    [middlename] => 
                    [phone] => 
                    [timezone] => 
                    [title] => 
                    [updated] => 2019-10-08T21:48:00.718651+00:00
                )

            [corporate_matching_record] => 
            [created] => 2020-01-01T09:01:21.586508+00:00
            [custom_note_1] => I have a special request or comment = 
            [custom_note_2] => 
            [custom_note_3] => 
            [custom_note_4] => 
            [custom_note_5] => 
            [description] => Cash Donation: $25.00
            [designation] => Array
                (
                    [code] => DEFAULT
                    [fund_id] => DEFAULT
                    [id] => d4c15680-8d55-4d98-b538-1aa1e1e57ef2
                    [title] => Where needed most
                )

            [designation_note] => 
            [donor_id] => 0fe4e163-8d55-420f-9972-991ca814bf6a
            [donor_paid_fee] => 
            [email_opt_in] => 
            [embed] => 
            [expiration_month] => 7
            [expiration_year] => 2024
            [external_tracking_id] => 62109121287
            [final_date] => 
            [frequency] => Monthly
            [gift] => 
            [gift_extra] => 
            [hide_name] => 
            [id] => 6bc93a63-6aee-4b8d-9c1b-ced7096f08d3
            [last_four_digits] => 9868
            [net_proceeds] => 25
            [organization_id] => bdf8150d-a701-4079-a797-69c5c4ff6535
            [payment_gateway_id] => 017412cb-396c-4cd3-b281-07dee953506d
            [payment_gateway_name] => Spreedly: AuthorizeNet
            [payment_transaction_id] => d18862bb-96aa-4e5a-a219-0a4c31e775c6
            [recurring_count] => 3
            [reference_code] =>  STNETREC
            [sale_price] => 
            [schedule_id] => 0c304ebb-58b5-4c2a-a95e-8eda41867153
            [sms_keyword] => 
            [status] => complete
            [subtype] => credit
            [transaction_set_id] => 6bc93a63-6aee-4b8d-9c1b-ced7096f08d3
            [tribute] => 
            [type] => cash
            [utm] => Array
                (
                    [campaign] => 
                    [content] => 
                    [medium] => 
                    [source] => 
                    [term] => 
                )

            [vendor_id] => 
        )

    [type] => transaction.completed
)
