Array
(
    [created] => 2020-01-01T14:18:01.742184+00:00
    [id] => 84ca30f8-2ca1-11ea-93e0-aa6a237aaa17
    [payload] => Array
        (
            [additional_info] => 
            [address] => Array
                (
                    [city] => Maryville
                    [country] => US
                    [country_code] => US
                    [country_name] => United States
                    [state] => TN
                    [street] => 4218 Legends Way
                    [street2] => 
                    [title] => Donation Address
                    [zip] => 37801
                )

            [advocacy_program_id] => 
            [advocacy_program_name] => 
            [advocacy_team_id] => 
            [advocacy_team_name] => 
            [advocate] => 
            [advocate_id] => 
            [advocate_name] => 
            [campaign_id] => 
            [campaign_title] => 
            [card_type] => visa
            [check_number] => 
            [client_proceeds] => 150
            [contact] => Array
                (
                    [address] => Array
                        (
                            [city] => Maryville
                            [country] => US
                            [country_code] => US
                            [country_name] => United States
                            [state] => TN
                            [street] => 106 Knoll Lane
                            [street2] => 
                            [title] => 
                            [zip] => 37804
                        )

                    [created] => 2018-10-16T05:55:10.148458+00:00
                    [email] => smsoesbe@gmail.com
                    [firstname] => Susan
                    [lastname] => Soesbe
                    [middlename] => 
                    [phone] => +18625967169
                    [timezone] => 
                    [title] => 
                    [updated] => 2019-09-02T12:07:42.521962+00:00
                )

            [corporate_matching_record] => 
            [created] => 2020-01-01T14:18:01.369882+00:00
            [custom_note_1] => 
            [custom_note_2] => 
            [custom_note_3] => 
            [custom_note_4] => 
            [custom_note_5] => 
            [description] => Cash Donation: $150.00
            [designation] => Array
                (
                    [code] => stwein
                    [fund_id] => stwein
                    [id] => bccc3c53-ad84-40f9-9b0a-8f4e0f1d41da
                    [title] => Weinisch, Stewart & Shoshannah
                )

            [designation_note] => 
            [donor_id] => cc7035f7-88f0-47db-97f6-f3736eeb13d0
            [donor_paid_fee] => 
            [email_opt_in] => 
            [embed] => Array
                (
                    [id] => 9f092f15-ba22-4fdf-90c7-996c4b97f9d4
                    [name] => 1905 New Main DF v2
                )

            [expiration_month] => 1
            [expiration_year] => 2023
            [external_tracking_id] => 62109884010
            [final_date] => 2020-01-01T00:00:00+00:00
            [frequency] => Once
            [gift] => 
            [gift_extra] => 
            [hide_name] => 
            [id] => 811f9442-d2e7-46dd-8a08-5141f82975ed
            [last_four_digits] => 9276
            [net_proceeds] => 150
            [organization_id] => bdf8150d-a701-4079-a797-69c5c4ff6535
            [payment_gateway_id] => 017412cb-396c-4cd3-b281-07dee953506d
            [payment_gateway_name] => Spreedly: AuthorizeNet
            [payment_transaction_id] => d5b9b5fc-2fa2-4589-8a3c-7f7a404871de
            [recurring_count] => 
            [reference_code] => 
            [sale_price] => 
            [schedule_id] => 
            [sms_keyword] => 
            [status] => complete
            [subtype] => credit
            [transaction_set_id] => 811f9442-d2e7-46dd-8a08-5141f82975ed
            [tribute] => 
            [type] => cash
            [utm] => Array
                (
                    [campaign] => 
                    [content] => 
                    [medium] => 
                    [source] => 
                    [term] => 
                )

            [vendor_id] => 
        )

    [type] => transaction.completed
)
