Array
(
    [created] => 2020-01-01T16:51:05.226910+00:00
    [id] => e692c06a-2cb6-11ea-b541-a2ba889277d9
    [payload] => Array
        (
            [additional_info] => 
            [address] => Array
                (
                    [city] => Verona
                    [country] => US
                    [country_code] => US
                    [country_name] => United States
                    [state] => WI
                    [street] => 1003 Kettle Ct
                    [street2] => 
                    [title] => Donation Address
                    [zip] => 53593
                )

            [advocacy_program_id] => 
            [advocacy_program_name] => 
            [advocacy_team_id] => 
            [advocacy_team_name] => 
            [advocate] => 
            [advocate_id] => 
            [advocate_name] => 
            [campaign_id] => 
            [campaign_title] => 
            [card_type] => visa
            [check_number] => 
            [client_proceeds] => 5
            [contact] => Array
                (
                    [address] => Array
                        (
                            [city] => Verona
                            [country] => US
                            [country_code] => US
                            [country_name] => United States
                            [state] => WI
                            [street] => 1003 Kettle Ct
                            [street2] => 
                            [title] => 
                            [zip] => 53593
                        )

                    [created] => 2019-06-28T18:42:21.110588+00:00
                    [email] => lsjacob@hotmail.com
                    [firstname] => Larry
                    [lastname] => Jacobson
                    [middlename] => 
                    [phone] => 6084970649
                    [timezone] => America/Chicago
                    [title] => 
                    [updated] => 2019-12-11T22:00:39.883499+00:00
                )

            [corporate_matching_record] => 
            [created] => 2020-01-01T16:51:04.747018+00:00
            [custom_note_1] => 
            [custom_note_2] => 
            [custom_note_3] => 
            [custom_note_4] => 
            [custom_note_5] => 
            [description] => Cash Donation: $5.00
            [designation] => Array
                (
                    [code] => DEFAULT
                    [fund_id] => DEFAULT
                    [id] => d4c15680-8d55-4d98-b538-1aa1e1e57ef2
                    [title] => Where needed most
                )

            [designation_note] => 
            [donor_id] => 5e40f46c-303a-47ba-80e3-c24f53bc32dd
            [donor_paid_fee] => 
            [email_opt_in] => 
            [embed] => Array
                (
                    [id] => 9f092f15-ba22-4fdf-90c7-996c4b97f9d4
                    [name] => 1905 New Main DF v2
                )

            [expiration_month] => 11
            [expiration_year] => 2023
            [external_tracking_id] => 62110106206
            [final_date] => 2020-01-01T00:00:00+00:00
            [frequency] => Once
            [gift] => 
            [gift_extra] => 
            [hide_name] => 
            [id] => a00d7441-060e-4348-9b57-d93780b29e46
            [last_four_digits] => 3012
            [net_proceeds] => 5
            [organization_id] => bdf8150d-a701-4079-a797-69c5c4ff6535
            [payment_gateway_id] => 017412cb-396c-4cd3-b281-07dee953506d
            [payment_gateway_name] => Spreedly: AuthorizeNet
            [payment_transaction_id] => 3452d749-a500-4563-b585-4e888be02ad5
            [recurring_count] => 
            [reference_code] => 
            [sale_price] => 
            [schedule_id] => 
            [sms_keyword] => 
            [status] => complete
            [subtype] => credit
            [transaction_set_id] => a00d7441-060e-4348-9b57-d93780b29e46
            [tribute] => 
            [type] => cash
            [utm] => Array
                (
                    [campaign] => 
                    [content] => 
                    [medium] => 
                    [source] => 
                    [term] => 
                )

            [vendor_id] => 
        )

    [type] => transaction.completed
)
