Array
(
    [created] => 2020-01-01T09:27:02.878749+00:00
    [id] => de7f0c0a-2c78-11ea-baba-f2e467587223
    [payload] => Array
        (
            [additional_info] => 
            [address] => Array
                (
                    [city] => Edwards AFB
                    [country] => US
                    [country_code] => US
                    [country_name] => United States
                    [state] => CA
                    [street] => Roth Street
                    [street2] => 
                    [title] => 
                    [zip] => 93523
                )

            [advocacy_program_id] => 
            [advocacy_program_name] => 
            [advocacy_team_id] => 
            [advocacy_team_name] => 
            [advocate] => 
            [advocate_id] => 
            [advocate_name] => 
            [campaign_id] => 
            [campaign_title] => 
            [card_type] => 
            [check_number] => 
            [client_proceeds] => 30
            [contact] => Array
                (
                    [address] => Array
                        (
                            [city] => Edwards AFB
                            [country] => US
                            [country_code] => US
                            [country_name] => United States
                            [state] => CA
                            [street] => Roth Street
                            [street2] => 
                            [title] => 
                            [zip] => 93523
                        )

                    [created] => 2019-02-11T00:00:17.532973+00:00
                    [email] => air4ce@gmail.com
                    [firstname] => Riley
                    [lastname] => Livermore
                    [middlename] => 
                    [phone] => 6237605555
                    [timezone] => 
                    [title] => 
                    [updated] => 2019-04-01T00:20:32.988455+00:00
                )

            [corporate_matching_record] => 
            [created] => 2020-01-01T09:27:02.674808+00:00
            [custom_note_1] => 
            [custom_note_2] => 
            [custom_note_3] => 
            [custom_note_4] => 
            [custom_note_5] => 
            [description] => Cash Donation: $30.00
            [designation] => Array
                (
                    [code] => restra
                    [fund_id] => restra
                    [id] => c14f9ebb-5402-4277-978c-625bcb3e7148
                    [title] => Strangarity, Rebekah
                )

            [designation_note] => 
            [donor_id] => 92675909-435b-410d-a31a-83fe867c08cf
            [donor_paid_fee] => 
            [email_opt_in] => 
            [embed] => 
            [expiration_month] => 
            [expiration_year] => 
            [external_tracking_id] => 62109159841
            [final_date] => 
            [frequency] => Monthly
            [gift] => 
            [gift_extra] => 
            [hide_name] => 
            [id] => 49e50eb3-22bd-4a11-8555-249d869ebbcc
            [last_four_digits] => 
            [net_proceeds] => 30
            [organization_id] => bdf8150d-a701-4079-a797-69c5c4ff6535
            [payment_gateway_id] => 017412cb-396c-4cd3-b281-07dee953506d
            [payment_gateway_name] => Spreedly: AuthorizeNet
            [payment_transaction_id] => 3bcadda9-79e9-47c3-83ed-57f9cda1744f
            [recurring_count] => 10
            [reference_code] => 
            [sale_price] => 
            [schedule_id] => e85fe6b8-ebf6-4519-a45e-f16834a1e0c7
            [sms_keyword] => 
            [status] => complete
            [subtype] => echeck
            [transaction_set_id] => 49e50eb3-22bd-4a11-8555-249d869ebbcc
            [tribute] => 
            [type] => cash
            [utm] => Array
                (
                    [campaign] => 
                    [content] => 
                    [medium] => 
                    [source] => 
                    [term] => 
                )

            [vendor_id] => 
        )

    [type] => transaction.completed
)
