Array
(
    [created] => 2020-01-01T09:28:52.909311+00:00
    [id] => 201460d4-2c79-11ea-baba-f2e467587223
    [payload] => Array
        (
            [additional_info] => 
            [address] => Array
                (
                    [city] => North Royalton
                    [country] => 
                    [country_code] => 
                    [country_name] => 
                    [state] => Ohio
                    [street] => 12148 Nutmeg Ln
                    [street2] => 
                    [title] => 
                    [zip] => 44133
                )

            [advocacy_program_id] => 
            [advocacy_program_name] => 
            [advocacy_team_id] => 
            [advocacy_team_name] => 
            [advocate] => 
            [advocate_id] => 
            [advocate_name] => 
            [campaign_id] => 
            [campaign_title] => 
            [card_type] => 
            [check_number] => 
            [client_proceeds] => 60
            [contact] => Array
                (
                    [address] => Array
                        (
                            [city] => North Royalton
                            [country] => 
                            [country_code] => 
                            [country_name] => 
                            [state] => Ohio
                            [street] => 12148 Nutmeg Ln
                            [street2] => 
                            [title] => 
                            [zip] => 44133
                        )

                    [created] => 2018-10-01T17:40:35.269074+00:00
                    [email] => unknown-58402@jews-for-jesus.org
                    [firstname] => Ana Maria
                    [lastname] => Didea
                    [middlename] => 
                    [phone] => 440-230-2062
                    [timezone] => 
                    [title] => 
                    [updated] => 2018-10-01T17:40:35.269074+00:00
                )

            [corporate_matching_record] => 
            [created] => 2020-01-01T09:28:52.730971+00:00
            [custom_note_1] => 
            [custom_note_2] => 
            [custom_note_3] => 
            [custom_note_4] => 
            [custom_note_5] => 
            [description] => Cash Donation: $60.00
            [designation] => Array
                (
                    [code] => DEFAULT
                    [fund_id] => DEFAULT
                    [id] => d4c15680-8d55-4d98-b538-1aa1e1e57ef2
                    [title] => Where needed most
                )

            [designation_note] => 
            [donor_id] => ece43592-561f-4953-be53-98e8f9cb3310
            [donor_paid_fee] => 
            [email_opt_in] => 
            [embed] => 
            [expiration_month] => 
            [expiration_year] => 
            [external_tracking_id] => 62109162549
            [final_date] => 
            [frequency] => Monthly
            [gift] => 
            [gift_extra] => 
            [hide_name] => 
            [id] => 2eae3ce7-2eeb-4031-b9e2-c7ab053f7162
            [last_four_digits] => 
            [net_proceeds] => 60
            [organization_id] => bdf8150d-a701-4079-a797-69c5c4ff6535
            [payment_gateway_id] => 017412cb-396c-4cd3-b281-07dee953506d
            [payment_gateway_name] => Spreedly: AuthorizeNet
            [payment_transaction_id] => 44db444b-96ab-429c-8849-6b4b84af55b1
            [recurring_count] => 16
            [reference_code] => 
            [sale_price] => 
            [schedule_id] => afed89a5-b4d9-4586-b9f4-6b24f1f3a490
            [sms_keyword] => 
            [status] => complete
            [subtype] => credit
            [transaction_set_id] => 2eae3ce7-2eeb-4031-b9e2-c7ab053f7162
            [tribute] => 
            [type] => cash
            [utm] => Array
                (
                    [campaign] => 
                    [content] => 
                    [medium] => 
                    [source] => 
                    [term] => 
                )

            [vendor_id] => 
        )

    [type] => transaction.completed
)
