Array
(
    [created] => 2020-01-01T09:45:08.403720+00:00
    [id] => 65850298-2c7b-11ea-baba-f2e467587223
    [payload] => Array
        (
            [additional_info] => 
            [address] => Array
                (
                    [city] => Anna
                    [country] => US
                    [country_code] => US
                    [country_name] => United States
                    [state] => TX
                    [street] => 1008 Fulbourne Drive
                    [street2] => 
                    [title] => 
                    [zip] => 75409
                )

            [advocacy_program_id] => 
            [advocacy_program_name] => 
            [advocacy_team_id] => 
            [advocacy_team_name] => 
            [advocate] => 
            [advocate_id] => 
            [advocate_name] => 
            [campaign_id] => 
            [campaign_title] => 
            [card_type] => visa
            [check_number] => 
            [client_proceeds] => 50
            [contact] => Array
                (
                    [address] => Array
                        (
                            [city] => Anna
                            [country] => US
                            [country_code] => US
                            [country_name] => United States
                            [state] => TX
                            [street] => 1008 Fulbourne Drive
                            [street2] => 
                            [title] => 
                            [zip] => 75409
                        )

                    [created] => 2018-11-05T21:10:54.763493+00:00
                    [email] => denjastamm@yahoo.com
                    [firstname] => Dennis
                    [lastname] => Stamm
                    [middlename] => 
                    [phone] => 2145514803
                    [timezone] => America/Chicago
                    [title] => 
                    [updated] => 2019-09-01T14:56:12.925973+00:00
                )

            [corporate_matching_record] => 
            [created] => 2020-01-01T09:45:08.099383+00:00
            [custom_note_1] => I have a special request or comment = 
            [custom_note_2] => 
            [custom_note_3] => 
            [custom_note_4] => 
            [custom_note_5] => 
            [description] => Cash Donation: $50.00
            [designation] => Array
                (
                    [code] => vlmitn
                    [fund_id] => vlmitn
                    [id] => c10b39ec-c87b-4f51-bd38-7abd2ca94f43
                    [title] => Mitnitsky, Vladimir & Yulia
                )

            [designation_note] => 
            [donor_id] => 282b4a9e-1868-4c50-a10e-7912f13ae06b
            [donor_paid_fee] => 
            [email_opt_in] => 
            [embed] => 
            [expiration_month] => 2
            [expiration_year] => 2023
            [external_tracking_id] => 62109197977
            [final_date] => 
            [frequency] => Monthly
            [gift] => 
            [gift_extra] => 
            [hide_name] => 
            [id] => ea321fe9-fb88-4795-b31a-b9b6fae427d4
            [last_four_digits] => 0014
            [net_proceeds] => 50
            [organization_id] => bdf8150d-a701-4079-a797-69c5c4ff6535
            [payment_gateway_id] => 017412cb-396c-4cd3-b281-07dee953506d
            [payment_gateway_name] => Spreedly: AuthorizeNet
            [payment_transaction_id] => 5f47874a-a700-4415-940b-2d21d71d5c86
            [recurring_count] => 5
            [reference_code] => 
            [sale_price] => 
            [schedule_id] => 30140703-13ef-401a-a3a9-9ee4dc8e2bd5
            [sms_keyword] => 
            [status] => complete
            [subtype] => credit
            [transaction_set_id] => ea321fe9-fb88-4795-b31a-b9b6fae427d4
            [tribute] => 
            [type] => cash
            [utm] => Array
                (
                    [campaign] => 
                    [content] => 
                    [medium] => 
                    [source] => 
                    [term] => 
                )

            [vendor_id] => 
        )

    [type] => transaction.completed
)
