Array
(
    [created] => 2020-01-01T09:01:45.447984+00:00
    [id] => 56097c46-2c75-11ea-baba-f2e467587223
    [payload] => Array
        (
            [additional_info] => 
            [address] => Array
                (
                    [city] => Tucson
                    [country] => US
                    [country_code] => US
                    [country_name] => United States
                    [state] => AZ
                    [street] => 4493 W Desert Zinnia Dr
                    [street2] => 
                    [title] => 
                    [zip] => 85743
                )

            [advocacy_program_id] => 
            [advocacy_program_name] => 
            [advocacy_team_id] => 
            [advocacy_team_name] => 
            [advocate] => 
            [advocate_id] => 
            [advocate_name] => 
            [campaign_id] => 
            [campaign_title] => 
            [card_type] => visa
            [check_number] => 
            [client_proceeds] => 15
            [contact] => Array
                (
                    [address] => Array
                        (
                            [city] => Tucson
                            [country] => US
                            [country_code] => US
                            [country_name] => United States
                            [state] => AZ
                            [street] => 4493 W Desert Zinnia Dr
                            [street2] => 
                            [title] => 
                            [zip] => 85743
                        )

                    [created] => 2018-10-01T17:40:35.269074+00:00
                    [email] => capijoe@aol.com
                    [firstname] => Joseph
                    [lastname] => Capitelli
                    [middlename] => 
                    [phone] => 
                    [timezone] => 
                    [title] => 
                    [updated] => 2019-10-07T18:55:31.642890+00:00
                )

            [corporate_matching_record] => 
            [created] => 2020-01-01T09:01:45.214466+00:00
            [custom_note_1] => I have a special request or comment = 
            [custom_note_2] => 
            [custom_note_3] => 
            [custom_note_4] => 
            [custom_note_5] => 
            [description] => Cash Donation: $15.00
            [designation] => Array
                (
                    [code] => DEFAULT
                    [fund_id] => DEFAULT
                    [id] => d4c15680-8d55-4d98-b538-1aa1e1e57ef2
                    [title] => Where needed most
                )

            [designation_note] => 
            [donor_id] => 1f1db585-76ae-4657-ba28-bdb8304e14b9
            [donor_paid_fee] => 
            [email_opt_in] => 
            [embed] => 
            [expiration_month] => 11
            [expiration_year] => 2023
            [external_tracking_id] => 62109122163
            [final_date] => 
            [frequency] => Monthly
            [gift] => 
            [gift_extra] => 
            [hide_name] => 
            [id] => b870e0e1-e412-4110-9ae4-3d7d9d2d31b8
            [last_four_digits] => 6704
            [net_proceeds] => 15
            [organization_id] => bdf8150d-a701-4079-a797-69c5c4ff6535
            [payment_gateway_id] => 017412cb-396c-4cd3-b281-07dee953506d
            [payment_gateway_name] => Spreedly: AuthorizeNet
            [payment_transaction_id] => 5785b7a7-bfc7-4e2c-a757-6f7fb567e520
            [recurring_count] => 3
            [reference_code] =>  STNETREC
            [sale_price] => 
            [schedule_id] => 92d8e612-84b3-4bdc-9ef3-3b0d83170dd0
            [sms_keyword] => 
            [status] => complete
            [subtype] => credit
            [transaction_set_id] => b870e0e1-e412-4110-9ae4-3d7d9d2d31b8
            [tribute] => 
            [type] => cash
            [utm] => Array
                (
                    [campaign] => 
                    [content] => 
                    [medium] => 
                    [source] => 
                    [term] => 
                )

            [vendor_id] => 
        )

    [type] => transaction.completed
)
