Array
(
    [created] => 2020-01-01T16:38:26.119926+00:00
    [id] => 221c37d0-2cb5-11ea-9d48-a2ba889277d9
    [payload] => Array
        (
            [additional_info] => 
            [address] => Array
                (
                    [city] => Rolling Meadows
                    [country] => US
                    [country_code] => US
                    [country_name] => United States
                    [state] => IL
                    [street] => 7 Hampton On Auburn
                    [street2] => 
                    [title] => Donation Address
                    [zip] => 60008
                )

            [advocacy_program_id] => 
            [advocacy_program_name] => 
            [advocacy_team_id] => 
            [advocacy_team_name] => 
            [advocate] => 
            [advocate_id] => 
            [advocate_name] => 
            [campaign_id] => 
            [campaign_title] => 
            [card_type] => american_express
            [check_number] => 
            [client_proceeds] => 50
            [contact] => Array
                (
                    [address] => Array
                        (
                            [city] => Rolling Meadows
                            [country] => US
                            [country_code] => US
                            [country_name] => United States
                            [state] => IL
                            [street] => 7 Hampton On Auburn
                            [street2] => 
                            [title] => 
                            [zip] => 60008
                        )

                    [created] => 2020-01-01T16:38:23.786837+00:00
                    [email] => scottsthomas@gmail.com
                    [firstname] => Scott
                    [lastname] => Thomas
                    [middlename] => 
                    [phone] => 7736787685
                    [timezone] => America/Chicago
                    [title] => 
                    [updated] => 2020-01-01T16:38:25.343198+00:00
                )

            [corporate_matching_record] => 
            [created] => 2020-01-01T16:38:25.382298+00:00
            [custom_note_1] => 
            [custom_note_2] => 
            [custom_note_3] => 
            [custom_note_4] => 
            [custom_note_5] => 
            [description] => Cash Donation: $50.00
            [designation] => Array
                (
                    [code] => DEFAULT
                    [fund_id] => DEFAULT
                    [id] => d4c15680-8d55-4d98-b538-1aa1e1e57ef2
                    [title] => Where needed most
                )

            [designation_note] => 
            [donor_id] => 345f4202-7ca8-4192-9bdf-3758f8965cb1
            [donor_paid_fee] => 
            [email_opt_in] => 
            [embed] => Array
                (
                    [id] => 1fef50f2-2f6f-4c94-8cd1-c0d254d16f0a
                    [name] => 1912 EOY Phase 1
                )

            [expiration_month] => 9
            [expiration_year] => 2024
            [external_tracking_id] => 62110087212
            [final_date] => 2020-01-01T00:00:00+00:00
            [frequency] => Once
            [gift] => 
            [gift_extra] => 
            [hide_name] => 
            [id] => be4464ab-341b-4d4a-82fc-5d19252e735a
            [last_four_digits] => 3000
            [net_proceeds] => 50
            [organization_id] => bdf8150d-a701-4079-a797-69c5c4ff6535
            [payment_gateway_id] => 017412cb-396c-4cd3-b281-07dee953506d
            [payment_gateway_name] => Spreedly: AuthorizeNet
            [payment_transaction_id] => b437946c-6000-463d-86c9-8b5340aeb207
            [recurring_count] => 
            [reference_code] => 
            [sale_price] => 
            [schedule_id] => 
            [sms_keyword] => 
            [status] => complete
            [subtype] => credit
            [transaction_set_id] => be4464ab-341b-4d4a-82fc-5d19252e735a
            [tribute] => 
            [type] => cash
            [utm] => Array
                (
                    [campaign] => 
                    [content] => 
                    [medium] => 
                    [source] => 
                    [term] => 
                )

            [vendor_id] => 
        )

    [type] => transaction.completed
)
