Array
(
    [created] => 2020-01-01T09:14:22.609914+00:00
    [id] => 19573a20-2c77-11ea-baba-f2e467587223
    [payload] => Array
        (
            [additional_info] => 
            [address] => Array
                (
                    [city] => Stanwood
                    [country] => US
                    [country_code] => US
                    [country_name] => United States
                    [state] => WA
                    [street] => 27706 78th Ave NW
                    [street2] => 
                    [title] => 
                    [zip] => 98292
                )

            [advocacy_program_id] => 
            [advocacy_program_name] => 
            [advocacy_team_id] => 
            [advocacy_team_name] => 
            [advocate] => 
            [advocate_id] => 
            [advocate_name] => 
            [campaign_id] => 
            [campaign_title] => 
            [card_type] => visa
            [check_number] => 
            [client_proceeds] => 80
            [contact] => Array
                (
                    [address] => Array
                        (
                            [city] => Stanwood
                            [country] => US
                            [country_code] => US
                            [country_name] => United States
                            [state] => WA
                            [street] => 27706 78th Ave NW
                            [street2] => 
                            [title] => 
                            [zip] => 98292
                        )

                    [created] => 2019-06-28T21:01:45.569198+00:00
                    [email] => janicem4705@msn.com
                    [firstname] => Janice
                    [lastname] => McClintock
                    [middlename] => 
                    [phone] => 
                    [timezone] => 
                    [title] => 
                    [updated] => 2019-06-28T21:01:45.793259+00:00
                )

            [corporate_matching_record] => 
            [created] => 2020-01-01T09:14:22.244661+00:00
            [custom_note_1] => I have a special request or comment = 
            [custom_note_2] => 
            [custom_note_3] => 
            [custom_note_4] => 
            [custom_note_5] => 
            [description] => Cash Donation: $80.00
            [designation] => Array
                (
                    [code] => DEFAULT
                    [fund_id] => DEFAULT
                    [id] => d4c15680-8d55-4d98-b538-1aa1e1e57ef2
                    [title] => Where needed most
                )

            [designation_note] => 
            [donor_id] => 416064f6-aa26-4710-bfc3-882db58c619b
            [donor_paid_fee] => 
            [email_opt_in] => 
            [embed] => 
            [expiration_month] => 2
            [expiration_year] => 2022
            [external_tracking_id] => 62109141661
            [final_date] => 
            [frequency] => Monthly
            [gift] => 
            [gift_extra] => 
            [hide_name] => 
            [id] => 6b9db1d8-51b7-4f46-bb7c-9f4241d83260
            [last_four_digits] => 4566
            [net_proceeds] => 80
            [organization_id] => bdf8150d-a701-4079-a797-69c5c4ff6535
            [payment_gateway_id] => 017412cb-396c-4cd3-b281-07dee953506d
            [payment_gateway_name] => Spreedly: AuthorizeNet
            [payment_transaction_id] => 7e141b59-9ceb-4c9a-b85f-85bdd97c1d54
            [recurring_count] => 7
            [reference_code] =>  STNETREC
            [sale_price] => 
            [schedule_id] => 20aafc80-dca3-4143-a93b-fb11406e188d
            [sms_keyword] => 
            [status] => complete
            [subtype] => credit
            [transaction_set_id] => 6b9db1d8-51b7-4f46-bb7c-9f4241d83260
            [tribute] => 
            [type] => cash
            [utm] => Array
                (
                    [campaign] => 
                    [content] => 
                    [medium] => 
                    [source] => 
                    [term] => 
                )

            [vendor_id] => 
        )

    [type] => transaction.completed
)
