Array
(
    [created] => 2020-01-01T09:27:44.284242+00:00
    [id] => f72d0612-2c78-11ea-baba-f2e467587223
    [payload] => Array
        (
            [additional_info] => 
            [address] => Array
                (
                    [city] => Brentwood
                    [country] => US
                    [country_code] => US
                    [country_name] => United States
                    [state] => CA
                    [street] => 1851 Toulouse Ln
                    [street2] => 
                    [title] => 
                    [zip] => 94513
                )

            [advocacy_program_id] => 
            [advocacy_program_name] => 
            [advocacy_team_id] => 
            [advocacy_team_name] => 
            [advocate] => 
            [advocate_id] => 
            [advocate_name] => 
            [campaign_id] => 
            [campaign_title] => 
            [card_type] => visa
            [check_number] => 
            [client_proceeds] => 20
            [contact] => Array
                (
                    [address] => Array
                        (
                            [city] => Brentwood
                            [country] => US
                            [country_code] => US
                            [country_name] => United States
                            [state] => CA
                            [street] => 1851 Toulouse Ln
                            [street2] => 
                            [title] => 
                            [zip] => 94513
                        )

                    [created] => 2019-02-27T22:51:06.276640+00:00
                    [email] => johnwhitlow2@yahoo.com
                    [firstname] => John
                    [lastname] => Whitlow
                    [middlename] => 
                    [phone] => (925) 354-8827
                    [timezone] => 
                    [title] => 
                    [updated] => 2019-02-27T22:51:06.896815+00:00
                )

            [corporate_matching_record] => 
            [created] => 2020-01-01T09:27:43.729537+00:00
            [custom_note_1] => 
            [custom_note_2] => 
            [custom_note_3] => 
            [custom_note_4] => 
            [custom_note_5] => 
            [description] => Cash Donation: $20.00
            [designation] => Array
                (
                    [code] => DEFAULT
                    [fund_id] => DEFAULT
                    [id] => d4c15680-8d55-4d98-b538-1aa1e1e57ef2
                    [title] => Where needed most
                )

            [designation_note] => 
            [donor_id] => 21ceabe8-cd4d-4327-86a8-1867c9249f38
            [donor_paid_fee] => 
            [email_opt_in] => 1
            [embed] => 
            [expiration_month] => 7
            [expiration_year] => 2023
            [external_tracking_id] => 62109160858
            [final_date] => 
            [frequency] => Monthly
            [gift] => 
            [gift_extra] => 
            [hide_name] => 
            [id] => e6cf267f-3f9e-486c-ad16-ad0d34c1cc72
            [last_four_digits] => 7750
            [net_proceeds] => 20
            [organization_id] => bdf8150d-a701-4079-a797-69c5c4ff6535
            [payment_gateway_id] => 017412cb-396c-4cd3-b281-07dee953506d
            [payment_gateway_name] => Spreedly: AuthorizeNet
            [payment_transaction_id] => 836b002b-2b92-4579-86a9-ee20de581775
            [recurring_count] => 11
            [reference_code] => STNETDON
            [sale_price] => 
            [schedule_id] => 5e4c600b-fd3e-4566-ae2f-dae28370c44c
            [sms_keyword] => 
            [status] => complete
            [subtype] => credit
            [transaction_set_id] => e6cf267f-3f9e-486c-ad16-ad0d34c1cc72
            [tribute] => 
            [type] => cash
            [utm] => Array
                (
                    [campaign] => 
                    [content] => 
                    [medium] => 
                    [source] => 
                    [term] => 
                )

            [vendor_id] => 
        )

    [type] => transaction.completed
)
