Array
(
    [created] => 2020-01-01T22:57:56.957270+00:00
    [id] => 26964230-2cea-11ea-90bc-e6fe79954c1e
    [payload] => Array
        (
            [additional_info] => 
            [address] => Array
                (
                    [city] => Jacksonville
                    [country] => US
                    [country_code] => US
                    [country_name] => United States
                    [state] => IL
                    [street] => 401 W Beecher Ave
                    [street2] => 
                    [title] => Donation Address
                    [zip] => 62650
                )

            [advocacy_program_id] => 
            [advocacy_program_name] => 
            [advocacy_team_id] => 
            [advocacy_team_name] => 
            [advocate] => 
            [advocate_id] => 
            [advocate_name] => 
            [campaign_id] => 
            [campaign_title] => 
            [card_type] => visa
            [check_number] => 
            [client_proceeds] => 25
            [contact] => Array
                (
                    [address] => Array
                        (
                            [city] => Jacksonville
                            [country] => US
                            [country_code] => US
                            [country_name] => United States
                            [state] => IL
                            [street] => 401 W Beecher Ave
                            [street2] => 
                            [title] => 
                            [zip] => 62650
                        )

                    [created] => 2018-10-03T02:01:52.127709+00:00
                    [email] => lynnsellers50@yahoo.com
                    [firstname] => Lynn
                    [lastname] => Sellers
                    [middlename] => 
                    [phone] => +12172042745
                    [timezone] => America/Chicago
                    [title] => 
                    [updated] => 2019-12-20T04:07:49.932348+00:00
                )

            [corporate_matching_record] => 
            [created] => 2020-01-01T22:57:56.646624+00:00
            [custom_note_1] => 
            [custom_note_2] => 
            [custom_note_3] => 
            [custom_note_4] => 
            [custom_note_5] => 
            [description] => Cash Donation: $25.00
            [designation] => Array
                (
                    [code] => chyout
                    [fund_id] => chyout
                    [id] => 7cf341b9-240e-47b9-9701-d28dee5f61d9
                    [title] => Children and Youth Ministries
                )

            [designation_note] => 
            [donor_id] => 7e18b8a1-5ffd-4dc7-8382-121d5c9df1cb
            [donor_paid_fee] => 
            [email_opt_in] => 
            [embed] => Array
                (
                    [id] => 9f092f15-ba22-4fdf-90c7-996c4b97f9d4
                    [name] => 1905 New Main DF v2
                )

            [expiration_month] => 3
            [expiration_year] => 2020
            [external_tracking_id] => 62110576542
            [final_date] => 2020-01-01T00:00:00+00:00
            [frequency] => Once
            [gift] => 
            [gift_extra] => 
            [hide_name] => 
            [id] => 072297ec-4ea2-41d9-a92e-11646298a08e
            [last_four_digits] => 0507
            [net_proceeds] => 25
            [organization_id] => bdf8150d-a701-4079-a797-69c5c4ff6535
            [payment_gateway_id] => 017412cb-396c-4cd3-b281-07dee953506d
            [payment_gateway_name] => Spreedly: AuthorizeNet
            [payment_transaction_id] => 264f9271-5ff3-4481-ac12-252f0283f0fc
            [recurring_count] => 
            [reference_code] => 
            [sale_price] => 
            [schedule_id] => 
            [sms_keyword] => 
            [status] => complete
            [subtype] => credit
            [transaction_set_id] => 072297ec-4ea2-41d9-a92e-11646298a08e
            [tribute] => 
            [type] => cash
            [utm] => Array
                (
                    [campaign] => 
                    [content] => 
                    [medium] => 
                    [source] => 
                    [term] => 
                )

            [vendor_id] => 
        )

    [type] => transaction.completed
)
