Array
(
    [created] => 2020-01-01T10:52:12.449246+00:00
    [id] => c4099e60-2c84-11ea-8ee4-a2ba889277d9
    [payload] => Array
        (
            [additional_info] => 
            [address] => Array
                (
                    [city] => Colorado Springs
                    [country] => US
                    [country_code] => US
                    [country_name] => United States
                    [state] => CO
                    [street] => 2132 Denton Grove  #203
                    [street2] => 
                    [title] => Donation Address
                    [zip] => 80919
                )

            [advocacy_program_id] => 
            [advocacy_program_name] => 
            [advocacy_team_id] => 
            [advocacy_team_name] => 
            [advocate] => 
            [advocate_id] => 
            [advocate_name] => 
            [campaign_id] => 
            [campaign_title] => 
            [card_type] => visa
            [check_number] => 
            [client_proceeds] => 100
            [contact] => Array
                (
                    [address] => Array
                        (
                            [city] => Colorado Springs
                            [country] => US
                            [country_code] => US
                            [country_name] => United States
                            [state] => CO
                            [street] => 2132 Denton Grove  #203
                            [street2] => 
                            [title] => 
                            [zip] => 80919
                        )

                    [created] => 2018-10-01T11:19:29.157172+00:00
                    [email] => artdc@comcast.net
                    [firstname] => Arthur
                    [lastname] => Dal Corso
                    [middlename] => 
                    [phone] => 
                    [timezone] => America/Denver
                    [title] => 
                    [updated] => 2020-01-01T10:52:11.923452+00:00
                )

            [corporate_matching_record] => 
            [created] => 2020-01-01T10:52:11.950962+00:00
            [custom_note_1] => 
            [custom_note_2] => 
            [custom_note_3] => 
            [custom_note_4] => 
            [custom_note_5] => 
            [description] => Cash Donation: $100.00
            [designation] => Array
                (
                    [code] => DEFAULT
                    [fund_id] => DEFAULT
                    [id] => d4c15680-8d55-4d98-b538-1aa1e1e57ef2
                    [title] => Where needed most
                )

            [designation_note] => 
            [donor_id] => 76a610bc-27c7-4543-81a5-bb84e31a9de7
            [donor_paid_fee] => 
            [email_opt_in] => 
            [embed] => Array
                (
                    [id] => 9f092f15-ba22-4fdf-90c7-996c4b97f9d4
                    [name] => 1905 New Main DF v2
                )

            [expiration_month] => 8
            [expiration_year] => 2023
            [external_tracking_id] => 62109379451
            [final_date] => 2020-01-01T00:00:00+00:00
            [frequency] => Once
            [gift] => 
            [gift_extra] => 
            [hide_name] => 
            [id] => ab8f304d-eb01-48cb-b0fe-ac8b580d2fed
            [last_four_digits] => 9686
            [net_proceeds] => 100
            [organization_id] => bdf8150d-a701-4079-a797-69c5c4ff6535
            [payment_gateway_id] => 017412cb-396c-4cd3-b281-07dee953506d
            [payment_gateway_name] => Spreedly: AuthorizeNet
            [payment_transaction_id] => 7fa85af4-78ce-4f72-a52e-8f24465a498a
            [recurring_count] => 
            [reference_code] => 
            [sale_price] => 
            [schedule_id] => 
            [sms_keyword] => 
            [status] => complete
            [subtype] => credit
            [transaction_set_id] => ab8f304d-eb01-48cb-b0fe-ac8b580d2fed
            [tribute] => 
            [type] => cash
            [utm] => Array
                (
                    [campaign] => 
                    [content] => 
                    [medium] => 
                    [source] => 
                    [term] => 
                )

            [vendor_id] => 
        )

    [type] => transaction.completed
)
