Array
(
    [created] => 2020-01-01T09:23:42.299007+00:00
    [id] => 66f101d4-2c78-11ea-baba-f2e467587223
    [payload] => Array
        (
            [additional_info] => 
            [address] => Array
                (
                    [city] => Smyrna
                    [country] => 
                    [country_code] => 
                    [country_name] => 
                    [state] => Georgia
                    [street] => 67 Springhedge Ct SE
                    [street2] => 
                    [title] => 
                    [zip] => 30080-8028
                )

            [advocacy_program_id] => 
            [advocacy_program_name] => 
            [advocacy_team_id] => 
            [advocacy_team_name] => 
            [advocate] => 
            [advocate_id] => 
            [advocate_name] => 
            [campaign_id] => 
            [campaign_title] => 
            [card_type] => 
            [check_number] => 
            [client_proceeds] => 10
            [contact] => Array
                (
                    [address] => Array
                        (
                            [city] => Smyrna
                            [country] => 
                            [country_code] => 
                            [country_name] => 
                            [state] => Georgia
                            [street] => 67 Springhedge Ct SE
                            [street2] => 
                            [title] => 
                            [zip] => 30080-8028
                        )

                    [created] => 2018-10-01T17:40:35.269074+00:00
                    [email] => 1533166325@noreply.jews-for-jesus.org
                    [firstname] => Steve
                    [lastname] => Mills
                    [middlename] => 
                    [phone] => 
                    [timezone] => 
                    [title] => 
                    [updated] => 2018-10-01T17:40:35.269074+00:00
                )

            [corporate_matching_record] => 
            [created] => 2020-01-01T09:23:42.065258+00:00
            [custom_note_1] => 
            [custom_note_2] => 
            [custom_note_3] => 
            [custom_note_4] => 
            [custom_note_5] => 
            [description] => Cash Donation: $10.00
            [designation] => Array
                (
                    [code] => DEFAULT
                    [fund_id] => DEFAULT
                    [id] => d4c15680-8d55-4d98-b538-1aa1e1e57ef2
                    [title] => Where needed most
                )

            [designation_note] => 
            [donor_id] => 8e7e9298-2cf8-4803-8ad3-6db99cdfbbf6
            [donor_paid_fee] => 
            [email_opt_in] => 
            [embed] => 
            [expiration_month] => 
            [expiration_year] => 
            [external_tracking_id] => 62109154874
            [final_date] => 
            [frequency] => Monthly
            [gift] => 
            [gift_extra] => 
            [hide_name] => 
            [id] => 220adbb5-4072-4e45-88b5-4f091b81d6b3
            [last_four_digits] => 
            [net_proceeds] => 10
            [organization_id] => bdf8150d-a701-4079-a797-69c5c4ff6535
            [payment_gateway_id] => 017412cb-396c-4cd3-b281-07dee953506d
            [payment_gateway_name] => Spreedly: AuthorizeNet
            [payment_transaction_id] => f40f757d-0bb6-4739-bd70-161484b9d029
            [recurring_count] => 16
            [reference_code] => 
            [sale_price] => 
            [schedule_id] => 9406a0f4-4737-4c3c-9d72-4e21cc4c324f
            [sms_keyword] => 
            [status] => complete
            [subtype] => credit
            [transaction_set_id] => 220adbb5-4072-4e45-88b5-4f091b81d6b3
            [tribute] => 
            [type] => cash
            [utm] => Array
                (
                    [campaign] => 
                    [content] => 
                    [medium] => 
                    [source] => 
                    [term] => 
                )

            [vendor_id] => 
        )

    [type] => transaction.completed
)
