Array
(
    [created] => 2020-01-01T09:52:19.148465+00:00
    [id] => 664371c8-2c7c-11ea-85df-92a9d723b37b
    [payload] => Array
        (
            [additional_info] => 
            [address] => Array
                (
                    [city] => Philadelphia
                    [country] => US
                    [country_code] => US
                    [country_name] => United States
                    [state] => PA
                    [street] => 2305 W Firth St
                    [street2] => 
                    [title] => 
                    [zip] => 19132
                )

            [advocacy_program_id] => 
            [advocacy_program_name] => 
            [advocacy_team_id] => 
            [advocacy_team_name] => 
            [advocate] => 
            [advocate_id] => 
            [advocate_name] => 
            [campaign_id] => 
            [campaign_title] => 
            [card_type] => visa
            [check_number] => 
            [client_proceeds] => 10
            [contact] => Array
                (
                    [address] => Array
                        (
                            [city] => Philadelphia
                            [country] => US
                            [country_code] => US
                            [country_name] => United States
                            [state] => PA
                            [street] => 2305 W Firth St
                            [street2] => 
                            [title] => 
                            [zip] => 19132
                        )

                    [created] => 2019-02-07T22:12:18.918227+00:00
                    [email] => rliken9@msn.com
                    [firstname] => Robert
                    [lastname] => Liken
                    [middlename] => 
                    [phone] => (215) 221-1034
                    [timezone] => America/Los_Angeles
                    [title] => 
                    [updated] => 2019-02-07T22:12:21.398004+00:00
                )

            [corporate_matching_record] => 
            [created] => 2020-01-01T09:52:18.820877+00:00
            [custom_note_1] => I have a special request or comment = 
            [custom_note_2] => 
            [custom_note_3] => 
            [custom_note_4] => 
            [custom_note_5] => 
            [description] => Cash Donation: $10.00
            [designation] => Array
                (
                    [code] => DEFAULT
                    [fund_id] => DEFAULT
                    [id] => d4c15680-8d55-4d98-b538-1aa1e1e57ef2
                    [title] => Where needed most
                )

            [designation_note] => 
            [donor_id] => 0dd8a38e-8c11-4557-8f2d-9f03cb47b569
            [donor_paid_fee] => 
            [email_opt_in] => 
            [embed] => 
            [expiration_month] => 10
            [expiration_year] => 2020
            [external_tracking_id] => 62109215571
            [final_date] => 
            [frequency] => Monthly
            [gift] => 
            [gift_extra] => 
            [hide_name] => 
            [id] => e695e654-ae37-42c5-b42f-eb23f0d829b7
            [last_four_digits] => 7195
            [net_proceeds] => 10
            [organization_id] => bdf8150d-a701-4079-a797-69c5c4ff6535
            [payment_gateway_id] => 017412cb-396c-4cd3-b281-07dee953506d
            [payment_gateway_name] => Spreedly: AuthorizeNet
            [payment_transaction_id] => 0f24e478-6815-45e0-bd09-983504ef6eff
            [recurring_count] => 12
            [reference_code] =>  TIUNKN
            [sale_price] => 
            [schedule_id] => e7644000-66dd-47b5-b897-9627ee4286d6
            [sms_keyword] => 
            [status] => complete
            [subtype] => credit
            [transaction_set_id] => e695e654-ae37-42c5-b42f-eb23f0d829b7
            [tribute] => 
            [type] => cash
            [utm] => Array
                (
                    [campaign] => 
                    [content] => 
                    [medium] => 
                    [source] => 
                    [term] => 
                )

            [vendor_id] => 
        )

    [type] => transaction.completed
)
