Array
(
    [created] => 2020-01-01T09:18:52.462750+00:00
    [id] => ba2f8114-2c77-11ea-baba-f2e467587223
    [payload] => Array
        (
            [additional_info] => 
            [address] => Array
                (
                    [city] => Askov
                    [country] => US
                    [country_code] => US
                    [country_name] => United States
                    [state] => MN
                    [street] => 63099 State Highway 23
                    [street2] => 
                    [title] => 
                    [zip] => 55704
                )

            [advocacy_program_id] => 
            [advocacy_program_name] => 
            [advocacy_team_id] => 
            [advocacy_team_name] => 
            [advocate] => 
            [advocate_id] => 
            [advocate_name] => 
            [campaign_id] => 
            [campaign_title] => 
            [card_type] => visa
            [check_number] => 
            [client_proceeds] => 50
            [contact] => Array
                (
                    [address] => Array
                        (
                            [city] => Askov
                            [country] => US
                            [country_code] => US
                            [country_name] => United States
                            [state] => MN
                            [street] => 63099 State Highway 23
                            [street2] => 
                            [title] => 
                            [zip] => 55704
                        )

                    [created] => 2019-07-31T17:57:05.791068+00:00
                    [email] => grammaj6@frontiernet.net
                    [firstname] => Ruth
                    [lastname] => Jorgensen
                    [middlename] => 
                    [phone] => (320)838-1561
                    [timezone] => America/Chicago
                    [title] => 
                    [updated] => 2019-07-31T17:57:09.814845+00:00
                )

            [corporate_matching_record] => 
            [created] => 2020-01-01T09:18:52.228798+00:00
            [custom_note_1] => I have a special request or comment = If possible please deduct future payments on the 1st of each month
            [custom_note_2] => 
            [custom_note_3] => 
            [custom_note_4] => 
            [custom_note_5] => 
            [description] => Cash Donation: $50.00
            [designation] => Array
                (
                    [code] => ligold
                    [fund_id] => ligold
                    [id] => d760a2d9-f1ff-4e93-aacf-aa4e84a4e56f
                    [title] => Goldstein, Liz
                )

            [designation_note] => 
            [donor_id] => 0089d2a6-b81a-4843-b543-1e772c55541f
            [donor_paid_fee] => 
            [email_opt_in] => 
            [embed] => 
            [expiration_month] => 4
            [expiration_year] => 2020
            [external_tracking_id] => 62109148099
            [final_date] => 
            [frequency] => Monthly
            [gift] => 
            [gift_extra] => 
            [hide_name] => 
            [id] => eee793ec-1a02-4703-977e-a3fba9e99d05
            [last_four_digits] => 8797
            [net_proceeds] => 50
            [organization_id] => bdf8150d-a701-4079-a797-69c5c4ff6535
            [payment_gateway_id] => 017412cb-396c-4cd3-b281-07dee953506d
            [payment_gateway_name] => Spreedly: AuthorizeNet
            [payment_transaction_id] => fea401b5-850f-4223-97a5-707ec9e221d9
            [recurring_count] => 7
            [reference_code] => 
            [sale_price] => 
            [schedule_id] => 9e1eca3c-b592-4e2f-8839-aacf51dfa8f7
            [sms_keyword] => 
            [status] => complete
            [subtype] => credit
            [transaction_set_id] => eee793ec-1a02-4703-977e-a3fba9e99d05
            [tribute] => 
            [type] => cash
            [utm] => Array
                (
                    [campaign] => 
                    [content] => 
                    [medium] => 
                    [source] => 
                    [term] => 
                )

            [vendor_id] => 
        )

    [type] => transaction.completed
)
