Array
(
    [created] => 2020-01-01T09:27:40.338388+00:00
    [id] => f4d2ef3a-2c78-11ea-baba-f2e467587223
    [payload] => Array
        (
            [additional_info] => 
            [address] => Array
                (
                    [city] => Dallas
                    [country] => US
                    [country_code] => US
                    [country_name] => United States
                    [state] => TX
                    [street] => 7330 Otomi St
                    [street2] => 
                    [title] => 
                    [zip] => 75236
                )

            [advocacy_program_id] => 
            [advocacy_program_name] => 
            [advocacy_team_id] => 
            [advocacy_team_name] => 
            [advocate] => 
            [advocate_id] => 
            [advocate_name] => 
            [campaign_id] => 
            [campaign_title] => 
            [card_type] => 
            [check_number] => 
            [client_proceeds] => 50
            [contact] => Array
                (
                    [address] => Array
                        (
                            [city] => Dallas
                            [country] => US
                            [country_code] => US
                            [country_name] => United States
                            [state] => TX
                            [street] => 7330 Otomi St
                            [street2] => 
                            [title] => 
                            [zip] => 75236
                        )

                    [created] => 2019-02-28T00:39:38.223954+00:00
                    [email] => shirley_rogers@wycliff.org
                    [firstname] => Shirley
                    [lastname] => Rogers
                    [middlename] => 
                    [phone] => 
                    [timezone] => 
                    [title] => 
                    [updated] => 2019-02-28T00:39:38.480271+00:00
                )

            [corporate_matching_record] => 
            [created] => 2020-01-01T09:27:40.097697+00:00
            [custom_note_1] => I have a special request or comment = 
            [custom_note_2] => 
            [custom_note_3] => 
            [custom_note_4] => 
            [custom_note_5] => 
            [description] => Cash Donation: $50.00
            [designation] => Array
                (
                    [code] => DEFAULT
                    [fund_id] => DEFAULT
                    [id] => d4c15680-8d55-4d98-b538-1aa1e1e57ef2
                    [title] => Where needed most
                )

            [designation_note] => 
            [donor_id] => 39b5bbeb-8193-4f58-bc60-584b838b84b7
            [donor_paid_fee] => 
            [email_opt_in] => 
            [embed] => 
            [expiration_month] => 
            [expiration_year] => 
            [external_tracking_id] => 62109160779
            [final_date] => 
            [frequency] => Monthly
            [gift] => 
            [gift_extra] => 
            [hide_name] => 
            [id] => 11d4278f-8b3d-46dc-b2a6-7c830feb95be
            [last_four_digits] => 
            [net_proceeds] => 50
            [organization_id] => bdf8150d-a701-4079-a797-69c5c4ff6535
            [payment_gateway_id] => 017412cb-396c-4cd3-b281-07dee953506d
            [payment_gateway_name] => Spreedly: AuthorizeNet
            [payment_transaction_id] => b0ff344d-5b59-4644-93fa-f9d56a62b189
            [recurring_count] => 11
            [reference_code] =>  STNETREC
            [sale_price] => 
            [schedule_id] => eaa99c3e-8b11-4cda-9336-1acb9f94ad9f
            [sms_keyword] => 
            [status] => complete
            [subtype] => echeck
            [transaction_set_id] => 11d4278f-8b3d-46dc-b2a6-7c830feb95be
            [tribute] => 
            [type] => cash
            [utm] => Array
                (
                    [campaign] => 
                    [content] => 
                    [medium] => 
                    [source] => 
                    [term] => 
                )

            [vendor_id] => 
        )

    [type] => transaction.completed
)
