Array
(
    [created] => 2020-01-01T09:30:55.049325+00:00
    [id] => 68e17720-2c79-11ea-baba-f2e467587223
    [payload] => Array
        (
            [additional_info] => 
            [address] => Array
                (
                    [city] => Dickson
                    [country] => US
                    [country_code] => US
                    [country_name] => United States
                    [state] => Tennessee
                    [street] => 2655 Nubbin Ridge Rd
                    [street2] => 
                    [title] => 
                    [zip] => 37055
                )

            [advocacy_program_id] => 
            [advocacy_program_name] => 
            [advocacy_team_id] => 
            [advocacy_team_name] => 
            [advocate] => 
            [advocate_id] => 
            [advocate_name] => 
            [campaign_id] => 
            [campaign_title] => 
            [card_type] => 
            [check_number] => 
            [client_proceeds] => 50
            [contact] => Array
                (
                    [address] => Array
                        (
                            [city] => Dickson
                            [country] => US
                            [country_code] => US
                            [country_name] => United States
                            [state] => Tennessee
                            [street] => 2655 Nubbin Ridge Rd
                            [street2] => 
                            [title] => 
                            [zip] => 37055
                        )

                    [created] => 2018-10-01T17:40:35.269074+00:00
                    [email] => semperfi.tc@gmail.com
                    [firstname] => Terry
                    [lastname] => Reese
                    [middlename] => 
                    [phone] => +16159621109
                    [timezone] => 
                    [title] => 
                    [updated] => 2019-07-01T12:31:40.536941+00:00
                )

            [corporate_matching_record] => 
            [created] => 2020-01-01T09:30:54.797412+00:00
            [custom_note_1] => 
            [custom_note_2] => 
            [custom_note_3] => 
            [custom_note_4] => 
            [custom_note_5] => 
            [description] => Cash Donation: $50.00
            [designation] => Array
                (
                    [code] => dasere
                    [fund_id] => dasere
                    [id] => 671310f5-39dc-47c1-a7f2-56b729bc12b3
                    [title] => Sered, Dan & Dinah
                )

            [designation_note] => 
            [donor_id] => 57d20bd8-ea0c-4676-a8ca-3173f0df0e23
            [donor_paid_fee] => 
            [email_opt_in] => 1
            [embed] => 
            [expiration_month] => 
            [expiration_year] => 
            [external_tracking_id] => 62109165793
            [final_date] => 
            [frequency] => Monthly
            [gift] => 
            [gift_extra] => 
            [hide_name] => 
            [id] => 8697c8d3-85f5-457f-8e28-ee6a2aa1eb02
            [last_four_digits] => 
            [net_proceeds] => 50
            [organization_id] => bdf8150d-a701-4079-a797-69c5c4ff6535
            [payment_gateway_id] => 017412cb-396c-4cd3-b281-07dee953506d
            [payment_gateway_name] => Spreedly: AuthorizeNet
            [payment_transaction_id] => ee029a03-586b-49be-8a99-84b1cbec8b19
            [recurring_count] => 7
            [reference_code] => STNETDON
            [sale_price] => 
            [schedule_id] => d7d53a20-4e36-4a54-8933-7554eb4ac273
            [sms_keyword] => 
            [status] => complete
            [subtype] => echeck
            [transaction_set_id] => 8697c8d3-85f5-457f-8e28-ee6a2aa1eb02
            [tribute] => 
            [type] => cash
            [utm] => Array
                (
                    [campaign] => 
                    [content] => 
                    [medium] => 
                    [source] => 
                    [term] => 
                )

            [vendor_id] => 
        )

    [type] => transaction.completed
)
