Array
(
    [created] => 2020-01-01T09:01:40.994419+00:00
    [id] => 5361ecc6-2c75-11ea-baba-f2e467587223
    [payload] => Array
        (
            [additional_info] => 
            [address] => Array
                (
                    [city] => Oakdale
                    [country] => US
                    [country_code] => US
                    [country_name] => United States
                    [state] => CA
                    [street] => 206 California Ave
                    [street2] => 
                    [title] => 
                    [zip] => 95361
                )

            [advocacy_program_id] => 
            [advocacy_program_name] => 
            [advocacy_team_id] => 
            [advocacy_team_name] => 
            [advocate] => 
            [advocate_id] => 
            [advocate_name] => 
            [campaign_id] => 
            [campaign_title] => 
            [card_type] => visa
            [check_number] => 
            [client_proceeds] => 25
            [contact] => Array
                (
                    [address] => Array
                        (
                            [city] => Oakdale
                            [country] => US
                            [country_code] => US
                            [country_name] => United States
                            [state] => CA
                            [street] => 206 California Ave
                            [street2] => 
                            [title] => 
                            [zip] => 95361
                        )

                    [created] => 2018-10-03T21:47:13.684321+00:00
                    [email] => donor-5786c815-230d-4c48-8ee5-1b62100a824d@idonate.com
                    [firstname] => Ricks & Lynn
                    [lastname] => Falk
                    [middlename] => 
                    [phone] => 
                    [timezone] => 
                    [title] => 
                    [updated] => 2018-10-03T21:47:13.684321+00:00
                )

            [corporate_matching_record] => 
            [created] => 2020-01-01T09:01:40.687324+00:00
            [custom_note_1] => I have a special request or comment = 
            [custom_note_2] => 
            [custom_note_3] => 
            [custom_note_4] => 
            [custom_note_5] => 
            [description] => Cash Donation: $25.00
            [designation] => Array
                (
                    [code] => DEFAULT
                    [fund_id] => DEFAULT
                    [id] => d4c15680-8d55-4d98-b538-1aa1e1e57ef2
                    [title] => Where needed most
                )

            [designation_note] => 
            [donor_id] => 5786c815-230d-4c48-8ee5-1b62100a824d
            [donor_paid_fee] => 
            [email_opt_in] => 
            [embed] => 
            [expiration_month] => 5
            [expiration_year] => 2023
            [external_tracking_id] => 62109121999
            [final_date] => 
            [frequency] => Monthly
            [gift] => 
            [gift_extra] => 
            [hide_name] => 
            [id] => 1a43e79d-b8a1-4796-982a-79bc056874e9
            [last_four_digits] => 7684
            [net_proceeds] => 25
            [organization_id] => bdf8150d-a701-4079-a797-69c5c4ff6535
            [payment_gateway_id] => 017412cb-396c-4cd3-b281-07dee953506d
            [payment_gateway_name] => Spreedly: AuthorizeNet
            [payment_transaction_id] => c52764cf-472d-47d9-b419-d498338d3c8e
            [recurring_count] => 16
            [reference_code] =>  STNETREC
            [sale_price] => 
            [schedule_id] => 9a7bcd2d-3acb-4e49-ba67-ab199164d571
            [sms_keyword] => 
            [status] => complete
            [subtype] => credit
            [transaction_set_id] => 1a43e79d-b8a1-4796-982a-79bc056874e9
            [tribute] => 
            [type] => cash
            [utm] => Array
                (
                    [campaign] => 
                    [content] => 
                    [medium] => 
                    [source] => 
                    [term] => 
                )

            [vendor_id] => 
        )

    [type] => transaction.completed
)
