Array
(
    [created] => 2020-01-01T08:52:11.285667+00:00
    [id] => ffcf44c4-2c73-11ea-baba-f2e467587223
    [payload] => Array
        (
            [additional_info] => 
            [address] => Array
                (
                    [city] => Mason
                    [country] => US
                    [country_code] => US
                    [country_name] => United States
                    [state] => IN
                    [street] => 476 Riverwalk Dr
                    [street2] => 
                    [title] => 
                    [zip] => 48854
                )

            [advocacy_program_id] => 
            [advocacy_program_name] => 
            [advocacy_team_id] => 
            [advocacy_team_name] => 
            [advocate] => 
            [advocate_id] => 
            [advocate_name] => 
            [campaign_id] => 
            [campaign_title] => 
            [card_type] => american_express
            [check_number] => 
            [client_proceeds] => 100
            [contact] => Array
                (
                    [address] => Array
                        (
                            [city] => Mason
                            [country] => US
                            [country_code] => US
                            [country_name] => United States
                            [state] => IN
                            [street] => 476 Riverwalk Dr
                            [street2] => 
                            [title] => 
                            [zip] => 48854
                        )

                    [created] => 2018-10-01T17:40:35.269074+00:00
                    [email] => richard.oldejans@twomen.com
                    [firstname] => Richard
                    [lastname] => Oldejans
                    [middlename] => 
                    [phone] => 
                    [timezone] => America/Los_Angeles
                    [title] => 
                    [updated] => 2019-12-27T22:12:28.115081+00:00
                )

            [corporate_matching_record] => 
            [created] => 2020-01-01T08:52:10.911735+00:00
            [custom_note_1] => I have a special request or comment = 
            [custom_note_2] => 
            [custom_note_3] => 
            [custom_note_4] => 
            [custom_note_5] => 
            [description] => Cash Donation: $100.00
            [designation] => Array
                (
                    [code] => DEFAULT
                    [fund_id] => DEFAULT
                    [id] => d4c15680-8d55-4d98-b538-1aa1e1e57ef2
                    [title] => Where needed most
                )

            [designation_note] => 
            [donor_id] => 53be9ed4-035c-4db1-9df0-c6bdd3fa0bed
            [donor_paid_fee] => 
            [email_opt_in] => 
            [embed] => 
            [expiration_month] => 11
            [expiration_year] => 2024
            [external_tracking_id] => 62109110575
            [final_date] => 
            [frequency] => Monthly
            [gift] => 
            [gift_extra] => 
            [hide_name] => 
            [id] => c4898f3f-fad1-42b5-9249-6928f6276136
            [last_four_digits] => 2006
            [net_proceeds] => 100
            [organization_id] => bdf8150d-a701-4079-a797-69c5c4ff6535
            [payment_gateway_id] => 017412cb-396c-4cd3-b281-07dee953506d
            [payment_gateway_name] => Spreedly: AuthorizeNet
            [payment_transaction_id] => a0b7ddc3-7288-461c-b589-0f769e5d1a8e
            [recurring_count] => 1
            [reference_code] =>  STNETREC
            [sale_price] => 
            [schedule_id] => c94ea3a2-6c49-4f2a-bb25-d0ef8c4dca92
            [sms_keyword] => 
            [status] => complete
            [subtype] => credit
            [transaction_set_id] => c4898f3f-fad1-42b5-9249-6928f6276136
            [tribute] => 
            [type] => cash
            [utm] => Array
                (
                    [campaign] => 
                    [content] => 
                    [medium] => 
                    [source] => 
                    [term] => 
                )

            [vendor_id] => 
        )

    [type] => transaction.completed
)
