Array
(
    [created] => 2020-01-01T09:27:26.320013+00:00
    [id] => ec77e656-2c78-11ea-baba-f2e467587223
    [payload] => Array
        (
            [additional_info] => 
            [address] => Array
                (
                    [city] => Richmond
                    [country] => US
                    [country_code] => US
                    [country_name] => United States
                    [state] => TX
                    [street] => 1423 Tilman Dr
                    [street2] => 
                    [title] => 
                    [zip] => 77406
                )

            [advocacy_program_id] => 
            [advocacy_program_name] => 
            [advocacy_team_id] => 
            [advocacy_team_name] => 
            [advocate] => 
            [advocate_id] => 
            [advocate_name] => 
            [campaign_id] => 
            [campaign_title] => 
            [card_type] => master
            [check_number] => 
            [client_proceeds] => 50
            [contact] => Array
                (
                    [address] => Array
                        (
                            [city] => Richmond
                            [country] => US
                            [country_code] => US
                            [country_name] => United States
                            [state] => TX
                            [street] => 1423 Tilman Dr
                            [street2] => 
                            [title] => 
                            [zip] => 77406
                        )

                    [created] => 2019-03-15T18:59:49.123222+00:00
                    [email] => donor-a6ee7b4c-ead4-4bdf-ae95-e6673444c434@idonate.com
                    [firstname] => Charles and Carlene
                    [lastname] => Caulkins
                    [middlename] => 
                    [phone] => 
                    [timezone] => 
                    [title] => 
                    [updated] => 2019-03-15T18:59:49.123222+00:00
                )

            [corporate_matching_record] => 
            [created] => 2020-01-01T09:27:26.062845+00:00
            [custom_note_1] => I have a special request or comment = 
            [custom_note_2] => 
            [custom_note_3] => 
            [custom_note_4] => 
            [custom_note_5] => 
            [description] => Cash Donation: $50.00
            [designation] => Array
                (
                    [code] => DEFAULT
                    [fund_id] => DEFAULT
                    [id] => d4c15680-8d55-4d98-b538-1aa1e1e57ef2
                    [title] => Where needed most
                )

            [designation_note] => 
            [donor_id] => a6ee7b4c-ead4-4bdf-ae95-e6673444c434
            [donor_paid_fee] => 
            [email_opt_in] => 
            [embed] => 
            [expiration_month] => 9
            [expiration_year] => 2022
            [external_tracking_id] => 62109160410
            [final_date] => 
            [frequency] => Monthly
            [gift] => 
            [gift_extra] => 
            [hide_name] => 
            [id] => a0cb23d6-3844-4b21-8b09-f5a611e695d9
            [last_four_digits] => 4400
            [net_proceeds] => 50
            [organization_id] => bdf8150d-a701-4079-a797-69c5c4ff6535
            [payment_gateway_id] => 017412cb-396c-4cd3-b281-07dee953506d
            [payment_gateway_name] => Spreedly: AuthorizeNet
            [payment_transaction_id] => 9aaf8eb6-df0b-444a-b1a8-ac13cdf91eb1
            [recurring_count] => 10
            [reference_code] =>  STNETREC
            [sale_price] => 
            [schedule_id] => 3500d121-3c2e-427f-9366-a632eed807b5
            [sms_keyword] => 
            [status] => complete
            [subtype] => credit
            [transaction_set_id] => a0cb23d6-3844-4b21-8b09-f5a611e695d9
            [tribute] => 
            [type] => cash
            [utm] => Array
                (
                    [campaign] => 
                    [content] => 
                    [medium] => 
                    [source] => 
                    [term] => 
                )

            [vendor_id] => 
        )

    [type] => transaction.completed
)
