Array
(
    [created] => 2020-01-01T20:17:58.336599+00:00
    [id] => cd5cf954-2cd3-11ea-8d38-42b3da8e65bd
    [payload] => Array
        (
            [additional_info] => 
            [address] => Array
                (
                    [city] => Fresno
                    [country] => US
                    [country_code] => US
                    [country_name] => United States
                    [state] => CA
                    [street] => 6076 East Lane Avenue
                    [street2] => 
                    [title] => Donation Address
                    [zip] => 93727
                )

            [advocacy_program_id] => 
            [advocacy_program_name] => 
            [advocacy_team_id] => 
            [advocacy_team_name] => 
            [advocate] => 
            [advocate_id] => 
            [advocate_name] => 
            [campaign_id] => 
            [campaign_title] => 
            [card_type] => visa
            [check_number] => 
            [client_proceeds] => 1500
            [contact] => Array
                (
                    [address] => Array
                        (
                            [city] => Fresno
                            [country] => US
                            [country_code] => US
                            [country_name] => United States
                            [state] => CA
                            [street] => 6076 East Lane Avenue
                            [street2] => 
                            [title] => 
                            [zip] => 93727
                        )

                    [created] => 2018-12-31T04:28:08.733684+00:00
                    [email] => jillcarroll94@gmail.com
                    [firstname] => Jill
                    [lastname] => Carroll
                    [middlename] => 
                    [phone] => 5592525363
                    [timezone] => America/Los_Angeles
                    [title] => 
                    [updated] => 2020-01-01T20:17:57.825895+00:00
                )

            [corporate_matching_record] => 
            [created] => 2020-01-01T20:17:57.855841+00:00
            [custom_note_1] => 
            [custom_note_2] => 
            [custom_note_3] => 
            [custom_note_4] => 
            [custom_note_5] => 
            [description] => Cash Donation: $1,500.00
            [designation] => Array
                (
                    [code] => DEFAULT
                    [fund_id] => DEFAULT
                    [id] => d4c15680-8d55-4d98-b538-1aa1e1e57ef2
                    [title] => Where needed most
                )

            [designation_note] => 
            [donor_id] => 4f80f549-d885-4a54-a398-7a76d4991ee4
            [donor_paid_fee] => 
            [email_opt_in] => 
            [embed] => Array
                (
                    [id] => 1fef50f2-2f6f-4c94-8cd1-c0d254d16f0a
                    [name] => 1912 EOY Phase 1
                )

            [expiration_month] => 2
            [expiration_year] => 2021
            [external_tracking_id] => 62110404262
            [final_date] => 2020-01-01T00:00:00+00:00
            [frequency] => Once
            [gift] => 
            [gift_extra] => 
            [hide_name] => 
            [id] => 51d8e068-0dec-4215-87e0-f55df24eeb4a
            [last_four_digits] => 8977
            [net_proceeds] => 1500
            [organization_id] => bdf8150d-a701-4079-a797-69c5c4ff6535
            [payment_gateway_id] => 017412cb-396c-4cd3-b281-07dee953506d
            [payment_gateway_name] => Spreedly: AuthorizeNet
            [payment_transaction_id] => ceb330fb-cda0-4d74-b2db-b5cc4c09fc8d
            [recurring_count] => 
            [reference_code] => 
            [sale_price] => 
            [schedule_id] => 
            [sms_keyword] => 
            [status] => complete
            [subtype] => credit
            [transaction_set_id] => 51d8e068-0dec-4215-87e0-f55df24eeb4a
            [tribute] => 
            [type] => cash
            [utm] => Array
                (
                    [campaign] => 
                    [content] => 
                    [medium] => 
                    [source] => 
                    [term] => 
                )

            [vendor_id] => 
        )

    [type] => transaction.completed
)
