Array
(
    [created] => 2020-01-01T09:28:18.756565+00:00
    [id] => 0bb914fe-2c79-11ea-baba-f2e467587223
    [payload] => Array
        (
            [additional_info] => 
            [address] => Array
                (
                    [city] => East Cleveland
                    [country] => US
                    [country_code] => US
                    [country_name] => United States
                    [state] => OH
                    [street] => 1649 Carlyon Rd
                    [street2] => 
                    [title] => 
                    [zip] => 44112
                )

            [advocacy_program_id] => 
            [advocacy_program_name] => 
            [advocacy_team_id] => 
            [advocacy_team_name] => 
            [advocate] => 
            [advocate_id] => 
            [advocate_name] => 
            [campaign_id] => 
            [campaign_title] => 
            [card_type] => master
            [check_number] => 
            [client_proceeds] => 5
            [contact] => Array
                (
                    [address] => Array
                        (
                            [city] => East Cleveland
                            [country] => US
                            [country_code] => US
                            [country_name] => United States
                            [state] => OH
                            [street] => 1649 Carlyon Rd
                            [street2] => 
                            [title] => 
                            [zip] => 44112
                        )

                    [created] => 2019-04-24T23:31:15.305893+00:00
                    [email] => angela.corney50@gmail.com
                    [firstname] => Angela
                    [lastname] => Lewis
                    [middlename] => 
                    [phone] => 
                    [timezone] => 
                    [title] => 
                    [updated] => 2019-04-24T23:31:15.544554+00:00
                )

            [corporate_matching_record] => 
            [created] => 2020-01-01T09:28:18.503818+00:00
            [custom_note_1] => I have a special request or comment = 
            [custom_note_2] => 
            [custom_note_3] => 
            [custom_note_4] => 
            [custom_note_5] => 
            [description] => Cash Donation: $5.00
            [designation] => Array
                (
                    [code] => DEFAULT
                    [fund_id] => DEFAULT
                    [id] => d4c15680-8d55-4d98-b538-1aa1e1e57ef2
                    [title] => Where needed most
                )

            [designation_note] => 
            [donor_id] => d063a8cd-efac-45c4-982f-ace987e6f3ac
            [donor_paid_fee] => 
            [email_opt_in] => 
            [embed] => 
            [expiration_month] => 6
            [expiration_year] => 2023
            [external_tracking_id] => 62109161705
            [final_date] => 
            [frequency] => Monthly
            [gift] => 
            [gift_extra] => 
            [hide_name] => 
            [id] => 8e1eddbe-bbde-461f-8233-1e9551836487
            [last_four_digits] => 9186
            [net_proceeds] => 5
            [organization_id] => bdf8150d-a701-4079-a797-69c5c4ff6535
            [payment_gateway_id] => 017412cb-396c-4cd3-b281-07dee953506d
            [payment_gateway_name] => Spreedly: AuthorizeNet
            [payment_transaction_id] => 032bc90e-0cc4-427e-84db-30b4a2a24d3d
            [recurring_count] => 9
            [reference_code] =>  STNETREC
            [sale_price] => 
            [schedule_id] => 0dc19c15-6359-4088-b502-c3279be99c63
            [sms_keyword] => 
            [status] => complete
            [subtype] => credit
            [transaction_set_id] => 8e1eddbe-bbde-461f-8233-1e9551836487
            [tribute] => 
            [type] => cash
            [utm] => Array
                (
                    [campaign] => 
                    [content] => 
                    [medium] => 
                    [source] => 
                    [term] => 
                )

            [vendor_id] => 
        )

    [type] => transaction.completed
)
