Array
(
    [created] => 2020-01-01T09:01:58.761526+00:00
    [id] => 5df8f800-2c75-11ea-baba-f2e467587223
    [payload] => Array
        (
            [additional_info] => 
            [address] => Array
                (
                    [city] => Kissimmee
                    [country] => 
                    [country_code] => 
                    [country_name] => 
                    [state] => Florida
                    [street] => 213 Olivewood Ct.
                    [street2] => 
                    [title] => 
                    [zip] => 34743-8321
                )

            [advocacy_program_id] => 
            [advocacy_program_name] => 
            [advocacy_team_id] => 
            [advocacy_team_name] => 
            [advocate] => 
            [advocate_id] => 
            [advocate_name] => 
            [campaign_id] => 
            [campaign_title] => 
            [card_type] => master
            [check_number] => 
            [client_proceeds] => 50
            [contact] => Array
                (
                    [address] => Array
                        (
                            [city] => Kissimmee
                            [country] => 
                            [country_code] => 
                            [country_name] => 
                            [state] => Florida
                            [street] => 213 Olivewood Ct.
                            [street2] => 
                            [title] => 
                            [zip] => 34743-8321
                        )

                    [created] => 2018-10-01T17:40:35.269074+00:00
                    [email] => ruiz_legion@juno.com
                    [firstname] => Rosa
                    [lastname] => Ruiz
                    [middlename] => 
                    [phone] => 407-348-4692
                    [timezone] => 
                    [title] => 
                    [updated] => 2019-10-03T22:15:20.629380+00:00
                )

            [corporate_matching_record] => 
            [created] => 2020-01-01T09:01:58.196843+00:00
            [custom_note_1] => I have a special request or comment = 
            [custom_note_2] => 
            [custom_note_3] => 
            [custom_note_4] => 
            [custom_note_5] => 
            [description] => Cash Donation: $50.00
            [designation] => Array
                (
                    [code] => dasere
                    [fund_id] => dasere
                    [id] => 671310f5-39dc-47c1-a7f2-56b729bc12b3
                    [title] => Sered, Dan & Dinah
                )

            [designation_note] => 
            [donor_id] => 9845a0f4-2c1a-48bd-a189-1a599f593b0a
            [donor_paid_fee] => 
            [email_opt_in] => 
            [embed] => 
            [expiration_month] => 1
            [expiration_year] => 2021
            [external_tracking_id] => 62109122574
            [final_date] => 
            [frequency] => Monthly
            [gift] => 
            [gift_extra] => 
            [hide_name] => 
            [id] => f2d28348-7a51-4c8e-ba66-aeaaae20e3b9
            [last_four_digits] => 3974
            [net_proceeds] => 50
            [organization_id] => bdf8150d-a701-4079-a797-69c5c4ff6535
            [payment_gateway_id] => 017412cb-396c-4cd3-b281-07dee953506d
            [payment_gateway_name] => Spreedly: AuthorizeNet
            [payment_transaction_id] => 0d994075-3fd9-4987-b913-8a0da3a9ce9c
            [recurring_count] => 3
            [reference_code] =>  STNETREC
            [sale_price] => 
            [schedule_id] => 45ef0157-928e-48c6-90fe-49f9188ccfde
            [sms_keyword] => 
            [status] => complete
            [subtype] => credit
            [transaction_set_id] => f2d28348-7a51-4c8e-ba66-aeaaae20e3b9
            [tribute] => 
            [type] => cash
            [utm] => Array
                (
                    [campaign] => 
                    [content] => 
                    [medium] => 
                    [source] => 
                    [term] => 
                )

            [vendor_id] => 
        )

    [type] => transaction.completed
)
