Array
(
    [created] => 2020-01-01T09:39:34.809795+00:00
    [id] => 9eae9e04-2c7a-11ea-baba-f2e467587223
    [payload] => Array
        (
            [additional_info] => 
            [address] => Array
                (
                    [city] => Springfield
                    [country] => US
                    [country_code] => US
                    [country_name] => United States
                    [state] => OR
                    [street] => 5144 E St
                    [street2] => 
                    [title] => 
                    [zip] => 97478
                )

            [advocacy_program_id] => 
            [advocacy_program_name] => 
            [advocacy_team_id] => 
            [advocacy_team_name] => 
            [advocate] => 
            [advocate_id] => 
            [advocate_name] => 
            [campaign_id] => 
            [campaign_title] => 
            [card_type] => visa
            [check_number] => 
            [client_proceeds] => 66
            [contact] => Array
                (
                    [address] => Array
                        (
                            [city] => Springfield
                            [country] => US
                            [country_code] => US
                            [country_name] => United States
                            [state] => OR
                            [street] => 5144 E St
                            [street2] => 
                            [title] => 
                            [zip] => 97478
                        )

                    [created] => 2018-10-01T17:40:35.269074+00:00
                    [email] => gingersnap46@comcast.net
                    [firstname] => Ginger
                    [lastname] => Brant
                    [middlename] => 
                    [phone] => 
                    [timezone] => America/Los_Angeles
                    [title] => 
                    [updated] => 2019-05-01T23:30:09.269354+00:00
                )

            [corporate_matching_record] => 
            [created] => 2020-01-01T09:39:34.475852+00:00
            [custom_note_1] => I have a special request or comment = 
            [custom_note_2] => 
            [custom_note_3] => 
            [custom_note_4] => 
            [custom_note_5] => 
            [description] => Cash Donation: $66.00
            [designation] => Array
                (
                    [code] => ladubi
                    [fund_id] => ladubi
                    [id] => 8ada9da1-edaf-4173-b5e9-0cd160f69bc8
                    [title] => Dubin, Larry & Deb
                )

            [designation_note] => 
            [donor_id] => 2b03ee7a-31c6-46c5-9b8c-cc0a04e417d6
            [donor_paid_fee] => 
            [email_opt_in] => 
            [embed] => 
            [expiration_month] => 3
            [expiration_year] => 2022
            [external_tracking_id] => 62109184853
            [final_date] => 
            [frequency] => Monthly
            [gift] => 
            [gift_extra] => 
            [hide_name] => 
            [id] => 0e26fe00-0690-4cd7-bb49-f5f1fd012286
            [last_four_digits] => 7507
            [net_proceeds] => 66
            [organization_id] => bdf8150d-a701-4079-a797-69c5c4ff6535
            [payment_gateway_id] => 017412cb-396c-4cd3-b281-07dee953506d
            [payment_gateway_name] => Spreedly: AuthorizeNet
            [payment_transaction_id] => 2d95bd61-7c6f-4d0b-a2e8-f07c875649cd
            [recurring_count] => 9
            [reference_code] =>  STNETREC
            [sale_price] => 
            [schedule_id] => 1491c2f9-27c3-42f8-82bf-3fec629d8a7a
            [sms_keyword] => 
            [status] => complete
            [subtype] => credit
            [transaction_set_id] => 0e26fe00-0690-4cd7-bb49-f5f1fd012286
            [tribute] => 
            [type] => cash
            [utm] => Array
                (
                    [campaign] => 
                    [content] => 
                    [medium] => 
                    [source] => 
                    [term] => 
                )

            [vendor_id] => 
        )

    [type] => transaction.completed
)
