Array
(
    [created] => 2020-01-01T10:04:38.710820+00:00
    [id] => 1f13b428-2c7e-11ea-85df-92a9d723b37b
    [payload] => Array
        (
            [additional_info] => 
            [address] => Array
                (
                    [city] => Syosset
                    [country] => 
                    [country_code] => 
                    [country_name] => 
                    [state] => New York
                    [street] => 44 Lewis Ln
                    [street2] => 
                    [title] => 
                    [zip] => 11791-3928
                )

            [advocacy_program_id] => 
            [advocacy_program_name] => 
            [advocacy_team_id] => 
            [advocacy_team_name] => 
            [advocate] => 
            [advocate_id] => 
            [advocate_name] => 
            [campaign_id] => 
            [campaign_title] => 
            [card_type] => 
            [check_number] => 
            [client_proceeds] => 50
            [contact] => Array
                (
                    [address] => Array
                        (
                            [city] => Syosset
                            [country] => 
                            [country_code] => 
                            [country_name] => 
                            [state] => New York
                            [street] => 44 Lewis Ln
                            [street2] => 
                            [title] => 
                            [zip] => 11791-3928
                        )

                    [created] => 2018-10-01T17:40:35.269074+00:00
                    [email] => hbryan2005@yahoo.com
                    [firstname] => Joohee
                    [lastname] => Sung
                    [middlename] => 
                    [phone] => (917) 326-0510
                    [timezone] => 
                    [title] => 
                    [updated] => 2018-11-14T08:09:28.573739+00:00
                )

            [corporate_matching_record] => 
            [created] => 2020-01-01T10:04:38.524893+00:00
            [custom_note_1] => 
            [custom_note_2] => 
            [custom_note_3] => 
            [custom_note_4] => 
            [custom_note_5] => 
            [description] => Cash Donation: $50.00
            [designation] => Array
                (
                    [code] => DEFAULT
                    [fund_id] => DEFAULT
                    [id] => d4c15680-8d55-4d98-b538-1aa1e1e57ef2
                    [title] => Where needed most
                )

            [designation_note] => 
            [donor_id] => 7cc5357d-25bd-42ce-bf24-d0335c7b6c99
            [donor_paid_fee] => 
            [email_opt_in] => 
            [embed] => 
            [expiration_month] => 
            [expiration_year] => 
            [external_tracking_id] => 62109246949
            [final_date] => 
            [frequency] => Monthly
            [gift] => 
            [gift_extra] => 
            [hide_name] => 
            [id] => 088407fe-5dd9-49df-adf0-2c3884e38c9f
            [last_four_digits] => 
            [net_proceeds] => 50
            [organization_id] => bdf8150d-a701-4079-a797-69c5c4ff6535
            [payment_gateway_id] => 017412cb-396c-4cd3-b281-07dee953506d
            [payment_gateway_name] => Spreedly: AuthorizeNet
            [payment_transaction_id] => d3f1f281-42cf-4f9a-8ef3-a35689db5f02
            [recurring_count] => 15
            [reference_code] => 
            [sale_price] => 
            [schedule_id] => af2f87d7-4ef1-44b6-802b-c18d92ec4b75
            [sms_keyword] => 
            [status] => complete
            [subtype] => credit
            [transaction_set_id] => 088407fe-5dd9-49df-adf0-2c3884e38c9f
            [tribute] => 
            [type] => cash
            [utm] => Array
                (
                    [campaign] => 
                    [content] => 
                    [medium] => 
                    [source] => 
                    [term] => 
                )

            [vendor_id] => 
        )

    [type] => transaction.completed
)
