Array
(
    [created] => 2020-01-01T08:59:10.199339+00:00
    [id] => f9806c8c-2c74-11ea-baba-f2e467587223
    [payload] => Array
        (
            [additional_info] => 
            [address] => Array
                (
                    [city] => Oakhurst
                    [country] => 
                    [country_code] => 
                    [country_name] => 
                    [state] => California
                    [street] => 39399 Highview Drive
                    [street2] => 
                    [title] => 
                    [zip] => 93644-9704
                )

            [advocacy_program_id] => 
            [advocacy_program_name] => 
            [advocacy_team_id] => 
            [advocacy_team_name] => 
            [advocate] => 
            [advocate_id] => 
            [advocate_name] => 
            [campaign_id] => 
            [campaign_title] => 
            [card_type] => 
            [check_number] => 
            [client_proceeds] => 25
            [contact] => Array
                (
                    [address] => Array
                        (
                            [city] => Oakhurst
                            [country] => 
                            [country_code] => 
                            [country_name] => 
                            [state] => California
                            [street] => 39399 Highview Drive
                            [street2] => 
                            [title] => 
                            [zip] => 93644-9704
                        )

                    [created] => 2018-10-01T17:40:35.269074+00:00
                    [email] => lana.cantwell@gmail.com
                    [firstname] => Christopher 
                    [lastname] => Cantwell
                    [middlename] => 
                    [phone] => 
                    [timezone] => 
                    [title] => 
                    [updated] => 2018-10-01T17:40:35.269074+00:00
                )

            [corporate_matching_record] => 
            [created] => 2020-01-01T08:59:10.032661+00:00
            [custom_note_1] => 
            [custom_note_2] => 
            [custom_note_3] => 
            [custom_note_4] => 
            [custom_note_5] => 
            [description] => Cash Donation: $25.00
            [designation] => Array
                (
                    [code] => DEFAULT
                    [fund_id] => DEFAULT
                    [id] => d4c15680-8d55-4d98-b538-1aa1e1e57ef2
                    [title] => Where needed most
                )

            [designation_note] => 
            [donor_id] => 5b4f797f-dc91-4075-ae27-cdf58e2527f0
            [donor_paid_fee] => 
            [email_opt_in] => 
            [embed] => 
            [expiration_month] => 
            [expiration_year] => 
            [external_tracking_id] => 62109117484
            [final_date] => 
            [frequency] => Monthly
            [gift] => 
            [gift_extra] => 
            [hide_name] => 
            [id] => d660bb1e-b8f8-4b43-b2cf-ba06904f7dc4
            [last_four_digits] => 
            [net_proceeds] => 25
            [organization_id] => bdf8150d-a701-4079-a797-69c5c4ff6535
            [payment_gateway_id] => 017412cb-396c-4cd3-b281-07dee953506d
            [payment_gateway_name] => Spreedly: AuthorizeNet
            [payment_transaction_id] => 1cf025e5-f2c0-4fe0-9eaf-1e3f387e03b2
            [recurring_count] => 15
            [reference_code] => 
            [sale_price] => 
            [schedule_id] => 3ac20842-657b-42b5-b83b-56404daed438
            [sms_keyword] => 
            [status] => complete
            [subtype] => credit
            [transaction_set_id] => d660bb1e-b8f8-4b43-b2cf-ba06904f7dc4
            [tribute] => 
            [type] => cash
            [utm] => Array
                (
                    [campaign] => 
                    [content] => 
                    [medium] => 
                    [source] => 
                    [term] => 
                )

            [vendor_id] => 
        )

    [type] => transaction.completed
)
