Array
(
    [created] => 2020-01-01T09:43:39.034705+00:00
    [id] => 30406230-2c7b-11ea-baba-f2e467587223
    [payload] => Array
        (
            [additional_info] => 
            [address] => Array
                (
                    [city] => lewistown 
                    [country] => US
                    [country_code] => US
                    [country_name] => United States
                    [state] => MT
                    [street] => 308 Timber Tracts Rd
                    [street2] => 
                    [title] => 
                    [zip] => 59457
                )

            [advocacy_program_id] => 
            [advocacy_program_name] => 
            [advocacy_team_id] => 
            [advocacy_team_name] => 
            [advocate] => 
            [advocate_id] => 
            [advocate_name] => 
            [campaign_id] => 
            [campaign_title] => 
            [card_type] => master
            [check_number] => 
            [client_proceeds] => 10
            [contact] => Array
                (
                    [address] => Array
                        (
                            [city] => lewistown 
                            [country] => US
                            [country_code] => US
                            [country_name] => United States
                            [state] => MT
                            [street] => 308 Timber Tracts Rd
                            [street2] => 
                            [title] => 
                            [zip] => 59457
                        )

                    [created] => 2019-07-30T19:10:22.993605+00:00
                    [email] => donor-df21aee5-b0ac-4e89-b733-90fe246f7518@idonate.com
                    [firstname] => Patricia 
                    [lastname] => Simonson
                    [middlename] => 
                    [phone] => 
                    [timezone] => America/Los_Angeles
                    [title] => 
                    [updated] => 2019-12-16T17:32:50.080566+00:00
                )

            [corporate_matching_record] => 
            [created] => 2020-01-01T09:43:38.810263+00:00
            [custom_note_1] => I have a special request or comment = 
            [custom_note_2] => 
            [custom_note_3] => 
            [custom_note_4] => 
            [custom_note_5] => 
            [description] => Cash Donation: $10.00
            [designation] => Array
                (
                    [code] => DEFAULT
                    [fund_id] => DEFAULT
                    [id] => d4c15680-8d55-4d98-b538-1aa1e1e57ef2
                    [title] => Where needed most
                )

            [designation_note] => 
            [donor_id] => df21aee5-b0ac-4e89-b733-90fe246f7518
            [donor_paid_fee] => 
            [email_opt_in] => 
            [embed] => 
            [expiration_month] => 6
            [expiration_year] => 2020
            [external_tracking_id] => 62109194736
            [final_date] => 
            [frequency] => Monthly
            [gift] => 
            [gift_extra] => 
            [hide_name] => 
            [id] => 1253171b-672e-46a8-9e07-907758b0d32a
            [last_four_digits] => 4061
            [net_proceeds] => 10
            [organization_id] => bdf8150d-a701-4079-a797-69c5c4ff6535
            [payment_gateway_id] => 017412cb-396c-4cd3-b281-07dee953506d
            [payment_gateway_name] => Spreedly: AuthorizeNet
            [payment_transaction_id] => d670de28-ccbd-471c-b8f1-1705a40cfdb6
            [recurring_count] => 6
            [reference_code] =>  TI1901AM7D
            [sale_price] => 
            [schedule_id] => 7b6f29cf-0417-4be2-976d-c0ecfd4a8957
            [sms_keyword] => 
            [status] => complete
            [subtype] => credit
            [transaction_set_id] => 1253171b-672e-46a8-9e07-907758b0d32a
            [tribute] => 
            [type] => cash
            [utm] => Array
                (
                    [campaign] => 
                    [content] => 
                    [medium] => 
                    [source] => 
                    [term] => 
                )

            [vendor_id] => 
        )

    [type] => transaction.completed
)
