Array
(
    [created] => 2020-01-01T09:46:36.331160+00:00
    [id] => 99edacba-2c7b-11ea-baba-f2e467587223
    [payload] => Array
        (
            [additional_info] => 
            [address] => Array
                (
                    [city] => UPLAND
                    [country] => US
                    [country_code] => US
                    [country_name] => United States
                    [state] => CA
                    [street] => 314 S EUCLID AVE
                    [street2] => 
                    [title] => 
                    [zip] => 91786
                )

            [advocacy_program_id] => 
            [advocacy_program_name] => 
            [advocacy_team_id] => 
            [advocacy_team_name] => 
            [advocate] => 
            [advocate_id] => 
            [advocate_name] => 
            [campaign_id] => 
            [campaign_title] => 
            [card_type] => master
            [check_number] => 
            [client_proceeds] => 10
            [contact] => Array
                (
                    [address] => Array
                        (
                            [city] => UPLAND
                            [country] => US
                            [country_code] => US
                            [country_name] => United States
                            [state] => CA
                            [street] => 314 S EUCLID AVE
                            [street2] => 
                            [title] => 
                            [zip] => 91786
                        )

                    [created] => 2019-01-01T02:50:31.717068+00:00
                    [email] => cheryl_bytheway@yahoo.com
                    [firstname] => CHERYL
                    [lastname] => WYNN
                    [middlename] => 
                    [phone] => 
                    [timezone] => 
                    [title] => 
                    [updated] => 2019-01-01T02:50:32.000949+00:00
                )

            [corporate_matching_record] => 
            [created] => 2020-01-01T09:46:36.069361+00:00
            [custom_note_1] => 
            [custom_note_2] => 
            [custom_note_3] => 
            [custom_note_4] => 
            [custom_note_5] => 
            [description] => Cash Donation: $10.00
            [designation] => Array
                (
                    [code] => DEFAULT
                    [fund_id] => DEFAULT
                    [id] => d4c15680-8d55-4d98-b538-1aa1e1e57ef2
                    [title] => Where needed most
                )

            [designation_note] => 
            [donor_id] => 66b20fbb-5070-4d01-8ad0-9a28475796d7
            [donor_paid_fee] => 
            [email_opt_in] => 
            [embed] => 
            [expiration_month] => 8
            [expiration_year] => 2023
            [external_tracking_id] => 62109202565
            [final_date] => 
            [frequency] => Monthly
            [gift] => 
            [gift_extra] => 
            [hide_name] => 
            [id] => 5c82bac7-d0e4-4caa-b6ec-ad5a750afd5e
            [last_four_digits] => 3536
            [net_proceeds] => 10
            [organization_id] => bdf8150d-a701-4079-a797-69c5c4ff6535
            [payment_gateway_id] => 017412cb-396c-4cd3-b281-07dee953506d
            [payment_gateway_name] => Spreedly: AuthorizeNet
            [payment_transaction_id] => 1f0935ea-d15e-44c0-9190-dccc7919b823
            [recurring_count] => 13
            [reference_code] => ap18e12em14l
            [sale_price] => 
            [schedule_id] => 9d2bde7d-b9fc-4d4d-8a1a-9f1a2e23b8ff
            [sms_keyword] => 
            [status] => complete
            [subtype] => credit
            [transaction_set_id] => 5c82bac7-d0e4-4caa-b6ec-ad5a750afd5e
            [tribute] => 
            [type] => cash
            [utm] => Array
                (
                    [campaign] => 970-30470-yearend_campaign
                    [content] => email_subs_lapsed-email_14
                    [medium] => email
                    [source] => mailchimp
                    [term] => 2
                )

            [vendor_id] => 
        )

    [type] => transaction.completed
)
