Array
(
    [created] => 2020-01-01T09:18:57.183224+00:00
    [id] => bcffca8e-2c77-11ea-baba-f2e467587223
    [payload] => Array
        (
            [additional_info] => 
            [address] => Array
                (
                    [city] => TULSA
                    [country] => US
                    [country_code] => US
                    [country_name] => United States
                    [state] => OK
                    [street] => 10019 E 39TH PL
                    [street2] => 
                    [title] => 
                    [zip] => 74146
                )

            [advocacy_program_id] => 
            [advocacy_program_name] => 
            [advocacy_team_id] => 
            [advocacy_team_name] => 
            [advocate] => 
            [advocate_id] => 
            [advocate_name] => 
            [campaign_id] => 
            [campaign_title] => 
            [card_type] => visa
            [check_number] => 
            [client_proceeds] => 10
            [contact] => Array
                (
                    [address] => Array
                        (
                            [city] => TULSA
                            [country] => US
                            [country_code] => US
                            [country_name] => United States
                            [state] => OK
                            [street] => 10019 E 39TH PL
                            [street2] => 
                            [title] => 
                            [zip] => 74146
                        )

                    [created] => 2019-08-01T18:15:31.456065+00:00
                    [email] => iamlamad@yahoo.com
                    [firstname] => LYLE
                    [lastname] => COOPER
                    [middlename] => 
                    [phone] => 9183611729
                    [timezone] => America/Chicago
                    [title] => 
                    [updated] => 2019-08-01T18:15:34.641214+00:00
                )

            [corporate_matching_record] => 
            [created] => 2020-01-01T09:18:56.934406+00:00
            [custom_note_1] => 
            [custom_note_2] => 
            [custom_note_3] => 
            [custom_note_4] => 
            [custom_note_5] => 
            [description] => Cash Donation: $10.00
            [designation] => Array
                (
                    [code] => DEFAULT
                    [fund_id] => DEFAULT
                    [id] => d4c15680-8d55-4d98-b538-1aa1e1e57ef2
                    [title] => Where needed most
                )

            [designation_note] => 
            [donor_id] => e1d07725-dd89-4025-9ee2-d61217a4eb89
            [donor_paid_fee] => 
            [email_opt_in] => 
            [embed] => 
            [expiration_month] => 9
            [expiration_year] => 2022
            [external_tracking_id] => 62109148221
            [final_date] => 
            [frequency] => Monthly
            [gift] => 
            [gift_extra] => 
            [hide_name] => 
            [id] => 09ce44ad-906c-41c4-9fee-db33c49f052e
            [last_four_digits] => 3980
            [net_proceeds] => 10
            [organization_id] => bdf8150d-a701-4079-a797-69c5c4ff6535
            [payment_gateway_id] => 017412cb-396c-4cd3-b281-07dee953506d
            [payment_gateway_name] => Spreedly: AuthorizeNet
            [payment_transaction_id] => 398c23a2-f5e4-43b8-b766-9c39d52c9ac8
            [recurring_count] => 6
            [reference_code] => 
            [sale_price] => 
            [schedule_id] => 9a79c536-874f-453e-bb60-c52327ad3702
            [sms_keyword] => 
            [status] => complete
            [subtype] => credit
            [transaction_set_id] => 09ce44ad-906c-41c4-9fee-db33c49f052e
            [tribute] => 
            [type] => cash
            [utm] => Array
                (
                    [campaign] => 
                    [content] => 
                    [medium] => 
                    [source] => 
                    [term] => 
                )

            [vendor_id] => 
        )

    [type] => transaction.completed
)
