Array
(
    [created] => 2020-01-01T16:29:56.980913+00:00
    [id] => f2a3c5aa-2cb3-11ea-8e97-223abfea833d
    [payload] => Array
        (
            [additional_info] => 
            [address] => Array
                (
                    [city] => Cypress
                    [country] => US
                    [country_code] => US
                    [country_name] => United States
                    [state] => TX
                    [street] => 14306 Meadow Estates Ln
                    [street2] => 
                    [title] => Donation Address
                    [zip] => 77429
                )

            [advocacy_program_id] => 
            [advocacy_program_name] => 
            [advocacy_team_id] => 
            [advocacy_team_name] => 
            [advocate] => 
            [advocate_id] => 
            [advocate_name] => 
            [campaign_id] => 
            [campaign_title] => 
            [card_type] => 
            [check_number] => 
            [client_proceeds] => 25
            [contact] => Array
                (
                    [address] => Array
                        (
                            [city] => Cypress
                            [country] => US
                            [country_code] => US
                            [country_name] => United States
                            [state] => TX
                            [street] => 14306 Meadow Estates Ln
                            [street2] => 
                            [title] => 
                            [zip] => 77429
                        )

                    [created] => 2016-12-02T18:47:34.093206+00:00
                    [email] => swhenrickson@juno.com
                    [firstname] => Steven
                    [lastname] => Henrickson
                    [middlename] => 
                    [phone] => 2817462792
                    [timezone] => America/Chicago
                    [title] => 
                    [updated] => 2018-12-01T14:59:16.955347+00:00
                )

            [corporate_matching_record] => 
            [created] => 2020-01-01T16:29:56.712622+00:00
            [custom_note_1] => 
            [custom_note_2] => 
            [custom_note_3] => 
            [custom_note_4] => 
            [custom_note_5] => 
            [description] => Cash Donation: $25.00
            [designation] => Array
                (
                    [code] => DEFAULT
                    [fund_id] => DEFAULT
                    [id] => d4c15680-8d55-4d98-b538-1aa1e1e57ef2
                    [title] => Where needed most
                )

            [designation_note] => 
            [donor_id] => d3cd3e74-c01f-4355-ae81-5abe33652557
            [donor_paid_fee] => 
            [email_opt_in] => 
            [embed] => Array
                (
                    [id] => 9f092f15-ba22-4fdf-90c7-996c4b97f9d4
                    [name] => 1905 New Main DF v2
                )

            [expiration_month] => 
            [expiration_year] => 
            [external_tracking_id] => 62110071679
            [final_date] => 2020-01-01T00:00:00+00:00
            [frequency] => Once
            [gift] => 
            [gift_extra] => 
            [hide_name] => 
            [id] => 413d976c-8a7b-4ee5-ab5a-59a20fb42c63
            [last_four_digits] => 
            [net_proceeds] => 25
            [organization_id] => bdf8150d-a701-4079-a797-69c5c4ff6535
            [payment_gateway_id] => 017412cb-396c-4cd3-b281-07dee953506d
            [payment_gateway_name] => Spreedly: AuthorizeNet
            [payment_transaction_id] => f13444db-e88c-459e-be2f-51b4e45de1dd
            [recurring_count] => 
            [reference_code] => 
            [sale_price] => 
            [schedule_id] => 
            [sms_keyword] => 
            [status] => complete
            [subtype] => echeck
            [transaction_set_id] => 413d976c-8a7b-4ee5-ab5a-59a20fb42c63
            [tribute] => 
            [type] => cash
            [utm] => Array
                (
                    [campaign] => 
                    [content] => 
                    [medium] => 
                    [source] => 
                    [term] => 
                )

            [vendor_id] => 
        )

    [type] => transaction.completed
)
