Array
(
    [created] => 2020-01-01T17:43:04.271078+00:00
    [id] => 29ab1f4e-2cbe-11ea-9831-a2ba889277d9
    [payload] => Array
        (
            [additional_info] => 
            [address] => Array
                (
                    [city] => Apex
                    [country] => US
                    [country_code] => US
                    [country_name] => United States
                    [state] => NC
                    [street] => 1003 Bramhall Court
                    [street2] => 
                    [title] => Donation Address
                    [zip] => 27502
                )

            [advocacy_program_id] => 
            [advocacy_program_name] => 
            [advocacy_team_id] => 
            [advocacy_team_name] => 
            [advocate] => 
            [advocate_id] => 
            [advocate_name] => 
            [campaign_id] => 
            [campaign_title] => 
            [card_type] => master
            [check_number] => 
            [client_proceeds] => 25
            [contact] => Array
                (
                    [address] => Array
                        (
                            [city] => Apex
                            [country] => US
                            [country_code] => US
                            [country_name] => United States
                            [state] => NC
                            [street] => 1003 Bramhall Court
                            [street2] => 
                            [title] => 
                            [zip] => 27502
                        )

                    [created] => 2018-09-28T15:16:45.552599+00:00
                    [email] => marshakimthomas@gmail.com
                    [firstname] => Kimberly
                    [lastname] => Thomas
                    [middlename] => 
                    [phone] => +19192447234
                    [timezone] => 
                    [title] => 
                    [updated] => 2018-09-28T15:27:36.378273+00:00
                )

            [corporate_matching_record] => 
            [created] => 2020-01-01T17:43:03.714705+00:00
            [custom_note_1] => 
            [custom_note_2] => 
            [custom_note_3] => 
            [custom_note_4] => 
            [custom_note_5] => 
            [description] => Cash Donation: $25.00
            [designation] => Array
                (
                    [code] => DEFAULT
                    [fund_id] => DEFAULT
                    [id] => d4c15680-8d55-4d98-b538-1aa1e1e57ef2
                    [title] => Where needed most
                )

            [designation_note] => 
            [donor_id] => 03f88f14-fb62-43e4-8353-1f86867d947d
            [donor_paid_fee] => 
            [email_opt_in] => 
            [embed] => Array
                (
                    [id] => 9f092f15-ba22-4fdf-90c7-996c4b97f9d4
                    [name] => 1905 New Main DF v2
                )

            [expiration_month] => 12
            [expiration_year] => 2022
            [external_tracking_id] => 62110179374
            [final_date] => 2020-01-01T00:00:00+00:00
            [frequency] => Once
            [gift] => 
            [gift_extra] => 
            [hide_name] => 
            [id] => bc075185-4a11-499a-8e7f-abdce01882dc
            [last_four_digits] => 6374
            [net_proceeds] => 25
            [organization_id] => bdf8150d-a701-4079-a797-69c5c4ff6535
            [payment_gateway_id] => 017412cb-396c-4cd3-b281-07dee953506d
            [payment_gateway_name] => Spreedly: AuthorizeNet
            [payment_transaction_id] => ccfea7de-3fe5-4f21-b9ae-227d010ff4f7
            [recurring_count] => 
            [reference_code] => 
            [sale_price] => 
            [schedule_id] => 
            [sms_keyword] => 
            [status] => complete
            [subtype] => credit
            [transaction_set_id] => bc075185-4a11-499a-8e7f-abdce01882dc
            [tribute] => 
            [type] => cash
            [utm] => Array
                (
                    [campaign] => 
                    [content] => 
                    [medium] => 
                    [source] => 
                    [term] => 
                )

            [vendor_id] => 
        )

    [type] => transaction.completed
)
