Array
(
    [created] => 2020-01-01T16:12:39.084405+00:00
    [id] => 880153e0-2cb1-11ea-adef-aa6a237aaa17
    [payload] => Array
        (
            [additional_info] => 
            [address] => Array
                (
                    [city] => Page
                    [country] => US
                    [country_code] => US
                    [country_name] => United States
                    [state] => AZ
                    [street] => PO Box 1060
                    [street2] => 
                    [title] => Donation Address
                    [zip] => 86040
                )

            [advocacy_program_id] => 
            [advocacy_program_name] => 
            [advocacy_team_id] => 
            [advocacy_team_name] => 
            [advocate] => 
            [advocate_id] => 
            [advocate_name] => 
            [campaign_id] => 
            [campaign_title] => 
            [card_type] => 
            [check_number] => 
            [client_proceeds] => 100
            [contact] => Array
                (
                    [address] => Array
                        (
                            [city] => Page
                            [country] => US
                            [country_code] => US
                            [country_name] => United States
                            [state] => AZ
                            [street] => PO Box 1060
                            [street2] => 
                            [title] => 
                            [zip] => 86040
                        )

                    [created] => 2018-11-14T06:00:16.458250+00:00
                    [email] => wendyjo@canyoncountry.net
                    [firstname] => Wendy Jo
                    [lastname] => Jensen
                    [middlename] => 
                    [phone] => 928-660-9071
                    [timezone] => America/Denver
                    [title] => 
                    [updated] => 2019-12-16T15:29:46.141419+00:00
                )

            [corporate_matching_record] => 
            [created] => 2020-01-01T16:12:38.669615+00:00
            [custom_note_1] => 
            [custom_note_2] => 
            [custom_note_3] => 
            [custom_note_4] => 
            [custom_note_5] => 
            [description] => Cash Donation: $100.00
            [designation] => Array
                (
                    [code] => DEFAULT
                    [fund_id] => DEFAULT
                    [id] => d4c15680-8d55-4d98-b538-1aa1e1e57ef2
                    [title] => Where needed most
                )

            [designation_note] => 
            [donor_id] => 03ae3768-7210-4e9a-925f-ee816d27d9b9
            [donor_paid_fee] => 
            [email_opt_in] => 
            [embed] => Array
                (
                    [id] => 1fef50f2-2f6f-4c94-8cd1-c0d254d16f0a
                    [name] => 1912 EOY Phase 1
                )

            [expiration_month] => 
            [expiration_year] => 
            [external_tracking_id] => 62110046796
            [final_date] => 2020-01-01T00:00:00+00:00
            [frequency] => Once
            [gift] => 
            [gift_extra] => 
            [hide_name] => 
            [id] => 0e3628ed-829c-476f-a558-72fbce2fd725
            [last_four_digits] => 
            [net_proceeds] => 100
            [organization_id] => bdf8150d-a701-4079-a797-69c5c4ff6535
            [payment_gateway_id] => 017412cb-396c-4cd3-b281-07dee953506d
            [payment_gateway_name] => Spreedly: AuthorizeNet
            [payment_transaction_id] => bcb3f2ea-c801-421b-9234-ba2bd926a962
            [recurring_count] => 
            [reference_code] => 
            [sale_price] => 
            [schedule_id] => 
            [sms_keyword] => 
            [status] => complete
            [subtype] => echeck
            [transaction_set_id] => 0e3628ed-829c-476f-a558-72fbce2fd725
            [tribute] => 
            [type] => cash
            [utm] => Array
                (
                    [campaign] => 
                    [content] => 
                    [medium] => 
                    [source] => 
                    [term] => 
                )

            [vendor_id] => 
        )

    [type] => transaction.completed
)
