Array
(
    [created] => 2020-01-01T09:37:35.599881+00:00
    [id] => 57a0a14c-2c7a-11ea-baba-f2e467587223
    [payload] => Array
        (
            [additional_info] => 
            [address] => Array
                (
                    [city] => West Valley City
                    [country] => US
                    [country_code] => US
                    [country_name] => United States
                    [state] => UT
                    [street] => 3939 S Starwood St
                    [street2] => 
                    [title] => 
                    [zip] => 84120
                )

            [advocacy_program_id] => 
            [advocacy_program_name] => 
            [advocacy_team_id] => 
            [advocacy_team_name] => 
            [advocate] => 
            [advocate_id] => 
            [advocate_name] => 
            [campaign_id] => 
            [campaign_title] => 
            [card_type] => american_express
            [check_number] => 
            [client_proceeds] => 32
            [contact] => Array
                (
                    [address] => Array
                        (
                            [city] => West Valley City
                            [country] => US
                            [country_code] => US
                            [country_name] => United States
                            [state] => UT
                            [street] => 3939 S Starwood St
                            [street2] => 
                            [title] => 
                            [zip] => 84120
                        )

                    [created] => 2017-11-24T14:26:19.433493+00:00
                    [email] => mhlmoore@comcast.net
                    [firstname] => John and Betty
                    [lastname] => Moore
                    [middlename] => 
                    [phone] => 
                    [timezone] => America/Los_Angeles
                    [title] => 
                    [updated] => 2019-01-23T20:58:38.564534+00:00
                )

            [corporate_matching_record] => 
            [created] => 2020-01-01T09:37:35.321046+00:00
            [custom_note_1] => I have a special request or comment = 
            [custom_note_2] => 
            [custom_note_3] => 
            [custom_note_4] => 
            [custom_note_5] => 
            [description] => Cash Donation: $32.00
            [designation] => Array
                (
                    [code] => DEFAULT
                    [fund_id] => DEFAULT
                    [id] => d4c15680-8d55-4d98-b538-1aa1e1e57ef2
                    [title] => Where needed most
                )

            [designation_note] => 
            [donor_id] => 41f8594b-f9ba-447c-bb35-d21f984e3213
            [donor_paid_fee] => 
            [email_opt_in] => 
            [embed] => 
            [expiration_month] => 6
            [expiration_year] => 2023
            [external_tracking_id] => 62109180114
            [final_date] => 
            [frequency] => Monthly
            [gift] => 
            [gift_extra] => 
            [hide_name] => 
            [id] => 1962c849-c8fd-48d7-b864-7b4653da459e
            [last_four_digits] => 2008
            [net_proceeds] => 32
            [organization_id] => bdf8150d-a701-4079-a797-69c5c4ff6535
            [payment_gateway_id] => 017412cb-396c-4cd3-b281-07dee953506d
            [payment_gateway_name] => Spreedly: AuthorizeNet
            [payment_transaction_id] => 6b7ccec5-027e-452a-8835-70c66f918ba6
            [recurring_count] => 12
            [reference_code] =>  STNETREC
            [sale_price] => 
            [schedule_id] => 464f1ec1-9a68-4d42-afc6-f9ea5f3f555a
            [sms_keyword] => 
            [status] => complete
            [subtype] => credit
            [transaction_set_id] => 1962c849-c8fd-48d7-b864-7b4653da459e
            [tribute] => 
            [type] => cash
            [utm] => Array
                (
                    [campaign] => 
                    [content] => 
                    [medium] => 
                    [source] => 
                    [term] => 
                )

            [vendor_id] => 
        )

    [type] => transaction.completed
)
