Array
(
    [created] => 2020-01-02T00:13:23.597015+00:00
    [id] => b0acab4e-2cf4-11ea-a9ca-e6fe79954c1e
    [payload] => Array
        (
            [additional_info] => 
            [address] => Array
                (
                    [city] => Sopchoppy
                    [country] => US
                    [country_code] => US
                    [country_name] => United States
                    [state] => FL
                    [street] => P.O. Box 410
                    [street2] => 
                    [title] => Donation Address
                    [zip] => 32358
                )

            [advocacy_program_id] => 
            [advocacy_program_name] => 
            [advocacy_team_id] => 
            [advocacy_team_name] => 
            [advocate] => 
            [advocate_id] => 
            [advocate_name] => 
            [campaign_id] => 
            [campaign_title] => 
            [card_type] => 
            [check_number] => 
            [client_proceeds] => 50
            [contact] => Array
                (
                    [address] => Array
                        (
                            [city] => Sopchoppy
                            [country] => US
                            [country_code] => US
                            [country_name] => United States
                            [state] => FL
                            [street] => P.O. Box 410
                            [street2] => 
                            [title] => 
                            [zip] => 32358
                        )

                    [created] => 2018-11-14T09:37:38.638139+00:00
                    [email] => jdunn57883@embarqmail.com
                    [firstname] => John and Patsy
                    [lastname] => Dunning
                    [middlename] => 
                    [phone] => 850-962-2973
                    [timezone] => America/New_York
                    [title] => 
                    [updated] => 2020-01-02T00:13:23.343646+00:00
                )

            [corporate_matching_record] => 
            [created] => 2020-01-02T00:13:23.360982+00:00
            [custom_note_1] => 
            [custom_note_2] => 
            [custom_note_3] => 
            [custom_note_4] => 
            [custom_note_5] => 
            [description] => Cash Donation: $50.00
            [designation] => Array
                (
                    [code] => DEFAULT
                    [fund_id] => DEFAULT
                    [id] => d4c15680-8d55-4d98-b538-1aa1e1e57ef2
                    [title] => Where needed most
                )

            [designation_note] => 
            [donor_id] => cffa72f9-5eaf-4d34-8558-79acf7157eb6
            [donor_paid_fee] => 
            [email_opt_in] => 
            [embed] => Array
                (
                    [id] => 1fef50f2-2f6f-4c94-8cd1-c0d254d16f0a
                    [name] => 1912 EOY Phase 1
                )

            [expiration_month] => 
            [expiration_year] => 
            [external_tracking_id] => 62110658454
            [final_date] => 2020-01-01T00:00:00+00:00
            [frequency] => Once
            [gift] => 
            [gift_extra] => 
            [hide_name] => 
            [id] => ebd7d9f8-a123-4074-ac4b-a2ea4637cb69
            [last_four_digits] => 
            [net_proceeds] => 50
            [organization_id] => bdf8150d-a701-4079-a797-69c5c4ff6535
            [payment_gateway_id] => 017412cb-396c-4cd3-b281-07dee953506d
            [payment_gateway_name] => Spreedly: AuthorizeNet
            [payment_transaction_id] => 3b4b1aad-4c91-4aed-a4c1-592b1b744fb9
            [recurring_count] => 
            [reference_code] => 
            [sale_price] => 
            [schedule_id] => 
            [sms_keyword] => 
            [status] => complete
            [subtype] => echeck
            [transaction_set_id] => ebd7d9f8-a123-4074-ac4b-a2ea4637cb69
            [tribute] => 
            [type] => cash
            [utm] => Array
                (
                    [campaign] => 
                    [content] => 
                    [medium] => 
                    [source] => 
                    [term] => 
                )

            [vendor_id] => 
        )

    [type] => transaction.completed
)
