Array
(
    [created] => 2020-01-01T09:30:22.783364+00:00
    [id] => 55a61116-2c79-11ea-baba-f2e467587223
    [payload] => Array
        (
            [additional_info] => 
            [address] => Array
                (
                    [city] => Wilver Spring
                    [country] => US
                    [country_code] => US
                    [country_name] => United States
                    [state] => MD
                    [street] => 1365 Alderton Ln
                    [street2] => 
                    [title] => 
                    [zip] => 20906
                )

            [advocacy_program_id] => 
            [advocacy_program_name] => 
            [advocacy_team_id] => 
            [advocacy_team_name] => 
            [advocate] => 
            [advocate_id] => 
            [advocate_name] => 
            [campaign_id] => 
            [campaign_title] => 
            [card_type] => 
            [check_number] => 
            [client_proceeds] => 25
            [contact] => Array
                (
                    [address] => Array
                        (
                            [city] => Wilver Spring
                            [country] => US
                            [country_code] => US
                            [country_name] => United States
                            [state] => MD
                            [street] => 1365 Alderton Ln
                            [street2] => 
                            [title] => 
                            [zip] => 20906
                        )

                    [created] => 2019-05-22T16:42:50.979100+00:00
                    [email] => donor-feabb479-05e5-4167-af2d-28ca86f293b4@idonate.com
                    [firstname] => Patricia
                    [lastname] => Brandon
                    [middlename] => 
                    [phone] => 
                    [timezone] => 
                    [title] => 
                    [updated] => 2019-05-22T16:42:50.979100+00:00
                )

            [corporate_matching_record] => 
            [created] => 2020-01-01T09:30:22.480514+00:00
            [custom_note_1] => I have a special request or comment = 
            [custom_note_2] => 
            [custom_note_3] => 
            [custom_note_4] => 
            [custom_note_5] => 
            [description] => Cash Donation: $25.00
            [designation] => Array
                (
                    [code] => DEFAULT
                    [fund_id] => DEFAULT
                    [id] => d4c15680-8d55-4d98-b538-1aa1e1e57ef2
                    [title] => Where needed most
                )

            [designation_note] => 
            [donor_id] => feabb479-05e5-4167-af2d-28ca86f293b4
            [donor_paid_fee] => 
            [email_opt_in] => 
            [embed] => 
            [expiration_month] => 
            [expiration_year] => 
            [external_tracking_id] => 62109164866
            [final_date] => 
            [frequency] => Monthly
            [gift] => 
            [gift_extra] => 
            [hide_name] => 
            [id] => 25acc5f0-9963-4d3f-831d-c227510c22d7
            [last_four_digits] => 
            [net_proceeds] => 25
            [organization_id] => bdf8150d-a701-4079-a797-69c5c4ff6535
            [payment_gateway_id] => 017412cb-396c-4cd3-b281-07dee953506d
            [payment_gateway_name] => Spreedly: AuthorizeNet
            [payment_transaction_id] => c0aed9e7-7de3-4e40-affb-db7293b4f1b9
            [recurring_count] => 8
            [reference_code] =>  STNETREC
            [sale_price] => 
            [schedule_id] => 23b33f95-b2a4-4c59-b7d5-ecd883f9f88c
            [sms_keyword] => 
            [status] => complete
            [subtype] => echeck
            [transaction_set_id] => 25acc5f0-9963-4d3f-831d-c227510c22d7
            [tribute] => 
            [type] => cash
            [utm] => Array
                (
                    [campaign] => 
                    [content] => 
                    [medium] => 
                    [source] => 
                    [term] => 
                )

            [vendor_id] => 
        )

    [type] => transaction.completed
)
