Array
(
    [created] => 2020-01-01T10:09:25.833492+00:00
    [id] => ca372498-2c7e-11ea-8ee4-a2ba889277d9
    [payload] => Array
        (
            [additional_info] => 
            [address] => Array
                (
                    [city] => Cookeville
                    [country] => US
                    [country_code] => US
                    [country_name] => United States
                    [state] => TN
                    [street] => 2030 Clemmons Rd.
                    [street2] => 
                    [title] => Donation Address
                    [zip] => 38501
                )

            [advocacy_program_id] => 
            [advocacy_program_name] => 
            [advocacy_team_id] => 
            [advocacy_team_name] => 
            [advocate] => 
            [advocate_id] => 
            [advocate_name] => 
            [campaign_id] => 
            [campaign_title] => 
            [card_type] => visa
            [check_number] => 
            [client_proceeds] => 600
            [contact] => Array
                (
                    [address] => Array
                        (
                            [city] => Cookeville
                            [country] => US
                            [country_code] => US
                            [country_name] => United States
                            [state] => TN
                            [street] => 2030 Clemmons Road
                            [street2] => 
                            [title] => 
                            [zip] => 38501
                        )

                    [created] => 2018-11-01T16:16:54.947085+00:00
                    [email] => tjrotella@verizon.net
                    [firstname] => Tony
                    [lastname] => Rotella
                    [middlename] => 
                    [phone] => +15593938563
                    [timezone] => 
                    [title] => 
                    [updated] => 2019-11-27T12:59:50.616823+00:00
                )

            [corporate_matching_record] => 
            [created] => 2020-01-01T10:09:25.336720+00:00
            [custom_note_1] => 
            [custom_note_2] => 
            [custom_note_3] => 
            [custom_note_4] => 
            [custom_note_5] => 
            [description] => Cash Donation: $600.00
            [designation] => Array
                (
                    [code] => DEFAULT
                    [fund_id] => DEFAULT
                    [id] => d4c15680-8d55-4d98-b538-1aa1e1e57ef2
                    [title] => Where needed most
                )

            [designation_note] => 
            [donor_id] => 564a9c20-756e-45da-b783-9e5888755238
            [donor_paid_fee] => 
            [email_opt_in] => 
            [embed] => Array
                (
                    [id] => 9f092f15-ba22-4fdf-90c7-996c4b97f9d4
                    [name] => 1905 New Main DF v2
                )

            [expiration_month] => 4
            [expiration_year] => 2023
            [external_tracking_id] => 62109261361
            [final_date] => 2020-01-01T00:00:00+00:00
            [frequency] => Once
            [gift] => 
            [gift_extra] => 
            [hide_name] => 
            [id] => dbd6cbd2-d42e-46e9-9337-73b80552fa48
            [last_four_digits] => 5599
            [net_proceeds] => 600
            [organization_id] => bdf8150d-a701-4079-a797-69c5c4ff6535
            [payment_gateway_id] => 017412cb-396c-4cd3-b281-07dee953506d
            [payment_gateway_name] => Spreedly: AuthorizeNet
            [payment_transaction_id] => 84f5c1cd-ece8-4a6b-8807-016e26dd8d6c
            [recurring_count] => 
            [reference_code] => 
            [sale_price] => 
            [schedule_id] => 
            [sms_keyword] => 
            [status] => complete
            [subtype] => credit
            [transaction_set_id] => dbd6cbd2-d42e-46e9-9337-73b80552fa48
            [tribute] => 
            [type] => cash
            [utm] => Array
                (
                    [campaign] => 
                    [content] => 
                    [medium] => 
                    [source] => 
                    [term] => 
                )

            [vendor_id] => 
        )

    [type] => transaction.completed
)
