Array
(
    [created] => 2020-01-01T14:42:57.279947+00:00
    [id] => 003323f0-2ca5-11ea-a064-223abfea833d
    [payload] => Array
        (
            [additional_info] => 
            [address] => Array
                (
                    [city] => Olmsted Falls
                    [country] => US
                    [country_code] => US
                    [country_name] => United States
                    [state] => OH
                    [street] => 9040 Ashwood Ct.
                    [street2] => 
                    [title] => Donation Address
                    [zip] => 44138
                )

            [advocacy_program_id] => 
            [advocacy_program_name] => 
            [advocacy_team_id] => 
            [advocacy_team_name] => 
            [advocate] => 
            [advocate_id] => 
            [advocate_name] => 
            [campaign_id] => 
            [campaign_title] => 
            [card_type] => master
            [check_number] => 
            [client_proceeds] => 50
            [contact] => Array
                (
                    [address] => Array
                        (
                            [city] => Olmsted Falls
                            [country] => US
                            [country_code] => US
                            [country_name] => United States
                            [state] => OH
                            [street] => 9040 Ashwood Ct.
                            [street2] => 
                            [title] => 
                            [zip] => 44138
                        )

                    [created] => 2020-01-01T14:42:55.446580+00:00
                    [email] => billg1517@yahoo.com
                    [firstname] => William
                    [lastname] => Grose
                    [middlename] => 
                    [phone] => 4406697011
                    [timezone] => America/New_York
                    [title] => 
                    [updated] => 2020-01-01T14:42:56.843631+00:00
                )

            [corporate_matching_record] => 
            [created] => 2020-01-01T14:42:56.875326+00:00
            [custom_note_1] => I have a special request or comment = I pray for your ministry to reach more of the Jewish people for Jesus!
            [custom_note_2] => 
            [custom_note_3] => 
            [custom_note_4] => 
            [custom_note_5] => 
            [description] => Cash Donation: $50.00
            [designation] => Array
                (
                    [code] => DEFAULT
                    [fund_id] => DEFAULT
                    [id] => d4c15680-8d55-4d98-b538-1aa1e1e57ef2
                    [title] => Where needed most
                )

            [designation_note] => 
            [donor_id] => 1c411fff-3809-414f-b480-cae3b5cfd241
            [donor_paid_fee] => 
            [email_opt_in] => 
            [embed] => Array
                (
                    [id] => 1fef50f2-2f6f-4c94-8cd1-c0d254d16f0a
                    [name] => 1912 EOY Phase 1
                )

            [expiration_month] => 9
            [expiration_year] => 2023
            [external_tracking_id] => 62109930857
            [final_date] => 2020-01-01T00:00:00+00:00
            [frequency] => Once
            [gift] => 
            [gift_extra] => 
            [hide_name] => 
            [id] => f747fdd5-d37e-4c39-b663-19b19ab27748
            [last_four_digits] => 0045
            [net_proceeds] => 50
            [organization_id] => bdf8150d-a701-4079-a797-69c5c4ff6535
            [payment_gateway_id] => 017412cb-396c-4cd3-b281-07dee953506d
            [payment_gateway_name] => Spreedly: AuthorizeNet
            [payment_transaction_id] => c2a21fe9-7f51-473b-9a79-1a5e09725597
            [recurring_count] => 
            [reference_code] => 
            [sale_price] => 
            [schedule_id] => 
            [sms_keyword] => 
            [status] => complete
            [subtype] => credit
            [transaction_set_id] => f747fdd5-d37e-4c39-b663-19b19ab27748
            [tribute] => 
            [type] => cash
            [utm] => Array
                (
                    [campaign] => 
                    [content] => 
                    [medium] => 
                    [source] => 
                    [term] => 
                )

            [vendor_id] => 
        )

    [type] => transaction.completed
)
