Array
(
    [created] => 2020-01-01T09:00:52.522355+00:00
    [id] => 367dac4e-2c75-11ea-baba-f2e467587223
    [payload] => Array
        (
            [additional_info] => 
            [address] => Array
                (
                    [city] => Jacksonville Beach
                    [country] => US
                    [country_code] => US
                    [country_name] => United States
                    [state] => FL
                    [street] => 41 Tallwood Rd
                    [street2] => 
                    [title] => 
                    [zip] => 32250
                )

            [advocacy_program_id] => 
            [advocacy_program_name] => 
            [advocacy_team_id] => 
            [advocacy_team_name] => 
            [advocate] => 
            [advocate_id] => 
            [advocate_name] => 
            [campaign_id] => 
            [campaign_title] => 
            [card_type] => 
            [check_number] => 
            [client_proceeds] => 25
            [contact] => Array
                (
                    [address] => Array
                        (
                            [city] => Jacksonville Beach
                            [country] => US
                            [country_code] => US
                            [country_name] => United States
                            [state] => FL
                            [street] => 41 Tallwood Rd
                            [street2] => 
                            [title] => 
                            [zip] => 32250
                        )

                    [created] => 2019-10-10T23:34:15.988299+00:00
                    [email] => barb.mccombs@icloud.com
                    [firstname] => Barbara L.
                    [lastname] => McCombs
                    [middlename] => 
                    [phone] => 
                    [timezone] => 
                    [title] => 
                    [updated] => 2019-10-10T23:34:16.260025+00:00
                )

            [corporate_matching_record] => 
            [created] => 2020-01-01T09:00:52.125262+00:00
            [custom_note_1] => I have a special request or comment = 
            [custom_note_2] => 
            [custom_note_3] => 
            [custom_note_4] => 
            [custom_note_5] => 
            [description] => Cash Donation: $25.00
            [designation] => Array
                (
                    [code] => DEFAULT
                    [fund_id] => DEFAULT
                    [id] => d4c15680-8d55-4d98-b538-1aa1e1e57ef2
                    [title] => Where needed most
                )

            [designation_note] => 
            [donor_id] => 2039620f-07f3-400f-8be0-80766bbdd81e
            [donor_paid_fee] => 
            [email_opt_in] => 
            [embed] => 
            [expiration_month] => 
            [expiration_year] => 
            [external_tracking_id] => 62109120103
            [final_date] => 
            [frequency] => Monthly
            [gift] => 
            [gift_extra] => 
            [hide_name] => 
            [id] => f6f0573c-c244-45ad-a0e9-32fbbb78947e
            [last_four_digits] => 
            [net_proceeds] => 25
            [organization_id] => bdf8150d-a701-4079-a797-69c5c4ff6535
            [payment_gateway_id] => 017412cb-396c-4cd3-b281-07dee953506d
            [payment_gateway_name] => Spreedly: AuthorizeNet
            [payment_transaction_id] => da72d295-fad6-4efc-b4e0-ac4a4a1afba7
            [recurring_count] => 3
            [reference_code] =>  STNETREC
            [sale_price] => 
            [schedule_id] => 0e61072f-b15d-4b4a-85b1-7ac2f9117ed2
            [sms_keyword] => 
            [status] => complete
            [subtype] => echeck
            [transaction_set_id] => f6f0573c-c244-45ad-a0e9-32fbbb78947e
            [tribute] => 
            [type] => cash
            [utm] => Array
                (
                    [campaign] => 
                    [content] => 
                    [medium] => 
                    [source] => 
                    [term] => 
                )

            [vendor_id] => 
        )

    [type] => transaction.completed
)
