Array
(
    [created] => 2020-01-02T00:31:37.738128+00:00
    [id] => 3cd55a7e-2cf7-11ea-9855-e6fe79954c1e
    [payload] => Array
        (
            [additional_info] => 
            [address] => Array
                (
                    [city] => Clifton
                    [country] => US
                    [country_code] => US
                    [country_name] => United States
                    [state] => NJ
                    [street] => 28A Richfield Ct.
                    [street2] => 
                    [title] => Donation Address
                    [zip] => 07012
                )

            [advocacy_program_id] => 
            [advocacy_program_name] => 
            [advocacy_team_id] => 
            [advocacy_team_name] => 
            [advocate] => 
            [advocate_id] => 
            [advocate_name] => 
            [campaign_id] => 
            [campaign_title] => 
            [card_type] => master
            [check_number] => 
            [client_proceeds] => 30
            [contact] => Array
                (
                    [address] => Array
                        (
                            [city] => Clifton
                            [country] => US
                            [country_code] => US
                            [country_name] => United States
                            [state] => NJ
                            [street] => 28A Richfield Ct.
                            [street2] => 
                            [title] => 
                            [zip] => 07012
                        )

                    [created] => 2018-11-14T04:36:24.054105+00:00
                    [email] => ferragine@optonline.net
                    [firstname] => Joseph
                    [lastname] => Ferragine
                    [middlename] => 
                    [phone] => 
                    [timezone] => America/New_York
                    [title] => 
                    [updated] => 2020-01-02T00:31:37.391986+00:00
                )

            [corporate_matching_record] => 
            [created] => 2020-01-02T00:31:37.414000+00:00
            [custom_note_1] => 
            [custom_note_2] => 
            [custom_note_3] => 
            [custom_note_4] => 
            [custom_note_5] => 
            [description] => Cash Donation: $30.00
            [designation] => Array
                (
                    [code] => DEFAULT
                    [fund_id] => DEFAULT
                    [id] => d4c15680-8d55-4d98-b538-1aa1e1e57ef2
                    [title] => Where needed most
                )

            [designation_note] => 
            [donor_id] => 9d8c4dec-bb24-4358-aee5-19b2845b680a
            [donor_paid_fee] => 
            [email_opt_in] => 
            [embed] => Array
                (
                    [id] => 1fef50f2-2f6f-4c94-8cd1-c0d254d16f0a
                    [name] => 1912 EOY Phase 1
                )

            [expiration_month] => 9
            [expiration_year] => 2022
            [external_tracking_id] => 62110674743
            [final_date] => 2020-01-01T00:00:00+00:00
            [frequency] => Once
            [gift] => 
            [gift_extra] => 
            [hide_name] => 
            [id] => 3e2e8def-33ce-4cac-a04c-1f0e7907d02f
            [last_four_digits] => 8287
            [net_proceeds] => 30
            [organization_id] => bdf8150d-a701-4079-a797-69c5c4ff6535
            [payment_gateway_id] => 017412cb-396c-4cd3-b281-07dee953506d
            [payment_gateway_name] => Spreedly: AuthorizeNet
            [payment_transaction_id] => cc2e520c-dc1d-42b7-937a-f81406b47329
            [recurring_count] => 
            [reference_code] => 
            [sale_price] => 
            [schedule_id] => 
            [sms_keyword] => 
            [status] => complete
            [subtype] => credit
            [transaction_set_id] => 3e2e8def-33ce-4cac-a04c-1f0e7907d02f
            [tribute] => 
            [type] => cash
            [utm] => Array
                (
                    [campaign] => 
                    [content] => 
                    [medium] => 
                    [source] => 
                    [term] => 
                )

            [vendor_id] => 
        )

    [type] => transaction.completed
)
