Array
(
    [created] => 2020-01-01T09:26:58.164937+00:00
    [id] => dbafc6cc-2c78-11ea-baba-f2e467587223
    [payload] => Array
        (
            [additional_info] => 
            [address] => Array
                (
                    [city] => Los Angeles
                    [country] => US
                    [country_code] => US
                    [country_name] => United States
                    [state] => CA
                    [street] => 516 S Kenmore Ave
                    [street2] => Apt 11
                    [title] => 
                    [zip] => 90020
                )

            [advocacy_program_id] => 
            [advocacy_program_name] => 
            [advocacy_team_id] => 
            [advocacy_team_name] => 
            [advocate] => 
            [advocate_id] => 
            [advocate_name] => 
            [campaign_id] => 
            [campaign_title] => 
            [card_type] => master
            [check_number] => 
            [client_proceeds] => 25
            [contact] => Array
                (
                    [address] => Array
                        (
                            [city] => Los Angeles
                            [country] => US
                            [country_code] => US
                            [country_name] => United States
                            [state] => CA
                            [street] => 516 S Kenmore Ave
                            [street2] => Apt 11
                            [title] => 
                            [zip] => 90020
                        )

                    [created] => 2019-03-20T20:17:40.320670+00:00
                    [email] => jojie2004@sbcglobal.net
                    [firstname] => Wilma
                    [lastname] => Jerusalem
                    [middlename] => 
                    [phone] => 
                    [timezone] => 
                    [title] => 
                    [updated] => 2019-03-20T20:17:40.708868+00:00
                )

            [corporate_matching_record] => 
            [created] => 2020-01-01T09:26:57.871378+00:00
            [custom_note_1] => I have a special request or comment = 
            [custom_note_2] => 
            [custom_note_3] => 
            [custom_note_4] => 
            [custom_note_5] => 
            [description] => Cash Donation: $25.00
            [designation] => Array
                (
                    [code] => DEFAULT
                    [fund_id] => DEFAULT
                    [id] => d4c15680-8d55-4d98-b538-1aa1e1e57ef2
                    [title] => Where needed most
                )

            [designation_note] => 
            [donor_id] => 1fe2d20c-1cc5-4961-8ba0-2f0f2a2b8715
            [donor_paid_fee] => 
            [email_opt_in] => 
            [embed] => 
            [expiration_month] => 3
            [expiration_year] => 2022
            [external_tracking_id] => 62109159717
            [final_date] => 
            [frequency] => Monthly
            [gift] => 
            [gift_extra] => 
            [hide_name] => 
            [id] => 446dc422-2663-46f6-a239-27f0f06c7539
            [last_four_digits] => 2389
            [net_proceeds] => 25
            [organization_id] => bdf8150d-a701-4079-a797-69c5c4ff6535
            [payment_gateway_id] => 017412cb-396c-4cd3-b281-07dee953506d
            [payment_gateway_name] => Spreedly: AuthorizeNet
            [payment_transaction_id] => b1e64c19-5d87-4ffc-9d84-011654aa18ba
            [recurring_count] => 10
            [reference_code] =>  STNETREC
            [sale_price] => 
            [schedule_id] => acd677fc-5b7f-46bb-a6af-2d979e46c064
            [sms_keyword] => 
            [status] => complete
            [subtype] => credit
            [transaction_set_id] => 446dc422-2663-46f6-a239-27f0f06c7539
            [tribute] => 
            [type] => cash
            [utm] => Array
                (
                    [campaign] => 
                    [content] => 
                    [medium] => 
                    [source] => 
                    [term] => 
                )

            [vendor_id] => 
        )

    [type] => transaction.completed
)
