Array
(
    [created] => 2020-01-01T16:25:15.477843+00:00
    [id] => 4ad9cff4-2cb3-11ea-8521-223abfea833d
    [payload] => Array
        (
            [additional_info] => 
            [address] => Array
                (
                    [city] => CENTRAL ISLIP
                    [country] => US
                    [country_code] => US
                    [country_name] => United States
                    [state] => NY
                    [street] => 22 GREGORY LN
                    [street2] => 
                    [title] => Donation Address
                    [zip] => 11722
                )

            [advocacy_program_id] => 
            [advocacy_program_name] => 
            [advocacy_team_id] => 
            [advocacy_team_name] => 
            [advocate] => 
            [advocate_id] => 
            [advocate_name] => 
            [campaign_id] => 
            [campaign_title] => 
            [card_type] => visa
            [check_number] => 
            [client_proceeds] => 500
            [contact] => Array
                (
                    [address] => Array
                        (
                            [city] => CENTRAL ISLIP
                            [country] => US
                            [country_code] => US
                            [country_name] => United States
                            [state] => NY
                            [street] => 22 GREGORY LANE
                            [street2] => 
                            [title] => 
                            [zip] => 11722-3110
                        )

                    [created] => 2018-10-05T10:00:13.307050+00:00
                    [email] => rgurge4@gmail.com
                    [firstname] => ROBERT
                    [lastname] => GURGE
                    [middlename] => 
                    [phone] => +16313349978
                    [timezone] => 
                    [title] => 
                    [updated] => 2019-07-02T13:05:43.465485+00:00
                )

            [corporate_matching_record] => 
            [created] => 2020-01-01T16:25:15.136920+00:00
            [custom_note_1] => 
            [custom_note_2] => 
            [custom_note_3] => 
            [custom_note_4] => 
            [custom_note_5] => 
            [description] => Cash Donation: $500.00
            [designation] => Array
                (
                    [code] => phbran
                    [fund_id] => phbran
                    [id] => 409f71ab-4e05-4a54-a40f-41d3430cb145
                    [title] => Phoenix Branch
                )

            [designation_note] => 
            [donor_id] => 3cd72c7f-47f8-412a-b9ea-1e27cd8beeb3
            [donor_paid_fee] => 
            [email_opt_in] => 
            [embed] => Array
                (
                    [id] => 9f092f15-ba22-4fdf-90c7-996c4b97f9d4
                    [name] => 1905 New Main DF v2
                )

            [expiration_month] => 1
            [expiration_year] => 2023
            [external_tracking_id] => 62110064852
            [final_date] => 2020-01-01T00:00:00+00:00
            [frequency] => Once
            [gift] => 
            [gift_extra] => 
            [hide_name] => 
            [id] => 15cbce99-3600-466d-bbf6-5abc84572ddf
            [last_four_digits] => 1141
            [net_proceeds] => 500
            [organization_id] => bdf8150d-a701-4079-a797-69c5c4ff6535
            [payment_gateway_id] => 017412cb-396c-4cd3-b281-07dee953506d
            [payment_gateway_name] => Spreedly: AuthorizeNet
            [payment_transaction_id] => 3c7dc85e-06ba-4787-8d0f-3d36978e020f
            [recurring_count] => 
            [reference_code] => 
            [sale_price] => 
            [schedule_id] => 
            [sms_keyword] => 
            [status] => complete
            [subtype] => credit
            [transaction_set_id] => 15cbce99-3600-466d-bbf6-5abc84572ddf
            [tribute] => 
            [type] => cash
            [utm] => Array
                (
                    [campaign] => 
                    [content] => 
                    [medium] => 
                    [source] => 
                    [term] => 
                )

            [vendor_id] => 
        )

    [type] => transaction.completed
)
